[ECMWF-INFO -sbatch] - -------------------------------------------------------------------------------------
[ECMWF-INFO -sbatch] -  This is the ECMWF jobfilter
[ECMWF-INFO -sbatch] -  +++ Please report issues using the Support portal +++
[ECMWF-INFO -sbatch] -  +++ https://support.ecmwf.int                     +++
[ECMWF-INFO -sbatch] -  /usr/local/bin/ecsbatch: size: 49002, mtime: Tue Oct  3 11:53:54 2023
[ECMWF-INFO -sbatch] - -------------------------------------------------------------------------------------
[ECMWF-INFO -sbatch] - Time at submit: Tue Mar  5 17:20:01 2024 (1709659201.7990584) on aa6-204.bullx:/etc/ecmwf/vol/ecpoint_dev/mofp/Papers_2_Write/Use_FlashFloodsRep_4Verif_USA/Scripts/Processed
[ECMWF-INFO -sbatch] - --- SLURM VARIABLES ---
[ECMWF-INFO -sbatch] - EC_CLUSTER=aa
[ECMWF-INFO -sbatch] - SLURM_EXPORT_ENV=ALL
[ECMWF-INFO -sbatch] - SLURM_JOB_ID=13517288
[ECMWF-INFO -sbatch] - SBATCH_EXPORT=NONE
[ECMWF-INFO -sbatch] - -----------------------
[ECMWF-INFO -sbatch] - jobscript: /etc/ecmwf/vol/ecpoint_dev/mofp/Papers_2_Write/Use_FlashFloodsRep_4Verif_USA/Scripts/Processed/15a_SubmitterATOS_Map_Point_AccRepFF.sh
[ECMWF-INFO -sbatch] - --- SCRIPT OPTIONS ---
[ECMWF-INFO -sbatch] - #SBATCH --job-name=Map_Point_AccRepFF
[ECMWF-INFO -sbatch] - #SBATCH --output=LogATOS/Map_Point_AccRepFF-%J.out
[ECMWF-INFO -sbatch] - #SBATCH --error=LogATOS/Map_Point_AccRepFF-%J.out
[ECMWF-INFO -sbatch] - #SBATCH --cpus-per-task=4
[ECMWF-INFO -sbatch] - #SBATCH --mem=16G
[ECMWF-INFO -sbatch] - #SBATCH --time=2-00:00:00
[ECMWF-INFO -sbatch] - #SBATCH --qos=nf
[ECMWF-INFO -sbatch] - #SBATCH --mail-type=FAIL
[ECMWF-INFO -sbatch] - #SBATCH --mail-user=fatima.pillosu@ecmwf.int
[ECMWF-INFO -sbatch] - -----------------------
[ECMWF-INFO -sbatch] - --- POST-PROCESSED OPTIONS ---
[ECMWF-INFO -sbatch] - ARG --positional=['15a_SubmitterATOS_Map_Point_AccRepFF.sh', '2014']
[ECMWF-INFO -sbatch] - ARG --cpus_per_task=4
[ECMWF-INFO -sbatch] - ARG --error=LogATOS/Map_Point_AccRepFF-%J.out
[ECMWF-INFO -sbatch] - ARG --job_name=Map_Point_AccRepFF
[ECMWF-INFO -sbatch] - ARG --mail_type=FAIL
[ECMWF-INFO -sbatch] - ARG --mail_user=fatima.pillosu@ecmwf.int
[ECMWF-INFO -sbatch] - ARG --output=LogATOS/Map_Point_AccRepFF-%J.out
[ECMWF-INFO -sbatch] - ARG --qos=nf
[ECMWF-INFO -sbatch] - ARG --time=2-00:00:00
[ECMWF-INFO -sbatch] - ARG --mem=16G
[ECMWF-INFO -sbatch] - ------------------------------
[ECMWF-INFO -sbatch] - jobtag: mofp-Map_Point_AccRepFF-1x4-/etc/ecmwf/vol/ecpoint_dev/mofp/Papers_2_Write/Use_FlashFloodsRep_4Verif_USA/Scripts/Processed/LogATOS/Map_Point_AccRepFF-_.out
[ECMWF-INFO -sbatch] - ['/usr/bin/sbatch', '--cpus-per-task=4', '--error=LogATOS/Map_Point_AccRepFF-%J.out', '--job-name=Map_Point_AccRepFF', '--mail-type=FAIL', '--mail-user=fatima.pillosu@ecmwf.int', '--output=LogATOS/Map_Point_AccRepFF-%J.out', '--qos=nf', '--time=2-00:00:00', '--mem=16G', '--licenses=h2resw01', '--export=EC_user_time_limit=2-00:00:00', '/etc/ecmwf/vol/ecpoint_dev/mofp/Papers_2_Write/Use_FlashFloodsRep_4Verif_USA/Scripts/Processed/15a_SubmitterATOS_Map_Point_AccRepFF.sh', '2014']
[ECMWF-INFO -sbatch] - sbatch executed on aa
[ECMWF-INFO -sbatch] - Job queued on aa using method local
[ECMWF-INFO -sbatch] - Submitted batch job 13916907
[ECMWF-INFO -ecprofile] /usr/bin/bash NON_INTERACTIVE on aa6-184 at 20240305_172025.591, PID: 3232393, JOBID: 13916907
[ECMWF-INFO -ecprofile] $SCRATCH=/ec/res4/scratch/mofp
[ECMWF-INFO -ecprofile] $PERM=/perm/mofp
[ECMWF-INFO -ecprofile] $HPCPERM=/ec/res4/hpcperm/mofp
[ECMWF-INFO -ecprofile] $TMPDIR=/etc/ecmwf/ssd/ssd1/tmpdirs/mofp.13916907
[ECMWF-INFO -ecprofile] $SCRATCHDIR=/ec/res4/scratchdir/mofp/3/13916907

Plotting the maps of accumulated point flash flood reports over the 12-hourly period ending:
 - on 2014-01-01 at 12 UTC
 - on 2014-01-02 at 00 UTC
 - on 2014-01-02 at 12 UTC
 - on 2014-01-03 at 00 UTC
 - on 2014-01-03 at 12 UTC
 - on 2014-01-04 at 00 UTC
 - on 2014-01-04 at 12 UTC
 - on 2014-01-05 at 00 UTC
 - on 2014-01-05 at 12 UTC
 - on 2014-01-06 at 00 UTC
 - on 2014-01-06 at 12 UTC
 - on 2014-01-07 at 00 UTC
 - on 2014-01-07 at 12 UTC
 - on 2014-01-08 at 00 UTC
 - on 2014-01-08 at 12 UTC
 - on 2014-01-09 at 00 UTC
 - on 2014-01-09 at 12 UTC
 - on 2014-01-10 at 00 UTC
 - on 2014-01-10 at 12 UTC
 - on 2014-01-11 at 00 UTC
 - on 2014-01-11 at 12 UTC
 - on 2014-01-12 at 00 UTC
 - on 2014-01-12 at 12 UTC
 - on 2014-01-13 at 00 UTC
 - on 2014-01-13 at 12 UTC
 - on 2014-01-14 at 00 UTC
 - on 2014-01-14 at 12 UTC
 - on 2014-01-15 at 00 UTC
 - on 2014-01-15 at 12 UTC
 - on 2014-01-16 at 00 UTC
 - on 2014-01-16 at 12 UTC
 - on 2014-01-17 at 00 UTC
 - on 2014-01-17 at 12 UTC
 - on 2014-01-18 at 00 UTC
 - on 2014-01-18 at 12 UTC
 - on 2014-01-19 at 00 UTC
 - on 2014-01-19 at 12 UTC
 - on 2014-01-20 at 00 UTC
 - on 2014-01-20 at 12 UTC
 - on 2014-01-21 at 00 UTC
 - on 2014-01-21 at 12 UTC
 - on 2014-01-22 at 00 UTC
 - on 2014-01-22 at 12 UTC
 - on 2014-01-23 at 00 UTC
 - on 2014-01-23 at 12 UTC
 - on 2014-01-24 at 00 UTC
 - on 2014-01-24 at 12 UTC
 - on 2014-01-25 at 00 UTC
 - on 2014-01-25 at 12 UTC
 - on 2014-01-26 at 00 UTC
 - on 2014-01-26 at 12 UTC
 - on 2014-01-27 at 00 UTC
 - on 2014-01-27 at 12 UTC
 - on 2014-01-28 at 00 UTC
 - on 2014-01-28 at 12 UTC
 - on 2014-01-29 at 00 UTC
 - on 2014-01-29 at 12 UTC
 - on 2014-01-30 at 00 UTC
 - on 2014-01-30 at 12 UTC
 - on 2014-01-31 at 00 UTC
 - on 2014-01-31 at 12 UTC
 - on 2014-02-01 at 00 UTC
 - on 2014-02-01 at 12 UTC
 - on 2014-02-02 at 00 UTC
 - on 2014-02-02 at 12 UTC
 - on 2014-02-03 at 00 UTC
 - on 2014-02-03 at 12 UTC
 - on 2014-02-04 at 00 UTC
 - on 2014-02-04 at 12 UTC
 - on 2014-02-05 at 00 UTC
 - on 2014-02-05 at 12 UTC
 - on 2014-02-06 at 00 UTC
 - on 2014-02-06 at 12 UTC
 - on 2014-02-07 at 00 UTC
 - on 2014-02-07 at 12 UTC
 - on 2014-02-08 at 00 UTC
 - on 2014-02-08 at 12 UTC
 - on 2014-02-09 at 00 UTC
 - on 2014-02-09 at 12 UTC
 - on 2014-02-10 at 00 UTC
 - on 2014-02-10 at 12 UTC
 - on 2014-02-11 at 00 UTC
 - on 2014-02-11 at 12 UTC
 - on 2014-02-12 at 00 UTC
 - on 2014-02-12 at 12 UTC
 - on 2014-02-13 at 00 UTC
 - on 2014-02-13 at 12 UTC
 - on 2014-02-14 at 00 UTC
 - on 2014-02-14 at 12 UTC
 - on 2014-02-15 at 00 UTC
 - on 2014-02-15 at 12 UTC
 - on 2014-02-16 at 00 UTC
 - on 2014-02-16 at 12 UTC
 - on 2014-02-17 at 00 UTC
 - on 2014-02-17 at 12 UTC
 - on 2014-02-18 at 00 UTC
 - on 2014-02-18 at 12 UTC
 - on 2014-02-19 at 00 UTC
 - on 2014-02-19 at 12 UTC
 - on 2014-02-20 at 00 UTC
 - on 2014-02-20 at 12 UTC
 - on 2014-02-21 at 00 UTC
 - on 2014-02-21 at 12 UTC
 - on 2014-02-22 at 00 UTC
 - on 2014-02-22 at 12 UTC
 - on 2014-02-23 at 00 UTC
 - on 2014-02-23 at 12 UTC
 - on 2014-02-24 at 00 UTC
 - on 2014-02-24 at 12 UTC
 - on 2014-02-25 at 00 UTC
 - on 2014-02-25 at 12 UTC
 - on 2014-02-26 at 00 UTC
 - on 2014-02-26 at 12 UTC
 - on 2014-02-27 at 00 UTC
 - on 2014-02-27 at 12 UTC
 - on 2014-02-28 at 00 UTC
 - on 2014-02-28 at 12 UTC
 - on 2014-03-01 at 00 UTC
 - on 2014-03-01 at 12 UTC
 - on 2014-03-02 at 00 UTC
 - on 2014-03-02 at 12 UTC
 - on 2014-03-03 at 00 UTC
 - on 2014-03-03 at 12 UTC
 - on 2014-03-04 at 00 UTC
 - on 2014-03-04 at 12 UTC
 - on 2014-03-05 at 00 UTC
 - on 2014-03-05 at 12 UTC
 - on 2014-03-06 at 00 UTC
 - on 2014-03-06 at 12 UTC
 - on 2014-03-07 at 00 UTC
 - on 2014-03-07 at 12 UTC
 - on 2014-03-08 at 00 UTC
 - on 2014-03-08 at 12 UTC
 - on 2014-03-09 at 00 UTC
 - on 2014-03-09 at 12 UTC
 - on 2014-03-10 at 00 UTC
 - on 2014-03-10 at 12 UTC
 - on 2014-03-11 at 00 UTC
 - on 2014-03-11 at 12 UTC
 - on 2014-03-12 at 00 UTC
 - on 2014-03-12 at 12 UTC
 - on 2014-03-13 at 00 UTC
 - on 2014-03-13 at 12 UTC
 - on 2014-03-14 at 00 UTC
 - on 2014-03-14 at 12 UTC
 - on 2014-03-15 at 00 UTC
 - on 2014-03-15 at 12 UTC
 - on 2014-03-16 at 00 UTC
 - on 2014-03-16 at 12 UTC
 - on 2014-03-17 at 00 UTC
 - on 2014-03-17 at 12 UTC
 - on 2014-03-18 at 00 UTC
 - on 2014-03-18 at 12 UTC
 - on 2014-03-19 at 00 UTC
 - on 2014-03-19 at 12 UTC
 - on 2014-03-20 at 00 UTC
 - on 2014-03-20 at 12 UTC
 - on 2014-03-21 at 00 UTC
 - on 2014-03-21 at 12 UTC
 - on 2014-03-22 at 00 UTC
 - on 2014-03-22 at 12 UTC
 - on 2014-03-23 at 00 UTC
 - on 2014-03-23 at 12 UTC
 - on 2014-03-24 at 00 UTC
 - on 2014-03-24 at 12 UTC
 - on 2014-03-25 at 00 UTC
 - on 2014-03-25 at 12 UTC
 - on 2014-03-26 at 00 UTC
 - on 2014-03-26 at 12 UTC
 - on 2014-03-27 at 00 UTC
 - on 2014-03-27 at 12 UTC
 - on 2014-03-28 at 00 UTC
 - on 2014-03-28 at 12 UTC
 - on 2014-03-29 at 00 UTC
 - on 2014-03-29 at 12 UTC
 - on 2014-03-30 at 00 UTC
 - on 2014-03-30 at 12 UTC
 - on 2014-03-31 at 00 UTC
 - on 2014-03-31 at 12 UTC
 - on 2014-04-01 at 00 UTC
 - on 2014-04-01 at 12 UTC
 - on 2014-04-02 at 00 UTC
 - on 2014-04-02 at 12 UTC
 - on 2014-04-03 at 00 UTC
 - on 2014-04-03 at 12 UTC
 - on 2014-04-04 at 00 UTC
 - on 2014-04-04 at 12 UTC
 - on 2014-04-05 at 00 UTC
 - on 2014-04-05 at 12 UTC
 - on 2014-04-06 at 00 UTC
 - on 2014-04-06 at 12 UTC
 - on 2014-04-07 at 00 UTC
 - on 2014-04-07 at 12 UTC
 - on 2014-04-08 at 00 UTC
 - on 2014-04-08 at 12 UTC
 - on 2014-04-09 at 00 UTC
 - on 2014-04-09 at 12 UTC
 - on 2014-04-10 at 00 UTC
 - on 2014-04-10 at 12 UTC
 - on 2014-04-11 at 00 UTC
 - on 2014-04-11 at 12 UTC
 - on 2014-04-12 at 00 UTC
 - on 2014-04-12 at 12 UTC
 - on 2014-04-13 at 00 UTC
 - on 2014-04-13 at 12 UTC
 - on 2014-04-14 at 00 UTC
 - on 2014-04-14 at 12 UTC
 - on 2014-04-15 at 00 UTC
 - on 2014-04-15 at 12 UTC
 - on 2014-04-16 at 00 UTC
 - on 2014-04-16 at 12 UTC
 - on 2014-04-17 at 00 UTC
 - on 2014-04-17 at 12 UTC
 - on 2014-04-18 at 00 UTC
 - on 2014-04-18 at 12 UTC
 - on 2014-04-19 at 00 UTC
 - on 2014-04-19 at 12 UTC
 - on 2014-04-20 at 00 UTC
 - on 2014-04-20 at 12 UTC
 - on 2014-04-21 at 00 UTC
 - on 2014-04-21 at 12 UTC
 - on 2014-04-22 at 00 UTC
 - on 2014-04-22 at 12 UTC
 - on 2014-04-23 at 00 UTC
 - on 2014-04-23 at 12 UTC
 - on 2014-04-24 at 00 UTC
 - on 2014-04-24 at 12 UTC
 - on 2014-04-25 at 00 UTC
 - on 2014-04-25 at 12 UTC
 - on 2014-04-26 at 00 UTC
 - on 2014-04-26 at 12 UTC
 - on 2014-04-27 at 00 UTC
 - on 2014-04-27 at 12 UTC
 - on 2014-04-28 at 00 UTC
 - on 2014-04-28 at 12 UTC
 - on 2014-04-29 at 00 UTC
 - on 2014-04-29 at 12 UTC
 - on 2014-04-30 at 00 UTC
 - on 2014-04-30 at 12 UTC
 - on 2014-05-01 at 00 UTC
 - on 2014-05-01 at 12 UTC
 - on 2014-05-02 at 00 UTC
 - on 2014-05-02 at 12 UTC
 - on 2014-05-03 at 00 UTC
 - on 2014-05-03 at 12 UTC
 - on 2014-05-04 at 00 UTC
 - on 2014-05-04 at 12 UTC
 - on 2014-05-05 at 00 UTC
 - on 2014-05-05 at 12 UTC
 - on 2014-05-06 at 00 UTC
 - on 2014-05-06 at 12 UTC
 - on 2014-05-07 at 00 UTC
 - on 2014-05-07 at 12 UTC
 - on 2014-05-08 at 00 UTC
 - on 2014-05-08 at 12 UTC
 - on 2014-05-09 at 00 UTC
 - on 2014-05-09 at 12 UTC
 - on 2014-05-10 at 00 UTC
 - on 2014-05-10 at 12 UTC
 - on 2014-05-11 at 00 UTC
 - on 2014-05-11 at 12 UTC
 - on 2014-05-12 at 00 UTC
 - on 2014-05-12 at 12 UTC
 - on 2014-05-13 at 00 UTC
 - on 2014-05-13 at 12 UTC
 - on 2014-05-14 at 00 UTC
 - on 2014-05-14 at 12 UTC
 - on 2014-05-15 at 00 UTC
 - on 2014-05-15 at 12 UTC
 - on 2014-05-16 at 00 UTC
 - on 2014-05-16 at 12 UTC
 - on 2014-05-17 at 00 UTC
 - on 2014-05-17 at 12 UTC
 - on 2014-05-18 at 00 UTC
 - on 2014-05-18 at 12 UTC
 - on 2014-05-19 at 00 UTC
 - on 2014-05-19 at 12 UTC
 - on 2014-05-20 at 00 UTC
 - on 2014-05-20 at 12 UTC
 - on 2014-05-21 at 00 UTC
 - on 2014-05-21 at 12 UTC
 - on 2014-05-22 at 00 UTC
 - on 2014-05-22 at 12 UTC
 - on 2014-05-23 at 00 UTC
 - on 2014-05-23 at 12 UTC
 - on 2014-05-24 at 00 UTC
 - on 2014-05-24 at 12 UTC
 - on 2014-05-25 at 00 UTC
 - on 2014-05-25 at 12 UTC
 - on 2014-05-26 at 00 UTC
 - on 2014-05-26 at 12 UTC
 - on 2014-05-27 at 00 UTC
 - on 2014-05-27 at 12 UTC
 - on 2014-05-28 at 00 UTC
 - on 2014-05-28 at 12 UTC
 - on 2014-05-29 at 00 UTC
 - on 2014-05-29 at 12 UTC
 - on 2014-05-30 at 00 UTC
 - on 2014-05-30 at 12 UTC
 - on 2014-05-31 at 00 UTC
 - on 2014-05-31 at 12 UTC
 - on 2014-06-01 at 00 UTC
 - on 2014-06-01 at 12 UTC
 - on 2014-06-02 at 00 UTC
 - on 2014-06-02 at 12 UTC
 - on 2014-06-03 at 00 UTC
 - on 2014-06-03 at 12 UTC
 - on 2014-06-04 at 00 UTC
 - on 2014-06-04 at 12 UTC
 - on 2014-06-05 at 00 UTC
 - on 2014-06-05 at 12 UTC
 - on 2014-06-06 at 00 UTC
 - on 2014-06-06 at 12 UTC
 - on 2014-06-07 at 00 UTC
 - on 2014-06-07 at 12 UTC
 - on 2014-06-08 at 00 UTC
 - on 2014-06-08 at 12 UTC
 - on 2014-06-09 at 00 UTC
 - on 2014-06-09 at 12 UTC
 - on 2014-06-10 at 00 UTC
 - on 2014-06-10 at 12 UTC
 - on 2014-06-11 at 00 UTC
 - on 2014-06-11 at 12 UTC
 - on 2014-06-12 at 00 UTC
 - on 2014-06-12 at 12 UTC
 - on 2014-06-13 at 00 UTC
 - on 2014-06-13 at 12 UTC
 - on 2014-06-14 at 00 UTC
 - on 2014-06-14 at 12 UTC
 - on 2014-06-15 at 00 UTC
 - on 2014-06-15 at 12 UTC
 - on 2014-06-16 at 00 UTC
 - on 2014-06-16 at 12 UTC
 - on 2014-06-17 at 00 UTC
 - on 2014-06-17 at 12 UTC
 - on 2014-06-18 at 00 UTC
 - on 2014-06-18 at 12 UTC
 - on 2014-06-19 at 00 UTC
 - on 2014-06-19 at 12 UTC
 - on 2014-06-20 at 00 UTC
 - on 2014-06-20 at 12 UTC
 - on 2014-06-21 at 00 UTC
 - on 2014-06-21 at 12 UTC
 - on 2014-06-22 at 00 UTC
 - on 2014-06-22 at 12 UTC
 - on 2014-06-23 at 00 UTC
 - on 2014-06-23 at 12 UTC
 - on 2014-06-24 at 00 UTC
 - on 2014-06-24 at 12 UTC
 - on 2014-06-25 at 00 UTC
 - on 2014-06-25 at 12 UTC
 - on 2014-06-26 at 00 UTC
 - on 2014-06-26 at 12 UTC
 - on 2014-06-27 at 00 UTC
 - on 2014-06-27 at 12 UTC
 - on 2014-06-28 at 00 UTC
 - on 2014-06-28 at 12 UTC
 - on 2014-06-29 at 00 UTC
 - on 2014-06-29 at 12 UTC
 - on 2014-06-30 at 00 UTC
 - on 2014-06-30 at 12 UTC
 - on 2014-07-01 at 00 UTC
 - on 2014-07-01 at 12 UTC
 - on 2014-07-02 at 00 UTC
 - on 2014-07-02 at 12 UTC
 - on 2014-07-03 at 00 UTC
 - on 2014-07-03 at 12 UTC
 - on 2014-07-04 at 00 UTC
 - on 2014-07-04 at 12 UTC
 - on 2014-07-05 at 00 UTC
 - on 2014-07-05 at 12 UTC
 - on 2014-07-06 at 00 UTC
 - on 2014-07-06 at 12 UTC
 - on 2014-07-07 at 00 UTC
 - on 2014-07-07 at 12 UTC
 - on 2014-07-08 at 00 UTC
 - on 2014-07-08 at 12 UTC
 - on 2014-07-09 at 00 UTC
 - on 2014-07-09 at 12 UTC
 - on 2014-07-10 at 00 UTC
 - on 2014-07-10 at 12 UTC
 - on 2014-07-11 at 00 UTC
 - on 2014-07-11 at 12 UTC
 - on 2014-07-12 at 00 UTC
 - on 2014-07-12 at 12 UTC
 - on 2014-07-13 at 00 UTC
 - on 2014-07-13 at 12 UTC
 - on 2014-07-14 at 00 UTC
 - on 2014-07-14 at 12 UTC
 - on 2014-07-15 at 00 UTC
 - on 2014-07-15 at 12 UTC
 - on 2014-07-16 at 00 UTC
 - on 2014-07-16 at 12 UTC
 - on 2014-07-17 at 00 UTC
 - on 2014-07-17 at 12 UTC
 - on 2014-07-18 at 00 UTC
 - on 2014-07-18 at 12 UTC
 - on 2014-07-19 at 00 UTC
 - on 2014-07-19 at 12 UTC
 - on 2014-07-20 at 00 UTC
 - on 2014-07-20 at 12 UTC
 - on 2014-07-21 at 00 UTC
 - on 2014-07-21 at 12 UTC
 - on 2014-07-22 at 00 UTC
 - on 2014-07-22 at 12 UTC
 - on 2014-07-23 at 00 UTC
 - on 2014-07-23 at 12 UTC
 - on 2014-07-24 at 00 UTC
 - on 2014-07-24 at 12 UTC
 - on 2014-07-25 at 00 UTC
 - on 2014-07-25 at 12 UTC
 - on 2014-07-26 at 00 UTC
 - on 2014-07-26 at 12 UTC
 - on 2014-07-27 at 00 UTC
 - on 2014-07-27 at 12 UTC
 - on 2014-07-28 at 00 UTC
 - on 2014-07-28 at 12 UTC
 - on 2014-07-29 at 00 UTC
 - on 2014-07-29 at 12 UTC
 - on 2014-07-30 at 00 UTC
 - on 2014-07-30 at 12 UTC
 - on 2014-07-31 at 00 UTC
 - on 2014-07-31 at 12 UTC
 - on 2014-08-01 at 00 UTC
 - on 2014-08-01 at 12 UTC
 - on 2014-08-02 at 00 UTC
 - on 2014-08-02 at 12 UTC
 - on 2014-08-03 at 00 UTC
 - on 2014-08-03 at 12 UTC
 - on 2014-08-04 at 00 UTC
 - on 2014-08-04 at 12 UTC
 - on 2014-08-05 at 00 UTC
 - on 2014-08-05 at 12 UTC
 - on 2014-08-06 at 00 UTC
 - on 2014-08-06 at 12 UTC
 - on 2014-08-07 at 00 UTC
 - on 2014-08-07 at 12 UTC
 - on 2014-08-08 at 00 UTC
 - on 2014-08-08 at 12 UTC
 - on 2014-08-09 at 00 UTC
 - on 2014-08-09 at 12 UTC
 - on 2014-08-10 at 00 UTC
 - on 2014-08-10 at 12 UTC
 - on 2014-08-11 at 00 UTC
 - on 2014-08-11 at 12 UTC
 - on 2014-08-12 at 00 UTC
 - on 2014-08-12 at 12 UTC
 - on 2014-08-13 at 00 UTC
 - on 2014-08-13 at 12 UTC
 - on 2014-08-14 at 00 UTC
 - on 2014-08-14 at 12 UTC
 - on 2014-08-15 at 00 UTC
 - on 2014-08-15 at 12 UTC
 - on 2014-08-16 at 00 UTC
 - on 2014-08-16 at 12 UTC
 - on 2014-08-17 at 00 UTC
 - on 2014-08-17 at 12 UTC
 - on 2014-08-18 at 00 UTC
 - on 2014-08-18 at 12 UTC
 - on 2014-08-19 at 00 UTC
 - on 2014-08-19 at 12 UTC
 - on 2014-08-20 at 00 UTC
 - on 2014-08-20 at 12 UTC
 - on 2014-08-21 at 00 UTC
 - on 2014-08-21 at 12 UTC
 - on 2014-08-22 at 00 UTC
 - on 2014-08-22 at 12 UTC
 - on 2014-08-23 at 00 UTC
 - on 2014-08-23 at 12 UTC
 - on 2014-08-24 at 00 UTC
 - on 2014-08-24 at 12 UTC
 - on 2014-08-25 at 00 UTC
 - on 2014-08-25 at 12 UTC
 - on 2014-08-26 at 00 UTC
 - on 2014-08-26 at 12 UTC
 - on 2014-08-27 at 00 UTC
 - on 2014-08-27 at 12 UTC
 - on 2014-08-28 at 00 UTC
 - on 2014-08-28 at 12 UTC
 - on 2014-08-29 at 00 UTC
 - on 2014-08-29 at 12 UTC
 - on 2014-08-30 at 00 UTC
 - on 2014-08-30 at 12 UTC
 - on 2014-08-31 at 00 UTC
 - on 2014-08-31 at 12 UTC
 - on 2014-09-01 at 00 UTC
 - on 2014-09-01 at 12 UTC
 - on 2014-09-02 at 00 UTC
 - on 2014-09-02 at 12 UTC
 - on 2014-09-03 at 00 UTC
 - on 2014-09-03 at 12 UTC
 - on 2014-09-04 at 00 UTC
 - on 2014-09-04 at 12 UTC
 - on 2014-09-05 at 00 UTC
 - on 2014-09-05 at 12 UTC
 - on 2014-09-06 at 00 UTC
 - on 2014-09-06 at 12 UTC
 - on 2014-09-07 at 00 UTC
 - on 2014-09-07 at 12 UTC
 - on 2014-09-08 at 00 UTC
 - on 2014-09-08 at 12 UTC
 - on 2014-09-09 at 00 UTC
 - on 2014-09-09 at 12 UTC
 - on 2014-09-10 at 00 UTC
 - on 2014-09-10 at 12 UTC
 - on 2014-09-11 at 00 UTC
 - on 2014-09-11 at 12 UTC
 - on 2014-09-12 at 00 UTC
 - on 2014-09-12 at 12 UTC
 - on 2014-09-13 at 00 UTC
 - on 2014-09-13 at 12 UTC
 - on 2014-09-14 at 00 UTC
 - on 2014-09-14 at 12 UTC
 - on 2014-09-15 at 00 UTC
 - on 2014-09-15 at 12 UTC
 - on 2014-09-16 at 00 UTC
 - on 2014-09-16 at 12 UTC
 - on 2014-09-17 at 00 UTC
 - on 2014-09-17 at 12 UTC
 - on 2014-09-18 at 00 UTC
 - on 2014-09-18 at 12 UTC
 - on 2014-09-19 at 00 UTC
 - on 2014-09-19 at 12 UTC
 - on 2014-09-20 at 00 UTC
 - on 2014-09-20 at 12 UTC
 - on 2014-09-21 at 00 UTC
 - on 2014-09-21 at 12 UTC
 - on 2014-09-22 at 00 UTC
 - on 2014-09-22 at 12 UTC
 - on 2014-09-23 at 00 UTC
 - on 2014-09-23 at 12 UTC
 - on 2014-09-24 at 00 UTC
 - on 2014-09-24 at 12 UTC
 - on 2014-09-25 at 00 UTC
 - on 2014-09-25 at 12 UTC
 - on 2014-09-26 at 00 UTC
 - on 2014-09-26 at 12 UTC
 - on 2014-09-27 at 00 UTC
 - on 2014-09-27 at 12 UTC
 - on 2014-09-28 at 00 UTC
 - on 2014-09-28 at 12 UTC
 - on 2014-09-29 at 00 UTC
 - on 2014-09-29 at 12 UTC
 - on 2014-09-30 at 00 UTC
 - on 2014-09-30 at 12 UTC
 - on 2014-10-01 at 00 UTC
 - on 2014-10-01 at 12 UTC
 - on 2014-10-02 at 00 UTC
 - on 2014-10-02 at 12 UTC
 - on 2014-10-03 at 00 UTC
 - on 2014-10-03 at 12 UTC
 - on 2014-10-04 at 00 UTC
 - on 2014-10-04 at 12 UTC
 - on 2014-10-05 at 00 UTC
 - on 2014-10-05 at 12 UTC
 - on 2014-10-06 at 00 UTC
 - on 2014-10-06 at 12 UTC
 - on 2014-10-07 at 00 UTC
 - on 2014-10-07 at 12 UTC
 - on 2014-10-08 at 00 UTC
 - on 2014-10-08 at 12 UTC
 - on 2014-10-09 at 00 UTC
 - on 2014-10-09 at 12 UTC
 - on 2014-10-10 at 00 UTC
 - on 2014-10-10 at 12 UTC
 - on 2014-10-11 at 00 UTC
 - on 2014-10-11 at 12 UTC
 - on 2014-10-12 at 00 UTC
 - on 2014-10-12 at 12 UTC
 - on 2014-10-13 at 00 UTC
 - on 2014-10-13 at 12 UTC
 - on 2014-10-14 at 00 UTC
 - on 2014-10-14 at 12 UTC
 - on 2014-10-15 at 00 UTC
 - on 2014-10-15 at 12 UTC
 - on 2014-10-16 at 00 UTC
 - on 2014-10-16 at 12 UTC
 - on 2014-10-17 at 00 UTC
 - on 2014-10-17 at 12 UTC
 - on 2014-10-18 at 00 UTC
 - on 2014-10-18 at 12 UTC
 - on 2014-10-19 at 00 UTC
 - on 2014-10-19 at 12 UTC
 - on 2014-10-20 at 00 UTC
 - on 2014-10-20 at 12 UTC
 - on 2014-10-21 at 00 UTC
 - on 2014-10-21 at 12 UTC
 - on 2014-10-22 at 00 UTC
 - on 2014-10-22 at 12 UTC
 - on 2014-10-23 at 00 UTC
 - on 2014-10-23 at 12 UTC
 - on 2014-10-24 at 00 UTC
 - on 2014-10-24 at 12 UTC
 - on 2014-10-25 at 00 UTC
 - on 2014-10-25 at 12 UTC
 - on 2014-10-26 at 00 UTC
 - on 2014-10-26 at 12 UTC
 - on 2014-10-27 at 00 UTC
 - on 2014-10-27 at 12 UTC
 - on 2014-10-28 at 00 UTC
 - on 2014-10-28 at 12 UTC
 - on 2014-10-29 at 00 UTC
 - on 2014-10-29 at 12 UTC
 - on 2014-10-30 at 00 UTC
 - on 2014-10-30 at 12 UTC
 - on 2014-10-31 at 00 UTC
 - on 2014-10-31 at 12 UTC
 - on 2014-11-01 at 00 UTC
 - on 2014-11-01 at 12 UTC
 - on 2014-11-02 at 00 UTC
 - on 2014-11-02 at 12 UTC
 - on 2014-11-03 at 00 UTC
 - on 2014-11-03 at 12 UTC
 - on 2014-11-04 at 00 UTC
 - on 2014-11-04 at 12 UTC
 - on 2014-11-05 at 00 UTC
 - on 2014-11-05 at 12 UTC
 - on 2014-11-06 at 00 UTC
 - on 2014-11-06 at 12 UTC
 - on 2014-11-07 at 00 UTC
 - on 2014-11-07 at 12 UTC
 - on 2014-11-08 at 00 UTC
 - on 2014-11-08 at 12 UTC
 - on 2014-11-09 at 00 UTC
 - on 2014-11-09 at 12 UTC
 - on 2014-11-10 at 00 UTC
 - on 2014-11-10 at 12 UTC
 - on 2014-11-11 at 00 UTC
 - on 2014-11-11 at 12 UTC
 - on 2014-11-12 at 00 UTC
 - on 2014-11-12 at 12 UTC
 - on 2014-11-13 at 00 UTC
 - on 2014-11-13 at 12 UTC
 - on 2014-11-14 at 00 UTC
 - on 2014-11-14 at 12 UTC
 - on 2014-11-15 at 00 UTC
 - on 2014-11-15 at 12 UTC
 - on 2014-11-16 at 00 UTC
 - on 2014-11-16 at 12 UTC
 - on 2014-11-17 at 00 UTC
 - on 2014-11-17 at 12 UTC
 - on 2014-11-18 at 00 UTC
 - on 2014-11-18 at 12 UTC
 - on 2014-11-19 at 00 UTC
 - on 2014-11-19 at 12 UTC
 - on 2014-11-20 at 00 UTC
 - on 2014-11-20 at 12 UTC
 - on 2014-11-21 at 00 UTC
 - on 2014-11-21 at 12 UTC
 - on 2014-11-22 at 00 UTC
 - on 2014-11-22 at 12 UTC
 - on 2014-11-23 at 00 UTC
 - on 2014-11-23 at 12 UTC
 - on 2014-11-24 at 00 UTC
 - on 2014-11-24 at 12 UTC
 - on 2014-11-25 at 00 UTC
 - on 2014-11-25 at 12 UTC
 - on 2014-11-26 at 00 UTC
 - on 2014-11-26 at 12 UTC
 - on 2014-11-27 at 00 UTC
 - on 2014-11-27 at 12 UTC
 - on 2014-11-28 at 00 UTC
 - on 2014-11-28 at 12 UTC
 - on 2014-11-29 at 00 UTC
 - on 2014-11-29 at 12 UTC
 - on 2014-11-30 at 00 UTC
 - on 2014-11-30 at 12 UTC
 - on 2014-12-01 at 00 UTC
 - on 2014-12-01 at 12 UTC
 - on 2014-12-02 at 00 UTC
 - on 2014-12-02 at 12 UTC
 - on 2014-12-03 at 00 UTC
 - on 2014-12-03 at 12 UTC
 - on 2014-12-04 at 00 UTC
 - on 2014-12-04 at 12 UTC
 - on 2014-12-05 at 00 UTC
 - on 2014-12-05 at 12 UTC
 - on 2014-12-06 at 00 UTC
 - on 2014-12-06 at 12 UTC
 - on 2014-12-07 at 00 UTC
 - on 2014-12-07 at 12 UTC
 - on 2014-12-08 at 00 UTC
 - on 2014-12-08 at 12 UTC
 - on 2014-12-09 at 00 UTC
 - on 2014-12-09 at 12 UTC
 - on 2014-12-10 at 00 UTC
 - on 2014-12-10 at 12 UTC
 - on 2014-12-11 at 00 UTC
 - on 2014-12-11 at 12 UTC
 - on 2014-12-12 at 00 UTC
 - on 2014-12-12 at 12 UTC
 - on 2014-12-13 at 00 UTC
 - on 2014-12-13 at 12 UTC
 - on 2014-12-14 at 00 UTC
 - on 2014-12-14 at 12 UTC
 - on 2014-12-15 at 00 UTC
 - on 2014-12-15 at 12 UTC
 - on 2014-12-16 at 00 UTC
 - on 2014-12-16 at 12 UTC
 - on 2014-12-17 at 00 UTC
 - on 2014-12-17 at 12 UTC
 - on 2014-12-18 at 00 UTC
 - on 2014-12-18 at 12 UTC
 - on 2014-12-19 at 00 UTC
 - on 2014-12-19 at 12 UTC
 - on 2014-12-20 at 00 UTC
 - on 2014-12-20 at 12 UTC
 - on 2014-12-21 at 00 UTC
 - on 2014-12-21 at 12 UTC
 - on 2014-12-22 at 00 UTC
 - on 2014-12-22 at 12 UTC
 - on 2014-12-23 at 00 UTC
 - on 2014-12-23 at 12 UTC
 - on 2014-12-24 at 00 UTC
 - on 2014-12-24 at 12 UTC
 - on 2014-12-25 at 00 UTC
 - on 2014-12-25 at 12 UTC
 - on 2014-12-26 at 00 UTC
 - on 2014-12-26 at 12 UTC
 - on 2014-12-27 at 00 UTC
 - on 2014-12-27 at 12 UTC
 - on 2014-12-28 at 00 UTC
 - on 2014-12-28 at 12 UTC
 - on 2014-12-29 at 00 UTC
 - on 2014-12-29 at 12 UTC
 - on 2014-12-30 at 00 UTC
 - on 2014-12-30 at 12 UTC
 - on 2014-12-31 at 00 UTC
 - on 2014-12-31 at 12 UTC
 - on 2015-01-01 at 00 UTC
[ECMWF-INFO -ecepilog] ----------------------------------------------------------------------------------------------------
[ECMWF-INFO -ecepilog] This is the ECMWF job Epilogue
[ECMWF-INFO -ecepilog] +++ Please report issues using the Support portal +++
[ECMWF-INFO -ecepilog] +++ https://support.ecmwf.int                     +++
[ECMWF-INFO -ecepilog] ----------------------------------------------------------------------------------------------------
[ECMWF-INFO -ecepilog] Run at 2024-03-05T17:35:48 on aa
[ECMWF-INFO -ecepilog] JobName                   : Map_Point_AccRepFF
[ECMWF-INFO -ecepilog] JobID                     : 13916907
[ECMWF-INFO -ecepilog] Submit                    : 2024-03-05T17:20:01
[ECMWF-INFO -ecepilog] Start                     : 2024-03-05T17:20:22
[ECMWF-INFO -ecepilog] End                       : 2024-03-05T17:35:48
[ECMWF-INFO -ecepilog] QueuedTime                : 21.0
[ECMWF-INFO -ecepilog] ElapsedRaw                : 926
[ECMWF-INFO -ecepilog] ExitCode                  : 0:0
[ECMWF-INFO -ecepilog] DerivedExitCode           : 0:0
[ECMWF-INFO -ecepilog] State                     : COMPLETED
[ECMWF-INFO -ecepilog] Account                   : ecodmdmo
[ECMWF-INFO -ecepilog] QOS                       : nf
[ECMWF-INFO -ecepilog] User                      : mofp
[ECMWF-INFO -ecepilog] StdOut                    : /etc/ecmwf/vol/ecpoint_dev/mofp/Papers_2_Write/Use_FlashFloodsRep_4Verif_USA/Scripts/Processed/LogATOS/Map_Point_AccRepFF-13916907.out
[ECMWF-INFO -ecepilog] StdErr                    : /etc/ecmwf/vol/ecpoint_dev/mofp/Papers_2_Write/Use_FlashFloodsRep_4Verif_USA/Scripts/Processed/LogATOS/Map_Point_AccRepFF-13916907.out
[ECMWF-INFO -ecepilog] NNodes                    : 1
[ECMWF-INFO -ecepilog] NCPUS                     : 4
[ECMWF-INFO -ecepilog] SBU                       : 8.778
[ECMWF-INFO -ecepilog] ----------------------------------------------------------------------------------------------------

