[ECMWF-INFO -sbatch] - -------------------------------------------------------------------------------------
[ECMWF-INFO -sbatch] -  This is the ECMWF jobfilter
[ECMWF-INFO -sbatch] -  +++ Please report issues using the Support portal +++
[ECMWF-INFO -sbatch] -  +++ https://support.ecmwf.int                     +++
[ECMWF-INFO -sbatch] -  /usr/local/bin/ecsbatch: size: 49002, mtime: Tue Oct  3 11:53:54 2023
[ECMWF-INFO -sbatch] - -------------------------------------------------------------------------------------
[ECMWF-INFO -sbatch] - Time at submit: Tue Mar  5 17:27:11 2024 (1709659631.6818078) on aa6-204.bullx:/etc/ecmwf/vol/ecpoint_dev/mofp/Papers_2_Write/Use_FlashFloodsRep_4Verif_USA/Scripts/Processed
[ECMWF-INFO -sbatch] - --- SLURM VARIABLES ---
[ECMWF-INFO -sbatch] - EC_CLUSTER=aa
[ECMWF-INFO -sbatch] - SLURM_EXPORT_ENV=ALL
[ECMWF-INFO -sbatch] - SLURM_JOB_ID=13517288
[ECMWF-INFO -sbatch] - SBATCH_EXPORT=NONE
[ECMWF-INFO -sbatch] - -----------------------
[ECMWF-INFO -sbatch] - jobscript: /etc/ecmwf/vol/ecpoint_dev/mofp/Papers_2_Write/Use_FlashFloodsRep_4Verif_USA/Scripts/Processed/18a_SubmitterATOS_PDT_Year.sh
[ECMWF-INFO -sbatch] - --- SCRIPT OPTIONS ---
[ECMWF-INFO -sbatch] - #SBATCH --job-name=PDT_Year
[ECMWF-INFO -sbatch] - #SBATCH --output=LogATOS/PDT_Year-%J.out
[ECMWF-INFO -sbatch] - #SBATCH --error=LogATOS/PDT_Year-%J.out
[ECMWF-INFO -sbatch] - #SBATCH --cpus-per-task=64
[ECMWF-INFO -sbatch] - #SBATCH --mem=128G
[ECMWF-INFO -sbatch] - #SBATCH --time=2-00:00:00
[ECMWF-INFO -sbatch] - #SBATCH --qos=nf
[ECMWF-INFO -sbatch] - #SBATCH --mail-type=FAIL
[ECMWF-INFO -sbatch] - #SBATCH --mail-user=fatima.pillosu@ecmwf.int
[ECMWF-INFO -sbatch] - -----------------------
[ECMWF-INFO -sbatch] - --- POST-PROCESSED OPTIONS ---
[ECMWF-INFO -sbatch] - ARG --positional=['18a_SubmitterATOS_PDT_Year.sh', '2013']
[ECMWF-INFO -sbatch] - ARG --cpus_per_task=64
[ECMWF-INFO -sbatch] - ARG --error=LogATOS/PDT_Year-%J.out
[ECMWF-INFO -sbatch] - ARG --job_name=PDT_Year
[ECMWF-INFO -sbatch] - ARG --mail_type=FAIL
[ECMWF-INFO -sbatch] - ARG --mail_user=fatima.pillosu@ecmwf.int
[ECMWF-INFO -sbatch] - ARG --output=LogATOS/PDT_Year-%J.out
[ECMWF-INFO -sbatch] - ARG --qos=nf
[ECMWF-INFO -sbatch] - ARG --time=2-00:00:00
[ECMWF-INFO -sbatch] - ARG --mem=128G
[ECMWF-INFO -sbatch] - ------------------------------
[ECMWF-INFO -sbatch] - jobtag: mofp-PDT_Year-1x64-/etc/ecmwf/vol/ecpoint_dev/mofp/Papers_2_Write/Use_FlashFloodsRep_4Verif_USA/Scripts/Processed/LogATOS/PDT_Year-_.out
[ECMWF-INFO -sbatch] - ['/usr/bin/sbatch', '--cpus-per-task=64', '--error=LogATOS/PDT_Year-%J.out', '--job-name=PDT_Year', '--mail-type=FAIL', '--mail-user=fatima.pillosu@ecmwf.int', '--output=LogATOS/PDT_Year-%J.out', '--qos=nf', '--time=2-00:00:00', '--mem=128G', '--licenses=h2resw01', '--export=EC_user_time_limit=2-00:00:00', '/etc/ecmwf/vol/ecpoint_dev/mofp/Papers_2_Write/Use_FlashFloodsRep_4Verif_USA/Scripts/Processed/18a_SubmitterATOS_PDT_Year.sh', '2013']
[ECMWF-INFO -sbatch] - sbatch executed on aa
[ECMWF-INFO -sbatch] - Job queued on aa using method local
[ECMWF-INFO -sbatch] - Submitted batch job 13918869
[ECMWF-INFO -ecprofile] /usr/bin/bash NON_INTERACTIVE on aa6-161 at 20240305_172732.476, PID: 2231537, JOBID: 13918869
[ECMWF-INFO -ecprofile] $SCRATCH=/ec/res4/scratch/mofp
[ECMWF-INFO -ecprofile] $PERM=/perm/mofp
[ECMWF-INFO -ecprofile] $HPCPERM=/ec/res4/hpcperm/mofp
[ECMWF-INFO -ecprofile] $TMPDIR=/etc/ecmwf/ssd/ssd1/tmpdirs/mofp.13918869
[ECMWF-INFO -ecprofile] $SCRATCHDIR=/ec/res4/scratchdir/mofp/5/13918869
2013-01-01 00:00:00 12
Creating point data table for: 2013010112
2013-01-01 00:00:00 24
Creating point data table for: 2013010200
2013-01-02 00:00:00 12
Creating point data table for: 2013010212
2013-01-02 00:00:00 24
Creating point data table for: 2013010300
2013-01-03 00:00:00 12
Creating point data table for: 2013010312
2013-01-03 00:00:00 24
Creating point data table for: 2013010400
2013-01-04 00:00:00 12
Creating point data table for: 2013010412
2013-01-04 00:00:00 24
Creating point data table for: 2013010500
2013-01-05 00:00:00 12
Creating point data table for: 2013010512
2013-01-05 00:00:00 24
Creating point data table for: 2013010600
2013-01-06 00:00:00 12
Creating point data table for: 2013010612
2013-01-06 00:00:00 24
Creating point data table for: 2013010700
2013-01-07 00:00:00 12
Creating point data table for: 2013010712
2013-01-07 00:00:00 24
Creating point data table for: 2013010800
2013-01-08 00:00:00 12
Creating point data table for: 2013010812
2013-01-08 00:00:00 24
Creating point data table for: 2013010900
2013-01-09 00:00:00 12
Creating point data table for: 2013010912
2013-01-09 00:00:00 24
Creating point data table for: 2013011000
2013-01-10 00:00:00 12
Creating point data table for: 2013011012
2013-01-10 00:00:00 24
Creating point data table for: 2013011100
2013-01-11 00:00:00 12
Creating point data table for: 2013011112
2013-01-11 00:00:00 24
Creating point data table for: 2013011200
2013-01-12 00:00:00 12
Creating point data table for: 2013011212
2013-01-12 00:00:00 24
Creating point data table for: 2013011300
2013-01-13 00:00:00 12
Creating point data table for: 2013011312
2013-01-13 00:00:00 24
Creating point data table for: 2013011400
2013-01-14 00:00:00 12
Creating point data table for: 2013011412
2013-01-14 00:00:00 24
Creating point data table for: 2013011500
2013-01-15 00:00:00 12
Creating point data table for: 2013011512
2013-01-15 00:00:00 24
Creating point data table for: 2013011600
2013-01-16 00:00:00 12
Creating point data table for: 2013011612
2013-01-16 00:00:00 24
Creating point data table for: 2013011700
2013-01-17 00:00:00 12
Creating point data table for: 2013011712
2013-01-17 00:00:00 24
Creating point data table for: 2013011800
2013-01-18 00:00:00 12
Creating point data table for: 2013011812
2013-01-18 00:00:00 24
Creating point data table for: 2013011900
2013-01-19 00:00:00 12
Creating point data table for: 2013011912
2013-01-19 00:00:00 24
Creating point data table for: 2013012000
2013-01-20 00:00:00 12
Creating point data table for: 2013012012
2013-01-20 00:00:00 24
Creating point data table for: 2013012100
2013-01-21 00:00:00 12
Creating point data table for: 2013012112
2013-01-21 00:00:00 24
Creating point data table for: 2013012200
2013-01-22 00:00:00 12
Creating point data table for: 2013012212
2013-01-22 00:00:00 24
Creating point data table for: 2013012300
2013-01-23 00:00:00 12
Creating point data table for: 2013012312
2013-01-23 00:00:00 24
Creating point data table for: 2013012400
2013-01-24 00:00:00 12
Creating point data table for: 2013012412
2013-01-24 00:00:00 24
Creating point data table for: 2013012500
2013-01-25 00:00:00 12
Creating point data table for: 2013012512
2013-01-25 00:00:00 24
Creating point data table for: 2013012600
2013-01-26 00:00:00 12
Creating point data table for: 2013012612
2013-01-26 00:00:00 24
Creating point data table for: 2013012700
2013-01-27 00:00:00 12
Creating point data table for: 2013012712
2013-01-27 00:00:00 24
Creating point data table for: 2013012800
2013-01-28 00:00:00 12
Creating point data table for: 2013012812
2013-01-28 00:00:00 24
Creating point data table for: 2013012900
2013-01-29 00:00:00 12
Creating point data table for: 2013012912
2013-01-29 00:00:00 24
Creating point data table for: 2013013000
2013-01-30 00:00:00 12
Creating point data table for: 2013013012
2013-01-30 00:00:00 24
Creating point data table for: 2013013100
2013-01-31 00:00:00 12
Creating point data table for: 2013013112
2013-01-31 00:00:00 24
Creating point data table for: 2013020100
2013-02-01 00:00:00 12
Creating point data table for: 2013020112
2013-02-01 00:00:00 24
Creating point data table for: 2013020200
2013-02-02 00:00:00 12
Creating point data table for: 2013020212
2013-02-02 00:00:00 24
Creating point data table for: 2013020300
2013-02-03 00:00:00 12
Creating point data table for: 2013020312
2013-02-03 00:00:00 24
Creating point data table for: 2013020400
2013-02-04 00:00:00 12
Creating point data table for: 2013020412
2013-02-04 00:00:00 24
Creating point data table for: 2013020500
2013-02-05 00:00:00 12
Creating point data table for: 2013020512
2013-02-05 00:00:00 24
Creating point data table for: 2013020600
2013-02-06 00:00:00 12
Creating point data table for: 2013020612
2013-02-06 00:00:00 24
Creating point data table for: 2013020700
2013-02-07 00:00:00 12
Creating point data table for: 2013020712
2013-02-07 00:00:00 24
Creating point data table for: 2013020800
2013-02-08 00:00:00 12
Creating point data table for: 2013020812
2013-02-08 00:00:00 24
Creating point data table for: 2013020900
2013-02-09 00:00:00 12
Creating point data table for: 2013020912
2013-02-09 00:00:00 24
Creating point data table for: 2013021000
2013-02-10 00:00:00 12
Creating point data table for: 2013021012
2013-02-10 00:00:00 24
Creating point data table for: 2013021100
2013-02-11 00:00:00 12
Creating point data table for: 2013021112
2013-02-11 00:00:00 24
Creating point data table for: 2013021200
2013-02-12 00:00:00 12
Creating point data table for: 2013021212
2013-02-12 00:00:00 24
Creating point data table for: 2013021300
2013-02-13 00:00:00 12
Creating point data table for: 2013021312
2013-02-13 00:00:00 24
Creating point data table for: 2013021400
2013-02-14 00:00:00 12
Creating point data table for: 2013021412
2013-02-14 00:00:00 24
Creating point data table for: 2013021500
2013-02-15 00:00:00 12
Creating point data table for: 2013021512
2013-02-15 00:00:00 24
Creating point data table for: 2013021600
2013-02-16 00:00:00 12
Creating point data table for: 2013021612
2013-02-16 00:00:00 24
Creating point data table for: 2013021700
2013-02-17 00:00:00 12
Creating point data table for: 2013021712
2013-02-17 00:00:00 24
Creating point data table for: 2013021800
2013-02-18 00:00:00 12
Creating point data table for: 2013021812
2013-02-18 00:00:00 24
Creating point data table for: 2013021900
2013-02-19 00:00:00 12
Creating point data table for: 2013021912
2013-02-19 00:00:00 24
Creating point data table for: 2013022000
2013-02-20 00:00:00 12
Creating point data table for: 2013022012
2013-02-20 00:00:00 24
Creating point data table for: 2013022100
2013-02-21 00:00:00 12
Creating point data table for: 2013022112
2013-02-21 00:00:00 24
Creating point data table for: 2013022200
2013-02-22 00:00:00 12
Creating point data table for: 2013022212
2013-02-22 00:00:00 24
Creating point data table for: 2013022300
2013-02-23 00:00:00 12
Creating point data table for: 2013022312
2013-02-23 00:00:00 24
Creating point data table for: 2013022400
2013-02-24 00:00:00 12
Creating point data table for: 2013022412
2013-02-24 00:00:00 24
Creating point data table for: 2013022500
2013-02-25 00:00:00 12
Creating point data table for: 2013022512
2013-02-25 00:00:00 24
Creating point data table for: 2013022600
2013-02-26 00:00:00 12
Creating point data table for: 2013022612
2013-02-26 00:00:00 24
Creating point data table for: 2013022700
2013-02-27 00:00:00 12
Creating point data table for: 2013022712
2013-02-27 00:00:00 24
Creating point data table for: 2013022800
2013-02-28 00:00:00 12
Creating point data table for: 2013022812
2013-02-28 00:00:00 24
Creating point data table for: 2013030100
2013-03-01 00:00:00 12
Creating point data table for: 2013030112
2013-03-01 00:00:00 24
Creating point data table for: 2013030200
2013-03-02 00:00:00 12
Creating point data table for: 2013030212
2013-03-02 00:00:00 24
Creating point data table for: 2013030300
2013-03-03 00:00:00 12
Creating point data table for: 2013030312
2013-03-03 00:00:00 24
Creating point data table for: 2013030400
2013-03-04 00:00:00 12
Creating point data table for: 2013030412
2013-03-04 00:00:00 24
Creating point data table for: 2013030500
2013-03-05 00:00:00 12
Creating point data table for: 2013030512
2013-03-05 00:00:00 24
Creating point data table for: 2013030600
2013-03-06 00:00:00 12
Creating point data table for: 2013030612
2013-03-06 00:00:00 24
Creating point data table for: 2013030700
2013-03-07 00:00:00 12
Creating point data table for: 2013030712
2013-03-07 00:00:00 24
Creating point data table for: 2013030800
2013-03-08 00:00:00 12
Creating point data table for: 2013030812
2013-03-08 00:00:00 24
Creating point data table for: 2013030900
2013-03-09 00:00:00 12
Creating point data table for: 2013030912
2013-03-09 00:00:00 24
Creating point data table for: 2013031000
2013-03-10 00:00:00 12
Creating point data table for: 2013031012
2013-03-10 00:00:00 24
Creating point data table for: 2013031100
2013-03-11 00:00:00 12
Creating point data table for: 2013031112
2013-03-11 00:00:00 24
Creating point data table for: 2013031200
2013-03-12 00:00:00 12
Creating point data table for: 2013031212
2013-03-12 00:00:00 24
Creating point data table for: 2013031300
2013-03-13 00:00:00 12
Creating point data table for: 2013031312
2013-03-13 00:00:00 24
Creating point data table for: 2013031400
2013-03-14 00:00:00 12
Creating point data table for: 2013031412
2013-03-14 00:00:00 24
Creating point data table for: 2013031500
2013-03-15 00:00:00 12
Creating point data table for: 2013031512
2013-03-15 00:00:00 24
Creating point data table for: 2013031600
2013-03-16 00:00:00 12
Creating point data table for: 2013031612
2013-03-16 00:00:00 24
Creating point data table for: 2013031700
2013-03-17 00:00:00 12
Creating point data table for: 2013031712
2013-03-17 00:00:00 24
Creating point data table for: 2013031800
2013-03-18 00:00:00 12
Creating point data table for: 2013031812
2013-03-18 00:00:00 24
Creating point data table for: 2013031900
2013-03-19 00:00:00 12
Creating point data table for: 2013031912
2013-03-19 00:00:00 24
Creating point data table for: 2013032000
2013-03-20 00:00:00 12
Creating point data table for: 2013032012
2013-03-20 00:00:00 24
Creating point data table for: 2013032100
2013-03-21 00:00:00 12
Creating point data table for: 2013032112
2013-03-21 00:00:00 24
Creating point data table for: 2013032200
2013-03-22 00:00:00 12
Creating point data table for: 2013032212
2013-03-22 00:00:00 24
Creating point data table for: 2013032300
2013-03-23 00:00:00 12
Creating point data table for: 2013032312
2013-03-23 00:00:00 24
Creating point data table for: 2013032400
2013-03-24 00:00:00 12
Creating point data table for: 2013032412
2013-03-24 00:00:00 24
Creating point data table for: 2013032500
2013-03-25 00:00:00 12
Creating point data table for: 2013032512
2013-03-25 00:00:00 24
Creating point data table for: 2013032600
2013-03-26 00:00:00 12
Creating point data table for: 2013032612
2013-03-26 00:00:00 24
Creating point data table for: 2013032700
2013-03-27 00:00:00 12
Creating point data table for: 2013032712
2013-03-27 00:00:00 24
Creating point data table for: 2013032800
2013-03-28 00:00:00 12
Creating point data table for: 2013032812
2013-03-28 00:00:00 24
Creating point data table for: 2013032900
2013-03-29 00:00:00 12
Creating point data table for: 2013032912
2013-03-29 00:00:00 24
Creating point data table for: 2013033000
2013-03-30 00:00:00 12
Creating point data table for: 2013033012
2013-03-30 00:00:00 24
Creating point data table for: 2013033100
2013-03-31 00:00:00 12
Creating point data table for: 2013033112
2013-03-31 00:00:00 24
Creating point data table for: 2013040100
2013-04-01 00:00:00 12
Creating point data table for: 2013040112
2013-04-01 00:00:00 24
Creating point data table for: 2013040200
2013-04-02 00:00:00 12
Creating point data table for: 2013040212
2013-04-02 00:00:00 24
Creating point data table for: 2013040300
2013-04-03 00:00:00 12
Creating point data table for: 2013040312
2013-04-03 00:00:00 24
Creating point data table for: 2013040400
2013-04-04 00:00:00 12
Creating point data table for: 2013040412
2013-04-04 00:00:00 24
Creating point data table for: 2013040500
2013-04-05 00:00:00 12
Creating point data table for: 2013040512
2013-04-05 00:00:00 24
Creating point data table for: 2013040600
2013-04-06 00:00:00 12
Creating point data table for: 2013040612
2013-04-06 00:00:00 24
Creating point data table for: 2013040700
2013-04-07 00:00:00 12
Creating point data table for: 2013040712
2013-04-07 00:00:00 24
Creating point data table for: 2013040800
2013-04-08 00:00:00 12
Creating point data table for: 2013040812
2013-04-08 00:00:00 24
Creating point data table for: 2013040900
2013-04-09 00:00:00 12
Creating point data table for: 2013040912
2013-04-09 00:00:00 24
Creating point data table for: 2013041000
2013-04-10 00:00:00 12
Creating point data table for: 2013041012
2013-04-10 00:00:00 24
Creating point data table for: 2013041100
2013-04-11 00:00:00 12
Creating point data table for: 2013041112
2013-04-11 00:00:00 24
Creating point data table for: 2013041200
2013-04-12 00:00:00 12
Creating point data table for: 2013041212
2013-04-12 00:00:00 24
Creating point data table for: 2013041300
2013-04-13 00:00:00 12
Creating point data table for: 2013041312
2013-04-13 00:00:00 24
Creating point data table for: 2013041400
2013-04-14 00:00:00 12
Creating point data table for: 2013041412
2013-04-14 00:00:00 24
Creating point data table for: 2013041500
2013-04-15 00:00:00 12
Creating point data table for: 2013041512
2013-04-15 00:00:00 24
Creating point data table for: 2013041600
2013-04-16 00:00:00 12
Creating point data table for: 2013041612
2013-04-16 00:00:00 24
Creating point data table for: 2013041700
2013-04-17 00:00:00 12
Creating point data table for: 2013041712
2013-04-17 00:00:00 24
Creating point data table for: 2013041800
2013-04-18 00:00:00 12
Creating point data table for: 2013041812
2013-04-18 00:00:00 24
Creating point data table for: 2013041900
2013-04-19 00:00:00 12
Creating point data table for: 2013041912
2013-04-19 00:00:00 24
Creating point data table for: 2013042000
2013-04-20 00:00:00 12
Creating point data table for: 2013042012
2013-04-20 00:00:00 24
Creating point data table for: 2013042100
2013-04-21 00:00:00 12
Creating point data table for: 2013042112
2013-04-21 00:00:00 24
Creating point data table for: 2013042200
2013-04-22 00:00:00 12
Creating point data table for: 2013042212
2013-04-22 00:00:00 24
Creating point data table for: 2013042300
2013-04-23 00:00:00 12
Creating point data table for: 2013042312
2013-04-23 00:00:00 24
Creating point data table for: 2013042400
2013-04-24 00:00:00 12
Creating point data table for: 2013042412
2013-04-24 00:00:00 24
Creating point data table for: 2013042500
2013-04-25 00:00:00 12
Creating point data table for: 2013042512
2013-04-25 00:00:00 24
Creating point data table for: 2013042600
2013-04-26 00:00:00 12
Creating point data table for: 2013042612
2013-04-26 00:00:00 24
Creating point data table for: 2013042700
2013-04-27 00:00:00 12
Creating point data table for: 2013042712
2013-04-27 00:00:00 24
Creating point data table for: 2013042800
2013-04-28 00:00:00 12
Creating point data table for: 2013042812
2013-04-28 00:00:00 24
Creating point data table for: 2013042900
2013-04-29 00:00:00 12
Creating point data table for: 2013042912
2013-04-29 00:00:00 24
Creating point data table for: 2013043000
2013-04-30 00:00:00 12
Creating point data table for: 2013043012
2013-04-30 00:00:00 24
Creating point data table for: 2013050100
2013-05-01 00:00:00 12
Creating point data table for: 2013050112
2013-05-01 00:00:00 24
Creating point data table for: 2013050200
2013-05-02 00:00:00 12
Creating point data table for: 2013050212
2013-05-02 00:00:00 24
Creating point data table for: 2013050300
2013-05-03 00:00:00 12
Creating point data table for: 2013050312
2013-05-03 00:00:00 24
Creating point data table for: 2013050400
2013-05-04 00:00:00 12
Creating point data table for: 2013050412
2013-05-04 00:00:00 24
Creating point data table for: 2013050500
2013-05-05 00:00:00 12
Creating point data table for: 2013050512
2013-05-05 00:00:00 24
Creating point data table for: 2013050600
2013-05-06 00:00:00 12
Creating point data table for: 2013050612
2013-05-06 00:00:00 24
Creating point data table for: 2013050700
2013-05-07 00:00:00 12
Creating point data table for: 2013050712
2013-05-07 00:00:00 24
Creating point data table for: 2013050800
2013-05-08 00:00:00 12
Creating point data table for: 2013050812
2013-05-08 00:00:00 24
Creating point data table for: 2013050900
2013-05-09 00:00:00 12
Creating point data table for: 2013050912
2013-05-09 00:00:00 24
Creating point data table for: 2013051000
2013-05-10 00:00:00 12
Creating point data table for: 2013051012
2013-05-10 00:00:00 24
Creating point data table for: 2013051100
2013-05-11 00:00:00 12
Creating point data table for: 2013051112
2013-05-11 00:00:00 24
Creating point data table for: 2013051200
2013-05-12 00:00:00 12
Creating point data table for: 2013051212
2013-05-12 00:00:00 24
Creating point data table for: 2013051300
2013-05-13 00:00:00 12
Creating point data table for: 2013051312
2013-05-13 00:00:00 24
Creating point data table for: 2013051400
2013-05-14 00:00:00 12
Creating point data table for: 2013051412
2013-05-14 00:00:00 24
Creating point data table for: 2013051500
2013-05-15 00:00:00 12
Creating point data table for: 2013051512
2013-05-15 00:00:00 24
Creating point data table for: 2013051600
2013-05-16 00:00:00 12
Creating point data table for: 2013051612
2013-05-16 00:00:00 24
Creating point data table for: 2013051700
2013-05-17 00:00:00 12
Creating point data table for: 2013051712
2013-05-17 00:00:00 24
Creating point data table for: 2013051800
2013-05-18 00:00:00 12
Creating point data table for: 2013051812
2013-05-18 00:00:00 24
Creating point data table for: 2013051900
2013-05-19 00:00:00 12
Creating point data table for: 2013051912
2013-05-19 00:00:00 24
Creating point data table for: 2013052000
2013-05-20 00:00:00 12
Creating point data table for: 2013052012
2013-05-20 00:00:00 24
Creating point data table for: 2013052100
2013-05-21 00:00:00 12
Creating point data table for: 2013052112
2013-05-21 00:00:00 24
Creating point data table for: 2013052200
2013-05-22 00:00:00 12
Creating point data table for: 2013052212
2013-05-22 00:00:00 24
Creating point data table for: 2013052300
2013-05-23 00:00:00 12
Creating point data table for: 2013052312
2013-05-23 00:00:00 24
Creating point data table for: 2013052400
2013-05-24 00:00:00 12
Creating point data table for: 2013052412
2013-05-24 00:00:00 24
Creating point data table for: 2013052500
2013-05-25 00:00:00 12
Creating point data table for: 2013052512
2013-05-25 00:00:00 24
Creating point data table for: 2013052600
2013-05-26 00:00:00 12
Creating point data table for: 2013052612
2013-05-26 00:00:00 24
Creating point data table for: 2013052700
2013-05-27 00:00:00 12
Creating point data table for: 2013052712
2013-05-27 00:00:00 24
Creating point data table for: 2013052800
2013-05-28 00:00:00 12
Creating point data table for: 2013052812
2013-05-28 00:00:00 24
Creating point data table for: 2013052900
2013-05-29 00:00:00 12
Creating point data table for: 2013052912
2013-05-29 00:00:00 24
Creating point data table for: 2013053000
2013-05-30 00:00:00 12
Creating point data table for: 2013053012
2013-05-30 00:00:00 24
Creating point data table for: 2013053100
2013-05-31 00:00:00 12
Creating point data table for: 2013053112
2013-05-31 00:00:00 24
Creating point data table for: 2013060100
2013-06-01 00:00:00 12
Creating point data table for: 2013060112
2013-06-01 00:00:00 24
Creating point data table for: 2013060200
2013-06-02 00:00:00 12
Creating point data table for: 2013060212
2013-06-02 00:00:00 24
Creating point data table for: 2013060300
2013-06-03 00:00:00 12
Creating point data table for: 2013060312
2013-06-03 00:00:00 24
Creating point data table for: 2013060400
2013-06-04 00:00:00 12
Creating point data table for: 2013060412
2013-06-04 00:00:00 24
Creating point data table for: 2013060500
2013-06-05 00:00:00 12
Creating point data table for: 2013060512
2013-06-05 00:00:00 24
Creating point data table for: 2013060600
2013-06-06 00:00:00 12
Creating point data table for: 2013060612
2013-06-06 00:00:00 24
Creating point data table for: 2013060700
2013-06-07 00:00:00 12
Creating point data table for: 2013060712
2013-06-07 00:00:00 24
Creating point data table for: 2013060800
2013-06-08 00:00:00 12
Creating point data table for: 2013060812
2013-06-08 00:00:00 24
Creating point data table for: 2013060900
2013-06-09 00:00:00 12
Creating point data table for: 2013060912
2013-06-09 00:00:00 24
Creating point data table for: 2013061000
2013-06-10 00:00:00 12
Creating point data table for: 2013061012
2013-06-10 00:00:00 24
Creating point data table for: 2013061100
2013-06-11 00:00:00 12
Creating point data table for: 2013061112
2013-06-11 00:00:00 24
Creating point data table for: 2013061200
2013-06-12 00:00:00 12
Creating point data table for: 2013061212
2013-06-12 00:00:00 24
Creating point data table for: 2013061300
2013-06-13 00:00:00 12
Creating point data table for: 2013061312
2013-06-13 00:00:00 24
Creating point data table for: 2013061400
2013-06-14 00:00:00 12
Creating point data table for: 2013061412
2013-06-14 00:00:00 24
Creating point data table for: 2013061500
2013-06-15 00:00:00 12
Creating point data table for: 2013061512
2013-06-15 00:00:00 24
Creating point data table for: 2013061600
2013-06-16 00:00:00 12
Creating point data table for: 2013061612
2013-06-16 00:00:00 24
Creating point data table for: 2013061700
2013-06-17 00:00:00 12
Creating point data table for: 2013061712
2013-06-17 00:00:00 24
Creating point data table for: 2013061800
2013-06-18 00:00:00 12
Creating point data table for: 2013061812
2013-06-18 00:00:00 24
Creating point data table for: 2013061900
2013-06-19 00:00:00 12
Creating point data table for: 2013061912
2013-06-19 00:00:00 24
Creating point data table for: 2013062000
2013-06-20 00:00:00 12
Creating point data table for: 2013062012
2013-06-20 00:00:00 24
Creating point data table for: 2013062100
2013-06-21 00:00:00 12
Creating point data table for: 2013062112
2013-06-21 00:00:00 24
Creating point data table for: 2013062200
2013-06-22 00:00:00 12
Creating point data table for: 2013062212
2013-06-22 00:00:00 24
Creating point data table for: 2013062300
2013-06-23 00:00:00 12
Creating point data table for: 2013062312
2013-06-23 00:00:00 24
Creating point data table for: 2013062400
2013-06-24 00:00:00 12
Creating point data table for: 2013062412
2013-06-24 00:00:00 24
Creating point data table for: 2013062500
2013-06-25 00:00:00 12
Creating point data table for: 2013062512
2013-06-25 00:00:00 24
Creating point data table for: 2013062600
2013-06-26 00:00:00 12
Creating point data table for: 2013062612
2013-06-26 00:00:00 24
Creating point data table for: 2013062700
2013-06-27 00:00:00 12
Creating point data table for: 2013062712
2013-06-27 00:00:00 24
Creating point data table for: 2013062800
2013-06-28 00:00:00 12
Creating point data table for: 2013062812
2013-06-28 00:00:00 24
Creating point data table for: 2013062900
2013-06-29 00:00:00 12
Creating point data table for: 2013062912
2013-06-29 00:00:00 24
Creating point data table for: 2013063000
2013-06-30 00:00:00 12
Creating point data table for: 2013063012
2013-06-30 00:00:00 24
Creating point data table for: 2013070100
2013-07-01 00:00:00 12
Creating point data table for: 2013070112
2013-07-01 00:00:00 24
Creating point data table for: 2013070200
2013-07-02 00:00:00 12
Creating point data table for: 2013070212
2013-07-02 00:00:00 24
Creating point data table for: 2013070300
2013-07-03 00:00:00 12
Creating point data table for: 2013070312
2013-07-03 00:00:00 24
Creating point data table for: 2013070400
2013-07-04 00:00:00 12
Creating point data table for: 2013070412
2013-07-04 00:00:00 24
Creating point data table for: 2013070500
2013-07-05 00:00:00 12
Creating point data table for: 2013070512
2013-07-05 00:00:00 24
Creating point data table for: 2013070600
2013-07-06 00:00:00 12
Creating point data table for: 2013070612
2013-07-06 00:00:00 24
Creating point data table for: 2013070700
2013-07-07 00:00:00 12
Creating point data table for: 2013070712
2013-07-07 00:00:00 24
Creating point data table for: 2013070800
2013-07-08 00:00:00 12
Creating point data table for: 2013070812
2013-07-08 00:00:00 24
Creating point data table for: 2013070900
2013-07-09 00:00:00 12
Creating point data table for: 2013070912
2013-07-09 00:00:00 24
Creating point data table for: 2013071000
2013-07-10 00:00:00 12
Creating point data table for: 2013071012
2013-07-10 00:00:00 24
Creating point data table for: 2013071100
2013-07-11 00:00:00 12
Creating point data table for: 2013071112
2013-07-11 00:00:00 24
Creating point data table for: 2013071200
2013-07-12 00:00:00 12
Creating point data table for: 2013071212
2013-07-12 00:00:00 24
Creating point data table for: 2013071300
2013-07-13 00:00:00 12
Creating point data table for: 2013071312
2013-07-13 00:00:00 24
Creating point data table for: 2013071400
2013-07-14 00:00:00 12
Creating point data table for: 2013071412
2013-07-14 00:00:00 24
Creating point data table for: 2013071500
2013-07-15 00:00:00 12
Creating point data table for: 2013071512
2013-07-15 00:00:00 24
Creating point data table for: 2013071600
2013-07-16 00:00:00 12
Creating point data table for: 2013071612
2013-07-16 00:00:00 24
Creating point data table for: 2013071700
2013-07-17 00:00:00 12
Creating point data table for: 2013071712
2013-07-17 00:00:00 24
Creating point data table for: 2013071800
2013-07-18 00:00:00 12
Creating point data table for: 2013071812
2013-07-18 00:00:00 24
Creating point data table for: 2013071900
2013-07-19 00:00:00 12
Creating point data table for: 2013071912
2013-07-19 00:00:00 24
Creating point data table for: 2013072000
2013-07-20 00:00:00 12
Creating point data table for: 2013072012
2013-07-20 00:00:00 24
Creating point data table for: 2013072100
2013-07-21 00:00:00 12
Creating point data table for: 2013072112
2013-07-21 00:00:00 24
Creating point data table for: 2013072200
2013-07-22 00:00:00 12
Creating point data table for: 2013072212
2013-07-22 00:00:00 24
Creating point data table for: 2013072300
2013-07-23 00:00:00 12
Creating point data table for: 2013072312
2013-07-23 00:00:00 24
Creating point data table for: 2013072400
2013-07-24 00:00:00 12
Creating point data table for: 2013072412
2013-07-24 00:00:00 24
Creating point data table for: 2013072500
2013-07-25 00:00:00 12
Creating point data table for: 2013072512
2013-07-25 00:00:00 24
Creating point data table for: 2013072600
2013-07-26 00:00:00 12
Creating point data table for: 2013072612
2013-07-26 00:00:00 24
Creating point data table for: 2013072700
2013-07-27 00:00:00 12
Creating point data table for: 2013072712
2013-07-27 00:00:00 24
Creating point data table for: 2013072800
2013-07-28 00:00:00 12
Creating point data table for: 2013072812
2013-07-28 00:00:00 24
Creating point data table for: 2013072900
2013-07-29 00:00:00 12
Creating point data table for: 2013072912
2013-07-29 00:00:00 24
Creating point data table for: 2013073000
2013-07-30 00:00:00 12
Creating point data table for: 2013073012
2013-07-30 00:00:00 24
Creating point data table for: 2013073100
2013-07-31 00:00:00 12
Creating point data table for: 2013073112
2013-07-31 00:00:00 24
Creating point data table for: 2013080100
2013-08-01 00:00:00 12
Creating point data table for: 2013080112
2013-08-01 00:00:00 24
Creating point data table for: 2013080200
2013-08-02 00:00:00 12
Creating point data table for: 2013080212
2013-08-02 00:00:00 24
Creating point data table for: 2013080300
2013-08-03 00:00:00 12
Creating point data table for: 2013080312
2013-08-03 00:00:00 24
Creating point data table for: 2013080400
2013-08-04 00:00:00 12
Creating point data table for: 2013080412
2013-08-04 00:00:00 24
Creating point data table for: 2013080500
2013-08-05 00:00:00 12
Creating point data table for: 2013080512
2013-08-05 00:00:00 24
Creating point data table for: 2013080600
2013-08-06 00:00:00 12
Creating point data table for: 2013080612
2013-08-06 00:00:00 24
Creating point data table for: 2013080700
2013-08-07 00:00:00 12
Creating point data table for: 2013080712
2013-08-07 00:00:00 24
Creating point data table for: 2013080800
2013-08-08 00:00:00 12
Creating point data table for: 2013080812
2013-08-08 00:00:00 24
Creating point data table for: 2013080900
2013-08-09 00:00:00 12
Creating point data table for: 2013080912
2013-08-09 00:00:00 24
Creating point data table for: 2013081000
2013-08-10 00:00:00 12
Creating point data table for: 2013081012
2013-08-10 00:00:00 24
Creating point data table for: 2013081100
2013-08-11 00:00:00 12
Creating point data table for: 2013081112
2013-08-11 00:00:00 24
Creating point data table for: 2013081200
2013-08-12 00:00:00 12
Creating point data table for: 2013081212
2013-08-12 00:00:00 24
Creating point data table for: 2013081300
2013-08-13 00:00:00 12
Creating point data table for: 2013081312
2013-08-13 00:00:00 24
Creating point data table for: 2013081400
2013-08-14 00:00:00 12
Creating point data table for: 2013081412
2013-08-14 00:00:00 24
Creating point data table for: 2013081500
2013-08-15 00:00:00 12
Creating point data table for: 2013081512
2013-08-15 00:00:00 24
Creating point data table for: 2013081600
2013-08-16 00:00:00 12
Creating point data table for: 2013081612
2013-08-16 00:00:00 24
Creating point data table for: 2013081700
2013-08-17 00:00:00 12
Creating point data table for: 2013081712
2013-08-17 00:00:00 24
Creating point data table for: 2013081800
2013-08-18 00:00:00 12
Creating point data table for: 2013081812
2013-08-18 00:00:00 24
Creating point data table for: 2013081900
2013-08-19 00:00:00 12
Creating point data table for: 2013081912
2013-08-19 00:00:00 24
Creating point data table for: 2013082000
2013-08-20 00:00:00 12
Creating point data table for: 2013082012
2013-08-20 00:00:00 24
Creating point data table for: 2013082100
2013-08-21 00:00:00 12
Creating point data table for: 2013082112
2013-08-21 00:00:00 24
Creating point data table for: 2013082200
2013-08-22 00:00:00 12
Creating point data table for: 2013082212
2013-08-22 00:00:00 24
Creating point data table for: 2013082300
2013-08-23 00:00:00 12
Creating point data table for: 2013082312
2013-08-23 00:00:00 24
Creating point data table for: 2013082400
2013-08-24 00:00:00 12
Creating point data table for: 2013082412
2013-08-24 00:00:00 24
Creating point data table for: 2013082500
2013-08-25 00:00:00 12
Creating point data table for: 2013082512
2013-08-25 00:00:00 24
Creating point data table for: 2013082600
2013-08-26 00:00:00 12
Creating point data table for: 2013082612
2013-08-26 00:00:00 24
Creating point data table for: 2013082700
2013-08-27 00:00:00 12
Creating point data table for: 2013082712
2013-08-27 00:00:00 24
Creating point data table for: 2013082800
2013-08-28 00:00:00 12
Creating point data table for: 2013082812
2013-08-28 00:00:00 24
Creating point data table for: 2013082900
2013-08-29 00:00:00 12
Creating point data table for: 2013082912
2013-08-29 00:00:00 24
Creating point data table for: 2013083000
2013-08-30 00:00:00 12
Creating point data table for: 2013083012
2013-08-30 00:00:00 24
Creating point data table for: 2013083100
2013-08-31 00:00:00 12
Creating point data table for: 2013083112
2013-08-31 00:00:00 24
Creating point data table for: 2013090100
2013-09-01 00:00:00 12
Creating point data table for: 2013090112
2013-09-01 00:00:00 24
Creating point data table for: 2013090200
2013-09-02 00:00:00 12
Creating point data table for: 2013090212
2013-09-02 00:00:00 24
Creating point data table for: 2013090300
2013-09-03 00:00:00 12
Creating point data table for: 2013090312
2013-09-03 00:00:00 24
Creating point data table for: 2013090400
2013-09-04 00:00:00 12
Creating point data table for: 2013090412
2013-09-04 00:00:00 24
Creating point data table for: 2013090500
2013-09-05 00:00:00 12
Creating point data table for: 2013090512
2013-09-05 00:00:00 24
Creating point data table for: 2013090600
2013-09-06 00:00:00 12
Creating point data table for: 2013090612
2013-09-06 00:00:00 24
Creating point data table for: 2013090700
2013-09-07 00:00:00 12
Creating point data table for: 2013090712
2013-09-07 00:00:00 24
Creating point data table for: 2013090800
2013-09-08 00:00:00 12
Creating point data table for: 2013090812
2013-09-08 00:00:00 24
Creating point data table for: 2013090900
2013-09-09 00:00:00 12
Creating point data table for: 2013090912
2013-09-09 00:00:00 24
Creating point data table for: 2013091000
2013-09-10 00:00:00 12
Creating point data table for: 2013091012
2013-09-10 00:00:00 24
Creating point data table for: 2013091100
2013-09-11 00:00:00 12
Creating point data table for: 2013091112
2013-09-11 00:00:00 24
Creating point data table for: 2013091200
2013-09-12 00:00:00 12
Creating point data table for: 2013091212
2013-09-12 00:00:00 24
Creating point data table for: 2013091300
2013-09-13 00:00:00 12
Creating point data table for: 2013091312
2013-09-13 00:00:00 24
Creating point data table for: 2013091400
2013-09-14 00:00:00 12
Creating point data table for: 2013091412
2013-09-14 00:00:00 24
Creating point data table for: 2013091500
2013-09-15 00:00:00 12
Creating point data table for: 2013091512
2013-09-15 00:00:00 24
Creating point data table for: 2013091600
2013-09-16 00:00:00 12
Creating point data table for: 2013091612
2013-09-16 00:00:00 24
Creating point data table for: 2013091700
2013-09-17 00:00:00 12
Creating point data table for: 2013091712
2013-09-17 00:00:00 24
Creating point data table for: 2013091800
2013-09-18 00:00:00 12
Creating point data table for: 2013091812
2013-09-18 00:00:00 24
Creating point data table for: 2013091900
2013-09-19 00:00:00 12
Creating point data table for: 2013091912
2013-09-19 00:00:00 24
Creating point data table for: 2013092000
2013-09-20 00:00:00 12
Creating point data table for: 2013092012
2013-09-20 00:00:00 24
Creating point data table for: 2013092100
2013-09-21 00:00:00 12
Creating point data table for: 2013092112
2013-09-21 00:00:00 24
Creating point data table for: 2013092200
2013-09-22 00:00:00 12
Creating point data table for: 2013092212
2013-09-22 00:00:00 24
Creating point data table for: 2013092300
2013-09-23 00:00:00 12
Creating point data table for: 2013092312
2013-09-23 00:00:00 24
Creating point data table for: 2013092400
2013-09-24 00:00:00 12
Creating point data table for: 2013092412
2013-09-24 00:00:00 24
Creating point data table for: 2013092500
2013-09-25 00:00:00 12
Creating point data table for: 2013092512
2013-09-25 00:00:00 24
Creating point data table for: 2013092600
2013-09-26 00:00:00 12
Creating point data table for: 2013092612
2013-09-26 00:00:00 24
Creating point data table for: 2013092700
2013-09-27 00:00:00 12
Creating point data table for: 2013092712
2013-09-27 00:00:00 24
Creating point data table for: 2013092800
2013-09-28 00:00:00 12
Creating point data table for: 2013092812
2013-09-28 00:00:00 24
Creating point data table for: 2013092900
2013-09-29 00:00:00 12
Creating point data table for: 2013092912
2013-09-29 00:00:00 24
Creating point data table for: 2013093000
2013-09-30 00:00:00 12
Creating point data table for: 2013093012
2013-09-30 00:00:00 24
Creating point data table for: 2013100100
2013-10-01 00:00:00 12
Creating point data table for: 2013100112
2013-10-01 00:00:00 24
Creating point data table for: 2013100200
2013-10-02 00:00:00 12
Creating point data table for: 2013100212
2013-10-02 00:00:00 24
Creating point data table for: 2013100300
2013-10-03 00:00:00 12
Creating point data table for: 2013100312
2013-10-03 00:00:00 24
Creating point data table for: 2013100400
2013-10-04 00:00:00 12
Creating point data table for: 2013100412
2013-10-04 00:00:00 24
Creating point data table for: 2013100500
2013-10-05 00:00:00 12
Creating point data table for: 2013100512
2013-10-05 00:00:00 24
Creating point data table for: 2013100600
2013-10-06 00:00:00 12
Creating point data table for: 2013100612
2013-10-06 00:00:00 24
Creating point data table for: 2013100700
2013-10-07 00:00:00 12
Creating point data table for: 2013100712
2013-10-07 00:00:00 24
Creating point data table for: 2013100800
2013-10-08 00:00:00 12
Creating point data table for: 2013100812
2013-10-08 00:00:00 24
Creating point data table for: 2013100900
2013-10-09 00:00:00 12
Creating point data table for: 2013100912
2013-10-09 00:00:00 24
Creating point data table for: 2013101000
2013-10-10 00:00:00 12
Creating point data table for: 2013101012
2013-10-10 00:00:00 24
Creating point data table for: 2013101100
2013-10-11 00:00:00 12
Creating point data table for: 2013101112
2013-10-11 00:00:00 24
Creating point data table for: 2013101200
2013-10-12 00:00:00 12
Creating point data table for: 2013101212
2013-10-12 00:00:00 24
Creating point data table for: 2013101300
2013-10-13 00:00:00 12
Creating point data table for: 2013101312
2013-10-13 00:00:00 24
Creating point data table for: 2013101400
2013-10-14 00:00:00 12
Creating point data table for: 2013101412
2013-10-14 00:00:00 24
Creating point data table for: 2013101500
2013-10-15 00:00:00 12
Creating point data table for: 2013101512
2013-10-15 00:00:00 24
Creating point data table for: 2013101600
2013-10-16 00:00:00 12
Creating point data table for: 2013101612
2013-10-16 00:00:00 24
Creating point data table for: 2013101700
2013-10-17 00:00:00 12
Creating point data table for: 2013101712
2013-10-17 00:00:00 24
Creating point data table for: 2013101800
2013-10-18 00:00:00 12
Creating point data table for: 2013101812
2013-10-18 00:00:00 24
Creating point data table for: 2013101900
2013-10-19 00:00:00 12
Creating point data table for: 2013101912
2013-10-19 00:00:00 24
Creating point data table for: 2013102000
2013-10-20 00:00:00 12
Creating point data table for: 2013102012
2013-10-20 00:00:00 24
Creating point data table for: 2013102100
2013-10-21 00:00:00 12
Creating point data table for: 2013102112
2013-10-21 00:00:00 24
Creating point data table for: 2013102200
2013-10-22 00:00:00 12
Creating point data table for: 2013102212
2013-10-22 00:00:00 24
Creating point data table for: 2013102300
2013-10-23 00:00:00 12
Creating point data table for: 2013102312
2013-10-23 00:00:00 24
Creating point data table for: 2013102400
2013-10-24 00:00:00 12
Creating point data table for: 2013102412
2013-10-24 00:00:00 24
Creating point data table for: 2013102500
2013-10-25 00:00:00 12
Creating point data table for: 2013102512
2013-10-25 00:00:00 24
Creating point data table for: 2013102600
2013-10-26 00:00:00 12
Creating point data table for: 2013102612
2013-10-26 00:00:00 24
Creating point data table for: 2013102700
2013-10-27 00:00:00 12
Creating point data table for: 2013102712
2013-10-27 00:00:00 24
Creating point data table for: 2013102800
2013-10-28 00:00:00 12
Creating point data table for: 2013102812
2013-10-28 00:00:00 24
Creating point data table for: 2013102900
2013-10-29 00:00:00 12
Creating point data table for: 2013102912
2013-10-29 00:00:00 24
Creating point data table for: 2013103000
2013-10-30 00:00:00 12
Creating point data table for: 2013103012
2013-10-30 00:00:00 24
Creating point data table for: 2013103100
2013-10-31 00:00:00 12
Creating point data table for: 2013103112
2013-10-31 00:00:00 24
Creating point data table for: 2013110100
2013-11-01 00:00:00 12
Creating point data table for: 2013110112
2013-11-01 00:00:00 24
Creating point data table for: 2013110200
2013-11-02 00:00:00 12
Creating point data table for: 2013110212
2013-11-02 00:00:00 24
Creating point data table for: 2013110300
2013-11-03 00:00:00 12
Creating point data table for: 2013110312
2013-11-03 00:00:00 24
Creating point data table for: 2013110400
2013-11-04 00:00:00 12
Creating point data table for: 2013110412
2013-11-04 00:00:00 24
Creating point data table for: 2013110500
2013-11-05 00:00:00 12
Creating point data table for: 2013110512
2013-11-05 00:00:00 24
Creating point data table for: 2013110600
2013-11-06 00:00:00 12
Creating point data table for: 2013110612
2013-11-06 00:00:00 24
Creating point data table for: 2013110700
2013-11-07 00:00:00 12
Creating point data table for: 2013110712
2013-11-07 00:00:00 24
Creating point data table for: 2013110800
2013-11-08 00:00:00 12
Creating point data table for: 2013110812
2013-11-08 00:00:00 24
Creating point data table for: 2013110900
2013-11-09 00:00:00 12
Creating point data table for: 2013110912
2013-11-09 00:00:00 24
Creating point data table for: 2013111000
2013-11-10 00:00:00 12
Creating point data table for: 2013111012
2013-11-10 00:00:00 24
Creating point data table for: 2013111100
2013-11-11 00:00:00 12
Creating point data table for: 2013111112
2013-11-11 00:00:00 24
Creating point data table for: 2013111200
2013-11-12 00:00:00 12
Creating point data table for: 2013111212
2013-11-12 00:00:00 24
Creating point data table for: 2013111300
2013-11-13 00:00:00 12
Creating point data table for: 2013111312
2013-11-13 00:00:00 24
Creating point data table for: 2013111400
2013-11-14 00:00:00 12
Creating point data table for: 2013111412
2013-11-14 00:00:00 24
Creating point data table for: 2013111500
2013-11-15 00:00:00 12
Creating point data table for: 2013111512
2013-11-15 00:00:00 24
Creating point data table for: 2013111600
2013-11-16 00:00:00 12
Creating point data table for: 2013111612
2013-11-16 00:00:00 24
Creating point data table for: 2013111700
2013-11-17 00:00:00 12
Creating point data table for: 2013111712
2013-11-17 00:00:00 24
Creating point data table for: 2013111800
2013-11-18 00:00:00 12
Creating point data table for: 2013111812
2013-11-18 00:00:00 24
Creating point data table for: 2013111900
2013-11-19 00:00:00 12
Creating point data table for: 2013111912
2013-11-19 00:00:00 24
Creating point data table for: 2013112000
2013-11-20 00:00:00 12
Creating point data table for: 2013112012
2013-11-20 00:00:00 24
Creating point data table for: 2013112100
2013-11-21 00:00:00 12
Creating point data table for: 2013112112
2013-11-21 00:00:00 24
Creating point data table for: 2013112200
2013-11-22 00:00:00 12
Creating point data table for: 2013112212
2013-11-22 00:00:00 24
Creating point data table for: 2013112300
2013-11-23 00:00:00 12
Creating point data table for: 2013112312
2013-11-23 00:00:00 24
Creating point data table for: 2013112400
2013-11-24 00:00:00 12
Creating point data table for: 2013112412
2013-11-24 00:00:00 24
Creating point data table for: 2013112500
2013-11-25 00:00:00 12
Creating point data table for: 2013112512
2013-11-25 00:00:00 24
Creating point data table for: 2013112600
2013-11-26 00:00:00 12
Creating point data table for: 2013112612
2013-11-26 00:00:00 24
Creating point data table for: 2013112700
2013-11-27 00:00:00 12
Creating point data table for: 2013112712
2013-11-27 00:00:00 24
Creating point data table for: 2013112800
2013-11-28 00:00:00 12
Creating point data table for: 2013112812
2013-11-28 00:00:00 24
Creating point data table for: 2013112900
2013-11-29 00:00:00 12
Creating point data table for: 2013112912
2013-11-29 00:00:00 24
Creating point data table for: 2013113000
2013-11-30 00:00:00 12
Creating point data table for: 2013113012
2013-11-30 00:00:00 24
Creating point data table for: 2013120100
2013-12-01 00:00:00 12
Creating point data table for: 2013120112
2013-12-01 00:00:00 24
Creating point data table for: 2013120200
2013-12-02 00:00:00 12
Creating point data table for: 2013120212
2013-12-02 00:00:00 24
Creating point data table for: 2013120300
2013-12-03 00:00:00 12
Creating point data table for: 2013120312
2013-12-03 00:00:00 24
Creating point data table for: 2013120400
2013-12-04 00:00:00 12
Creating point data table for: 2013120412
2013-12-04 00:00:00 24
Creating point data table for: 2013120500
2013-12-05 00:00:00 12
Creating point data table for: 2013120512
2013-12-05 00:00:00 24
Creating point data table for: 2013120600
2013-12-06 00:00:00 12
Creating point data table for: 2013120612
2013-12-06 00:00:00 24
Creating point data table for: 2013120700
2013-12-07 00:00:00 12
Creating point data table for: 2013120712
2013-12-07 00:00:00 24
Creating point data table for: 2013120800
2013-12-08 00:00:00 12
Creating point data table for: 2013120812
2013-12-08 00:00:00 24
Creating point data table for: 2013120900
2013-12-09 00:00:00 12
Creating point data table for: 2013120912
2013-12-09 00:00:00 24
Creating point data table for: 2013121000
2013-12-10 00:00:00 12
Creating point data table for: 2013121012
2013-12-10 00:00:00 24
Creating point data table for: 2013121100
2013-12-11 00:00:00 12
Creating point data table for: 2013121112
2013-12-11 00:00:00 24
Creating point data table for: 2013121200
2013-12-12 00:00:00 12
Creating point data table for: 2013121212
2013-12-12 00:00:00 24
Creating point data table for: 2013121300
2013-12-13 00:00:00 12
Creating point data table for: 2013121312
2013-12-13 00:00:00 24
Creating point data table for: 2013121400
2013-12-14 00:00:00 12
Creating point data table for: 2013121412
2013-12-14 00:00:00 24
Creating point data table for: 2013121500
2013-12-15 00:00:00 12
Creating point data table for: 2013121512
2013-12-15 00:00:00 24
Creating point data table for: 2013121600
2013-12-16 00:00:00 12
Creating point data table for: 2013121612
2013-12-16 00:00:00 24
Creating point data table for: 2013121700
2013-12-17 00:00:00 12
Creating point data table for: 2013121712
2013-12-17 00:00:00 24
Creating point data table for: 2013121800
2013-12-18 00:00:00 12
Creating point data table for: 2013121812
2013-12-18 00:00:00 24
Creating point data table for: 2013121900
2013-12-19 00:00:00 12
Creating point data table for: 2013121912
2013-12-19 00:00:00 24
Creating point data table for: 2013122000
2013-12-20 00:00:00 12
Creating point data table for: 2013122012
2013-12-20 00:00:00 24
Creating point data table for: 2013122100
2013-12-21 00:00:00 12
Creating point data table for: 2013122112
2013-12-21 00:00:00 24
Creating point data table for: 2013122200
2013-12-22 00:00:00 12
Creating point data table for: 2013122212
2013-12-22 00:00:00 24
Creating point data table for: 2013122300
2013-12-23 00:00:00 12
Creating point data table for: 2013122312
2013-12-23 00:00:00 24
Creating point data table for: 2013122400
2013-12-24 00:00:00 12
Creating point data table for: 2013122412
2013-12-24 00:00:00 24
Creating point data table for: 2013122500
2013-12-25 00:00:00 12
Creating point data table for: 2013122512
2013-12-25 00:00:00 24
Creating point data table for: 2013122600
2013-12-26 00:00:00 12
Creating point data table for: 2013122612
2013-12-26 00:00:00 24
Creating point data table for: 2013122700
2013-12-27 00:00:00 12
Creating point data table for: 2013122712
2013-12-27 00:00:00 24
Creating point data table for: 2013122800
2013-12-28 00:00:00 12
Creating point data table for: 2013122812
2013-12-28 00:00:00 24
Creating point data table for: 2013122900
2013-12-29 00:00:00 12
Creating point data table for: 2013122912
2013-12-29 00:00:00 24
Creating point data table for: 2013123000
2013-12-30 00:00:00 12
Creating point data table for: 2013123012
2013-12-30 00:00:00 24
Creating point data table for: 2013123100
2013-12-31 00:00:00 12
Creating point data table for: 2013123112
2013-12-31 00:00:00 24
Creating point data table for: 2014010100
[ECMWF-INFO -ecepilog] ----------------------------------------------------------------------------------------------------
[ECMWF-INFO -ecepilog] This is the ECMWF job Epilogue
[ECMWF-INFO -ecepilog] +++ Please report issues using the Support portal +++
[ECMWF-INFO -ecepilog] +++ https://support.ecmwf.int                     +++
[ECMWF-INFO -ecepilog] ----------------------------------------------------------------------------------------------------
[ECMWF-INFO -ecepilog] Run at 2024-03-05T18:34:48 on aa
[ECMWF-INFO -ecepilog] JobName                   : PDT_Year
[ECMWF-INFO -ecepilog] JobID                     : 13918869
[ECMWF-INFO -ecepilog] Submit                    : 2024-03-05T17:27:11
[ECMWF-INFO -ecepilog] Start                     : 2024-03-05T17:27:29
[ECMWF-INFO -ecepilog] End                       : 2024-03-05T18:34:48
[ECMWF-INFO -ecepilog] QueuedTime                : 18.0
[ECMWF-INFO -ecepilog] ElapsedRaw                : 4039
[ECMWF-INFO -ecepilog] ExitCode                  : 0:0
[ECMWF-INFO -ecepilog] DerivedExitCode           : 0:0
[ECMWF-INFO -ecepilog] State                     : COMPLETED
[ECMWF-INFO -ecepilog] Account                   : ecodmdmo
[ECMWF-INFO -ecepilog] QOS                       : nf
[ECMWF-INFO -ecepilog] User                      : mofp
[ECMWF-INFO -ecepilog] StdOut                    : /etc/ecmwf/vol/ecpoint_dev/mofp/Papers_2_Write/Use_FlashFloodsRep_4Verif_USA/Scripts/Processed/LogATOS/PDT_Year-13918869.out
[ECMWF-INFO -ecepilog] StdErr                    : /etc/ecmwf/vol/ecpoint_dev/mofp/Papers_2_Write/Use_FlashFloodsRep_4Verif_USA/Scripts/Processed/LogATOS/PDT_Year-13918869.out
[ECMWF-INFO -ecepilog] NNodes                    : 1
[ECMWF-INFO -ecepilog] NCPUS                     : 64
[ECMWF-INFO -ecepilog] SBU                       : 612.624
[ECMWF-INFO -ecepilog] ----------------------------------------------------------------------------------------------------

