[ECMWF-INFO -sbatch] - -------------------------------------------------------------------------------------
[ECMWF-INFO -sbatch] -  This is the ECMWF jobfilter
[ECMWF-INFO -sbatch] -  +++ Please report issues using the Support portal +++
[ECMWF-INFO -sbatch] -  +++ https://support.ecmwf.int                     +++
[ECMWF-INFO -sbatch] -  /usr/local/bin/ecsbatch: size: 49002, mtime: Tue Oct  3 11:53:54 2023
[ECMWF-INFO -sbatch] - -------------------------------------------------------------------------------------
[ECMWF-INFO -sbatch] - Time at submit: Tue Mar  5 17:27:12 2024 (1709659632.395817) on aa6-204.bullx:/etc/ecmwf/vol/ecpoint_dev/mofp/Papers_2_Write/Use_FlashFloodsRep_4Verif_USA/Scripts/Processed
[ECMWF-INFO -sbatch] - --- SLURM VARIABLES ---
[ECMWF-INFO -sbatch] - EC_CLUSTER=aa
[ECMWF-INFO -sbatch] - SLURM_EXPORT_ENV=ALL
[ECMWF-INFO -sbatch] - SLURM_JOB_ID=13517288
[ECMWF-INFO -sbatch] - SBATCH_EXPORT=NONE
[ECMWF-INFO -sbatch] - -----------------------
[ECMWF-INFO -sbatch] - jobscript: /etc/ecmwf/vol/ecpoint_dev/mofp/Papers_2_Write/Use_FlashFloodsRep_4Verif_USA/Scripts/Processed/18a_SubmitterATOS_PDT_Year.sh
[ECMWF-INFO -sbatch] - --- SCRIPT OPTIONS ---
[ECMWF-INFO -sbatch] - #SBATCH --job-name=PDT_Year
[ECMWF-INFO -sbatch] - #SBATCH --output=LogATOS/PDT_Year-%J.out
[ECMWF-INFO -sbatch] - #SBATCH --error=LogATOS/PDT_Year-%J.out
[ECMWF-INFO -sbatch] - #SBATCH --cpus-per-task=64
[ECMWF-INFO -sbatch] - #SBATCH --mem=128G
[ECMWF-INFO -sbatch] - #SBATCH --time=2-00:00:00
[ECMWF-INFO -sbatch] - #SBATCH --qos=nf
[ECMWF-INFO -sbatch] - #SBATCH --mail-type=FAIL
[ECMWF-INFO -sbatch] - #SBATCH --mail-user=fatima.pillosu@ecmwf.int
[ECMWF-INFO -sbatch] - -----------------------
[ECMWF-INFO -sbatch] - --- POST-PROCESSED OPTIONS ---
[ECMWF-INFO -sbatch] - ARG --positional=['18a_SubmitterATOS_PDT_Year.sh', '2019']
[ECMWF-INFO -sbatch] - ARG --cpus_per_task=64
[ECMWF-INFO -sbatch] - ARG --error=LogATOS/PDT_Year-%J.out
[ECMWF-INFO -sbatch] - ARG --job_name=PDT_Year
[ECMWF-INFO -sbatch] - ARG --mail_type=FAIL
[ECMWF-INFO -sbatch] - ARG --mail_user=fatima.pillosu@ecmwf.int
[ECMWF-INFO -sbatch] - ARG --output=LogATOS/PDT_Year-%J.out
[ECMWF-INFO -sbatch] - ARG --qos=nf
[ECMWF-INFO -sbatch] - ARG --time=2-00:00:00
[ECMWF-INFO -sbatch] - ARG --mem=128G
[ECMWF-INFO -sbatch] - ------------------------------
[ECMWF-INFO -sbatch] - jobtag: mofp-PDT_Year-1x64-/etc/ecmwf/vol/ecpoint_dev/mofp/Papers_2_Write/Use_FlashFloodsRep_4Verif_USA/Scripts/Processed/LogATOS/PDT_Year-_.out
[ECMWF-INFO -sbatch] - ['/usr/bin/sbatch', '--cpus-per-task=64', '--error=LogATOS/PDT_Year-%J.out', '--job-name=PDT_Year', '--mail-type=FAIL', '--mail-user=fatima.pillosu@ecmwf.int', '--output=LogATOS/PDT_Year-%J.out', '--qos=nf', '--time=2-00:00:00', '--mem=128G', '--licenses=h2resw01', '--export=EC_user_time_limit=2-00:00:00', '/etc/ecmwf/vol/ecpoint_dev/mofp/Papers_2_Write/Use_FlashFloodsRep_4Verif_USA/Scripts/Processed/18a_SubmitterATOS_PDT_Year.sh', '2019']
[ECMWF-INFO -sbatch] - sbatch executed on aa
[ECMWF-INFO -sbatch] - Job queued on aa using method local
[ECMWF-INFO -sbatch] - Submitted batch job 13918875
[ECMWF-INFO -ecprofile] /usr/bin/bash NON_INTERACTIVE on aa6-179 at 20240305_172732.640, PID: 2212112, JOBID: 13918875
[ECMWF-INFO -ecprofile] $SCRATCH=/ec/res4/scratch/mofp
[ECMWF-INFO -ecprofile] $PERM=/perm/mofp
[ECMWF-INFO -ecprofile] $HPCPERM=/ec/res4/hpcperm/mofp
[ECMWF-INFO -ecprofile] $TMPDIR=/etc/ecmwf/ssd/ssd1/tmpdirs/mofp.13918875
[ECMWF-INFO -ecprofile] $SCRATCHDIR=/ec/res4/scratchdir/mofp/3/13918875
2019-01-01 00:00:00 12
Creating point data table for: 2019010112
2019-01-01 00:00:00 24
Creating point data table for: 2019010200
2019-01-02 00:00:00 12
Creating point data table for: 2019010212
2019-01-02 00:00:00 24
Creating point data table for: 2019010300
2019-01-03 00:00:00 12
Creating point data table for: 2019010312
2019-01-03 00:00:00 24
Creating point data table for: 2019010400
2019-01-04 00:00:00 12
Creating point data table for: 2019010412
2019-01-04 00:00:00 24
Creating point data table for: 2019010500
2019-01-05 00:00:00 12
Creating point data table for: 2019010512
2019-01-05 00:00:00 24
Creating point data table for: 2019010600
2019-01-06 00:00:00 12
Creating point data table for: 2019010612
2019-01-06 00:00:00 24
Creating point data table for: 2019010700
2019-01-07 00:00:00 12
Creating point data table for: 2019010712
2019-01-07 00:00:00 24
Creating point data table for: 2019010800
2019-01-08 00:00:00 12
Creating point data table for: 2019010812
2019-01-08 00:00:00 24
Creating point data table for: 2019010900
2019-01-09 00:00:00 12
Creating point data table for: 2019010912
2019-01-09 00:00:00 24
Creating point data table for: 2019011000
2019-01-10 00:00:00 12
Creating point data table for: 2019011012
2019-01-10 00:00:00 24
Creating point data table for: 2019011100
2019-01-11 00:00:00 12
Creating point data table for: 2019011112
2019-01-11 00:00:00 24
Creating point data table for: 2019011200
2019-01-12 00:00:00 12
Creating point data table for: 2019011212
2019-01-12 00:00:00 24
Creating point data table for: 2019011300
2019-01-13 00:00:00 12
Creating point data table for: 2019011312
2019-01-13 00:00:00 24
Creating point data table for: 2019011400
2019-01-14 00:00:00 12
Creating point data table for: 2019011412
2019-01-14 00:00:00 24
Creating point data table for: 2019011500
2019-01-15 00:00:00 12
Creating point data table for: 2019011512
2019-01-15 00:00:00 24
Creating point data table for: 2019011600
2019-01-16 00:00:00 12
Creating point data table for: 2019011612
2019-01-16 00:00:00 24
Creating point data table for: 2019011700
2019-01-17 00:00:00 12
Creating point data table for: 2019011712
2019-01-17 00:00:00 24
Creating point data table for: 2019011800
2019-01-18 00:00:00 12
Creating point data table for: 2019011812
2019-01-18 00:00:00 24
Creating point data table for: 2019011900
2019-01-19 00:00:00 12
Creating point data table for: 2019011912
2019-01-19 00:00:00 24
Creating point data table for: 2019012000
2019-01-20 00:00:00 12
Creating point data table for: 2019012012
2019-01-20 00:00:00 24
Creating point data table for: 2019012100
2019-01-21 00:00:00 12
Creating point data table for: 2019012112
2019-01-21 00:00:00 24
Creating point data table for: 2019012200
2019-01-22 00:00:00 12
Creating point data table for: 2019012212
2019-01-22 00:00:00 24
Creating point data table for: 2019012300
2019-01-23 00:00:00 12
Creating point data table for: 2019012312
2019-01-23 00:00:00 24
Creating point data table for: 2019012400
2019-01-24 00:00:00 12
Creating point data table for: 2019012412
2019-01-24 00:00:00 24
Creating point data table for: 2019012500
2019-01-25 00:00:00 12
Creating point data table for: 2019012512
2019-01-25 00:00:00 24
Creating point data table for: 2019012600
2019-01-26 00:00:00 12
Creating point data table for: 2019012612
2019-01-26 00:00:00 24
Creating point data table for: 2019012700
2019-01-27 00:00:00 12
Creating point data table for: 2019012712
2019-01-27 00:00:00 24
Creating point data table for: 2019012800
2019-01-28 00:00:00 12
Creating point data table for: 2019012812
2019-01-28 00:00:00 24
Creating point data table for: 2019012900
2019-01-29 00:00:00 12
Creating point data table for: 2019012912
2019-01-29 00:00:00 24
Creating point data table for: 2019013000
2019-01-30 00:00:00 12
Creating point data table for: 2019013012
2019-01-30 00:00:00 24
Creating point data table for: 2019013100
2019-01-31 00:00:00 12
Creating point data table for: 2019013112
2019-01-31 00:00:00 24
Creating point data table for: 2019020100
2019-02-01 00:00:00 12
Creating point data table for: 2019020112
2019-02-01 00:00:00 24
Creating point data table for: 2019020200
2019-02-02 00:00:00 12
Creating point data table for: 2019020212
2019-02-02 00:00:00 24
Creating point data table for: 2019020300
2019-02-03 00:00:00 12
Creating point data table for: 2019020312
2019-02-03 00:00:00 24
Creating point data table for: 2019020400
2019-02-04 00:00:00 12
Creating point data table for: 2019020412
2019-02-04 00:00:00 24
Creating point data table for: 2019020500
2019-02-05 00:00:00 12
Creating point data table for: 2019020512
2019-02-05 00:00:00 24
Creating point data table for: 2019020600
2019-02-06 00:00:00 12
Creating point data table for: 2019020612
2019-02-06 00:00:00 24
Creating point data table for: 2019020700
2019-02-07 00:00:00 12
Creating point data table for: 2019020712
2019-02-07 00:00:00 24
Creating point data table for: 2019020800
2019-02-08 00:00:00 12
Creating point data table for: 2019020812
2019-02-08 00:00:00 24
Creating point data table for: 2019020900
2019-02-09 00:00:00 12
Creating point data table for: 2019020912
2019-02-09 00:00:00 24
Creating point data table for: 2019021000
2019-02-10 00:00:00 12
Creating point data table for: 2019021012
2019-02-10 00:00:00 24
Creating point data table for: 2019021100
2019-02-11 00:00:00 12
Creating point data table for: 2019021112
2019-02-11 00:00:00 24
Creating point data table for: 2019021200
2019-02-12 00:00:00 12
Creating point data table for: 2019021212
2019-02-12 00:00:00 24
Creating point data table for: 2019021300
2019-02-13 00:00:00 12
Creating point data table for: 2019021312
2019-02-13 00:00:00 24
Creating point data table for: 2019021400
2019-02-14 00:00:00 12
Creating point data table for: 2019021412
2019-02-14 00:00:00 24
Creating point data table for: 2019021500
2019-02-15 00:00:00 12
Creating point data table for: 2019021512
2019-02-15 00:00:00 24
Creating point data table for: 2019021600
2019-02-16 00:00:00 12
Creating point data table for: 2019021612
2019-02-16 00:00:00 24
Creating point data table for: 2019021700
2019-02-17 00:00:00 12
Creating point data table for: 2019021712
2019-02-17 00:00:00 24
Creating point data table for: 2019021800
2019-02-18 00:00:00 12
Creating point data table for: 2019021812
2019-02-18 00:00:00 24
Creating point data table for: 2019021900
2019-02-19 00:00:00 12
Creating point data table for: 2019021912
2019-02-19 00:00:00 24
Creating point data table for: 2019022000
2019-02-20 00:00:00 12
Creating point data table for: 2019022012
2019-02-20 00:00:00 24
Creating point data table for: 2019022100
2019-02-21 00:00:00 12
Creating point data table for: 2019022112
2019-02-21 00:00:00 24
Creating point data table for: 2019022200
2019-02-22 00:00:00 12
Creating point data table for: 2019022212
2019-02-22 00:00:00 24
Creating point data table for: 2019022300
2019-02-23 00:00:00 12
Creating point data table for: 2019022312
2019-02-23 00:00:00 24
Creating point data table for: 2019022400
2019-02-24 00:00:00 12
Creating point data table for: 2019022412
2019-02-24 00:00:00 24
Creating point data table for: 2019022500
2019-02-25 00:00:00 12
Creating point data table for: 2019022512
2019-02-25 00:00:00 24
Creating point data table for: 2019022600
2019-02-26 00:00:00 12
Creating point data table for: 2019022612
2019-02-26 00:00:00 24
Creating point data table for: 2019022700
2019-02-27 00:00:00 12
Creating point data table for: 2019022712
2019-02-27 00:00:00 24
Creating point data table for: 2019022800
2019-02-28 00:00:00 12
Creating point data table for: 2019022812
2019-02-28 00:00:00 24
Creating point data table for: 2019030100
2019-03-01 00:00:00 12
Creating point data table for: 2019030112
2019-03-01 00:00:00 24
Creating point data table for: 2019030200
2019-03-02 00:00:00 12
Creating point data table for: 2019030212
2019-03-02 00:00:00 24
Creating point data table for: 2019030300
2019-03-03 00:00:00 12
Creating point data table for: 2019030312
2019-03-03 00:00:00 24
Creating point data table for: 2019030400
2019-03-04 00:00:00 12
Creating point data table for: 2019030412
2019-03-04 00:00:00 24
Creating point data table for: 2019030500
2019-03-05 00:00:00 12
Creating point data table for: 2019030512
2019-03-05 00:00:00 24
Creating point data table for: 2019030600
2019-03-06 00:00:00 12
Creating point data table for: 2019030612
2019-03-06 00:00:00 24
Creating point data table for: 2019030700
2019-03-07 00:00:00 12
Creating point data table for: 2019030712
2019-03-07 00:00:00 24
Creating point data table for: 2019030800
2019-03-08 00:00:00 12
Creating point data table for: 2019030812
2019-03-08 00:00:00 24
Creating point data table for: 2019030900
2019-03-09 00:00:00 12
Creating point data table for: 2019030912
2019-03-09 00:00:00 24
Creating point data table for: 2019031000
2019-03-10 00:00:00 12
Creating point data table for: 2019031012
2019-03-10 00:00:00 24
Creating point data table for: 2019031100
2019-03-11 00:00:00 12
Creating point data table for: 2019031112
2019-03-11 00:00:00 24
Creating point data table for: 2019031200
2019-03-12 00:00:00 12
Creating point data table for: 2019031212
2019-03-12 00:00:00 24
Creating point data table for: 2019031300
2019-03-13 00:00:00 12
Creating point data table for: 2019031312
2019-03-13 00:00:00 24
Creating point data table for: 2019031400
2019-03-14 00:00:00 12
Creating point data table for: 2019031412
2019-03-14 00:00:00 24
Creating point data table for: 2019031500
2019-03-15 00:00:00 12
Creating point data table for: 2019031512
2019-03-15 00:00:00 24
Creating point data table for: 2019031600
2019-03-16 00:00:00 12
Creating point data table for: 2019031612
2019-03-16 00:00:00 24
Creating point data table for: 2019031700
2019-03-17 00:00:00 12
Creating point data table for: 2019031712
2019-03-17 00:00:00 24
Creating point data table for: 2019031800
2019-03-18 00:00:00 12
Creating point data table for: 2019031812
2019-03-18 00:00:00 24
Creating point data table for: 2019031900
2019-03-19 00:00:00 12
Creating point data table for: 2019031912
2019-03-19 00:00:00 24
Creating point data table for: 2019032000
2019-03-20 00:00:00 12
Creating point data table for: 2019032012
2019-03-20 00:00:00 24
Creating point data table for: 2019032100
2019-03-21 00:00:00 12
Creating point data table for: 2019032112
2019-03-21 00:00:00 24
Creating point data table for: 2019032200
2019-03-22 00:00:00 12
Creating point data table for: 2019032212
2019-03-22 00:00:00 24
Creating point data table for: 2019032300
2019-03-23 00:00:00 12
Creating point data table for: 2019032312
2019-03-23 00:00:00 24
Creating point data table for: 2019032400
2019-03-24 00:00:00 12
Creating point data table for: 2019032412
2019-03-24 00:00:00 24
Creating point data table for: 2019032500
2019-03-25 00:00:00 12
Creating point data table for: 2019032512
2019-03-25 00:00:00 24
Creating point data table for: 2019032600
2019-03-26 00:00:00 12
Creating point data table for: 2019032612
2019-03-26 00:00:00 24
Creating point data table for: 2019032700
2019-03-27 00:00:00 12
Creating point data table for: 2019032712
2019-03-27 00:00:00 24
Creating point data table for: 2019032800
2019-03-28 00:00:00 12
Creating point data table for: 2019032812
2019-03-28 00:00:00 24
Creating point data table for: 2019032900
2019-03-29 00:00:00 12
Creating point data table for: 2019032912
2019-03-29 00:00:00 24
Creating point data table for: 2019033000
2019-03-30 00:00:00 12
Creating point data table for: 2019033012
2019-03-30 00:00:00 24
Creating point data table for: 2019033100
2019-03-31 00:00:00 12
Creating point data table for: 2019033112
2019-03-31 00:00:00 24
Creating point data table for: 2019040100
2019-04-01 00:00:00 12
Creating point data table for: 2019040112
2019-04-01 00:00:00 24
Creating point data table for: 2019040200
2019-04-02 00:00:00 12
Creating point data table for: 2019040212
2019-04-02 00:00:00 24
Creating point data table for: 2019040300
2019-04-03 00:00:00 12
Creating point data table for: 2019040312
2019-04-03 00:00:00 24
Creating point data table for: 2019040400
2019-04-04 00:00:00 12
Creating point data table for: 2019040412
2019-04-04 00:00:00 24
Creating point data table for: 2019040500
2019-04-05 00:00:00 12
Creating point data table for: 2019040512
2019-04-05 00:00:00 24
Creating point data table for: 2019040600
2019-04-06 00:00:00 12
Creating point data table for: 2019040612
2019-04-06 00:00:00 24
Creating point data table for: 2019040700
2019-04-07 00:00:00 12
Creating point data table for: 2019040712
2019-04-07 00:00:00 24
Creating point data table for: 2019040800
2019-04-08 00:00:00 12
Creating point data table for: 2019040812
2019-04-08 00:00:00 24
Creating point data table for: 2019040900
2019-04-09 00:00:00 12
Creating point data table for: 2019040912
2019-04-09 00:00:00 24
Creating point data table for: 2019041000
2019-04-10 00:00:00 12
Creating point data table for: 2019041012
2019-04-10 00:00:00 24
Creating point data table for: 2019041100
2019-04-11 00:00:00 12
Creating point data table for: 2019041112
2019-04-11 00:00:00 24
Creating point data table for: 2019041200
2019-04-12 00:00:00 12
Creating point data table for: 2019041212
2019-04-12 00:00:00 24
Creating point data table for: 2019041300
2019-04-13 00:00:00 12
Creating point data table for: 2019041312
2019-04-13 00:00:00 24
Creating point data table for: 2019041400
2019-04-14 00:00:00 12
Creating point data table for: 2019041412
2019-04-14 00:00:00 24
Creating point data table for: 2019041500
2019-04-15 00:00:00 12
Creating point data table for: 2019041512
2019-04-15 00:00:00 24
Creating point data table for: 2019041600
2019-04-16 00:00:00 12
Creating point data table for: 2019041612
2019-04-16 00:00:00 24
Creating point data table for: 2019041700
2019-04-17 00:00:00 12
Creating point data table for: 2019041712
2019-04-17 00:00:00 24
Creating point data table for: 2019041800
2019-04-18 00:00:00 12
Creating point data table for: 2019041812
2019-04-18 00:00:00 24
Creating point data table for: 2019041900
2019-04-19 00:00:00 12
Creating point data table for: 2019041912
2019-04-19 00:00:00 24
Creating point data table for: 2019042000
2019-04-20 00:00:00 12
Creating point data table for: 2019042012
2019-04-20 00:00:00 24
Creating point data table for: 2019042100
2019-04-21 00:00:00 12
Creating point data table for: 2019042112
2019-04-21 00:00:00 24
Creating point data table for: 2019042200
2019-04-22 00:00:00 12
Creating point data table for: 2019042212
2019-04-22 00:00:00 24
Creating point data table for: 2019042300
2019-04-23 00:00:00 12
Creating point data table for: 2019042312
2019-04-23 00:00:00 24
Creating point data table for: 2019042400
2019-04-24 00:00:00 12
Creating point data table for: 2019042412
2019-04-24 00:00:00 24
Creating point data table for: 2019042500
2019-04-25 00:00:00 12
Creating point data table for: 2019042512
2019-04-25 00:00:00 24
Creating point data table for: 2019042600
2019-04-26 00:00:00 12
Creating point data table for: 2019042612
2019-04-26 00:00:00 24
Creating point data table for: 2019042700
2019-04-27 00:00:00 12
Creating point data table for: 2019042712
2019-04-27 00:00:00 24
Creating point data table for: 2019042800
2019-04-28 00:00:00 12
Creating point data table for: 2019042812
2019-04-28 00:00:00 24
Creating point data table for: 2019042900
2019-04-29 00:00:00 12
Creating point data table for: 2019042912
2019-04-29 00:00:00 24
Creating point data table for: 2019043000
2019-04-30 00:00:00 12
Creating point data table for: 2019043012
2019-04-30 00:00:00 24
Creating point data table for: 2019050100
2019-05-01 00:00:00 12
Creating point data table for: 2019050112
2019-05-01 00:00:00 24
Creating point data table for: 2019050200
2019-05-02 00:00:00 12
Creating point data table for: 2019050212
2019-05-02 00:00:00 24
Creating point data table for: 2019050300
2019-05-03 00:00:00 12
Creating point data table for: 2019050312
2019-05-03 00:00:00 24
Creating point data table for: 2019050400
2019-05-04 00:00:00 12
Creating point data table for: 2019050412
2019-05-04 00:00:00 24
Creating point data table for: 2019050500
2019-05-05 00:00:00 12
Creating point data table for: 2019050512
2019-05-05 00:00:00 24
Creating point data table for: 2019050600
2019-05-06 00:00:00 12
Creating point data table for: 2019050612
2019-05-06 00:00:00 24
Creating point data table for: 2019050700
2019-05-07 00:00:00 12
Creating point data table for: 2019050712
2019-05-07 00:00:00 24
Creating point data table for: 2019050800
2019-05-08 00:00:00 12
Creating point data table for: 2019050812
2019-05-08 00:00:00 24
Creating point data table for: 2019050900
2019-05-09 00:00:00 12
Creating point data table for: 2019050912
2019-05-09 00:00:00 24
Creating point data table for: 2019051000
2019-05-10 00:00:00 12
Creating point data table for: 2019051012
2019-05-10 00:00:00 24
Creating point data table for: 2019051100
2019-05-11 00:00:00 12
Creating point data table for: 2019051112
2019-05-11 00:00:00 24
Creating point data table for: 2019051200
2019-05-12 00:00:00 12
Creating point data table for: 2019051212
2019-05-12 00:00:00 24
Creating point data table for: 2019051300
2019-05-13 00:00:00 12
Creating point data table for: 2019051312
2019-05-13 00:00:00 24
Creating point data table for: 2019051400
2019-05-14 00:00:00 12
Creating point data table for: 2019051412
2019-05-14 00:00:00 24
Creating point data table for: 2019051500
2019-05-15 00:00:00 12
Creating point data table for: 2019051512
2019-05-15 00:00:00 24
Creating point data table for: 2019051600
2019-05-16 00:00:00 12
Creating point data table for: 2019051612
2019-05-16 00:00:00 24
Creating point data table for: 2019051700
2019-05-17 00:00:00 12
Creating point data table for: 2019051712
2019-05-17 00:00:00 24
Creating point data table for: 2019051800
2019-05-18 00:00:00 12
Creating point data table for: 2019051812
2019-05-18 00:00:00 24
Creating point data table for: 2019051900
2019-05-19 00:00:00 12
Creating point data table for: 2019051912
2019-05-19 00:00:00 24
Creating point data table for: 2019052000
2019-05-20 00:00:00 12
Creating point data table for: 2019052012
2019-05-20 00:00:00 24
Creating point data table for: 2019052100
2019-05-21 00:00:00 12
Creating point data table for: 2019052112
2019-05-21 00:00:00 24
Creating point data table for: 2019052200
2019-05-22 00:00:00 12
Creating point data table for: 2019052212
2019-05-22 00:00:00 24
Creating point data table for: 2019052300
2019-05-23 00:00:00 12
Creating point data table for: 2019052312
2019-05-23 00:00:00 24
Creating point data table for: 2019052400
2019-05-24 00:00:00 12
Creating point data table for: 2019052412
2019-05-24 00:00:00 24
Creating point data table for: 2019052500
2019-05-25 00:00:00 12
Creating point data table for: 2019052512
2019-05-25 00:00:00 24
Creating point data table for: 2019052600
2019-05-26 00:00:00 12
Creating point data table for: 2019052612
2019-05-26 00:00:00 24
Creating point data table for: 2019052700
2019-05-27 00:00:00 12
Creating point data table for: 2019052712
2019-05-27 00:00:00 24
Creating point data table for: 2019052800
2019-05-28 00:00:00 12
Creating point data table for: 2019052812
2019-05-28 00:00:00 24
Creating point data table for: 2019052900
2019-05-29 00:00:00 12
Creating point data table for: 2019052912
2019-05-29 00:00:00 24
Creating point data table for: 2019053000
2019-05-30 00:00:00 12
Creating point data table for: 2019053012
2019-05-30 00:00:00 24
Creating point data table for: 2019053100
2019-05-31 00:00:00 12
Creating point data table for: 2019053112
2019-05-31 00:00:00 24
Creating point data table for: 2019060100
2019-06-01 00:00:00 12
Creating point data table for: 2019060112
2019-06-01 00:00:00 24
Creating point data table for: 2019060200
2019-06-02 00:00:00 12
Creating point data table for: 2019060212
2019-06-02 00:00:00 24
Creating point data table for: 2019060300
2019-06-03 00:00:00 12
Creating point data table for: 2019060312
2019-06-03 00:00:00 24
Creating point data table for: 2019060400
2019-06-04 00:00:00 12
Creating point data table for: 2019060412
2019-06-04 00:00:00 24
Creating point data table for: 2019060500
2019-06-05 00:00:00 12
Creating point data table for: 2019060512
2019-06-05 00:00:00 24
Creating point data table for: 2019060600
2019-06-06 00:00:00 12
Creating point data table for: 2019060612
2019-06-06 00:00:00 24
Creating point data table for: 2019060700
2019-06-07 00:00:00 12
Creating point data table for: 2019060712
2019-06-07 00:00:00 24
Creating point data table for: 2019060800
2019-06-08 00:00:00 12
Creating point data table for: 2019060812
2019-06-08 00:00:00 24
Creating point data table for: 2019060900
2019-06-09 00:00:00 12
Creating point data table for: 2019060912
2019-06-09 00:00:00 24
Creating point data table for: 2019061000
2019-06-10 00:00:00 12
Creating point data table for: 2019061012
2019-06-10 00:00:00 24
Creating point data table for: 2019061100
2019-06-11 00:00:00 12
Creating point data table for: 2019061112
2019-06-11 00:00:00 24
Creating point data table for: 2019061200
2019-06-12 00:00:00 12
Creating point data table for: 2019061212
2019-06-12 00:00:00 24
Creating point data table for: 2019061300
2019-06-13 00:00:00 12
Creating point data table for: 2019061312
2019-06-13 00:00:00 24
Creating point data table for: 2019061400
2019-06-14 00:00:00 12
Creating point data table for: 2019061412
2019-06-14 00:00:00 24
Creating point data table for: 2019061500
2019-06-15 00:00:00 12
Creating point data table for: 2019061512
2019-06-15 00:00:00 24
Creating point data table for: 2019061600
2019-06-16 00:00:00 12
Creating point data table for: 2019061612
2019-06-16 00:00:00 24
Creating point data table for: 2019061700
2019-06-17 00:00:00 12
Creating point data table for: 2019061712
2019-06-17 00:00:00 24
Creating point data table for: 2019061800
2019-06-18 00:00:00 12
Creating point data table for: 2019061812
2019-06-18 00:00:00 24
Creating point data table for: 2019061900
2019-06-19 00:00:00 12
Creating point data table for: 2019061912
2019-06-19 00:00:00 24
Creating point data table for: 2019062000
2019-06-20 00:00:00 12
Creating point data table for: 2019062012
2019-06-20 00:00:00 24
Creating point data table for: 2019062100
2019-06-21 00:00:00 12
Creating point data table for: 2019062112
2019-06-21 00:00:00 24
Creating point data table for: 2019062200
2019-06-22 00:00:00 12
Creating point data table for: 2019062212
2019-06-22 00:00:00 24
Creating point data table for: 2019062300
2019-06-23 00:00:00 12
Creating point data table for: 2019062312
2019-06-23 00:00:00 24
Creating point data table for: 2019062400
2019-06-24 00:00:00 12
Creating point data table for: 2019062412
2019-06-24 00:00:00 24
Creating point data table for: 2019062500
2019-06-25 00:00:00 12
Creating point data table for: 2019062512
2019-06-25 00:00:00 24
Creating point data table for: 2019062600
2019-06-26 00:00:00 12
Creating point data table for: 2019062612
2019-06-26 00:00:00 24
Creating point data table for: 2019062700
2019-06-27 00:00:00 12
Creating point data table for: 2019062712
2019-06-27 00:00:00 24
Creating point data table for: 2019062800
2019-06-28 00:00:00 12
Creating point data table for: 2019062812
2019-06-28 00:00:00 24
Creating point data table for: 2019062900
2019-06-29 00:00:00 12
Creating point data table for: 2019062912
2019-06-29 00:00:00 24
Creating point data table for: 2019063000
2019-06-30 00:00:00 12
Creating point data table for: 2019063012
2019-06-30 00:00:00 24
Creating point data table for: 2019070100
2019-07-01 00:00:00 12
Creating point data table for: 2019070112
2019-07-01 00:00:00 24
Creating point data table for: 2019070200
2019-07-02 00:00:00 12
Creating point data table for: 2019070212
2019-07-02 00:00:00 24
Creating point data table for: 2019070300
2019-07-03 00:00:00 12
Creating point data table for: 2019070312
2019-07-03 00:00:00 24
Creating point data table for: 2019070400
2019-07-04 00:00:00 12
Creating point data table for: 2019070412
2019-07-04 00:00:00 24
Creating point data table for: 2019070500
2019-07-05 00:00:00 12
Creating point data table for: 2019070512
2019-07-05 00:00:00 24
Creating point data table for: 2019070600
2019-07-06 00:00:00 12
Creating point data table for: 2019070612
2019-07-06 00:00:00 24
Creating point data table for: 2019070700
2019-07-07 00:00:00 12
Creating point data table for: 2019070712
2019-07-07 00:00:00 24
Creating point data table for: 2019070800
2019-07-08 00:00:00 12
Creating point data table for: 2019070812
2019-07-08 00:00:00 24
Creating point data table for: 2019070900
2019-07-09 00:00:00 12
Creating point data table for: 2019070912
2019-07-09 00:00:00 24
Creating point data table for: 2019071000
2019-07-10 00:00:00 12
Creating point data table for: 2019071012
2019-07-10 00:00:00 24
Creating point data table for: 2019071100
2019-07-11 00:00:00 12
Creating point data table for: 2019071112
2019-07-11 00:00:00 24
Creating point data table for: 2019071200
2019-07-12 00:00:00 12
Creating point data table for: 2019071212
2019-07-12 00:00:00 24
Creating point data table for: 2019071300
2019-07-13 00:00:00 12
Creating point data table for: 2019071312
2019-07-13 00:00:00 24
Creating point data table for: 2019071400
2019-07-14 00:00:00 12
Creating point data table for: 2019071412
2019-07-14 00:00:00 24
Creating point data table for: 2019071500
2019-07-15 00:00:00 12
Creating point data table for: 2019071512
2019-07-15 00:00:00 24
Creating point data table for: 2019071600
2019-07-16 00:00:00 12
Creating point data table for: 2019071612
2019-07-16 00:00:00 24
Creating point data table for: 2019071700
2019-07-17 00:00:00 12
Creating point data table for: 2019071712
2019-07-17 00:00:00 24
Creating point data table for: 2019071800
2019-07-18 00:00:00 12
Creating point data table for: 2019071812
2019-07-18 00:00:00 24
Creating point data table for: 2019071900
2019-07-19 00:00:00 12
Creating point data table for: 2019071912
2019-07-19 00:00:00 24
Creating point data table for: 2019072000
2019-07-20 00:00:00 12
Creating point data table for: 2019072012
2019-07-20 00:00:00 24
Creating point data table for: 2019072100
2019-07-21 00:00:00 12
Creating point data table for: 2019072112
2019-07-21 00:00:00 24
Creating point data table for: 2019072200
2019-07-22 00:00:00 12
Creating point data table for: 2019072212
2019-07-22 00:00:00 24
Creating point data table for: 2019072300
2019-07-23 00:00:00 12
Creating point data table for: 2019072312
2019-07-23 00:00:00 24
Creating point data table for: 2019072400
2019-07-24 00:00:00 12
Creating point data table for: 2019072412
2019-07-24 00:00:00 24
Creating point data table for: 2019072500
2019-07-25 00:00:00 12
Creating point data table for: 2019072512
2019-07-25 00:00:00 24
Creating point data table for: 2019072600
2019-07-26 00:00:00 12
Creating point data table for: 2019072612
2019-07-26 00:00:00 24
Creating point data table for: 2019072700
2019-07-27 00:00:00 12
Creating point data table for: 2019072712
2019-07-27 00:00:00 24
Creating point data table for: 2019072800
2019-07-28 00:00:00 12
Creating point data table for: 2019072812
2019-07-28 00:00:00 24
Creating point data table for: 2019072900
2019-07-29 00:00:00 12
Creating point data table for: 2019072912
2019-07-29 00:00:00 24
Creating point data table for: 2019073000
2019-07-30 00:00:00 12
Creating point data table for: 2019073012
2019-07-30 00:00:00 24
Creating point data table for: 2019073100
2019-07-31 00:00:00 12
Creating point data table for: 2019073112
2019-07-31 00:00:00 24
Creating point data table for: 2019080100
2019-08-01 00:00:00 12
Creating point data table for: 2019080112
2019-08-01 00:00:00 24
Creating point data table for: 2019080200
2019-08-02 00:00:00 12
Creating point data table for: 2019080212
2019-08-02 00:00:00 24
Creating point data table for: 2019080300
2019-08-03 00:00:00 12
Creating point data table for: 2019080312
2019-08-03 00:00:00 24
Creating point data table for: 2019080400
2019-08-04 00:00:00 12
Creating point data table for: 2019080412
2019-08-04 00:00:00 24
Creating point data table for: 2019080500
2019-08-05 00:00:00 12
Creating point data table for: 2019080512
2019-08-05 00:00:00 24
Creating point data table for: 2019080600
2019-08-06 00:00:00 12
Creating point data table for: 2019080612
2019-08-06 00:00:00 24
Creating point data table for: 2019080700
2019-08-07 00:00:00 12
Creating point data table for: 2019080712
2019-08-07 00:00:00 24
Creating point data table for: 2019080800
2019-08-08 00:00:00 12
Creating point data table for: 2019080812
2019-08-08 00:00:00 24
Creating point data table for: 2019080900
2019-08-09 00:00:00 12
Creating point data table for: 2019080912
2019-08-09 00:00:00 24
Creating point data table for: 2019081000
2019-08-10 00:00:00 12
Creating point data table for: 2019081012
2019-08-10 00:00:00 24
Creating point data table for: 2019081100
2019-08-11 00:00:00 12
Creating point data table for: 2019081112
2019-08-11 00:00:00 24
Creating point data table for: 2019081200
2019-08-12 00:00:00 12
Creating point data table for: 2019081212
2019-08-12 00:00:00 24
Creating point data table for: 2019081300
2019-08-13 00:00:00 12
Creating point data table for: 2019081312
2019-08-13 00:00:00 24
Creating point data table for: 2019081400
2019-08-14 00:00:00 12
Creating point data table for: 2019081412
2019-08-14 00:00:00 24
Creating point data table for: 2019081500
2019-08-15 00:00:00 12
Creating point data table for: 2019081512
2019-08-15 00:00:00 24
Creating point data table for: 2019081600
2019-08-16 00:00:00 12
Creating point data table for: 2019081612
2019-08-16 00:00:00 24
Creating point data table for: 2019081700
2019-08-17 00:00:00 12
Creating point data table for: 2019081712
2019-08-17 00:00:00 24
Creating point data table for: 2019081800
2019-08-18 00:00:00 12
Creating point data table for: 2019081812
2019-08-18 00:00:00 24
Creating point data table for: 2019081900
2019-08-19 00:00:00 12
Creating point data table for: 2019081912
2019-08-19 00:00:00 24
Creating point data table for: 2019082000
2019-08-20 00:00:00 12
Creating point data table for: 2019082012
2019-08-20 00:00:00 24
Creating point data table for: 2019082100
2019-08-21 00:00:00 12
Creating point data table for: 2019082112
2019-08-21 00:00:00 24
Creating point data table for: 2019082200
2019-08-22 00:00:00 12
Creating point data table for: 2019082212
2019-08-22 00:00:00 24
Creating point data table for: 2019082300
2019-08-23 00:00:00 12
Creating point data table for: 2019082312
2019-08-23 00:00:00 24
Creating point data table for: 2019082400
2019-08-24 00:00:00 12
Creating point data table for: 2019082412
2019-08-24 00:00:00 24
Creating point data table for: 2019082500
2019-08-25 00:00:00 12
Creating point data table for: 2019082512
2019-08-25 00:00:00 24
Creating point data table for: 2019082600
2019-08-26 00:00:00 12
Creating point data table for: 2019082612
2019-08-26 00:00:00 24
Creating point data table for: 2019082700
2019-08-27 00:00:00 12
Creating point data table for: 2019082712
2019-08-27 00:00:00 24
Creating point data table for: 2019082800
2019-08-28 00:00:00 12
Creating point data table for: 2019082812
2019-08-28 00:00:00 24
Creating point data table for: 2019082900
2019-08-29 00:00:00 12
Creating point data table for: 2019082912
2019-08-29 00:00:00 24
Creating point data table for: 2019083000
2019-08-30 00:00:00 12
Creating point data table for: 2019083012
2019-08-30 00:00:00 24
Creating point data table for: 2019083100
2019-08-31 00:00:00 12
Creating point data table for: 2019083112
2019-08-31 00:00:00 24
Creating point data table for: 2019090100
2019-09-01 00:00:00 12
Creating point data table for: 2019090112
2019-09-01 00:00:00 24
Creating point data table for: 2019090200
2019-09-02 00:00:00 12
Creating point data table for: 2019090212
2019-09-02 00:00:00 24
Creating point data table for: 2019090300
2019-09-03 00:00:00 12
Creating point data table for: 2019090312
2019-09-03 00:00:00 24
Creating point data table for: 2019090400
2019-09-04 00:00:00 12
Creating point data table for: 2019090412
2019-09-04 00:00:00 24
Creating point data table for: 2019090500
2019-09-05 00:00:00 12
Creating point data table for: 2019090512
2019-09-05 00:00:00 24
Creating point data table for: 2019090600
2019-09-06 00:00:00 12
Creating point data table for: 2019090612
2019-09-06 00:00:00 24
Creating point data table for: 2019090700
2019-09-07 00:00:00 12
Creating point data table for: 2019090712
2019-09-07 00:00:00 24
Creating point data table for: 2019090800
2019-09-08 00:00:00 12
Creating point data table for: 2019090812
2019-09-08 00:00:00 24
Creating point data table for: 2019090900
2019-09-09 00:00:00 12
Creating point data table for: 2019090912
2019-09-09 00:00:00 24
Creating point data table for: 2019091000
2019-09-10 00:00:00 12
Creating point data table for: 2019091012
2019-09-10 00:00:00 24
Creating point data table for: 2019091100
2019-09-11 00:00:00 12
Creating point data table for: 2019091112
2019-09-11 00:00:00 24
Creating point data table for: 2019091200
2019-09-12 00:00:00 12
Creating point data table for: 2019091212
2019-09-12 00:00:00 24
Creating point data table for: 2019091300
2019-09-13 00:00:00 12
Creating point data table for: 2019091312
2019-09-13 00:00:00 24
Creating point data table for: 2019091400
2019-09-14 00:00:00 12
Creating point data table for: 2019091412
2019-09-14 00:00:00 24
Creating point data table for: 2019091500
2019-09-15 00:00:00 12
Creating point data table for: 2019091512
2019-09-15 00:00:00 24
Creating point data table for: 2019091600
2019-09-16 00:00:00 12
Creating point data table for: 2019091612
2019-09-16 00:00:00 24
Creating point data table for: 2019091700
2019-09-17 00:00:00 12
Creating point data table for: 2019091712
2019-09-17 00:00:00 24
Creating point data table for: 2019091800
2019-09-18 00:00:00 12
Creating point data table for: 2019091812
2019-09-18 00:00:00 24
Creating point data table for: 2019091900
2019-09-19 00:00:00 12
Creating point data table for: 2019091912
2019-09-19 00:00:00 24
Creating point data table for: 2019092000
2019-09-20 00:00:00 12
Creating point data table for: 2019092012
2019-09-20 00:00:00 24
Creating point data table for: 2019092100
2019-09-21 00:00:00 12
Creating point data table for: 2019092112
2019-09-21 00:00:00 24
Creating point data table for: 2019092200
2019-09-22 00:00:00 12
Creating point data table for: 2019092212
2019-09-22 00:00:00 24
Creating point data table for: 2019092300
2019-09-23 00:00:00 12
Creating point data table for: 2019092312
2019-09-23 00:00:00 24
Creating point data table for: 2019092400
2019-09-24 00:00:00 12
Creating point data table for: 2019092412
2019-09-24 00:00:00 24
Creating point data table for: 2019092500
2019-09-25 00:00:00 12
Creating point data table for: 2019092512
2019-09-25 00:00:00 24
Creating point data table for: 2019092600
2019-09-26 00:00:00 12
Creating point data table for: 2019092612
2019-09-26 00:00:00 24
Creating point data table for: 2019092700
2019-09-27 00:00:00 12
Creating point data table for: 2019092712
2019-09-27 00:00:00 24
Creating point data table for: 2019092800
2019-09-28 00:00:00 12
Creating point data table for: 2019092812
2019-09-28 00:00:00 24
Creating point data table for: 2019092900
2019-09-29 00:00:00 12
Creating point data table for: 2019092912
2019-09-29 00:00:00 24
Creating point data table for: 2019093000
2019-09-30 00:00:00 12
Creating point data table for: 2019093012
2019-09-30 00:00:00 24
Creating point data table for: 2019100100
2019-10-01 00:00:00 12
Creating point data table for: 2019100112
2019-10-01 00:00:00 24
Creating point data table for: 2019100200
2019-10-02 00:00:00 12
Creating point data table for: 2019100212
2019-10-02 00:00:00 24
Creating point data table for: 2019100300
2019-10-03 00:00:00 12
Creating point data table for: 2019100312
2019-10-03 00:00:00 24
Creating point data table for: 2019100400
2019-10-04 00:00:00 12
Creating point data table for: 2019100412
2019-10-04 00:00:00 24
Creating point data table for: 2019100500
2019-10-05 00:00:00 12
Creating point data table for: 2019100512
2019-10-05 00:00:00 24
Creating point data table for: 2019100600
2019-10-06 00:00:00 12
Creating point data table for: 2019100612
2019-10-06 00:00:00 24
Creating point data table for: 2019100700
2019-10-07 00:00:00 12
Creating point data table for: 2019100712
2019-10-07 00:00:00 24
Creating point data table for: 2019100800
2019-10-08 00:00:00 12
Creating point data table for: 2019100812
2019-10-08 00:00:00 24
Creating point data table for: 2019100900
2019-10-09 00:00:00 12
Creating point data table for: 2019100912
2019-10-09 00:00:00 24
Creating point data table for: 2019101000
2019-10-10 00:00:00 12
Creating point data table for: 2019101012
2019-10-10 00:00:00 24
Creating point data table for: 2019101100
2019-10-11 00:00:00 12
Creating point data table for: 2019101112
2019-10-11 00:00:00 24
Creating point data table for: 2019101200
2019-10-12 00:00:00 12
Creating point data table for: 2019101212
2019-10-12 00:00:00 24
Creating point data table for: 2019101300
2019-10-13 00:00:00 12
Creating point data table for: 2019101312
2019-10-13 00:00:00 24
Creating point data table for: 2019101400
2019-10-14 00:00:00 12
Creating point data table for: 2019101412
2019-10-14 00:00:00 24
Creating point data table for: 2019101500
2019-10-15 00:00:00 12
Creating point data table for: 2019101512
2019-10-15 00:00:00 24
Creating point data table for: 2019101600
2019-10-16 00:00:00 12
Creating point data table for: 2019101612
2019-10-16 00:00:00 24
Creating point data table for: 2019101700
2019-10-17 00:00:00 12
Creating point data table for: 2019101712
2019-10-17 00:00:00 24
Creating point data table for: 2019101800
2019-10-18 00:00:00 12
Creating point data table for: 2019101812
2019-10-18 00:00:00 24
Creating point data table for: 2019101900
2019-10-19 00:00:00 12
Creating point data table for: 2019101912
2019-10-19 00:00:00 24
Creating point data table for: 2019102000
2019-10-20 00:00:00 12
Creating point data table for: 2019102012
2019-10-20 00:00:00 24
Creating point data table for: 2019102100
2019-10-21 00:00:00 12
Creating point data table for: 2019102112
2019-10-21 00:00:00 24
Creating point data table for: 2019102200
2019-10-22 00:00:00 12
Creating point data table for: 2019102212
2019-10-22 00:00:00 24
Creating point data table for: 2019102300
2019-10-23 00:00:00 12
Creating point data table for: 2019102312
2019-10-23 00:00:00 24
Creating point data table for: 2019102400
2019-10-24 00:00:00 12
Creating point data table for: 2019102412
2019-10-24 00:00:00 24
Creating point data table for: 2019102500
2019-10-25 00:00:00 12
Creating point data table for: 2019102512
2019-10-25 00:00:00 24
Creating point data table for: 2019102600
2019-10-26 00:00:00 12
Creating point data table for: 2019102612
2019-10-26 00:00:00 24
Creating point data table for: 2019102700
2019-10-27 00:00:00 12
Creating point data table for: 2019102712
2019-10-27 00:00:00 24
Creating point data table for: 2019102800
2019-10-28 00:00:00 12
Creating point data table for: 2019102812
2019-10-28 00:00:00 24
Creating point data table for: 2019102900
2019-10-29 00:00:00 12
Creating point data table for: 2019102912
2019-10-29 00:00:00 24
Creating point data table for: 2019103000
2019-10-30 00:00:00 12
Creating point data table for: 2019103012
2019-10-30 00:00:00 24
Creating point data table for: 2019103100
2019-10-31 00:00:00 12
Creating point data table for: 2019103112
2019-10-31 00:00:00 24
Creating point data table for: 2019110100
2019-11-01 00:00:00 12
Creating point data table for: 2019110112
2019-11-01 00:00:00 24
Creating point data table for: 2019110200
2019-11-02 00:00:00 12
Creating point data table for: 2019110212
2019-11-02 00:00:00 24
Creating point data table for: 2019110300
2019-11-03 00:00:00 12
Creating point data table for: 2019110312
2019-11-03 00:00:00 24
Creating point data table for: 2019110400
2019-11-04 00:00:00 12
Creating point data table for: 2019110412
2019-11-04 00:00:00 24
Creating point data table for: 2019110500
2019-11-05 00:00:00 12
Creating point data table for: 2019110512
2019-11-05 00:00:00 24
Creating point data table for: 2019110600
2019-11-06 00:00:00 12
Creating point data table for: 2019110612
2019-11-06 00:00:00 24
Creating point data table for: 2019110700
2019-11-07 00:00:00 12
Creating point data table for: 2019110712
2019-11-07 00:00:00 24
Creating point data table for: 2019110800
2019-11-08 00:00:00 12
Creating point data table for: 2019110812
2019-11-08 00:00:00 24
Creating point data table for: 2019110900
2019-11-09 00:00:00 12
Creating point data table for: 2019110912
2019-11-09 00:00:00 24
Creating point data table for: 2019111000
2019-11-10 00:00:00 12
Creating point data table for: 2019111012
2019-11-10 00:00:00 24
Creating point data table for: 2019111100
2019-11-11 00:00:00 12
Creating point data table for: 2019111112
2019-11-11 00:00:00 24
Creating point data table for: 2019111200
2019-11-12 00:00:00 12
Creating point data table for: 2019111212
2019-11-12 00:00:00 24
Creating point data table for: 2019111300
2019-11-13 00:00:00 12
Creating point data table for: 2019111312
2019-11-13 00:00:00 24
Creating point data table for: 2019111400
2019-11-14 00:00:00 12
Creating point data table for: 2019111412
2019-11-14 00:00:00 24
Creating point data table for: 2019111500
2019-11-15 00:00:00 12
Creating point data table for: 2019111512
2019-11-15 00:00:00 24
Creating point data table for: 2019111600
2019-11-16 00:00:00 12
Creating point data table for: 2019111612
2019-11-16 00:00:00 24
Creating point data table for: 2019111700
2019-11-17 00:00:00 12
Creating point data table for: 2019111712
2019-11-17 00:00:00 24
Creating point data table for: 2019111800
2019-11-18 00:00:00 12
Creating point data table for: 2019111812
2019-11-18 00:00:00 24
Creating point data table for: 2019111900
2019-11-19 00:00:00 12
Creating point data table for: 2019111912
2019-11-19 00:00:00 24
Creating point data table for: 2019112000
2019-11-20 00:00:00 12
Creating point data table for: 2019112012
2019-11-20 00:00:00 24
Creating point data table for: 2019112100
2019-11-21 00:00:00 12
Creating point data table for: 2019112112
2019-11-21 00:00:00 24
Creating point data table for: 2019112200
2019-11-22 00:00:00 12
Creating point data table for: 2019112212
2019-11-22 00:00:00 24
Creating point data table for: 2019112300
2019-11-23 00:00:00 12
Creating point data table for: 2019112312
2019-11-23 00:00:00 24
Creating point data table for: 2019112400
2019-11-24 00:00:00 12
Creating point data table for: 2019112412
2019-11-24 00:00:00 24
Creating point data table for: 2019112500
2019-11-25 00:00:00 12
Creating point data table for: 2019112512
2019-11-25 00:00:00 24
Creating point data table for: 2019112600
2019-11-26 00:00:00 12
Creating point data table for: 2019112612
2019-11-26 00:00:00 24
Creating point data table for: 2019112700
2019-11-27 00:00:00 12
Creating point data table for: 2019112712
2019-11-27 00:00:00 24
Creating point data table for: 2019112800
2019-11-28 00:00:00 12
Creating point data table for: 2019112812
2019-11-28 00:00:00 24
Creating point data table for: 2019112900
2019-11-29 00:00:00 12
Creating point data table for: 2019112912
2019-11-29 00:00:00 24
Creating point data table for: 2019113000
2019-11-30 00:00:00 12
Creating point data table for: 2019113012
2019-11-30 00:00:00 24
Creating point data table for: 2019120100
2019-12-01 00:00:00 12
Creating point data table for: 2019120112
2019-12-01 00:00:00 24
Creating point data table for: 2019120200
2019-12-02 00:00:00 12
Creating point data table for: 2019120212
2019-12-02 00:00:00 24
Creating point data table for: 2019120300
2019-12-03 00:00:00 12
Creating point data table for: 2019120312
2019-12-03 00:00:00 24
Creating point data table for: 2019120400
2019-12-04 00:00:00 12
Creating point data table for: 2019120412
2019-12-04 00:00:00 24
Creating point data table for: 2019120500
2019-12-05 00:00:00 12
Creating point data table for: 2019120512
2019-12-05 00:00:00 24
Creating point data table for: 2019120600
2019-12-06 00:00:00 12
Creating point data table for: 2019120612
2019-12-06 00:00:00 24
Creating point data table for: 2019120700
2019-12-07 00:00:00 12
Creating point data table for: 2019120712
2019-12-07 00:00:00 24
Creating point data table for: 2019120800
2019-12-08 00:00:00 12
Creating point data table for: 2019120812
2019-12-08 00:00:00 24
Creating point data table for: 2019120900
2019-12-09 00:00:00 12
Creating point data table for: 2019120912
2019-12-09 00:00:00 24
Creating point data table for: 2019121000
2019-12-10 00:00:00 12
Creating point data table for: 2019121012
2019-12-10 00:00:00 24
Creating point data table for: 2019121100
2019-12-11 00:00:00 12
Creating point data table for: 2019121112
2019-12-11 00:00:00 24
Creating point data table for: 2019121200
2019-12-12 00:00:00 12
Creating point data table for: 2019121212
2019-12-12 00:00:00 24
Creating point data table for: 2019121300
2019-12-13 00:00:00 12
Creating point data table for: 2019121312
2019-12-13 00:00:00 24
Creating point data table for: 2019121400
2019-12-14 00:00:00 12
Creating point data table for: 2019121412
2019-12-14 00:00:00 24
Creating point data table for: 2019121500
2019-12-15 00:00:00 12
Creating point data table for: 2019121512
2019-12-15 00:00:00 24
Creating point data table for: 2019121600
2019-12-16 00:00:00 12
Creating point data table for: 2019121612
2019-12-16 00:00:00 24
Creating point data table for: 2019121700
2019-12-17 00:00:00 12
Creating point data table for: 2019121712
2019-12-17 00:00:00 24
Creating point data table for: 2019121800
2019-12-18 00:00:00 12
Creating point data table for: 2019121812
2019-12-18 00:00:00 24
Creating point data table for: 2019121900
2019-12-19 00:00:00 12
Creating point data table for: 2019121912
2019-12-19 00:00:00 24
Creating point data table for: 2019122000
2019-12-20 00:00:00 12
Creating point data table for: 2019122012
2019-12-20 00:00:00 24
Creating point data table for: 2019122100
2019-12-21 00:00:00 12
Creating point data table for: 2019122112
2019-12-21 00:00:00 24
Creating point data table for: 2019122200
2019-12-22 00:00:00 12
Creating point data table for: 2019122212
2019-12-22 00:00:00 24
Creating point data table for: 2019122300
2019-12-23 00:00:00 12
Creating point data table for: 2019122312
2019-12-23 00:00:00 24
Creating point data table for: 2019122400
2019-12-24 00:00:00 12
Creating point data table for: 2019122412
2019-12-24 00:00:00 24
Creating point data table for: 2019122500
2019-12-25 00:00:00 12
Creating point data table for: 2019122512
2019-12-25 00:00:00 24
Creating point data table for: 2019122600
2019-12-26 00:00:00 12
Creating point data table for: 2019122612
2019-12-26 00:00:00 24
Creating point data table for: 2019122700
2019-12-27 00:00:00 12
Creating point data table for: 2019122712
2019-12-27 00:00:00 24
Creating point data table for: 2019122800
2019-12-28 00:00:00 12
Creating point data table for: 2019122812
2019-12-28 00:00:00 24
Creating point data table for: 2019122900
2019-12-29 00:00:00 12
Creating point data table for: 2019122912
2019-12-29 00:00:00 24
Creating point data table for: 2019123000
2019-12-30 00:00:00 12
Creating point data table for: 2019123012
2019-12-30 00:00:00 24
Creating point data table for: 2019123100
2019-12-31 00:00:00 12
Creating point data table for: 2019123112
2019-12-31 00:00:00 24
Creating point data table for: 2020010100
[ECMWF-INFO -ecepilog] ----------------------------------------------------------------------------------------------------
[ECMWF-INFO -ecepilog] This is the ECMWF job Epilogue
[ECMWF-INFO -ecepilog] +++ Please report issues using the Support portal +++
[ECMWF-INFO -ecepilog] +++ https://support.ecmwf.int                     +++
[ECMWF-INFO -ecepilog] ----------------------------------------------------------------------------------------------------
[ECMWF-INFO -ecepilog] Run at 2024-03-05T18:32:34 on aa
[ECMWF-INFO -ecepilog] JobName                   : PDT_Year
[ECMWF-INFO -ecepilog] JobID                     : 13918875
[ECMWF-INFO -ecepilog] Submit                    : 2024-03-05T17:27:12
[ECMWF-INFO -ecepilog] Start                     : 2024-03-05T17:27:29
[ECMWF-INFO -ecepilog] End                       : 2024-03-05T18:32:34
[ECMWF-INFO -ecepilog] QueuedTime                : 17.0
[ECMWF-INFO -ecepilog] ElapsedRaw                : 3905
[ECMWF-INFO -ecepilog] ExitCode                  : 0:0
[ECMWF-INFO -ecepilog] DerivedExitCode           : 0:0
[ECMWF-INFO -ecepilog] State                     : COMPLETED
[ECMWF-INFO -ecepilog] Account                   : ecodmdmo
[ECMWF-INFO -ecepilog] QOS                       : nf
[ECMWF-INFO -ecepilog] User                      : mofp
[ECMWF-INFO -ecepilog] StdOut                    : /etc/ecmwf/vol/ecpoint_dev/mofp/Papers_2_Write/Use_FlashFloodsRep_4Verif_USA/Scripts/Processed/LogATOS/PDT_Year-13918875.out
[ECMWF-INFO -ecepilog] StdErr                    : /etc/ecmwf/vol/ecpoint_dev/mofp/Papers_2_Write/Use_FlashFloodsRep_4Verif_USA/Scripts/Processed/LogATOS/PDT_Year-13918875.out
[ECMWF-INFO -ecepilog] NNodes                    : 1
[ECMWF-INFO -ecepilog] NCPUS                     : 64
[ECMWF-INFO -ecepilog] SBU                       : 592.299
[ECMWF-INFO -ecepilog] ----------------------------------------------------------------------------------------------------

