[ECMWF-INFO -sbatch] - -------------------------------------------------------------------------------------
[ECMWF-INFO -sbatch] -  This is the ECMWF jobfilter
[ECMWF-INFO -sbatch] -  +++ Please report issues using the Support portal +++
[ECMWF-INFO -sbatch] -  +++ https://support.ecmwf.int                     +++
[ECMWF-INFO -sbatch] -  /usr/local/bin/ecsbatch: size: 49002, mtime: Tue Oct  3 11:53:54 2023
[ECMWF-INFO -sbatch] - -------------------------------------------------------------------------------------
[ECMWF-INFO -sbatch] - Time at submit: Tue Mar  5 17:27:11 2024 (1709659631.5648687) on aa6-204.bullx:/etc/ecmwf/vol/ecpoint_dev/mofp/Papers_2_Write/Use_FlashFloodsRep_4Verif_USA/Scripts/Processed
[ECMWF-INFO -sbatch] - --- SLURM VARIABLES ---
[ECMWF-INFO -sbatch] - EC_CLUSTER=aa
[ECMWF-INFO -sbatch] - SLURM_EXPORT_ENV=ALL
[ECMWF-INFO -sbatch] - SLURM_JOB_ID=13517288
[ECMWF-INFO -sbatch] - SBATCH_EXPORT=NONE
[ECMWF-INFO -sbatch] - -----------------------
[ECMWF-INFO -sbatch] - jobscript: /etc/ecmwf/vol/ecpoint_dev/mofp/Papers_2_Write/Use_FlashFloodsRep_4Verif_USA/Scripts/Processed/18a_SubmitterATOS_PDT_Year.sh
[ECMWF-INFO -sbatch] - --- SCRIPT OPTIONS ---
[ECMWF-INFO -sbatch] - #SBATCH --job-name=PDT_Year
[ECMWF-INFO -sbatch] - #SBATCH --output=LogATOS/PDT_Year-%J.out
[ECMWF-INFO -sbatch] - #SBATCH --error=LogATOS/PDT_Year-%J.out
[ECMWF-INFO -sbatch] - #SBATCH --cpus-per-task=64
[ECMWF-INFO -sbatch] - #SBATCH --mem=128G
[ECMWF-INFO -sbatch] - #SBATCH --time=2-00:00:00
[ECMWF-INFO -sbatch] - #SBATCH --qos=nf
[ECMWF-INFO -sbatch] - #SBATCH --mail-type=FAIL
[ECMWF-INFO -sbatch] - #SBATCH --mail-user=fatima.pillosu@ecmwf.int
[ECMWF-INFO -sbatch] - -----------------------
[ECMWF-INFO -sbatch] - --- POST-PROCESSED OPTIONS ---
[ECMWF-INFO -sbatch] - ARG --positional=['18a_SubmitterATOS_PDT_Year.sh', '2012']
[ECMWF-INFO -sbatch] - ARG --cpus_per_task=64
[ECMWF-INFO -sbatch] - ARG --error=LogATOS/PDT_Year-%J.out
[ECMWF-INFO -sbatch] - ARG --job_name=PDT_Year
[ECMWF-INFO -sbatch] - ARG --mail_type=FAIL
[ECMWF-INFO -sbatch] - ARG --mail_user=fatima.pillosu@ecmwf.int
[ECMWF-INFO -sbatch] - ARG --output=LogATOS/PDT_Year-%J.out
[ECMWF-INFO -sbatch] - ARG --qos=nf
[ECMWF-INFO -sbatch] - ARG --time=2-00:00:00
[ECMWF-INFO -sbatch] - ARG --mem=128G
[ECMWF-INFO -sbatch] - ------------------------------
[ECMWF-INFO -sbatch] - jobtag: mofp-PDT_Year-1x64-/etc/ecmwf/vol/ecpoint_dev/mofp/Papers_2_Write/Use_FlashFloodsRep_4Verif_USA/Scripts/Processed/LogATOS/PDT_Year-_.out
[ECMWF-INFO -sbatch] - ['/usr/bin/sbatch', '--cpus-per-task=64', '--error=LogATOS/PDT_Year-%J.out', '--job-name=PDT_Year', '--mail-type=FAIL', '--mail-user=fatima.pillosu@ecmwf.int', '--output=LogATOS/PDT_Year-%J.out', '--qos=nf', '--time=2-00:00:00', '--mem=128G', '--licenses=h2resw01', '--export=EC_user_time_limit=2-00:00:00', '/etc/ecmwf/vol/ecpoint_dev/mofp/Papers_2_Write/Use_FlashFloodsRep_4Verif_USA/Scripts/Processed/18a_SubmitterATOS_PDT_Year.sh', '2012']
[ECMWF-INFO -sbatch] - sbatch executed on aa
[ECMWF-INFO -sbatch] - Job queued on aa using method local
[ECMWF-INFO -sbatch] - Submitted batch job 13918868
[ECMWF-INFO -ecprofile] /usr/bin/bash NON_INTERACTIVE on aa6-158 at 20240305_172732.191, PID: 3374691, JOBID: 13918868
[ECMWF-INFO -ecprofile] $SCRATCH=/ec/res4/scratch/mofp
[ECMWF-INFO -ecprofile] $PERM=/perm/mofp
[ECMWF-INFO -ecprofile] $HPCPERM=/ec/res4/hpcperm/mofp
[ECMWF-INFO -ecprofile] $TMPDIR=/etc/ecmwf/ssd/ssd1/tmpdirs/mofp.13918868
[ECMWF-INFO -ecprofile] $SCRATCHDIR=/ec/res4/scratchdir/mofp/4/13918868
2012-01-01 00:00:00 12
Creating point data table for: 2012010112
2012-01-01 00:00:00 24
Creating point data table for: 2012010200
2012-01-02 00:00:00 12
Creating point data table for: 2012010212
2012-01-02 00:00:00 24
Creating point data table for: 2012010300
2012-01-03 00:00:00 12
Creating point data table for: 2012010312
2012-01-03 00:00:00 24
Creating point data table for: 2012010400
2012-01-04 00:00:00 12
Creating point data table for: 2012010412
2012-01-04 00:00:00 24
Creating point data table for: 2012010500
2012-01-05 00:00:00 12
Creating point data table for: 2012010512
2012-01-05 00:00:00 24
Creating point data table for: 2012010600
2012-01-06 00:00:00 12
Creating point data table for: 2012010612
2012-01-06 00:00:00 24
Creating point data table for: 2012010700
2012-01-07 00:00:00 12
Creating point data table for: 2012010712
2012-01-07 00:00:00 24
Creating point data table for: 2012010800
2012-01-08 00:00:00 12
Creating point data table for: 2012010812
2012-01-08 00:00:00 24
Creating point data table for: 2012010900
2012-01-09 00:00:00 12
Creating point data table for: 2012010912
2012-01-09 00:00:00 24
Creating point data table for: 2012011000
2012-01-10 00:00:00 12
Creating point data table for: 2012011012
2012-01-10 00:00:00 24
Creating point data table for: 2012011100
2012-01-11 00:00:00 12
Creating point data table for: 2012011112
2012-01-11 00:00:00 24
Creating point data table for: 2012011200
2012-01-12 00:00:00 12
Creating point data table for: 2012011212
2012-01-12 00:00:00 24
Creating point data table for: 2012011300
2012-01-13 00:00:00 12
Creating point data table for: 2012011312
2012-01-13 00:00:00 24
Creating point data table for: 2012011400
2012-01-14 00:00:00 12
Creating point data table for: 2012011412
2012-01-14 00:00:00 24
Creating point data table for: 2012011500
2012-01-15 00:00:00 12
Creating point data table for: 2012011512
2012-01-15 00:00:00 24
Creating point data table for: 2012011600
2012-01-16 00:00:00 12
Creating point data table for: 2012011612
2012-01-16 00:00:00 24
Creating point data table for: 2012011700
2012-01-17 00:00:00 12
Creating point data table for: 2012011712
2012-01-17 00:00:00 24
Creating point data table for: 2012011800
2012-01-18 00:00:00 12
Creating point data table for: 2012011812
2012-01-18 00:00:00 24
Creating point data table for: 2012011900
2012-01-19 00:00:00 12
Creating point data table for: 2012011912
2012-01-19 00:00:00 24
Creating point data table for: 2012012000
2012-01-20 00:00:00 12
Creating point data table for: 2012012012
2012-01-20 00:00:00 24
Creating point data table for: 2012012100
2012-01-21 00:00:00 12
Creating point data table for: 2012012112
2012-01-21 00:00:00 24
Creating point data table for: 2012012200
2012-01-22 00:00:00 12
Creating point data table for: 2012012212
2012-01-22 00:00:00 24
Creating point data table for: 2012012300
2012-01-23 00:00:00 12
Creating point data table for: 2012012312
2012-01-23 00:00:00 24
Creating point data table for: 2012012400
2012-01-24 00:00:00 12
Creating point data table for: 2012012412
2012-01-24 00:00:00 24
Creating point data table for: 2012012500
2012-01-25 00:00:00 12
Creating point data table for: 2012012512
2012-01-25 00:00:00 24
Creating point data table for: 2012012600
2012-01-26 00:00:00 12
Creating point data table for: 2012012612
2012-01-26 00:00:00 24
Creating point data table for: 2012012700
2012-01-27 00:00:00 12
Creating point data table for: 2012012712
2012-01-27 00:00:00 24
Creating point data table for: 2012012800
2012-01-28 00:00:00 12
Creating point data table for: 2012012812
2012-01-28 00:00:00 24
Creating point data table for: 2012012900
2012-01-29 00:00:00 12
Creating point data table for: 2012012912
2012-01-29 00:00:00 24
Creating point data table for: 2012013000
2012-01-30 00:00:00 12
Creating point data table for: 2012013012
2012-01-30 00:00:00 24
Creating point data table for: 2012013100
2012-01-31 00:00:00 12
Creating point data table for: 2012013112
2012-01-31 00:00:00 24
Creating point data table for: 2012020100
2012-02-01 00:00:00 12
Creating point data table for: 2012020112
2012-02-01 00:00:00 24
Creating point data table for: 2012020200
2012-02-02 00:00:00 12
Creating point data table for: 2012020212
2012-02-02 00:00:00 24
Creating point data table for: 2012020300
2012-02-03 00:00:00 12
Creating point data table for: 2012020312
2012-02-03 00:00:00 24
Creating point data table for: 2012020400
2012-02-04 00:00:00 12
Creating point data table for: 2012020412
2012-02-04 00:00:00 24
Creating point data table for: 2012020500
2012-02-05 00:00:00 12
Creating point data table for: 2012020512
2012-02-05 00:00:00 24
Creating point data table for: 2012020600
2012-02-06 00:00:00 12
Creating point data table for: 2012020612
2012-02-06 00:00:00 24
Creating point data table for: 2012020700
2012-02-07 00:00:00 12
Creating point data table for: 2012020712
2012-02-07 00:00:00 24
Creating point data table for: 2012020800
2012-02-08 00:00:00 12
Creating point data table for: 2012020812
2012-02-08 00:00:00 24
Creating point data table for: 2012020900
2012-02-09 00:00:00 12
Creating point data table for: 2012020912
2012-02-09 00:00:00 24
Creating point data table for: 2012021000
2012-02-10 00:00:00 12
Creating point data table for: 2012021012
2012-02-10 00:00:00 24
Creating point data table for: 2012021100
2012-02-11 00:00:00 12
Creating point data table for: 2012021112
2012-02-11 00:00:00 24
Creating point data table for: 2012021200
2012-02-12 00:00:00 12
Creating point data table for: 2012021212
2012-02-12 00:00:00 24
Creating point data table for: 2012021300
2012-02-13 00:00:00 12
Creating point data table for: 2012021312
2012-02-13 00:00:00 24
Creating point data table for: 2012021400
2012-02-14 00:00:00 12
Creating point data table for: 2012021412
2012-02-14 00:00:00 24
Creating point data table for: 2012021500
2012-02-15 00:00:00 12
Creating point data table for: 2012021512
2012-02-15 00:00:00 24
Creating point data table for: 2012021600
2012-02-16 00:00:00 12
Creating point data table for: 2012021612
2012-02-16 00:00:00 24
Creating point data table for: 2012021700
2012-02-17 00:00:00 12
Creating point data table for: 2012021712
2012-02-17 00:00:00 24
Creating point data table for: 2012021800
2012-02-18 00:00:00 12
Creating point data table for: 2012021812
2012-02-18 00:00:00 24
Creating point data table for: 2012021900
2012-02-19 00:00:00 12
Creating point data table for: 2012021912
2012-02-19 00:00:00 24
Creating point data table for: 2012022000
2012-02-20 00:00:00 12
Creating point data table for: 2012022012
2012-02-20 00:00:00 24
Creating point data table for: 2012022100
2012-02-21 00:00:00 12
Creating point data table for: 2012022112
2012-02-21 00:00:00 24
Creating point data table for: 2012022200
2012-02-22 00:00:00 12
Creating point data table for: 2012022212
2012-02-22 00:00:00 24
Creating point data table for: 2012022300
2012-02-23 00:00:00 12
Creating point data table for: 2012022312
2012-02-23 00:00:00 24
Creating point data table for: 2012022400
2012-02-24 00:00:00 12
Creating point data table for: 2012022412
2012-02-24 00:00:00 24
Creating point data table for: 2012022500
2012-02-25 00:00:00 12
Creating point data table for: 2012022512
2012-02-25 00:00:00 24
Creating point data table for: 2012022600
2012-02-26 00:00:00 12
Creating point data table for: 2012022612
2012-02-26 00:00:00 24
Creating point data table for: 2012022700
2012-02-27 00:00:00 12
Creating point data table for: 2012022712
2012-02-27 00:00:00 24
Creating point data table for: 2012022800
2012-02-28 00:00:00 12
Creating point data table for: 2012022812
2012-02-28 00:00:00 24
Creating point data table for: 2012022900
2012-02-29 00:00:00 12
Creating point data table for: 2012022912
2012-02-29 00:00:00 24
Creating point data table for: 2012030100
2012-03-01 00:00:00 12
Creating point data table for: 2012030112
2012-03-01 00:00:00 24
Creating point data table for: 2012030200
2012-03-02 00:00:00 12
Creating point data table for: 2012030212
2012-03-02 00:00:00 24
Creating point data table for: 2012030300
2012-03-03 00:00:00 12
Creating point data table for: 2012030312
2012-03-03 00:00:00 24
Creating point data table for: 2012030400
2012-03-04 00:00:00 12
Creating point data table for: 2012030412
2012-03-04 00:00:00 24
Creating point data table for: 2012030500
2012-03-05 00:00:00 12
Creating point data table for: 2012030512
2012-03-05 00:00:00 24
Creating point data table for: 2012030600
2012-03-06 00:00:00 12
Creating point data table for: 2012030612
2012-03-06 00:00:00 24
Creating point data table for: 2012030700
2012-03-07 00:00:00 12
Creating point data table for: 2012030712
2012-03-07 00:00:00 24
Creating point data table for: 2012030800
2012-03-08 00:00:00 12
Creating point data table for: 2012030812
2012-03-08 00:00:00 24
Creating point data table for: 2012030900
2012-03-09 00:00:00 12
Creating point data table for: 2012030912
2012-03-09 00:00:00 24
Creating point data table for: 2012031000
2012-03-10 00:00:00 12
Creating point data table for: 2012031012
2012-03-10 00:00:00 24
Creating point data table for: 2012031100
2012-03-11 00:00:00 12
Creating point data table for: 2012031112
2012-03-11 00:00:00 24
Creating point data table for: 2012031200
2012-03-12 00:00:00 12
Creating point data table for: 2012031212
2012-03-12 00:00:00 24
Creating point data table for: 2012031300
2012-03-13 00:00:00 12
Creating point data table for: 2012031312
2012-03-13 00:00:00 24
Creating point data table for: 2012031400
2012-03-14 00:00:00 12
Creating point data table for: 2012031412
2012-03-14 00:00:00 24
Creating point data table for: 2012031500
2012-03-15 00:00:00 12
Creating point data table for: 2012031512
2012-03-15 00:00:00 24
Creating point data table for: 2012031600
2012-03-16 00:00:00 12
Creating point data table for: 2012031612
2012-03-16 00:00:00 24
Creating point data table for: 2012031700
2012-03-17 00:00:00 12
Creating point data table for: 2012031712
2012-03-17 00:00:00 24
Creating point data table for: 2012031800
2012-03-18 00:00:00 12
Creating point data table for: 2012031812
2012-03-18 00:00:00 24
Creating point data table for: 2012031900
2012-03-19 00:00:00 12
Creating point data table for: 2012031912
2012-03-19 00:00:00 24
Creating point data table for: 2012032000
2012-03-20 00:00:00 12
Creating point data table for: 2012032012
2012-03-20 00:00:00 24
Creating point data table for: 2012032100
2012-03-21 00:00:00 12
Creating point data table for: 2012032112
2012-03-21 00:00:00 24
Creating point data table for: 2012032200
2012-03-22 00:00:00 12
Creating point data table for: 2012032212
2012-03-22 00:00:00 24
Creating point data table for: 2012032300
2012-03-23 00:00:00 12
Creating point data table for: 2012032312
2012-03-23 00:00:00 24
Creating point data table for: 2012032400
2012-03-24 00:00:00 12
Creating point data table for: 2012032412
2012-03-24 00:00:00 24
Creating point data table for: 2012032500
2012-03-25 00:00:00 12
Creating point data table for: 2012032512
2012-03-25 00:00:00 24
Creating point data table for: 2012032600
2012-03-26 00:00:00 12
Creating point data table for: 2012032612
2012-03-26 00:00:00 24
Creating point data table for: 2012032700
2012-03-27 00:00:00 12
Creating point data table for: 2012032712
2012-03-27 00:00:00 24
Creating point data table for: 2012032800
2012-03-28 00:00:00 12
Creating point data table for: 2012032812
2012-03-28 00:00:00 24
Creating point data table for: 2012032900
2012-03-29 00:00:00 12
Creating point data table for: 2012032912
2012-03-29 00:00:00 24
Creating point data table for: 2012033000
2012-03-30 00:00:00 12
Creating point data table for: 2012033012
2012-03-30 00:00:00 24
Creating point data table for: 2012033100
2012-03-31 00:00:00 12
Creating point data table for: 2012033112
2012-03-31 00:00:00 24
Creating point data table for: 2012040100
2012-04-01 00:00:00 12
Creating point data table for: 2012040112
2012-04-01 00:00:00 24
Creating point data table for: 2012040200
2012-04-02 00:00:00 12
Creating point data table for: 2012040212
2012-04-02 00:00:00 24
Creating point data table for: 2012040300
2012-04-03 00:00:00 12
Creating point data table for: 2012040312
2012-04-03 00:00:00 24
Creating point data table for: 2012040400
2012-04-04 00:00:00 12
Creating point data table for: 2012040412
2012-04-04 00:00:00 24
Creating point data table for: 2012040500
2012-04-05 00:00:00 12
Creating point data table for: 2012040512
2012-04-05 00:00:00 24
Creating point data table for: 2012040600
2012-04-06 00:00:00 12
Creating point data table for: 2012040612
2012-04-06 00:00:00 24
Creating point data table for: 2012040700
2012-04-07 00:00:00 12
Creating point data table for: 2012040712
2012-04-07 00:00:00 24
Creating point data table for: 2012040800
2012-04-08 00:00:00 12
Creating point data table for: 2012040812
2012-04-08 00:00:00 24
Creating point data table for: 2012040900
2012-04-09 00:00:00 12
Creating point data table for: 2012040912
2012-04-09 00:00:00 24
Creating point data table for: 2012041000
2012-04-10 00:00:00 12
Creating point data table for: 2012041012
2012-04-10 00:00:00 24
Creating point data table for: 2012041100
2012-04-11 00:00:00 12
Creating point data table for: 2012041112
2012-04-11 00:00:00 24
Creating point data table for: 2012041200
2012-04-12 00:00:00 12
Creating point data table for: 2012041212
2012-04-12 00:00:00 24
Creating point data table for: 2012041300
2012-04-13 00:00:00 12
Creating point data table for: 2012041312
2012-04-13 00:00:00 24
Creating point data table for: 2012041400
2012-04-14 00:00:00 12
Creating point data table for: 2012041412
2012-04-14 00:00:00 24
Creating point data table for: 2012041500
2012-04-15 00:00:00 12
Creating point data table for: 2012041512
2012-04-15 00:00:00 24
Creating point data table for: 2012041600
2012-04-16 00:00:00 12
Creating point data table for: 2012041612
2012-04-16 00:00:00 24
Creating point data table for: 2012041700
2012-04-17 00:00:00 12
Creating point data table for: 2012041712
2012-04-17 00:00:00 24
Creating point data table for: 2012041800
2012-04-18 00:00:00 12
Creating point data table for: 2012041812
2012-04-18 00:00:00 24
Creating point data table for: 2012041900
2012-04-19 00:00:00 12
Creating point data table for: 2012041912
2012-04-19 00:00:00 24
Creating point data table for: 2012042000
2012-04-20 00:00:00 12
Creating point data table for: 2012042012
2012-04-20 00:00:00 24
Creating point data table for: 2012042100
2012-04-21 00:00:00 12
Creating point data table for: 2012042112
2012-04-21 00:00:00 24
Creating point data table for: 2012042200
2012-04-22 00:00:00 12
Creating point data table for: 2012042212
2012-04-22 00:00:00 24
Creating point data table for: 2012042300
2012-04-23 00:00:00 12
Creating point data table for: 2012042312
2012-04-23 00:00:00 24
Creating point data table for: 2012042400
2012-04-24 00:00:00 12
Creating point data table for: 2012042412
2012-04-24 00:00:00 24
Creating point data table for: 2012042500
2012-04-25 00:00:00 12
Creating point data table for: 2012042512
2012-04-25 00:00:00 24
Creating point data table for: 2012042600
2012-04-26 00:00:00 12
Creating point data table for: 2012042612
2012-04-26 00:00:00 24
Creating point data table for: 2012042700
2012-04-27 00:00:00 12
Creating point data table for: 2012042712
2012-04-27 00:00:00 24
Creating point data table for: 2012042800
2012-04-28 00:00:00 12
Creating point data table for: 2012042812
2012-04-28 00:00:00 24
Creating point data table for: 2012042900
2012-04-29 00:00:00 12
Creating point data table for: 2012042912
2012-04-29 00:00:00 24
Creating point data table for: 2012043000
2012-04-30 00:00:00 12
Creating point data table for: 2012043012
2012-04-30 00:00:00 24
Creating point data table for: 2012050100
2012-05-01 00:00:00 12
Creating point data table for: 2012050112
2012-05-01 00:00:00 24
Creating point data table for: 2012050200
2012-05-02 00:00:00 12
Creating point data table for: 2012050212
2012-05-02 00:00:00 24
Creating point data table for: 2012050300
2012-05-03 00:00:00 12
Creating point data table for: 2012050312
2012-05-03 00:00:00 24
Creating point data table for: 2012050400
2012-05-04 00:00:00 12
Creating point data table for: 2012050412
2012-05-04 00:00:00 24
Creating point data table for: 2012050500
2012-05-05 00:00:00 12
Creating point data table for: 2012050512
2012-05-05 00:00:00 24
Creating point data table for: 2012050600
2012-05-06 00:00:00 12
Creating point data table for: 2012050612
2012-05-06 00:00:00 24
Creating point data table for: 2012050700
2012-05-07 00:00:00 12
Creating point data table for: 2012050712
2012-05-07 00:00:00 24
Creating point data table for: 2012050800
2012-05-08 00:00:00 12
Creating point data table for: 2012050812
2012-05-08 00:00:00 24
Creating point data table for: 2012050900
2012-05-09 00:00:00 12
Creating point data table for: 2012050912
2012-05-09 00:00:00 24
Creating point data table for: 2012051000
2012-05-10 00:00:00 12
Creating point data table for: 2012051012
2012-05-10 00:00:00 24
Creating point data table for: 2012051100
2012-05-11 00:00:00 12
Creating point data table for: 2012051112
2012-05-11 00:00:00 24
Creating point data table for: 2012051200
2012-05-12 00:00:00 12
Creating point data table for: 2012051212
2012-05-12 00:00:00 24
Creating point data table for: 2012051300
2012-05-13 00:00:00 12
Creating point data table for: 2012051312
2012-05-13 00:00:00 24
Creating point data table for: 2012051400
2012-05-14 00:00:00 12
Creating point data table for: 2012051412
2012-05-14 00:00:00 24
Creating point data table for: 2012051500
2012-05-15 00:00:00 12
Creating point data table for: 2012051512
2012-05-15 00:00:00 24
Creating point data table for: 2012051600
2012-05-16 00:00:00 12
Creating point data table for: 2012051612
2012-05-16 00:00:00 24
Creating point data table for: 2012051700
2012-05-17 00:00:00 12
Creating point data table for: 2012051712
2012-05-17 00:00:00 24
Creating point data table for: 2012051800
2012-05-18 00:00:00 12
Creating point data table for: 2012051812
2012-05-18 00:00:00 24
Creating point data table for: 2012051900
2012-05-19 00:00:00 12
Creating point data table for: 2012051912
2012-05-19 00:00:00 24
Creating point data table for: 2012052000
2012-05-20 00:00:00 12
Creating point data table for: 2012052012
2012-05-20 00:00:00 24
Creating point data table for: 2012052100
2012-05-21 00:00:00 12
Creating point data table for: 2012052112
2012-05-21 00:00:00 24
Creating point data table for: 2012052200
2012-05-22 00:00:00 12
Creating point data table for: 2012052212
2012-05-22 00:00:00 24
Creating point data table for: 2012052300
2012-05-23 00:00:00 12
Creating point data table for: 2012052312
2012-05-23 00:00:00 24
Creating point data table for: 2012052400
2012-05-24 00:00:00 12
Creating point data table for: 2012052412
2012-05-24 00:00:00 24
Creating point data table for: 2012052500
2012-05-25 00:00:00 12
Creating point data table for: 2012052512
2012-05-25 00:00:00 24
Creating point data table for: 2012052600
2012-05-26 00:00:00 12
Creating point data table for: 2012052612
2012-05-26 00:00:00 24
Creating point data table for: 2012052700
2012-05-27 00:00:00 12
Creating point data table for: 2012052712
2012-05-27 00:00:00 24
Creating point data table for: 2012052800
2012-05-28 00:00:00 12
Creating point data table for: 2012052812
2012-05-28 00:00:00 24
Creating point data table for: 2012052900
2012-05-29 00:00:00 12
Creating point data table for: 2012052912
2012-05-29 00:00:00 24
Creating point data table for: 2012053000
2012-05-30 00:00:00 12
Creating point data table for: 2012053012
2012-05-30 00:00:00 24
Creating point data table for: 2012053100
2012-05-31 00:00:00 12
Creating point data table for: 2012053112
2012-05-31 00:00:00 24
Creating point data table for: 2012060100
2012-06-01 00:00:00 12
Creating point data table for: 2012060112
2012-06-01 00:00:00 24
Creating point data table for: 2012060200
2012-06-02 00:00:00 12
Creating point data table for: 2012060212
2012-06-02 00:00:00 24
Creating point data table for: 2012060300
2012-06-03 00:00:00 12
Creating point data table for: 2012060312
2012-06-03 00:00:00 24
Creating point data table for: 2012060400
2012-06-04 00:00:00 12
Creating point data table for: 2012060412
2012-06-04 00:00:00 24
Creating point data table for: 2012060500
2012-06-05 00:00:00 12
Creating point data table for: 2012060512
2012-06-05 00:00:00 24
Creating point data table for: 2012060600
2012-06-06 00:00:00 12
Creating point data table for: 2012060612
2012-06-06 00:00:00 24
Creating point data table for: 2012060700
2012-06-07 00:00:00 12
Creating point data table for: 2012060712
2012-06-07 00:00:00 24
Creating point data table for: 2012060800
2012-06-08 00:00:00 12
Creating point data table for: 2012060812
2012-06-08 00:00:00 24
Creating point data table for: 2012060900
2012-06-09 00:00:00 12
Creating point data table for: 2012060912
2012-06-09 00:00:00 24
Creating point data table for: 2012061000
2012-06-10 00:00:00 12
Creating point data table for: 2012061012
2012-06-10 00:00:00 24
Creating point data table for: 2012061100
2012-06-11 00:00:00 12
Creating point data table for: 2012061112
2012-06-11 00:00:00 24
Creating point data table for: 2012061200
2012-06-12 00:00:00 12
Creating point data table for: 2012061212
2012-06-12 00:00:00 24
Creating point data table for: 2012061300
2012-06-13 00:00:00 12
Creating point data table for: 2012061312
2012-06-13 00:00:00 24
Creating point data table for: 2012061400
2012-06-14 00:00:00 12
Creating point data table for: 2012061412
2012-06-14 00:00:00 24
Creating point data table for: 2012061500
2012-06-15 00:00:00 12
Creating point data table for: 2012061512
2012-06-15 00:00:00 24
Creating point data table for: 2012061600
2012-06-16 00:00:00 12
Creating point data table for: 2012061612
2012-06-16 00:00:00 24
Creating point data table for: 2012061700
2012-06-17 00:00:00 12
Creating point data table for: 2012061712
2012-06-17 00:00:00 24
Creating point data table for: 2012061800
2012-06-18 00:00:00 12
Creating point data table for: 2012061812
2012-06-18 00:00:00 24
Creating point data table for: 2012061900
2012-06-19 00:00:00 12
Creating point data table for: 2012061912
2012-06-19 00:00:00 24
Creating point data table for: 2012062000
2012-06-20 00:00:00 12
Creating point data table for: 2012062012
2012-06-20 00:00:00 24
Creating point data table for: 2012062100
2012-06-21 00:00:00 12
Creating point data table for: 2012062112
2012-06-21 00:00:00 24
Creating point data table for: 2012062200
2012-06-22 00:00:00 12
Creating point data table for: 2012062212
2012-06-22 00:00:00 24
Creating point data table for: 2012062300
2012-06-23 00:00:00 12
Creating point data table for: 2012062312
2012-06-23 00:00:00 24
Creating point data table for: 2012062400
2012-06-24 00:00:00 12
Creating point data table for: 2012062412
2012-06-24 00:00:00 24
Creating point data table for: 2012062500
2012-06-25 00:00:00 12
Creating point data table for: 2012062512
2012-06-25 00:00:00 24
Creating point data table for: 2012062600
2012-06-26 00:00:00 12
Creating point data table for: 2012062612
2012-06-26 00:00:00 24
Creating point data table for: 2012062700
2012-06-27 00:00:00 12
Creating point data table for: 2012062712
2012-06-27 00:00:00 24
Creating point data table for: 2012062800
2012-06-28 00:00:00 12
Creating point data table for: 2012062812
2012-06-28 00:00:00 24
Creating point data table for: 2012062900
2012-06-29 00:00:00 12
Creating point data table for: 2012062912
2012-06-29 00:00:00 24
Creating point data table for: 2012063000
2012-06-30 00:00:00 12
Creating point data table for: 2012063012
2012-06-30 00:00:00 24
Creating point data table for: 2012070100
2012-07-01 00:00:00 12
Creating point data table for: 2012070112
2012-07-01 00:00:00 24
Creating point data table for: 2012070200
2012-07-02 00:00:00 12
Creating point data table for: 2012070212
2012-07-02 00:00:00 24
Creating point data table for: 2012070300
2012-07-03 00:00:00 12
Creating point data table for: 2012070312
2012-07-03 00:00:00 24
Creating point data table for: 2012070400
2012-07-04 00:00:00 12
Creating point data table for: 2012070412
2012-07-04 00:00:00 24
Creating point data table for: 2012070500
2012-07-05 00:00:00 12
Creating point data table for: 2012070512
2012-07-05 00:00:00 24
Creating point data table for: 2012070600
2012-07-06 00:00:00 12
Creating point data table for: 2012070612
2012-07-06 00:00:00 24
Creating point data table for: 2012070700
2012-07-07 00:00:00 12
Creating point data table for: 2012070712
2012-07-07 00:00:00 24
Creating point data table for: 2012070800
2012-07-08 00:00:00 12
Creating point data table for: 2012070812
2012-07-08 00:00:00 24
Creating point data table for: 2012070900
2012-07-09 00:00:00 12
Creating point data table for: 2012070912
2012-07-09 00:00:00 24
Creating point data table for: 2012071000
2012-07-10 00:00:00 12
Creating point data table for: 2012071012
2012-07-10 00:00:00 24
Creating point data table for: 2012071100
2012-07-11 00:00:00 12
Creating point data table for: 2012071112
2012-07-11 00:00:00 24
Creating point data table for: 2012071200
2012-07-12 00:00:00 12
Creating point data table for: 2012071212
2012-07-12 00:00:00 24
Creating point data table for: 2012071300
2012-07-13 00:00:00 12
Creating point data table for: 2012071312
2012-07-13 00:00:00 24
Creating point data table for: 2012071400
2012-07-14 00:00:00 12
Creating point data table for: 2012071412
2012-07-14 00:00:00 24
Creating point data table for: 2012071500
2012-07-15 00:00:00 12
Creating point data table for: 2012071512
2012-07-15 00:00:00 24
Creating point data table for: 2012071600
2012-07-16 00:00:00 12
Creating point data table for: 2012071612
2012-07-16 00:00:00 24
Creating point data table for: 2012071700
2012-07-17 00:00:00 12
Creating point data table for: 2012071712
2012-07-17 00:00:00 24
Creating point data table for: 2012071800
2012-07-18 00:00:00 12
Creating point data table for: 2012071812
2012-07-18 00:00:00 24
Creating point data table for: 2012071900
2012-07-19 00:00:00 12
Creating point data table for: 2012071912
2012-07-19 00:00:00 24
Creating point data table for: 2012072000
2012-07-20 00:00:00 12
Creating point data table for: 2012072012
2012-07-20 00:00:00 24
Creating point data table for: 2012072100
2012-07-21 00:00:00 12
Creating point data table for: 2012072112
2012-07-21 00:00:00 24
Creating point data table for: 2012072200
2012-07-22 00:00:00 12
Creating point data table for: 2012072212
2012-07-22 00:00:00 24
Creating point data table for: 2012072300
2012-07-23 00:00:00 12
Creating point data table for: 2012072312
2012-07-23 00:00:00 24
Creating point data table for: 2012072400
2012-07-24 00:00:00 12
Creating point data table for: 2012072412
2012-07-24 00:00:00 24
Creating point data table for: 2012072500
2012-07-25 00:00:00 12
Creating point data table for: 2012072512
2012-07-25 00:00:00 24
Creating point data table for: 2012072600
2012-07-26 00:00:00 12
Creating point data table for: 2012072612
2012-07-26 00:00:00 24
Creating point data table for: 2012072700
2012-07-27 00:00:00 12
Creating point data table for: 2012072712
2012-07-27 00:00:00 24
Creating point data table for: 2012072800
2012-07-28 00:00:00 12
Creating point data table for: 2012072812
2012-07-28 00:00:00 24
Creating point data table for: 2012072900
2012-07-29 00:00:00 12
Creating point data table for: 2012072912
2012-07-29 00:00:00 24
Creating point data table for: 2012073000
2012-07-30 00:00:00 12
Creating point data table for: 2012073012
2012-07-30 00:00:00 24
Creating point data table for: 2012073100
2012-07-31 00:00:00 12
Creating point data table for: 2012073112
2012-07-31 00:00:00 24
Creating point data table for: 2012080100
2012-08-01 00:00:00 12
Creating point data table for: 2012080112
2012-08-01 00:00:00 24
Creating point data table for: 2012080200
2012-08-02 00:00:00 12
Creating point data table for: 2012080212
2012-08-02 00:00:00 24
Creating point data table for: 2012080300
2012-08-03 00:00:00 12
Creating point data table for: 2012080312
2012-08-03 00:00:00 24
Creating point data table for: 2012080400
2012-08-04 00:00:00 12
Creating point data table for: 2012080412
2012-08-04 00:00:00 24
Creating point data table for: 2012080500
2012-08-05 00:00:00 12
Creating point data table for: 2012080512
2012-08-05 00:00:00 24
Creating point data table for: 2012080600
2012-08-06 00:00:00 12
Creating point data table for: 2012080612
2012-08-06 00:00:00 24
Creating point data table for: 2012080700
2012-08-07 00:00:00 12
Creating point data table for: 2012080712
2012-08-07 00:00:00 24
Creating point data table for: 2012080800
2012-08-08 00:00:00 12
Creating point data table for: 2012080812
2012-08-08 00:00:00 24
Creating point data table for: 2012080900
2012-08-09 00:00:00 12
Creating point data table for: 2012080912
2012-08-09 00:00:00 24
Creating point data table for: 2012081000
2012-08-10 00:00:00 12
Creating point data table for: 2012081012
2012-08-10 00:00:00 24
Creating point data table for: 2012081100
2012-08-11 00:00:00 12
Creating point data table for: 2012081112
2012-08-11 00:00:00 24
Creating point data table for: 2012081200
2012-08-12 00:00:00 12
Creating point data table for: 2012081212
2012-08-12 00:00:00 24
Creating point data table for: 2012081300
2012-08-13 00:00:00 12
Creating point data table for: 2012081312
2012-08-13 00:00:00 24
Creating point data table for: 2012081400
2012-08-14 00:00:00 12
Creating point data table for: 2012081412
2012-08-14 00:00:00 24
Creating point data table for: 2012081500
2012-08-15 00:00:00 12
Creating point data table for: 2012081512
2012-08-15 00:00:00 24
Creating point data table for: 2012081600
2012-08-16 00:00:00 12
Creating point data table for: 2012081612
2012-08-16 00:00:00 24
Creating point data table for: 2012081700
2012-08-17 00:00:00 12
Creating point data table for: 2012081712
2012-08-17 00:00:00 24
Creating point data table for: 2012081800
2012-08-18 00:00:00 12
Creating point data table for: 2012081812
2012-08-18 00:00:00 24
Creating point data table for: 2012081900
2012-08-19 00:00:00 12
Creating point data table for: 2012081912
2012-08-19 00:00:00 24
Creating point data table for: 2012082000
2012-08-20 00:00:00 12
Creating point data table for: 2012082012
2012-08-20 00:00:00 24
Creating point data table for: 2012082100
2012-08-21 00:00:00 12
Creating point data table for: 2012082112
2012-08-21 00:00:00 24
Creating point data table for: 2012082200
2012-08-22 00:00:00 12
Creating point data table for: 2012082212
2012-08-22 00:00:00 24
Creating point data table for: 2012082300
2012-08-23 00:00:00 12
Creating point data table for: 2012082312
2012-08-23 00:00:00 24
Creating point data table for: 2012082400
2012-08-24 00:00:00 12
Creating point data table for: 2012082412
2012-08-24 00:00:00 24
Creating point data table for: 2012082500
2012-08-25 00:00:00 12
Creating point data table for: 2012082512
2012-08-25 00:00:00 24
Creating point data table for: 2012082600
2012-08-26 00:00:00 12
Creating point data table for: 2012082612
2012-08-26 00:00:00 24
Creating point data table for: 2012082700
2012-08-27 00:00:00 12
Creating point data table for: 2012082712
2012-08-27 00:00:00 24
Creating point data table for: 2012082800
2012-08-28 00:00:00 12
Creating point data table for: 2012082812
2012-08-28 00:00:00 24
Creating point data table for: 2012082900
2012-08-29 00:00:00 12
Creating point data table for: 2012082912
2012-08-29 00:00:00 24
Creating point data table for: 2012083000
2012-08-30 00:00:00 12
Creating point data table for: 2012083012
2012-08-30 00:00:00 24
Creating point data table for: 2012083100
2012-08-31 00:00:00 12
Creating point data table for: 2012083112
2012-08-31 00:00:00 24
Creating point data table for: 2012090100
2012-09-01 00:00:00 12
Creating point data table for: 2012090112
2012-09-01 00:00:00 24
Creating point data table for: 2012090200
2012-09-02 00:00:00 12
Creating point data table for: 2012090212
2012-09-02 00:00:00 24
Creating point data table for: 2012090300
2012-09-03 00:00:00 12
Creating point data table for: 2012090312
2012-09-03 00:00:00 24
Creating point data table for: 2012090400
2012-09-04 00:00:00 12
Creating point data table for: 2012090412
2012-09-04 00:00:00 24
Creating point data table for: 2012090500
2012-09-05 00:00:00 12
Creating point data table for: 2012090512
2012-09-05 00:00:00 24
Creating point data table for: 2012090600
2012-09-06 00:00:00 12
Creating point data table for: 2012090612
2012-09-06 00:00:00 24
Creating point data table for: 2012090700
2012-09-07 00:00:00 12
Creating point data table for: 2012090712
2012-09-07 00:00:00 24
Creating point data table for: 2012090800
2012-09-08 00:00:00 12
Creating point data table for: 2012090812
2012-09-08 00:00:00 24
Creating point data table for: 2012090900
2012-09-09 00:00:00 12
Creating point data table for: 2012090912
2012-09-09 00:00:00 24
Creating point data table for: 2012091000
2012-09-10 00:00:00 12
Creating point data table for: 2012091012
2012-09-10 00:00:00 24
Creating point data table for: 2012091100
2012-09-11 00:00:00 12
Creating point data table for: 2012091112
2012-09-11 00:00:00 24
Creating point data table for: 2012091200
2012-09-12 00:00:00 12
Creating point data table for: 2012091212
2012-09-12 00:00:00 24
Creating point data table for: 2012091300
2012-09-13 00:00:00 12
Creating point data table for: 2012091312
2012-09-13 00:00:00 24
Creating point data table for: 2012091400
2012-09-14 00:00:00 12
Creating point data table for: 2012091412
2012-09-14 00:00:00 24
Creating point data table for: 2012091500
2012-09-15 00:00:00 12
Creating point data table for: 2012091512
2012-09-15 00:00:00 24
Creating point data table for: 2012091600
2012-09-16 00:00:00 12
Creating point data table for: 2012091612
2012-09-16 00:00:00 24
Creating point data table for: 2012091700
2012-09-17 00:00:00 12
Creating point data table for: 2012091712
2012-09-17 00:00:00 24
Creating point data table for: 2012091800
2012-09-18 00:00:00 12
Creating point data table for: 2012091812
2012-09-18 00:00:00 24
Creating point data table for: 2012091900
2012-09-19 00:00:00 12
Creating point data table for: 2012091912
2012-09-19 00:00:00 24
Creating point data table for: 2012092000
2012-09-20 00:00:00 12
Creating point data table for: 2012092012
2012-09-20 00:00:00 24
Creating point data table for: 2012092100
2012-09-21 00:00:00 12
Creating point data table for: 2012092112
2012-09-21 00:00:00 24
Creating point data table for: 2012092200
2012-09-22 00:00:00 12
Creating point data table for: 2012092212
2012-09-22 00:00:00 24
Creating point data table for: 2012092300
2012-09-23 00:00:00 12
Creating point data table for: 2012092312
2012-09-23 00:00:00 24
Creating point data table for: 2012092400
2012-09-24 00:00:00 12
Creating point data table for: 2012092412
2012-09-24 00:00:00 24
Creating point data table for: 2012092500
2012-09-25 00:00:00 12
Creating point data table for: 2012092512
2012-09-25 00:00:00 24
Creating point data table for: 2012092600
2012-09-26 00:00:00 12
Creating point data table for: 2012092612
2012-09-26 00:00:00 24
Creating point data table for: 2012092700
2012-09-27 00:00:00 12
Creating point data table for: 2012092712
2012-09-27 00:00:00 24
Creating point data table for: 2012092800
2012-09-28 00:00:00 12
Creating point data table for: 2012092812
2012-09-28 00:00:00 24
Creating point data table for: 2012092900
2012-09-29 00:00:00 12
Creating point data table for: 2012092912
2012-09-29 00:00:00 24
Creating point data table for: 2012093000
2012-09-30 00:00:00 12
Creating point data table for: 2012093012
2012-09-30 00:00:00 24
Creating point data table for: 2012100100
2012-10-01 00:00:00 12
Creating point data table for: 2012100112
2012-10-01 00:00:00 24
Creating point data table for: 2012100200
2012-10-02 00:00:00 12
Creating point data table for: 2012100212
2012-10-02 00:00:00 24
Creating point data table for: 2012100300
2012-10-03 00:00:00 12
Creating point data table for: 2012100312
2012-10-03 00:00:00 24
Creating point data table for: 2012100400
2012-10-04 00:00:00 12
Creating point data table for: 2012100412
2012-10-04 00:00:00 24
Creating point data table for: 2012100500
2012-10-05 00:00:00 12
Creating point data table for: 2012100512
2012-10-05 00:00:00 24
Creating point data table for: 2012100600
2012-10-06 00:00:00 12
Creating point data table for: 2012100612
2012-10-06 00:00:00 24
Creating point data table for: 2012100700
2012-10-07 00:00:00 12
Creating point data table for: 2012100712
2012-10-07 00:00:00 24
Creating point data table for: 2012100800
2012-10-08 00:00:00 12
Creating point data table for: 2012100812
2012-10-08 00:00:00 24
Creating point data table for: 2012100900
2012-10-09 00:00:00 12
Creating point data table for: 2012100912
2012-10-09 00:00:00 24
Creating point data table for: 2012101000
2012-10-10 00:00:00 12
Creating point data table for: 2012101012
2012-10-10 00:00:00 24
Creating point data table for: 2012101100
2012-10-11 00:00:00 12
Creating point data table for: 2012101112
2012-10-11 00:00:00 24
Creating point data table for: 2012101200
2012-10-12 00:00:00 12
Creating point data table for: 2012101212
2012-10-12 00:00:00 24
Creating point data table for: 2012101300
2012-10-13 00:00:00 12
Creating point data table for: 2012101312
2012-10-13 00:00:00 24
Creating point data table for: 2012101400
2012-10-14 00:00:00 12
Creating point data table for: 2012101412
2012-10-14 00:00:00 24
Creating point data table for: 2012101500
2012-10-15 00:00:00 12
Creating point data table for: 2012101512
2012-10-15 00:00:00 24
Creating point data table for: 2012101600
2012-10-16 00:00:00 12
Creating point data table for: 2012101612
2012-10-16 00:00:00 24
Creating point data table for: 2012101700
2012-10-17 00:00:00 12
Creating point data table for: 2012101712
2012-10-17 00:00:00 24
Creating point data table for: 2012101800
2012-10-18 00:00:00 12
Creating point data table for: 2012101812
2012-10-18 00:00:00 24
Creating point data table for: 2012101900
2012-10-19 00:00:00 12
Creating point data table for: 2012101912
2012-10-19 00:00:00 24
Creating point data table for: 2012102000
2012-10-20 00:00:00 12
Creating point data table for: 2012102012
2012-10-20 00:00:00 24
Creating point data table for: 2012102100
2012-10-21 00:00:00 12
Creating point data table for: 2012102112
2012-10-21 00:00:00 24
Creating point data table for: 2012102200
2012-10-22 00:00:00 12
Creating point data table for: 2012102212
2012-10-22 00:00:00 24
Creating point data table for: 2012102300
2012-10-23 00:00:00 12
Creating point data table for: 2012102312
2012-10-23 00:00:00 24
Creating point data table for: 2012102400
2012-10-24 00:00:00 12
Creating point data table for: 2012102412
2012-10-24 00:00:00 24
Creating point data table for: 2012102500
2012-10-25 00:00:00 12
Creating point data table for: 2012102512
2012-10-25 00:00:00 24
Creating point data table for: 2012102600
2012-10-26 00:00:00 12
Creating point data table for: 2012102612
2012-10-26 00:00:00 24
Creating point data table for: 2012102700
2012-10-27 00:00:00 12
Creating point data table for: 2012102712
2012-10-27 00:00:00 24
Creating point data table for: 2012102800
2012-10-28 00:00:00 12
Creating point data table for: 2012102812
2012-10-28 00:00:00 24
Creating point data table for: 2012102900
2012-10-29 00:00:00 12
Creating point data table for: 2012102912
2012-10-29 00:00:00 24
Creating point data table for: 2012103000
2012-10-30 00:00:00 12
Creating point data table for: 2012103012
2012-10-30 00:00:00 24
Creating point data table for: 2012103100
2012-10-31 00:00:00 12
Creating point data table for: 2012103112
2012-10-31 00:00:00 24
Creating point data table for: 2012110100
2012-11-01 00:00:00 12
Creating point data table for: 2012110112
2012-11-01 00:00:00 24
Creating point data table for: 2012110200
2012-11-02 00:00:00 12
Creating point data table for: 2012110212
2012-11-02 00:00:00 24
Creating point data table for: 2012110300
2012-11-03 00:00:00 12
Creating point data table for: 2012110312
2012-11-03 00:00:00 24
Creating point data table for: 2012110400
2012-11-04 00:00:00 12
Creating point data table for: 2012110412
2012-11-04 00:00:00 24
Creating point data table for: 2012110500
2012-11-05 00:00:00 12
Creating point data table for: 2012110512
2012-11-05 00:00:00 24
Creating point data table for: 2012110600
2012-11-06 00:00:00 12
Creating point data table for: 2012110612
2012-11-06 00:00:00 24
Creating point data table for: 2012110700
2012-11-07 00:00:00 12
Creating point data table for: 2012110712
2012-11-07 00:00:00 24
Creating point data table for: 2012110800
2012-11-08 00:00:00 12
Creating point data table for: 2012110812
2012-11-08 00:00:00 24
Creating point data table for: 2012110900
2012-11-09 00:00:00 12
Creating point data table for: 2012110912
2012-11-09 00:00:00 24
Creating point data table for: 2012111000
2012-11-10 00:00:00 12
Creating point data table for: 2012111012
2012-11-10 00:00:00 24
Creating point data table for: 2012111100
2012-11-11 00:00:00 12
Creating point data table for: 2012111112
2012-11-11 00:00:00 24
Creating point data table for: 2012111200
2012-11-12 00:00:00 12
Creating point data table for: 2012111212
2012-11-12 00:00:00 24
Creating point data table for: 2012111300
2012-11-13 00:00:00 12
Creating point data table for: 2012111312
2012-11-13 00:00:00 24
Creating point data table for: 2012111400
2012-11-14 00:00:00 12
Creating point data table for: 2012111412
2012-11-14 00:00:00 24
Creating point data table for: 2012111500
2012-11-15 00:00:00 12
Creating point data table for: 2012111512
2012-11-15 00:00:00 24
Creating point data table for: 2012111600
2012-11-16 00:00:00 12
Creating point data table for: 2012111612
2012-11-16 00:00:00 24
Creating point data table for: 2012111700
2012-11-17 00:00:00 12
Creating point data table for: 2012111712
2012-11-17 00:00:00 24
Creating point data table for: 2012111800
2012-11-18 00:00:00 12
Creating point data table for: 2012111812
2012-11-18 00:00:00 24
Creating point data table for: 2012111900
2012-11-19 00:00:00 12
Creating point data table for: 2012111912
2012-11-19 00:00:00 24
Creating point data table for: 2012112000
2012-11-20 00:00:00 12
Creating point data table for: 2012112012
2012-11-20 00:00:00 24
Creating point data table for: 2012112100
2012-11-21 00:00:00 12
Creating point data table for: 2012112112
2012-11-21 00:00:00 24
Creating point data table for: 2012112200
2012-11-22 00:00:00 12
Creating point data table for: 2012112212
2012-11-22 00:00:00 24
Creating point data table for: 2012112300
2012-11-23 00:00:00 12
Creating point data table for: 2012112312
2012-11-23 00:00:00 24
Creating point data table for: 2012112400
2012-11-24 00:00:00 12
Creating point data table for: 2012112412
2012-11-24 00:00:00 24
Creating point data table for: 2012112500
2012-11-25 00:00:00 12
Creating point data table for: 2012112512
2012-11-25 00:00:00 24
Creating point data table for: 2012112600
2012-11-26 00:00:00 12
Creating point data table for: 2012112612
2012-11-26 00:00:00 24
Creating point data table for: 2012112700
2012-11-27 00:00:00 12
Creating point data table for: 2012112712
2012-11-27 00:00:00 24
Creating point data table for: 2012112800
2012-11-28 00:00:00 12
Creating point data table for: 2012112812
2012-11-28 00:00:00 24
Creating point data table for: 2012112900
2012-11-29 00:00:00 12
Creating point data table for: 2012112912
2012-11-29 00:00:00 24
Creating point data table for: 2012113000
2012-11-30 00:00:00 12
Creating point data table for: 2012113012
2012-11-30 00:00:00 24
Creating point data table for: 2012120100
2012-12-01 00:00:00 12
Creating point data table for: 2012120112
2012-12-01 00:00:00 24
Creating point data table for: 2012120200
2012-12-02 00:00:00 12
Creating point data table for: 2012120212
2012-12-02 00:00:00 24
Creating point data table for: 2012120300
2012-12-03 00:00:00 12
Creating point data table for: 2012120312
2012-12-03 00:00:00 24
Creating point data table for: 2012120400
2012-12-04 00:00:00 12
Creating point data table for: 2012120412
2012-12-04 00:00:00 24
Creating point data table for: 2012120500
2012-12-05 00:00:00 12
Creating point data table for: 2012120512
2012-12-05 00:00:00 24
Creating point data table for: 2012120600
2012-12-06 00:00:00 12
Creating point data table for: 2012120612
2012-12-06 00:00:00 24
Creating point data table for: 2012120700
2012-12-07 00:00:00 12
Creating point data table for: 2012120712
2012-12-07 00:00:00 24
Creating point data table for: 2012120800
2012-12-08 00:00:00 12
Creating point data table for: 2012120812
2012-12-08 00:00:00 24
Creating point data table for: 2012120900
2012-12-09 00:00:00 12
Creating point data table for: 2012120912
2012-12-09 00:00:00 24
Creating point data table for: 2012121000
2012-12-10 00:00:00 12
Creating point data table for: 2012121012
2012-12-10 00:00:00 24
Creating point data table for: 2012121100
2012-12-11 00:00:00 12
Creating point data table for: 2012121112
2012-12-11 00:00:00 24
Creating point data table for: 2012121200
2012-12-12 00:00:00 12
Creating point data table for: 2012121212
2012-12-12 00:00:00 24
Creating point data table for: 2012121300
2012-12-13 00:00:00 12
Creating point data table for: 2012121312
2012-12-13 00:00:00 24
Creating point data table for: 2012121400
2012-12-14 00:00:00 12
Creating point data table for: 2012121412
2012-12-14 00:00:00 24
Creating point data table for: 2012121500
2012-12-15 00:00:00 12
Creating point data table for: 2012121512
2012-12-15 00:00:00 24
Creating point data table for: 2012121600
2012-12-16 00:00:00 12
Creating point data table for: 2012121612
2012-12-16 00:00:00 24
Creating point data table for: 2012121700
2012-12-17 00:00:00 12
Creating point data table for: 2012121712
2012-12-17 00:00:00 24
Creating point data table for: 2012121800
2012-12-18 00:00:00 12
Creating point data table for: 2012121812
2012-12-18 00:00:00 24
Creating point data table for: 2012121900
2012-12-19 00:00:00 12
Creating point data table for: 2012121912
2012-12-19 00:00:00 24
Creating point data table for: 2012122000
2012-12-20 00:00:00 12
Creating point data table for: 2012122012
2012-12-20 00:00:00 24
Creating point data table for: 2012122100
2012-12-21 00:00:00 12
Creating point data table for: 2012122112
2012-12-21 00:00:00 24
Creating point data table for: 2012122200
2012-12-22 00:00:00 12
Creating point data table for: 2012122212
2012-12-22 00:00:00 24
Creating point data table for: 2012122300
2012-12-23 00:00:00 12
Creating point data table for: 2012122312
2012-12-23 00:00:00 24
Creating point data table for: 2012122400
2012-12-24 00:00:00 12
Creating point data table for: 2012122412
2012-12-24 00:00:00 24
Creating point data table for: 2012122500
2012-12-25 00:00:00 12
Creating point data table for: 2012122512
2012-12-25 00:00:00 24
Creating point data table for: 2012122600
2012-12-26 00:00:00 12
Creating point data table for: 2012122612
2012-12-26 00:00:00 24
Creating point data table for: 2012122700
2012-12-27 00:00:00 12
Creating point data table for: 2012122712
2012-12-27 00:00:00 24
Creating point data table for: 2012122800
2012-12-28 00:00:00 12
Creating point data table for: 2012122812
2012-12-28 00:00:00 24
Creating point data table for: 2012122900
2012-12-29 00:00:00 12
Creating point data table for: 2012122912
2012-12-29 00:00:00 24
Creating point data table for: 2012123000
2012-12-30 00:00:00 12
Creating point data table for: 2012123012
2012-12-30 00:00:00 24
Creating point data table for: 2012123100
2012-12-31 00:00:00 12
Creating point data table for: 2012123112
2012-12-31 00:00:00 24
Creating point data table for: 2013010100
[ECMWF-INFO -ecepilog] ----------------------------------------------------------------------------------------------------
[ECMWF-INFO -ecepilog] This is the ECMWF job Epilogue
[ECMWF-INFO -ecepilog] +++ Please report issues using the Support portal +++
[ECMWF-INFO -ecepilog] +++ https://support.ecmwf.int                     +++
[ECMWF-INFO -ecepilog] ----------------------------------------------------------------------------------------------------
[ECMWF-INFO -ecepilog] Run at 2024-03-05T18:31:17 on aa
[ECMWF-INFO -ecepilog] JobName                   : PDT_Year
[ECMWF-INFO -ecepilog] JobID                     : 13918868
[ECMWF-INFO -ecepilog] Submit                    : 2024-03-05T17:27:11
[ECMWF-INFO -ecepilog] Start                     : 2024-03-05T17:27:29
[ECMWF-INFO -ecepilog] End                       : 2024-03-05T18:31:17
[ECMWF-INFO -ecepilog] QueuedTime                : 18.0
[ECMWF-INFO -ecepilog] ElapsedRaw                : 3828
[ECMWF-INFO -ecepilog] ExitCode                  : 0:0
[ECMWF-INFO -ecepilog] DerivedExitCode           : 0:0
[ECMWF-INFO -ecepilog] State                     : COMPLETED
[ECMWF-INFO -ecepilog] Account                   : ecodmdmo
[ECMWF-INFO -ecepilog] QOS                       : nf
[ECMWF-INFO -ecepilog] User                      : mofp
[ECMWF-INFO -ecepilog] StdOut                    : /etc/ecmwf/vol/ecpoint_dev/mofp/Papers_2_Write/Use_FlashFloodsRep_4Verif_USA/Scripts/Processed/LogATOS/PDT_Year-13918868.out
[ECMWF-INFO -ecepilog] StdErr                    : /etc/ecmwf/vol/ecpoint_dev/mofp/Papers_2_Write/Use_FlashFloodsRep_4Verif_USA/Scripts/Processed/LogATOS/PDT_Year-13918868.out
[ECMWF-INFO -ecepilog] NNodes                    : 1
[ECMWF-INFO -ecepilog] NCPUS                     : 64
[ECMWF-INFO -ecepilog] SBU                       : 580.620
[ECMWF-INFO -ecepilog] ----------------------------------------------------------------------------------------------------

