[ECMWF-INFO -sbatch] - -------------------------------------------------------------------------------------
[ECMWF-INFO -sbatch] -  This is the ECMWF jobfilter
[ECMWF-INFO -sbatch] -  +++ Please report issues using the Support portal +++
[ECMWF-INFO -sbatch] -  +++ https://support.ecmwf.int                     +++
[ECMWF-INFO -sbatch] -  /usr/local/bin/ecsbatch: size: 49002, mtime: Tue Oct  3 11:53:54 2023
[ECMWF-INFO -sbatch] - -------------------------------------------------------------------------------------
[ECMWF-INFO -sbatch] - Time at submit: Tue Mar  5 17:27:11 2024 (1709659631.188663) on aa6-204.bullx:/etc/ecmwf/vol/ecpoint_dev/mofp/Papers_2_Write/Use_FlashFloodsRep_4Verif_USA/Scripts/Processed
[ECMWF-INFO -sbatch] - --- SLURM VARIABLES ---
[ECMWF-INFO -sbatch] - EC_CLUSTER=aa
[ECMWF-INFO -sbatch] - SLURM_EXPORT_ENV=ALL
[ECMWF-INFO -sbatch] - SLURM_JOB_ID=13517288
[ECMWF-INFO -sbatch] - SBATCH_EXPORT=NONE
[ECMWF-INFO -sbatch] - -----------------------
[ECMWF-INFO -sbatch] - jobscript: /etc/ecmwf/vol/ecpoint_dev/mofp/Papers_2_Write/Use_FlashFloodsRep_4Verif_USA/Scripts/Processed/18a_SubmitterATOS_PDT_Year.sh
[ECMWF-INFO -sbatch] - --- SCRIPT OPTIONS ---
[ECMWF-INFO -sbatch] - #SBATCH --job-name=PDT_Year
[ECMWF-INFO -sbatch] - #SBATCH --output=LogATOS/PDT_Year-%J.out
[ECMWF-INFO -sbatch] - #SBATCH --error=LogATOS/PDT_Year-%J.out
[ECMWF-INFO -sbatch] - #SBATCH --cpus-per-task=64
[ECMWF-INFO -sbatch] - #SBATCH --mem=128G
[ECMWF-INFO -sbatch] - #SBATCH --time=2-00:00:00
[ECMWF-INFO -sbatch] - #SBATCH --qos=nf
[ECMWF-INFO -sbatch] - #SBATCH --mail-type=FAIL
[ECMWF-INFO -sbatch] - #SBATCH --mail-user=fatima.pillosu@ecmwf.int
[ECMWF-INFO -sbatch] - -----------------------
[ECMWF-INFO -sbatch] - --- POST-PROCESSED OPTIONS ---
[ECMWF-INFO -sbatch] - ARG --positional=['18a_SubmitterATOS_PDT_Year.sh', '2010']
[ECMWF-INFO -sbatch] - ARG --cpus_per_task=64
[ECMWF-INFO -sbatch] - ARG --error=LogATOS/PDT_Year-%J.out
[ECMWF-INFO -sbatch] - ARG --job_name=PDT_Year
[ECMWF-INFO -sbatch] - ARG --mail_type=FAIL
[ECMWF-INFO -sbatch] - ARG --mail_user=fatima.pillosu@ecmwf.int
[ECMWF-INFO -sbatch] - ARG --output=LogATOS/PDT_Year-%J.out
[ECMWF-INFO -sbatch] - ARG --qos=nf
[ECMWF-INFO -sbatch] - ARG --time=2-00:00:00
[ECMWF-INFO -sbatch] - ARG --mem=128G
[ECMWF-INFO -sbatch] - ------------------------------
[ECMWF-INFO -sbatch] - jobtag: mofp-PDT_Year-1x64-/etc/ecmwf/vol/ecpoint_dev/mofp/Papers_2_Write/Use_FlashFloodsRep_4Verif_USA/Scripts/Processed/LogATOS/PDT_Year-_.out
[ECMWF-INFO -sbatch] - ['/usr/bin/sbatch', '--cpus-per-task=64', '--error=LogATOS/PDT_Year-%J.out', '--job-name=PDT_Year', '--mail-type=FAIL', '--mail-user=fatima.pillosu@ecmwf.int', '--output=LogATOS/PDT_Year-%J.out', '--qos=nf', '--time=2-00:00:00', '--mem=128G', '--licenses=h2resw01', '--export=EC_user_time_limit=2-00:00:00', '/etc/ecmwf/vol/ecpoint_dev/mofp/Papers_2_Write/Use_FlashFloodsRep_4Verif_USA/Scripts/Processed/18a_SubmitterATOS_PDT_Year.sh', '2010']
[ECMWF-INFO -sbatch] - sbatch executed on aa
[ECMWF-INFO -sbatch] - Job queued on aa using method local
[ECMWF-INFO -sbatch] - Submitted batch job 13918865
[ECMWF-INFO -ecprofile] /usr/bin/bash NON_INTERACTIVE on aa6-155 at 20240305_172732.160, PID: 400054, JOBID: 13918865
[ECMWF-INFO -ecprofile] $SCRATCH=/ec/res4/scratch/mofp
[ECMWF-INFO -ecprofile] $PERM=/perm/mofp
[ECMWF-INFO -ecprofile] $HPCPERM=/ec/res4/hpcperm/mofp
[ECMWF-INFO -ecprofile] $TMPDIR=/etc/ecmwf/ssd/ssd1/tmpdirs/mofp.13918865
[ECMWF-INFO -ecprofile] $SCRATCHDIR=/ec/res4/scratchdir/mofp/1/13918865
2010-01-01 00:00:00 12
Creating point data table for: 2010010112
2010-01-01 00:00:00 24
Creating point data table for: 2010010200
2010-01-02 00:00:00 12
Creating point data table for: 2010010212
2010-01-02 00:00:00 24
Creating point data table for: 2010010300
2010-01-03 00:00:00 12
Creating point data table for: 2010010312
2010-01-03 00:00:00 24
Creating point data table for: 2010010400
2010-01-04 00:00:00 12
Creating point data table for: 2010010412
2010-01-04 00:00:00 24
Creating point data table for: 2010010500
2010-01-05 00:00:00 12
Creating point data table for: 2010010512
2010-01-05 00:00:00 24
Creating point data table for: 2010010600
2010-01-06 00:00:00 12
Creating point data table for: 2010010612
2010-01-06 00:00:00 24
Creating point data table for: 2010010700
2010-01-07 00:00:00 12
Creating point data table for: 2010010712
2010-01-07 00:00:00 24
Creating point data table for: 2010010800
2010-01-08 00:00:00 12
Creating point data table for: 2010010812
2010-01-08 00:00:00 24
Creating point data table for: 2010010900
2010-01-09 00:00:00 12
Creating point data table for: 2010010912
2010-01-09 00:00:00 24
Creating point data table for: 2010011000
2010-01-10 00:00:00 12
Creating point data table for: 2010011012
2010-01-10 00:00:00 24
Creating point data table for: 2010011100
2010-01-11 00:00:00 12
Creating point data table for: 2010011112
2010-01-11 00:00:00 24
Creating point data table for: 2010011200
2010-01-12 00:00:00 12
Creating point data table for: 2010011212
2010-01-12 00:00:00 24
Creating point data table for: 2010011300
2010-01-13 00:00:00 12
Creating point data table for: 2010011312
2010-01-13 00:00:00 24
Creating point data table for: 2010011400
2010-01-14 00:00:00 12
Creating point data table for: 2010011412
2010-01-14 00:00:00 24
Creating point data table for: 2010011500
2010-01-15 00:00:00 12
Creating point data table for: 2010011512
2010-01-15 00:00:00 24
Creating point data table for: 2010011600
2010-01-16 00:00:00 12
Creating point data table for: 2010011612
2010-01-16 00:00:00 24
Creating point data table for: 2010011700
2010-01-17 00:00:00 12
Creating point data table for: 2010011712
2010-01-17 00:00:00 24
Creating point data table for: 2010011800
2010-01-18 00:00:00 12
Creating point data table for: 2010011812
2010-01-18 00:00:00 24
Creating point data table for: 2010011900
2010-01-19 00:00:00 12
Creating point data table for: 2010011912
2010-01-19 00:00:00 24
Creating point data table for: 2010012000
2010-01-20 00:00:00 12
Creating point data table for: 2010012012
2010-01-20 00:00:00 24
Creating point data table for: 2010012100
2010-01-21 00:00:00 12
Creating point data table for: 2010012112
2010-01-21 00:00:00 24
Creating point data table for: 2010012200
2010-01-22 00:00:00 12
Creating point data table for: 2010012212
2010-01-22 00:00:00 24
Creating point data table for: 2010012300
2010-01-23 00:00:00 12
Creating point data table for: 2010012312
2010-01-23 00:00:00 24
Creating point data table for: 2010012400
2010-01-24 00:00:00 12
Creating point data table for: 2010012412
2010-01-24 00:00:00 24
Creating point data table for: 2010012500
2010-01-25 00:00:00 12
Creating point data table for: 2010012512
2010-01-25 00:00:00 24
Creating point data table for: 2010012600
2010-01-26 00:00:00 12
Creating point data table for: 2010012612
2010-01-26 00:00:00 24
Creating point data table for: 2010012700
2010-01-27 00:00:00 12
Creating point data table for: 2010012712
2010-01-27 00:00:00 24
Creating point data table for: 2010012800
2010-01-28 00:00:00 12
Creating point data table for: 2010012812
2010-01-28 00:00:00 24
Creating point data table for: 2010012900
2010-01-29 00:00:00 12
Creating point data table for: 2010012912
2010-01-29 00:00:00 24
Creating point data table for: 2010013000
2010-01-30 00:00:00 12
Creating point data table for: 2010013012
2010-01-30 00:00:00 24
Creating point data table for: 2010013100
2010-01-31 00:00:00 12
Creating point data table for: 2010013112
2010-01-31 00:00:00 24
Creating point data table for: 2010020100
2010-02-01 00:00:00 12
Creating point data table for: 2010020112
2010-02-01 00:00:00 24
Creating point data table for: 2010020200
2010-02-02 00:00:00 12
Creating point data table for: 2010020212
2010-02-02 00:00:00 24
Creating point data table for: 2010020300
2010-02-03 00:00:00 12
Creating point data table for: 2010020312
2010-02-03 00:00:00 24
Creating point data table for: 2010020400
2010-02-04 00:00:00 12
Creating point data table for: 2010020412
2010-02-04 00:00:00 24
Creating point data table for: 2010020500
2010-02-05 00:00:00 12
Creating point data table for: 2010020512
2010-02-05 00:00:00 24
Creating point data table for: 2010020600
2010-02-06 00:00:00 12
Creating point data table for: 2010020612
2010-02-06 00:00:00 24
Creating point data table for: 2010020700
2010-02-07 00:00:00 12
Creating point data table for: 2010020712
2010-02-07 00:00:00 24
Creating point data table for: 2010020800
2010-02-08 00:00:00 12
Creating point data table for: 2010020812
2010-02-08 00:00:00 24
Creating point data table for: 2010020900
2010-02-09 00:00:00 12
Creating point data table for: 2010020912
2010-02-09 00:00:00 24
Creating point data table for: 2010021000
2010-02-10 00:00:00 12
Creating point data table for: 2010021012
2010-02-10 00:00:00 24
Creating point data table for: 2010021100
2010-02-11 00:00:00 12
Creating point data table for: 2010021112
2010-02-11 00:00:00 24
Creating point data table for: 2010021200
2010-02-12 00:00:00 12
Creating point data table for: 2010021212
2010-02-12 00:00:00 24
Creating point data table for: 2010021300
2010-02-13 00:00:00 12
Creating point data table for: 2010021312
2010-02-13 00:00:00 24
Creating point data table for: 2010021400
2010-02-14 00:00:00 12
Creating point data table for: 2010021412
2010-02-14 00:00:00 24
Creating point data table for: 2010021500
2010-02-15 00:00:00 12
Creating point data table for: 2010021512
2010-02-15 00:00:00 24
Creating point data table for: 2010021600
2010-02-16 00:00:00 12
Creating point data table for: 2010021612
2010-02-16 00:00:00 24
Creating point data table for: 2010021700
2010-02-17 00:00:00 12
Creating point data table for: 2010021712
2010-02-17 00:00:00 24
Creating point data table for: 2010021800
2010-02-18 00:00:00 12
Creating point data table for: 2010021812
2010-02-18 00:00:00 24
Creating point data table for: 2010021900
2010-02-19 00:00:00 12
Creating point data table for: 2010021912
2010-02-19 00:00:00 24
Creating point data table for: 2010022000
2010-02-20 00:00:00 12
Creating point data table for: 2010022012
2010-02-20 00:00:00 24
Creating point data table for: 2010022100
2010-02-21 00:00:00 12
Creating point data table for: 2010022112
2010-02-21 00:00:00 24
Creating point data table for: 2010022200
2010-02-22 00:00:00 12
Creating point data table for: 2010022212
2010-02-22 00:00:00 24
Creating point data table for: 2010022300
2010-02-23 00:00:00 12
Creating point data table for: 2010022312
2010-02-23 00:00:00 24
Creating point data table for: 2010022400
2010-02-24 00:00:00 12
Creating point data table for: 2010022412
2010-02-24 00:00:00 24
Creating point data table for: 2010022500
2010-02-25 00:00:00 12
Creating point data table for: 2010022512
2010-02-25 00:00:00 24
Creating point data table for: 2010022600
2010-02-26 00:00:00 12
Creating point data table for: 2010022612
2010-02-26 00:00:00 24
Creating point data table for: 2010022700
2010-02-27 00:00:00 12
Creating point data table for: 2010022712
2010-02-27 00:00:00 24
Creating point data table for: 2010022800
2010-02-28 00:00:00 12
Creating point data table for: 2010022812
2010-02-28 00:00:00 24
Creating point data table for: 2010030100
2010-03-01 00:00:00 12
Creating point data table for: 2010030112
2010-03-01 00:00:00 24
Creating point data table for: 2010030200
2010-03-02 00:00:00 12
Creating point data table for: 2010030212
2010-03-02 00:00:00 24
Creating point data table for: 2010030300
2010-03-03 00:00:00 12
Creating point data table for: 2010030312
2010-03-03 00:00:00 24
Creating point data table for: 2010030400
2010-03-04 00:00:00 12
Creating point data table for: 2010030412
2010-03-04 00:00:00 24
Creating point data table for: 2010030500
2010-03-05 00:00:00 12
Creating point data table for: 2010030512
2010-03-05 00:00:00 24
Creating point data table for: 2010030600
2010-03-06 00:00:00 12
Creating point data table for: 2010030612
2010-03-06 00:00:00 24
Creating point data table for: 2010030700
2010-03-07 00:00:00 12
Creating point data table for: 2010030712
2010-03-07 00:00:00 24
Creating point data table for: 2010030800
2010-03-08 00:00:00 12
Creating point data table for: 2010030812
2010-03-08 00:00:00 24
Creating point data table for: 2010030900
2010-03-09 00:00:00 12
Creating point data table for: 2010030912
2010-03-09 00:00:00 24
Creating point data table for: 2010031000
2010-03-10 00:00:00 12
Creating point data table for: 2010031012
2010-03-10 00:00:00 24
Creating point data table for: 2010031100
2010-03-11 00:00:00 12
Creating point data table for: 2010031112
2010-03-11 00:00:00 24
Creating point data table for: 2010031200
2010-03-12 00:00:00 12
Creating point data table for: 2010031212
2010-03-12 00:00:00 24
Creating point data table for: 2010031300
2010-03-13 00:00:00 12
Creating point data table for: 2010031312
2010-03-13 00:00:00 24
Creating point data table for: 2010031400
2010-03-14 00:00:00 12
Creating point data table for: 2010031412
2010-03-14 00:00:00 24
Creating point data table for: 2010031500
2010-03-15 00:00:00 12
Creating point data table for: 2010031512
2010-03-15 00:00:00 24
Creating point data table for: 2010031600
2010-03-16 00:00:00 12
Creating point data table for: 2010031612
2010-03-16 00:00:00 24
Creating point data table for: 2010031700
2010-03-17 00:00:00 12
Creating point data table for: 2010031712
2010-03-17 00:00:00 24
Creating point data table for: 2010031800
2010-03-18 00:00:00 12
Creating point data table for: 2010031812
2010-03-18 00:00:00 24
Creating point data table for: 2010031900
2010-03-19 00:00:00 12
Creating point data table for: 2010031912
2010-03-19 00:00:00 24
Creating point data table for: 2010032000
2010-03-20 00:00:00 12
Creating point data table for: 2010032012
2010-03-20 00:00:00 24
Creating point data table for: 2010032100
2010-03-21 00:00:00 12
Creating point data table for: 2010032112
2010-03-21 00:00:00 24
Creating point data table for: 2010032200
2010-03-22 00:00:00 12
Creating point data table for: 2010032212
2010-03-22 00:00:00 24
Creating point data table for: 2010032300
2010-03-23 00:00:00 12
Creating point data table for: 2010032312
2010-03-23 00:00:00 24
Creating point data table for: 2010032400
2010-03-24 00:00:00 12
Creating point data table for: 2010032412
2010-03-24 00:00:00 24
Creating point data table for: 2010032500
2010-03-25 00:00:00 12
Creating point data table for: 2010032512
2010-03-25 00:00:00 24
Creating point data table for: 2010032600
2010-03-26 00:00:00 12
Creating point data table for: 2010032612
2010-03-26 00:00:00 24
Creating point data table for: 2010032700
2010-03-27 00:00:00 12
Creating point data table for: 2010032712
2010-03-27 00:00:00 24
Creating point data table for: 2010032800
2010-03-28 00:00:00 12
Creating point data table for: 2010032812
2010-03-28 00:00:00 24
Creating point data table for: 2010032900
2010-03-29 00:00:00 12
Creating point data table for: 2010032912
2010-03-29 00:00:00 24
Creating point data table for: 2010033000
2010-03-30 00:00:00 12
Creating point data table for: 2010033012
2010-03-30 00:00:00 24
Creating point data table for: 2010033100
2010-03-31 00:00:00 12
Creating point data table for: 2010033112
2010-03-31 00:00:00 24
Creating point data table for: 2010040100
2010-04-01 00:00:00 12
Creating point data table for: 2010040112
2010-04-01 00:00:00 24
Creating point data table for: 2010040200
2010-04-02 00:00:00 12
Creating point data table for: 2010040212
2010-04-02 00:00:00 24
Creating point data table for: 2010040300
2010-04-03 00:00:00 12
Creating point data table for: 2010040312
2010-04-03 00:00:00 24
Creating point data table for: 2010040400
2010-04-04 00:00:00 12
Creating point data table for: 2010040412
2010-04-04 00:00:00 24
Creating point data table for: 2010040500
2010-04-05 00:00:00 12
Creating point data table for: 2010040512
2010-04-05 00:00:00 24
Creating point data table for: 2010040600
2010-04-06 00:00:00 12
Creating point data table for: 2010040612
2010-04-06 00:00:00 24
Creating point data table for: 2010040700
2010-04-07 00:00:00 12
Creating point data table for: 2010040712
2010-04-07 00:00:00 24
Creating point data table for: 2010040800
2010-04-08 00:00:00 12
Creating point data table for: 2010040812
2010-04-08 00:00:00 24
Creating point data table for: 2010040900
2010-04-09 00:00:00 12
Creating point data table for: 2010040912
2010-04-09 00:00:00 24
Creating point data table for: 2010041000
2010-04-10 00:00:00 12
Creating point data table for: 2010041012
2010-04-10 00:00:00 24
Creating point data table for: 2010041100
2010-04-11 00:00:00 12
Creating point data table for: 2010041112
2010-04-11 00:00:00 24
Creating point data table for: 2010041200
2010-04-12 00:00:00 12
Creating point data table for: 2010041212
2010-04-12 00:00:00 24
Creating point data table for: 2010041300
2010-04-13 00:00:00 12
Creating point data table for: 2010041312
2010-04-13 00:00:00 24
Creating point data table for: 2010041400
2010-04-14 00:00:00 12
Creating point data table for: 2010041412
2010-04-14 00:00:00 24
Creating point data table for: 2010041500
2010-04-15 00:00:00 12
Creating point data table for: 2010041512
2010-04-15 00:00:00 24
Creating point data table for: 2010041600
2010-04-16 00:00:00 12
Creating point data table for: 2010041612
2010-04-16 00:00:00 24
Creating point data table for: 2010041700
2010-04-17 00:00:00 12
Creating point data table for: 2010041712
2010-04-17 00:00:00 24
Creating point data table for: 2010041800
2010-04-18 00:00:00 12
Creating point data table for: 2010041812
2010-04-18 00:00:00 24
Creating point data table for: 2010041900
2010-04-19 00:00:00 12
Creating point data table for: 2010041912
2010-04-19 00:00:00 24
Creating point data table for: 2010042000
2010-04-20 00:00:00 12
Creating point data table for: 2010042012
2010-04-20 00:00:00 24
Creating point data table for: 2010042100
2010-04-21 00:00:00 12
Creating point data table for: 2010042112
2010-04-21 00:00:00 24
Creating point data table for: 2010042200
2010-04-22 00:00:00 12
Creating point data table for: 2010042212
2010-04-22 00:00:00 24
Creating point data table for: 2010042300
2010-04-23 00:00:00 12
Creating point data table for: 2010042312
2010-04-23 00:00:00 24
Creating point data table for: 2010042400
2010-04-24 00:00:00 12
Creating point data table for: 2010042412
2010-04-24 00:00:00 24
Creating point data table for: 2010042500
2010-04-25 00:00:00 12
Creating point data table for: 2010042512
2010-04-25 00:00:00 24
Creating point data table for: 2010042600
2010-04-26 00:00:00 12
Creating point data table for: 2010042612
2010-04-26 00:00:00 24
Creating point data table for: 2010042700
2010-04-27 00:00:00 12
Creating point data table for: 2010042712
2010-04-27 00:00:00 24
Creating point data table for: 2010042800
2010-04-28 00:00:00 12
Creating point data table for: 2010042812
2010-04-28 00:00:00 24
Creating point data table for: 2010042900
2010-04-29 00:00:00 12
Creating point data table for: 2010042912
2010-04-29 00:00:00 24
Creating point data table for: 2010043000
2010-04-30 00:00:00 12
Creating point data table for: 2010043012
2010-04-30 00:00:00 24
Creating point data table for: 2010050100
2010-05-01 00:00:00 12
Creating point data table for: 2010050112
2010-05-01 00:00:00 24
Creating point data table for: 2010050200
2010-05-02 00:00:00 12
Creating point data table for: 2010050212
2010-05-02 00:00:00 24
Creating point data table for: 2010050300
2010-05-03 00:00:00 12
Creating point data table for: 2010050312
2010-05-03 00:00:00 24
Creating point data table for: 2010050400
2010-05-04 00:00:00 12
Creating point data table for: 2010050412
2010-05-04 00:00:00 24
Creating point data table for: 2010050500
2010-05-05 00:00:00 12
Creating point data table for: 2010050512
2010-05-05 00:00:00 24
Creating point data table for: 2010050600
2010-05-06 00:00:00 12
Creating point data table for: 2010050612
2010-05-06 00:00:00 24
Creating point data table for: 2010050700
2010-05-07 00:00:00 12
Creating point data table for: 2010050712
2010-05-07 00:00:00 24
Creating point data table for: 2010050800
2010-05-08 00:00:00 12
Creating point data table for: 2010050812
2010-05-08 00:00:00 24
Creating point data table for: 2010050900
2010-05-09 00:00:00 12
Creating point data table for: 2010050912
2010-05-09 00:00:00 24
Creating point data table for: 2010051000
2010-05-10 00:00:00 12
Creating point data table for: 2010051012
2010-05-10 00:00:00 24
Creating point data table for: 2010051100
2010-05-11 00:00:00 12
Creating point data table for: 2010051112
2010-05-11 00:00:00 24
Creating point data table for: 2010051200
2010-05-12 00:00:00 12
Creating point data table for: 2010051212
2010-05-12 00:00:00 24
Creating point data table for: 2010051300
2010-05-13 00:00:00 12
Creating point data table for: 2010051312
2010-05-13 00:00:00 24
Creating point data table for: 2010051400
2010-05-14 00:00:00 12
Creating point data table for: 2010051412
2010-05-14 00:00:00 24
Creating point data table for: 2010051500
2010-05-15 00:00:00 12
Creating point data table for: 2010051512
2010-05-15 00:00:00 24
Creating point data table for: 2010051600
2010-05-16 00:00:00 12
Creating point data table for: 2010051612
2010-05-16 00:00:00 24
Creating point data table for: 2010051700
2010-05-17 00:00:00 12
Creating point data table for: 2010051712
2010-05-17 00:00:00 24
Creating point data table for: 2010051800
2010-05-18 00:00:00 12
Creating point data table for: 2010051812
2010-05-18 00:00:00 24
Creating point data table for: 2010051900
2010-05-19 00:00:00 12
Creating point data table for: 2010051912
2010-05-19 00:00:00 24
Creating point data table for: 2010052000
2010-05-20 00:00:00 12
Creating point data table for: 2010052012
2010-05-20 00:00:00 24
Creating point data table for: 2010052100
2010-05-21 00:00:00 12
Creating point data table for: 2010052112
2010-05-21 00:00:00 24
Creating point data table for: 2010052200
2010-05-22 00:00:00 12
Creating point data table for: 2010052212
2010-05-22 00:00:00 24
Creating point data table for: 2010052300
2010-05-23 00:00:00 12
Creating point data table for: 2010052312
2010-05-23 00:00:00 24
Creating point data table for: 2010052400
2010-05-24 00:00:00 12
Creating point data table for: 2010052412
2010-05-24 00:00:00 24
Creating point data table for: 2010052500
2010-05-25 00:00:00 12
Creating point data table for: 2010052512
2010-05-25 00:00:00 24
Creating point data table for: 2010052600
2010-05-26 00:00:00 12
Creating point data table for: 2010052612
2010-05-26 00:00:00 24
Creating point data table for: 2010052700
2010-05-27 00:00:00 12
Creating point data table for: 2010052712
2010-05-27 00:00:00 24
Creating point data table for: 2010052800
2010-05-28 00:00:00 12
Creating point data table for: 2010052812
2010-05-28 00:00:00 24
Creating point data table for: 2010052900
2010-05-29 00:00:00 12
Creating point data table for: 2010052912
2010-05-29 00:00:00 24
Creating point data table for: 2010053000
2010-05-30 00:00:00 12
Creating point data table for: 2010053012
2010-05-30 00:00:00 24
Creating point data table for: 2010053100
2010-05-31 00:00:00 12
Creating point data table for: 2010053112
2010-05-31 00:00:00 24
Creating point data table for: 2010060100
2010-06-01 00:00:00 12
Creating point data table for: 2010060112
2010-06-01 00:00:00 24
Creating point data table for: 2010060200
2010-06-02 00:00:00 12
Creating point data table for: 2010060212
2010-06-02 00:00:00 24
Creating point data table for: 2010060300
2010-06-03 00:00:00 12
Creating point data table for: 2010060312
2010-06-03 00:00:00 24
Creating point data table for: 2010060400
2010-06-04 00:00:00 12
Creating point data table for: 2010060412
2010-06-04 00:00:00 24
Creating point data table for: 2010060500
2010-06-05 00:00:00 12
Creating point data table for: 2010060512
2010-06-05 00:00:00 24
Creating point data table for: 2010060600
2010-06-06 00:00:00 12
Creating point data table for: 2010060612
2010-06-06 00:00:00 24
Creating point data table for: 2010060700
2010-06-07 00:00:00 12
Creating point data table for: 2010060712
2010-06-07 00:00:00 24
Creating point data table for: 2010060800
2010-06-08 00:00:00 12
Creating point data table for: 2010060812
2010-06-08 00:00:00 24
Creating point data table for: 2010060900
2010-06-09 00:00:00 12
Creating point data table for: 2010060912
2010-06-09 00:00:00 24
Creating point data table for: 2010061000
2010-06-10 00:00:00 12
Creating point data table for: 2010061012
2010-06-10 00:00:00 24
Creating point data table for: 2010061100
2010-06-11 00:00:00 12
Creating point data table for: 2010061112
2010-06-11 00:00:00 24
Creating point data table for: 2010061200
2010-06-12 00:00:00 12
Creating point data table for: 2010061212
2010-06-12 00:00:00 24
Creating point data table for: 2010061300
2010-06-13 00:00:00 12
Creating point data table for: 2010061312
2010-06-13 00:00:00 24
Creating point data table for: 2010061400
2010-06-14 00:00:00 12
Creating point data table for: 2010061412
2010-06-14 00:00:00 24
Creating point data table for: 2010061500
2010-06-15 00:00:00 12
Creating point data table for: 2010061512
2010-06-15 00:00:00 24
Creating point data table for: 2010061600
2010-06-16 00:00:00 12
Creating point data table for: 2010061612
2010-06-16 00:00:00 24
Creating point data table for: 2010061700
2010-06-17 00:00:00 12
Creating point data table for: 2010061712
2010-06-17 00:00:00 24
Creating point data table for: 2010061800
2010-06-18 00:00:00 12
Creating point data table for: 2010061812
2010-06-18 00:00:00 24
Creating point data table for: 2010061900
2010-06-19 00:00:00 12
Creating point data table for: 2010061912
2010-06-19 00:00:00 24
Creating point data table for: 2010062000
2010-06-20 00:00:00 12
Creating point data table for: 2010062012
2010-06-20 00:00:00 24
Creating point data table for: 2010062100
2010-06-21 00:00:00 12
Creating point data table for: 2010062112
2010-06-21 00:00:00 24
Creating point data table for: 2010062200
2010-06-22 00:00:00 12
Creating point data table for: 2010062212
2010-06-22 00:00:00 24
Creating point data table for: 2010062300
2010-06-23 00:00:00 12
Creating point data table for: 2010062312
2010-06-23 00:00:00 24
Creating point data table for: 2010062400
2010-06-24 00:00:00 12
Creating point data table for: 2010062412
2010-06-24 00:00:00 24
Creating point data table for: 2010062500
2010-06-25 00:00:00 12
Creating point data table for: 2010062512
2010-06-25 00:00:00 24
Creating point data table for: 2010062600
2010-06-26 00:00:00 12
Creating point data table for: 2010062612
2010-06-26 00:00:00 24
Creating point data table for: 2010062700
2010-06-27 00:00:00 12
Creating point data table for: 2010062712
2010-06-27 00:00:00 24
Creating point data table for: 2010062800
2010-06-28 00:00:00 12
Creating point data table for: 2010062812
2010-06-28 00:00:00 24
Creating point data table for: 2010062900
2010-06-29 00:00:00 12
Creating point data table for: 2010062912
2010-06-29 00:00:00 24
Creating point data table for: 2010063000
2010-06-30 00:00:00 12
Creating point data table for: 2010063012
2010-06-30 00:00:00 24
Creating point data table for: 2010070100
2010-07-01 00:00:00 12
Creating point data table for: 2010070112
2010-07-01 00:00:00 24
Creating point data table for: 2010070200
2010-07-02 00:00:00 12
Creating point data table for: 2010070212
2010-07-02 00:00:00 24
Creating point data table for: 2010070300
2010-07-03 00:00:00 12
Creating point data table for: 2010070312
2010-07-03 00:00:00 24
Creating point data table for: 2010070400
2010-07-04 00:00:00 12
Creating point data table for: 2010070412
2010-07-04 00:00:00 24
Creating point data table for: 2010070500
2010-07-05 00:00:00 12
Creating point data table for: 2010070512
2010-07-05 00:00:00 24
Creating point data table for: 2010070600
2010-07-06 00:00:00 12
Creating point data table for: 2010070612
2010-07-06 00:00:00 24
Creating point data table for: 2010070700
2010-07-07 00:00:00 12
Creating point data table for: 2010070712
2010-07-07 00:00:00 24
Creating point data table for: 2010070800
2010-07-08 00:00:00 12
Creating point data table for: 2010070812
2010-07-08 00:00:00 24
Creating point data table for: 2010070900
2010-07-09 00:00:00 12
Creating point data table for: 2010070912
2010-07-09 00:00:00 24
Creating point data table for: 2010071000
2010-07-10 00:00:00 12
Creating point data table for: 2010071012
2010-07-10 00:00:00 24
Creating point data table for: 2010071100
2010-07-11 00:00:00 12
Creating point data table for: 2010071112
2010-07-11 00:00:00 24
Creating point data table for: 2010071200
2010-07-12 00:00:00 12
Creating point data table for: 2010071212
2010-07-12 00:00:00 24
Creating point data table for: 2010071300
2010-07-13 00:00:00 12
Creating point data table for: 2010071312
2010-07-13 00:00:00 24
Creating point data table for: 2010071400
2010-07-14 00:00:00 12
Creating point data table for: 2010071412
2010-07-14 00:00:00 24
Creating point data table for: 2010071500
2010-07-15 00:00:00 12
Creating point data table for: 2010071512
2010-07-15 00:00:00 24
Creating point data table for: 2010071600
2010-07-16 00:00:00 12
Creating point data table for: 2010071612
2010-07-16 00:00:00 24
Creating point data table for: 2010071700
2010-07-17 00:00:00 12
Creating point data table for: 2010071712
2010-07-17 00:00:00 24
Creating point data table for: 2010071800
2010-07-18 00:00:00 12
Creating point data table for: 2010071812
2010-07-18 00:00:00 24
Creating point data table for: 2010071900
2010-07-19 00:00:00 12
Creating point data table for: 2010071912
2010-07-19 00:00:00 24
Creating point data table for: 2010072000
2010-07-20 00:00:00 12
Creating point data table for: 2010072012
2010-07-20 00:00:00 24
Creating point data table for: 2010072100
2010-07-21 00:00:00 12
Creating point data table for: 2010072112
2010-07-21 00:00:00 24
Creating point data table for: 2010072200
2010-07-22 00:00:00 12
Creating point data table for: 2010072212
2010-07-22 00:00:00 24
Creating point data table for: 2010072300
2010-07-23 00:00:00 12
Creating point data table for: 2010072312
2010-07-23 00:00:00 24
Creating point data table for: 2010072400
2010-07-24 00:00:00 12
Creating point data table for: 2010072412
2010-07-24 00:00:00 24
Creating point data table for: 2010072500
2010-07-25 00:00:00 12
Creating point data table for: 2010072512
2010-07-25 00:00:00 24
Creating point data table for: 2010072600
2010-07-26 00:00:00 12
Creating point data table for: 2010072612
2010-07-26 00:00:00 24
Creating point data table for: 2010072700
2010-07-27 00:00:00 12
Creating point data table for: 2010072712
2010-07-27 00:00:00 24
Creating point data table for: 2010072800
2010-07-28 00:00:00 12
Creating point data table for: 2010072812
2010-07-28 00:00:00 24
Creating point data table for: 2010072900
2010-07-29 00:00:00 12
Creating point data table for: 2010072912
2010-07-29 00:00:00 24
Creating point data table for: 2010073000
2010-07-30 00:00:00 12
Creating point data table for: 2010073012
2010-07-30 00:00:00 24
Creating point data table for: 2010073100
2010-07-31 00:00:00 12
Creating point data table for: 2010073112
2010-07-31 00:00:00 24
Creating point data table for: 2010080100
2010-08-01 00:00:00 12
Creating point data table for: 2010080112
2010-08-01 00:00:00 24
Creating point data table for: 2010080200
2010-08-02 00:00:00 12
Creating point data table for: 2010080212
2010-08-02 00:00:00 24
Creating point data table for: 2010080300
2010-08-03 00:00:00 12
Creating point data table for: 2010080312
2010-08-03 00:00:00 24
Creating point data table for: 2010080400
2010-08-04 00:00:00 12
Creating point data table for: 2010080412
2010-08-04 00:00:00 24
Creating point data table for: 2010080500
2010-08-05 00:00:00 12
Creating point data table for: 2010080512
2010-08-05 00:00:00 24
Creating point data table for: 2010080600
2010-08-06 00:00:00 12
Creating point data table for: 2010080612
2010-08-06 00:00:00 24
Creating point data table for: 2010080700
2010-08-07 00:00:00 12
Creating point data table for: 2010080712
2010-08-07 00:00:00 24
Creating point data table for: 2010080800
2010-08-08 00:00:00 12
Creating point data table for: 2010080812
2010-08-08 00:00:00 24
Creating point data table for: 2010080900
2010-08-09 00:00:00 12
Creating point data table for: 2010080912
2010-08-09 00:00:00 24
Creating point data table for: 2010081000
2010-08-10 00:00:00 12
Creating point data table for: 2010081012
2010-08-10 00:00:00 24
Creating point data table for: 2010081100
2010-08-11 00:00:00 12
Creating point data table for: 2010081112
2010-08-11 00:00:00 24
Creating point data table for: 2010081200
2010-08-12 00:00:00 12
Creating point data table for: 2010081212
2010-08-12 00:00:00 24
Creating point data table for: 2010081300
2010-08-13 00:00:00 12
Creating point data table for: 2010081312
2010-08-13 00:00:00 24
Creating point data table for: 2010081400
2010-08-14 00:00:00 12
Creating point data table for: 2010081412
2010-08-14 00:00:00 24
Creating point data table for: 2010081500
2010-08-15 00:00:00 12
Creating point data table for: 2010081512
2010-08-15 00:00:00 24
Creating point data table for: 2010081600
2010-08-16 00:00:00 12
Creating point data table for: 2010081612
2010-08-16 00:00:00 24
Creating point data table for: 2010081700
2010-08-17 00:00:00 12
Creating point data table for: 2010081712
2010-08-17 00:00:00 24
Creating point data table for: 2010081800
2010-08-18 00:00:00 12
Creating point data table for: 2010081812
2010-08-18 00:00:00 24
Creating point data table for: 2010081900
2010-08-19 00:00:00 12
Creating point data table for: 2010081912
2010-08-19 00:00:00 24
Creating point data table for: 2010082000
2010-08-20 00:00:00 12
Creating point data table for: 2010082012
2010-08-20 00:00:00 24
Creating point data table for: 2010082100
2010-08-21 00:00:00 12
Creating point data table for: 2010082112
2010-08-21 00:00:00 24
Creating point data table for: 2010082200
2010-08-22 00:00:00 12
Creating point data table for: 2010082212
2010-08-22 00:00:00 24
Creating point data table for: 2010082300
2010-08-23 00:00:00 12
Creating point data table for: 2010082312
2010-08-23 00:00:00 24
Creating point data table for: 2010082400
2010-08-24 00:00:00 12
Creating point data table for: 2010082412
2010-08-24 00:00:00 24
Creating point data table for: 2010082500
2010-08-25 00:00:00 12
Creating point data table for: 2010082512
2010-08-25 00:00:00 24
Creating point data table for: 2010082600
2010-08-26 00:00:00 12
Creating point data table for: 2010082612
2010-08-26 00:00:00 24
Creating point data table for: 2010082700
2010-08-27 00:00:00 12
Creating point data table for: 2010082712
2010-08-27 00:00:00 24
Creating point data table for: 2010082800
2010-08-28 00:00:00 12
Creating point data table for: 2010082812
2010-08-28 00:00:00 24
Creating point data table for: 2010082900
2010-08-29 00:00:00 12
Creating point data table for: 2010082912
2010-08-29 00:00:00 24
Creating point data table for: 2010083000
2010-08-30 00:00:00 12
Creating point data table for: 2010083012
2010-08-30 00:00:00 24
Creating point data table for: 2010083100
2010-08-31 00:00:00 12
Creating point data table for: 2010083112
2010-08-31 00:00:00 24
Creating point data table for: 2010090100
2010-09-01 00:00:00 12
Creating point data table for: 2010090112
2010-09-01 00:00:00 24
Creating point data table for: 2010090200
2010-09-02 00:00:00 12
Creating point data table for: 2010090212
2010-09-02 00:00:00 24
Creating point data table for: 2010090300
2010-09-03 00:00:00 12
Creating point data table for: 2010090312
2010-09-03 00:00:00 24
Creating point data table for: 2010090400
2010-09-04 00:00:00 12
Creating point data table for: 2010090412
2010-09-04 00:00:00 24
Creating point data table for: 2010090500
2010-09-05 00:00:00 12
Creating point data table for: 2010090512
2010-09-05 00:00:00 24
Creating point data table for: 2010090600
2010-09-06 00:00:00 12
Creating point data table for: 2010090612
2010-09-06 00:00:00 24
Creating point data table for: 2010090700
2010-09-07 00:00:00 12
Creating point data table for: 2010090712
2010-09-07 00:00:00 24
Creating point data table for: 2010090800
2010-09-08 00:00:00 12
Creating point data table for: 2010090812
2010-09-08 00:00:00 24
Creating point data table for: 2010090900
2010-09-09 00:00:00 12
Creating point data table for: 2010090912
2010-09-09 00:00:00 24
Creating point data table for: 2010091000
2010-09-10 00:00:00 12
Creating point data table for: 2010091012
2010-09-10 00:00:00 24
Creating point data table for: 2010091100
2010-09-11 00:00:00 12
Creating point data table for: 2010091112
2010-09-11 00:00:00 24
Creating point data table for: 2010091200
2010-09-12 00:00:00 12
Creating point data table for: 2010091212
2010-09-12 00:00:00 24
Creating point data table for: 2010091300
2010-09-13 00:00:00 12
Creating point data table for: 2010091312
2010-09-13 00:00:00 24
Creating point data table for: 2010091400
2010-09-14 00:00:00 12
Creating point data table for: 2010091412
2010-09-14 00:00:00 24
Creating point data table for: 2010091500
2010-09-15 00:00:00 12
Creating point data table for: 2010091512
2010-09-15 00:00:00 24
Creating point data table for: 2010091600
2010-09-16 00:00:00 12
Creating point data table for: 2010091612
2010-09-16 00:00:00 24
Creating point data table for: 2010091700
2010-09-17 00:00:00 12
Creating point data table for: 2010091712
2010-09-17 00:00:00 24
Creating point data table for: 2010091800
2010-09-18 00:00:00 12
Creating point data table for: 2010091812
2010-09-18 00:00:00 24
Creating point data table for: 2010091900
2010-09-19 00:00:00 12
Creating point data table for: 2010091912
2010-09-19 00:00:00 24
Creating point data table for: 2010092000
2010-09-20 00:00:00 12
Creating point data table for: 2010092012
2010-09-20 00:00:00 24
Creating point data table for: 2010092100
2010-09-21 00:00:00 12
Creating point data table for: 2010092112
2010-09-21 00:00:00 24
Creating point data table for: 2010092200
2010-09-22 00:00:00 12
Creating point data table for: 2010092212
2010-09-22 00:00:00 24
Creating point data table for: 2010092300
2010-09-23 00:00:00 12
Creating point data table for: 2010092312
2010-09-23 00:00:00 24
Creating point data table for: 2010092400
2010-09-24 00:00:00 12
Creating point data table for: 2010092412
2010-09-24 00:00:00 24
Creating point data table for: 2010092500
2010-09-25 00:00:00 12
Creating point data table for: 2010092512
2010-09-25 00:00:00 24
Creating point data table for: 2010092600
2010-09-26 00:00:00 12
Creating point data table for: 2010092612
2010-09-26 00:00:00 24
Creating point data table for: 2010092700
2010-09-27 00:00:00 12
Creating point data table for: 2010092712
2010-09-27 00:00:00 24
Creating point data table for: 2010092800
2010-09-28 00:00:00 12
Creating point data table for: 2010092812
2010-09-28 00:00:00 24
Creating point data table for: 2010092900
2010-09-29 00:00:00 12
Creating point data table for: 2010092912
2010-09-29 00:00:00 24
Creating point data table for: 2010093000
2010-09-30 00:00:00 12
Creating point data table for: 2010093012
2010-09-30 00:00:00 24
Creating point data table for: 2010100100
2010-10-01 00:00:00 12
Creating point data table for: 2010100112
2010-10-01 00:00:00 24
Creating point data table for: 2010100200
2010-10-02 00:00:00 12
Creating point data table for: 2010100212
2010-10-02 00:00:00 24
Creating point data table for: 2010100300
2010-10-03 00:00:00 12
Creating point data table for: 2010100312
2010-10-03 00:00:00 24
Creating point data table for: 2010100400
2010-10-04 00:00:00 12
Creating point data table for: 2010100412
2010-10-04 00:00:00 24
Creating point data table for: 2010100500
2010-10-05 00:00:00 12
Creating point data table for: 2010100512
2010-10-05 00:00:00 24
Creating point data table for: 2010100600
2010-10-06 00:00:00 12
Creating point data table for: 2010100612
2010-10-06 00:00:00 24
Creating point data table for: 2010100700
2010-10-07 00:00:00 12
Creating point data table for: 2010100712
2010-10-07 00:00:00 24
Creating point data table for: 2010100800
2010-10-08 00:00:00 12
Creating point data table for: 2010100812
2010-10-08 00:00:00 24
Creating point data table for: 2010100900
2010-10-09 00:00:00 12
Creating point data table for: 2010100912
2010-10-09 00:00:00 24
Creating point data table for: 2010101000
2010-10-10 00:00:00 12
Creating point data table for: 2010101012
2010-10-10 00:00:00 24
Creating point data table for: 2010101100
2010-10-11 00:00:00 12
Creating point data table for: 2010101112
2010-10-11 00:00:00 24
Creating point data table for: 2010101200
2010-10-12 00:00:00 12
Creating point data table for: 2010101212
2010-10-12 00:00:00 24
Creating point data table for: 2010101300
2010-10-13 00:00:00 12
Creating point data table for: 2010101312
2010-10-13 00:00:00 24
Creating point data table for: 2010101400
2010-10-14 00:00:00 12
Creating point data table for: 2010101412
2010-10-14 00:00:00 24
Creating point data table for: 2010101500
2010-10-15 00:00:00 12
Creating point data table for: 2010101512
2010-10-15 00:00:00 24
Creating point data table for: 2010101600
2010-10-16 00:00:00 12
Creating point data table for: 2010101612
2010-10-16 00:00:00 24
Creating point data table for: 2010101700
2010-10-17 00:00:00 12
Creating point data table for: 2010101712
2010-10-17 00:00:00 24
Creating point data table for: 2010101800
2010-10-18 00:00:00 12
Creating point data table for: 2010101812
2010-10-18 00:00:00 24
Creating point data table for: 2010101900
2010-10-19 00:00:00 12
Creating point data table for: 2010101912
2010-10-19 00:00:00 24
Creating point data table for: 2010102000
2010-10-20 00:00:00 12
Creating point data table for: 2010102012
2010-10-20 00:00:00 24
Creating point data table for: 2010102100
2010-10-21 00:00:00 12
Creating point data table for: 2010102112
2010-10-21 00:00:00 24
Creating point data table for: 2010102200
2010-10-22 00:00:00 12
Creating point data table for: 2010102212
2010-10-22 00:00:00 24
Creating point data table for: 2010102300
2010-10-23 00:00:00 12
Creating point data table for: 2010102312
2010-10-23 00:00:00 24
Creating point data table for: 2010102400
2010-10-24 00:00:00 12
Creating point data table for: 2010102412
2010-10-24 00:00:00 24
Creating point data table for: 2010102500
2010-10-25 00:00:00 12
Creating point data table for: 2010102512
2010-10-25 00:00:00 24
Creating point data table for: 2010102600
2010-10-26 00:00:00 12
Creating point data table for: 2010102612
2010-10-26 00:00:00 24
Creating point data table for: 2010102700
2010-10-27 00:00:00 12
Creating point data table for: 2010102712
2010-10-27 00:00:00 24
Creating point data table for: 2010102800
2010-10-28 00:00:00 12
Creating point data table for: 2010102812
2010-10-28 00:00:00 24
Creating point data table for: 2010102900
2010-10-29 00:00:00 12
Creating point data table for: 2010102912
2010-10-29 00:00:00 24
Creating point data table for: 2010103000
2010-10-30 00:00:00 12
Creating point data table for: 2010103012
2010-10-30 00:00:00 24
Creating point data table for: 2010103100
2010-10-31 00:00:00 12
Creating point data table for: 2010103112
2010-10-31 00:00:00 24
Creating point data table for: 2010110100
2010-11-01 00:00:00 12
Creating point data table for: 2010110112
2010-11-01 00:00:00 24
Creating point data table for: 2010110200
2010-11-02 00:00:00 12
Creating point data table for: 2010110212
2010-11-02 00:00:00 24
Creating point data table for: 2010110300
2010-11-03 00:00:00 12
Creating point data table for: 2010110312
2010-11-03 00:00:00 24
Creating point data table for: 2010110400
2010-11-04 00:00:00 12
Creating point data table for: 2010110412
2010-11-04 00:00:00 24
Creating point data table for: 2010110500
2010-11-05 00:00:00 12
Creating point data table for: 2010110512
2010-11-05 00:00:00 24
Creating point data table for: 2010110600
2010-11-06 00:00:00 12
Creating point data table for: 2010110612
2010-11-06 00:00:00 24
Creating point data table for: 2010110700
2010-11-07 00:00:00 12
Creating point data table for: 2010110712
2010-11-07 00:00:00 24
Creating point data table for: 2010110800
2010-11-08 00:00:00 12
Creating point data table for: 2010110812
2010-11-08 00:00:00 24
Creating point data table for: 2010110900
2010-11-09 00:00:00 12
Creating point data table for: 2010110912
2010-11-09 00:00:00 24
Creating point data table for: 2010111000
2010-11-10 00:00:00 12
Creating point data table for: 2010111012
2010-11-10 00:00:00 24
Creating point data table for: 2010111100
2010-11-11 00:00:00 12
Creating point data table for: 2010111112
2010-11-11 00:00:00 24
Creating point data table for: 2010111200
2010-11-12 00:00:00 12
Creating point data table for: 2010111212
2010-11-12 00:00:00 24
Creating point data table for: 2010111300
2010-11-13 00:00:00 12
Creating point data table for: 2010111312
2010-11-13 00:00:00 24
Creating point data table for: 2010111400
2010-11-14 00:00:00 12
Creating point data table for: 2010111412
2010-11-14 00:00:00 24
Creating point data table for: 2010111500
2010-11-15 00:00:00 12
Creating point data table for: 2010111512
2010-11-15 00:00:00 24
Creating point data table for: 2010111600
2010-11-16 00:00:00 12
Creating point data table for: 2010111612
2010-11-16 00:00:00 24
Creating point data table for: 2010111700
2010-11-17 00:00:00 12
Creating point data table for: 2010111712
2010-11-17 00:00:00 24
Creating point data table for: 2010111800
2010-11-18 00:00:00 12
Creating point data table for: 2010111812
2010-11-18 00:00:00 24
Creating point data table for: 2010111900
2010-11-19 00:00:00 12
Creating point data table for: 2010111912
2010-11-19 00:00:00 24
Creating point data table for: 2010112000
2010-11-20 00:00:00 12
Creating point data table for: 2010112012
2010-11-20 00:00:00 24
Creating point data table for: 2010112100
2010-11-21 00:00:00 12
Creating point data table for: 2010112112
2010-11-21 00:00:00 24
Creating point data table for: 2010112200
2010-11-22 00:00:00 12
Creating point data table for: 2010112212
2010-11-22 00:00:00 24
Creating point data table for: 2010112300
2010-11-23 00:00:00 12
Creating point data table for: 2010112312
2010-11-23 00:00:00 24
Creating point data table for: 2010112400
2010-11-24 00:00:00 12
Creating point data table for: 2010112412
2010-11-24 00:00:00 24
Creating point data table for: 2010112500
2010-11-25 00:00:00 12
Creating point data table for: 2010112512
2010-11-25 00:00:00 24
Creating point data table for: 2010112600
2010-11-26 00:00:00 12
Creating point data table for: 2010112612
2010-11-26 00:00:00 24
Creating point data table for: 2010112700
2010-11-27 00:00:00 12
Creating point data table for: 2010112712
2010-11-27 00:00:00 24
Creating point data table for: 2010112800
2010-11-28 00:00:00 12
Creating point data table for: 2010112812
2010-11-28 00:00:00 24
Creating point data table for: 2010112900
2010-11-29 00:00:00 12
Creating point data table for: 2010112912
2010-11-29 00:00:00 24
Creating point data table for: 2010113000
2010-11-30 00:00:00 12
Creating point data table for: 2010113012
2010-11-30 00:00:00 24
Creating point data table for: 2010120100
2010-12-01 00:00:00 12
Creating point data table for: 2010120112
2010-12-01 00:00:00 24
Creating point data table for: 2010120200
2010-12-02 00:00:00 12
Creating point data table for: 2010120212
2010-12-02 00:00:00 24
Creating point data table for: 2010120300
2010-12-03 00:00:00 12
Creating point data table for: 2010120312
2010-12-03 00:00:00 24
Creating point data table for: 2010120400
2010-12-04 00:00:00 12
Creating point data table for: 2010120412
2010-12-04 00:00:00 24
Creating point data table for: 2010120500
2010-12-05 00:00:00 12
Creating point data table for: 2010120512
2010-12-05 00:00:00 24
Creating point data table for: 2010120600
2010-12-06 00:00:00 12
Creating point data table for: 2010120612
2010-12-06 00:00:00 24
Creating point data table for: 2010120700
2010-12-07 00:00:00 12
Creating point data table for: 2010120712
2010-12-07 00:00:00 24
Creating point data table for: 2010120800
2010-12-08 00:00:00 12
Creating point data table for: 2010120812
2010-12-08 00:00:00 24
Creating point data table for: 2010120900
2010-12-09 00:00:00 12
Creating point data table for: 2010120912
2010-12-09 00:00:00 24
Creating point data table for: 2010121000
2010-12-10 00:00:00 12
Creating point data table for: 2010121012
2010-12-10 00:00:00 24
Creating point data table for: 2010121100
2010-12-11 00:00:00 12
Creating point data table for: 2010121112
2010-12-11 00:00:00 24
Creating point data table for: 2010121200
2010-12-12 00:00:00 12
Creating point data table for: 2010121212
2010-12-12 00:00:00 24
Creating point data table for: 2010121300
2010-12-13 00:00:00 12
Creating point data table for: 2010121312
2010-12-13 00:00:00 24
Creating point data table for: 2010121400
2010-12-14 00:00:00 12
Creating point data table for: 2010121412
2010-12-14 00:00:00 24
Creating point data table for: 2010121500
2010-12-15 00:00:00 12
Creating point data table for: 2010121512
2010-12-15 00:00:00 24
Creating point data table for: 2010121600
2010-12-16 00:00:00 12
Creating point data table for: 2010121612
2010-12-16 00:00:00 24
Creating point data table for: 2010121700
2010-12-17 00:00:00 12
Creating point data table for: 2010121712
2010-12-17 00:00:00 24
Creating point data table for: 2010121800
2010-12-18 00:00:00 12
Creating point data table for: 2010121812
2010-12-18 00:00:00 24
Creating point data table for: 2010121900
2010-12-19 00:00:00 12
Creating point data table for: 2010121912
2010-12-19 00:00:00 24
Creating point data table for: 2010122000
2010-12-20 00:00:00 12
Creating point data table for: 2010122012
2010-12-20 00:00:00 24
Creating point data table for: 2010122100
2010-12-21 00:00:00 12
Creating point data table for: 2010122112
2010-12-21 00:00:00 24
Creating point data table for: 2010122200
2010-12-22 00:00:00 12
Creating point data table for: 2010122212
2010-12-22 00:00:00 24
Creating point data table for: 2010122300
2010-12-23 00:00:00 12
Creating point data table for: 2010122312
2010-12-23 00:00:00 24
Creating point data table for: 2010122400
2010-12-24 00:00:00 12
Creating point data table for: 2010122412
2010-12-24 00:00:00 24
Creating point data table for: 2010122500
2010-12-25 00:00:00 12
Creating point data table for: 2010122512
2010-12-25 00:00:00 24
Creating point data table for: 2010122600
2010-12-26 00:00:00 12
Creating point data table for: 2010122612
2010-12-26 00:00:00 24
Creating point data table for: 2010122700
2010-12-27 00:00:00 12
Creating point data table for: 2010122712
2010-12-27 00:00:00 24
Creating point data table for: 2010122800
2010-12-28 00:00:00 12
Creating point data table for: 2010122812
2010-12-28 00:00:00 24
Creating point data table for: 2010122900
2010-12-29 00:00:00 12
Creating point data table for: 2010122912
2010-12-29 00:00:00 24
Creating point data table for: 2010123000
2010-12-30 00:00:00 12
Creating point data table for: 2010123012
2010-12-30 00:00:00 24
Creating point data table for: 2010123100
2010-12-31 00:00:00 12
Creating point data table for: 2010123112
2010-12-31 00:00:00 24
Creating point data table for: 2011010100
[ECMWF-INFO -ecepilog] ----------------------------------------------------------------------------------------------------
[ECMWF-INFO -ecepilog] This is the ECMWF job Epilogue
[ECMWF-INFO -ecepilog] +++ Please report issues using the Support portal +++
[ECMWF-INFO -ecepilog] +++ https://support.ecmwf.int                     +++
[ECMWF-INFO -ecepilog] ----------------------------------------------------------------------------------------------------
[ECMWF-INFO -ecepilog] Run at 2024-03-05T18:40:22 on aa
[ECMWF-INFO -ecepilog] JobName                   : PDT_Year
[ECMWF-INFO -ecepilog] JobID                     : 13918865
[ECMWF-INFO -ecepilog] Submit                    : 2024-03-05T17:27:11
[ECMWF-INFO -ecepilog] Start                     : 2024-03-05T17:27:29
[ECMWF-INFO -ecepilog] End                       : 2024-03-05T18:40:22
[ECMWF-INFO -ecepilog] QueuedTime                : 18.0
[ECMWF-INFO -ecepilog] ElapsedRaw                : 4373
[ECMWF-INFO -ecepilog] ExitCode                  : 0:0
[ECMWF-INFO -ecepilog] DerivedExitCode           : 0:0
[ECMWF-INFO -ecepilog] State                     : COMPLETED
[ECMWF-INFO -ecepilog] Account                   : ecodmdmo
[ECMWF-INFO -ecepilog] QOS                       : nf
[ECMWF-INFO -ecepilog] User                      : mofp
[ECMWF-INFO -ecepilog] StdOut                    : /etc/ecmwf/vol/ecpoint_dev/mofp/Papers_2_Write/Use_FlashFloodsRep_4Verif_USA/Scripts/Processed/LogATOS/PDT_Year-13918865.out
[ECMWF-INFO -ecepilog] StdErr                    : /etc/ecmwf/vol/ecpoint_dev/mofp/Papers_2_Write/Use_FlashFloodsRep_4Verif_USA/Scripts/Processed/LogATOS/PDT_Year-13918865.out
[ECMWF-INFO -ecepilog] NNodes                    : 1
[ECMWF-INFO -ecepilog] NCPUS                     : 64
[ECMWF-INFO -ecepilog] SBU                       : 663.284
[ECMWF-INFO -ecepilog] ----------------------------------------------------------------------------------------------------

