[ECMWF-INFO -sbatch] - -------------------------------------------------------------------------------------
[ECMWF-INFO -sbatch] -  This is the ECMWF jobfilter
[ECMWF-INFO -sbatch] -  +++ Please report issues using the Support portal +++
[ECMWF-INFO -sbatch] -  +++ https://support.ecmwf.int                     +++
[ECMWF-INFO -sbatch] -  /usr/local/bin/ecsbatch: size: 49002, mtime: Tue Oct  3 11:53:54 2023
[ECMWF-INFO -sbatch] - -------------------------------------------------------------------------------------
[ECMWF-INFO -sbatch] - Time at submit: Tue Mar  5 17:27:11 2024 (1709659631.074071) on aa6-204.bullx:/etc/ecmwf/vol/ecpoint_dev/mofp/Papers_2_Write/Use_FlashFloodsRep_4Verif_USA/Scripts/Processed
[ECMWF-INFO -sbatch] - --- SLURM VARIABLES ---
[ECMWF-INFO -sbatch] - EC_CLUSTER=aa
[ECMWF-INFO -sbatch] - SLURM_EXPORT_ENV=ALL
[ECMWF-INFO -sbatch] - SLURM_JOB_ID=13517288
[ECMWF-INFO -sbatch] - SBATCH_EXPORT=NONE
[ECMWF-INFO -sbatch] - -----------------------
[ECMWF-INFO -sbatch] - jobscript: /etc/ecmwf/vol/ecpoint_dev/mofp/Papers_2_Write/Use_FlashFloodsRep_4Verif_USA/Scripts/Processed/18a_SubmitterATOS_PDT_Year.sh
[ECMWF-INFO -sbatch] - --- SCRIPT OPTIONS ---
[ECMWF-INFO -sbatch] - #SBATCH --job-name=PDT_Year
[ECMWF-INFO -sbatch] - #SBATCH --output=LogATOS/PDT_Year-%J.out
[ECMWF-INFO -sbatch] - #SBATCH --error=LogATOS/PDT_Year-%J.out
[ECMWF-INFO -sbatch] - #SBATCH --cpus-per-task=64
[ECMWF-INFO -sbatch] - #SBATCH --mem=128G
[ECMWF-INFO -sbatch] - #SBATCH --time=2-00:00:00
[ECMWF-INFO -sbatch] - #SBATCH --qos=nf
[ECMWF-INFO -sbatch] - #SBATCH --mail-type=FAIL
[ECMWF-INFO -sbatch] - #SBATCH --mail-user=fatima.pillosu@ecmwf.int
[ECMWF-INFO -sbatch] - -----------------------
[ECMWF-INFO -sbatch] - --- POST-PROCESSED OPTIONS ---
[ECMWF-INFO -sbatch] - ARG --positional=['18a_SubmitterATOS_PDT_Year.sh', '2009']
[ECMWF-INFO -sbatch] - ARG --cpus_per_task=64
[ECMWF-INFO -sbatch] - ARG --error=LogATOS/PDT_Year-%J.out
[ECMWF-INFO -sbatch] - ARG --job_name=PDT_Year
[ECMWF-INFO -sbatch] - ARG --mail_type=FAIL
[ECMWF-INFO -sbatch] - ARG --mail_user=fatima.pillosu@ecmwf.int
[ECMWF-INFO -sbatch] - ARG --output=LogATOS/PDT_Year-%J.out
[ECMWF-INFO -sbatch] - ARG --qos=nf
[ECMWF-INFO -sbatch] - ARG --time=2-00:00:00
[ECMWF-INFO -sbatch] - ARG --mem=128G
[ECMWF-INFO -sbatch] - ------------------------------
[ECMWF-INFO -sbatch] - jobtag: mofp-PDT_Year-1x64-/etc/ecmwf/vol/ecpoint_dev/mofp/Papers_2_Write/Use_FlashFloodsRep_4Verif_USA/Scripts/Processed/LogATOS/PDT_Year-_.out
[ECMWF-INFO -sbatch] - ['/usr/bin/sbatch', '--cpus-per-task=64', '--error=LogATOS/PDT_Year-%J.out', '--job-name=PDT_Year', '--mail-type=FAIL', '--mail-user=fatima.pillosu@ecmwf.int', '--output=LogATOS/PDT_Year-%J.out', '--qos=nf', '--time=2-00:00:00', '--mem=128G', '--licenses=h2resw01', '--export=EC_user_time_limit=2-00:00:00', '/etc/ecmwf/vol/ecpoint_dev/mofp/Papers_2_Write/Use_FlashFloodsRep_4Verif_USA/Scripts/Processed/18a_SubmitterATOS_PDT_Year.sh', '2009']
[ECMWF-INFO -sbatch] - sbatch executed on aa
[ECMWF-INFO -sbatch] - Job queued on aa using method local
[ECMWF-INFO -sbatch] - Submitted batch job 13918864
[ECMWF-INFO -ecprofile] /usr/bin/bash NON_INTERACTIVE on aa6-153 at 20240305_172732.241, PID: 3897171, JOBID: 13918864
[ECMWF-INFO -ecprofile] $SCRATCH=/ec/res4/scratch/mofp
[ECMWF-INFO -ecprofile] $PERM=/perm/mofp
[ECMWF-INFO -ecprofile] $HPCPERM=/ec/res4/hpcperm/mofp
[ECMWF-INFO -ecprofile] $TMPDIR=/etc/ecmwf/ssd/ssd1/tmpdirs/mofp.13918864
[ECMWF-INFO -ecprofile] $SCRATCHDIR=/ec/res4/scratchdir/mofp/0/13918864
2009-01-01 00:00:00 12
Creating point data table for: 2009010112
2009-01-01 00:00:00 24
Creating point data table for: 2009010200
2009-01-02 00:00:00 12
Creating point data table for: 2009010212
2009-01-02 00:00:00 24
Creating point data table for: 2009010300
2009-01-03 00:00:00 12
Creating point data table for: 2009010312
2009-01-03 00:00:00 24
Creating point data table for: 2009010400
2009-01-04 00:00:00 12
Creating point data table for: 2009010412
2009-01-04 00:00:00 24
Creating point data table for: 2009010500
2009-01-05 00:00:00 12
Creating point data table for: 2009010512
2009-01-05 00:00:00 24
Creating point data table for: 2009010600
2009-01-06 00:00:00 12
Creating point data table for: 2009010612
2009-01-06 00:00:00 24
Creating point data table for: 2009010700
2009-01-07 00:00:00 12
Creating point data table for: 2009010712
2009-01-07 00:00:00 24
Creating point data table for: 2009010800
2009-01-08 00:00:00 12
Creating point data table for: 2009010812
2009-01-08 00:00:00 24
Creating point data table for: 2009010900
2009-01-09 00:00:00 12
Creating point data table for: 2009010912
2009-01-09 00:00:00 24
Creating point data table for: 2009011000
2009-01-10 00:00:00 12
Creating point data table for: 2009011012
2009-01-10 00:00:00 24
Creating point data table for: 2009011100
2009-01-11 00:00:00 12
Creating point data table for: 2009011112
2009-01-11 00:00:00 24
Creating point data table for: 2009011200
2009-01-12 00:00:00 12
Creating point data table for: 2009011212
2009-01-12 00:00:00 24
Creating point data table for: 2009011300
2009-01-13 00:00:00 12
Creating point data table for: 2009011312
2009-01-13 00:00:00 24
Creating point data table for: 2009011400
2009-01-14 00:00:00 12
Creating point data table for: 2009011412
2009-01-14 00:00:00 24
Creating point data table for: 2009011500
2009-01-15 00:00:00 12
Creating point data table for: 2009011512
2009-01-15 00:00:00 24
Creating point data table for: 2009011600
2009-01-16 00:00:00 12
Creating point data table for: 2009011612
2009-01-16 00:00:00 24
Creating point data table for: 2009011700
2009-01-17 00:00:00 12
Creating point data table for: 2009011712
2009-01-17 00:00:00 24
Creating point data table for: 2009011800
2009-01-18 00:00:00 12
Creating point data table for: 2009011812
2009-01-18 00:00:00 24
Creating point data table for: 2009011900
2009-01-19 00:00:00 12
Creating point data table for: 2009011912
2009-01-19 00:00:00 24
Creating point data table for: 2009012000
2009-01-20 00:00:00 12
Creating point data table for: 2009012012
2009-01-20 00:00:00 24
Creating point data table for: 2009012100
2009-01-21 00:00:00 12
Creating point data table for: 2009012112
2009-01-21 00:00:00 24
Creating point data table for: 2009012200
2009-01-22 00:00:00 12
Creating point data table for: 2009012212
2009-01-22 00:00:00 24
Creating point data table for: 2009012300
2009-01-23 00:00:00 12
Creating point data table for: 2009012312
2009-01-23 00:00:00 24
Creating point data table for: 2009012400
2009-01-24 00:00:00 12
Creating point data table for: 2009012412
2009-01-24 00:00:00 24
Creating point data table for: 2009012500
2009-01-25 00:00:00 12
Creating point data table for: 2009012512
2009-01-25 00:00:00 24
Creating point data table for: 2009012600
2009-01-26 00:00:00 12
Creating point data table for: 2009012612
2009-01-26 00:00:00 24
Creating point data table for: 2009012700
2009-01-27 00:00:00 12
Creating point data table for: 2009012712
2009-01-27 00:00:00 24
Creating point data table for: 2009012800
2009-01-28 00:00:00 12
Creating point data table for: 2009012812
2009-01-28 00:00:00 24
Creating point data table for: 2009012900
2009-01-29 00:00:00 12
Creating point data table for: 2009012912
2009-01-29 00:00:00 24
Creating point data table for: 2009013000
2009-01-30 00:00:00 12
Creating point data table for: 2009013012
2009-01-30 00:00:00 24
Creating point data table for: 2009013100
2009-01-31 00:00:00 12
Creating point data table for: 2009013112
2009-01-31 00:00:00 24
Creating point data table for: 2009020100
2009-02-01 00:00:00 12
Creating point data table for: 2009020112
2009-02-01 00:00:00 24
Creating point data table for: 2009020200
2009-02-02 00:00:00 12
Creating point data table for: 2009020212
2009-02-02 00:00:00 24
Creating point data table for: 2009020300
2009-02-03 00:00:00 12
Creating point data table for: 2009020312
2009-02-03 00:00:00 24
Creating point data table for: 2009020400
2009-02-04 00:00:00 12
Creating point data table for: 2009020412
2009-02-04 00:00:00 24
Creating point data table for: 2009020500
2009-02-05 00:00:00 12
Creating point data table for: 2009020512
2009-02-05 00:00:00 24
Creating point data table for: 2009020600
2009-02-06 00:00:00 12
Creating point data table for: 2009020612
2009-02-06 00:00:00 24
Creating point data table for: 2009020700
2009-02-07 00:00:00 12
Creating point data table for: 2009020712
2009-02-07 00:00:00 24
Creating point data table for: 2009020800
2009-02-08 00:00:00 12
Creating point data table for: 2009020812
2009-02-08 00:00:00 24
Creating point data table for: 2009020900
2009-02-09 00:00:00 12
Creating point data table for: 2009020912
2009-02-09 00:00:00 24
Creating point data table for: 2009021000
2009-02-10 00:00:00 12
Creating point data table for: 2009021012
2009-02-10 00:00:00 24
Creating point data table for: 2009021100
2009-02-11 00:00:00 12
Creating point data table for: 2009021112
2009-02-11 00:00:00 24
Creating point data table for: 2009021200
2009-02-12 00:00:00 12
Creating point data table for: 2009021212
2009-02-12 00:00:00 24
Creating point data table for: 2009021300
2009-02-13 00:00:00 12
Creating point data table for: 2009021312
2009-02-13 00:00:00 24
Creating point data table for: 2009021400
2009-02-14 00:00:00 12
Creating point data table for: 2009021412
2009-02-14 00:00:00 24
Creating point data table for: 2009021500
2009-02-15 00:00:00 12
Creating point data table for: 2009021512
2009-02-15 00:00:00 24
Creating point data table for: 2009021600
2009-02-16 00:00:00 12
Creating point data table for: 2009021612
2009-02-16 00:00:00 24
Creating point data table for: 2009021700
2009-02-17 00:00:00 12
Creating point data table for: 2009021712
2009-02-17 00:00:00 24
Creating point data table for: 2009021800
2009-02-18 00:00:00 12
Creating point data table for: 2009021812
2009-02-18 00:00:00 24
Creating point data table for: 2009021900
2009-02-19 00:00:00 12
Creating point data table for: 2009021912
2009-02-19 00:00:00 24
Creating point data table for: 2009022000
2009-02-20 00:00:00 12
Creating point data table for: 2009022012
2009-02-20 00:00:00 24
Creating point data table for: 2009022100
2009-02-21 00:00:00 12
Creating point data table for: 2009022112
2009-02-21 00:00:00 24
Creating point data table for: 2009022200
2009-02-22 00:00:00 12
Creating point data table for: 2009022212
2009-02-22 00:00:00 24
Creating point data table for: 2009022300
2009-02-23 00:00:00 12
Creating point data table for: 2009022312
2009-02-23 00:00:00 24
Creating point data table for: 2009022400
2009-02-24 00:00:00 12
Creating point data table for: 2009022412
2009-02-24 00:00:00 24
Creating point data table for: 2009022500
2009-02-25 00:00:00 12
Creating point data table for: 2009022512
2009-02-25 00:00:00 24
Creating point data table for: 2009022600
2009-02-26 00:00:00 12
Creating point data table for: 2009022612
2009-02-26 00:00:00 24
Creating point data table for: 2009022700
2009-02-27 00:00:00 12
Creating point data table for: 2009022712
2009-02-27 00:00:00 24
Creating point data table for: 2009022800
2009-02-28 00:00:00 12
Creating point data table for: 2009022812
2009-02-28 00:00:00 24
Creating point data table for: 2009030100
2009-03-01 00:00:00 12
Creating point data table for: 2009030112
2009-03-01 00:00:00 24
Creating point data table for: 2009030200
2009-03-02 00:00:00 12
Creating point data table for: 2009030212
2009-03-02 00:00:00 24
Creating point data table for: 2009030300
2009-03-03 00:00:00 12
Creating point data table for: 2009030312
2009-03-03 00:00:00 24
Creating point data table for: 2009030400
2009-03-04 00:00:00 12
Creating point data table for: 2009030412
2009-03-04 00:00:00 24
Creating point data table for: 2009030500
2009-03-05 00:00:00 12
Creating point data table for: 2009030512
2009-03-05 00:00:00 24
Creating point data table for: 2009030600
2009-03-06 00:00:00 12
Creating point data table for: 2009030612
2009-03-06 00:00:00 24
Creating point data table for: 2009030700
2009-03-07 00:00:00 12
Creating point data table for: 2009030712
2009-03-07 00:00:00 24
Creating point data table for: 2009030800
2009-03-08 00:00:00 12
Creating point data table for: 2009030812
2009-03-08 00:00:00 24
Creating point data table for: 2009030900
2009-03-09 00:00:00 12
Creating point data table for: 2009030912
2009-03-09 00:00:00 24
Creating point data table for: 2009031000
2009-03-10 00:00:00 12
Creating point data table for: 2009031012
2009-03-10 00:00:00 24
Creating point data table for: 2009031100
2009-03-11 00:00:00 12
Creating point data table for: 2009031112
2009-03-11 00:00:00 24
Creating point data table for: 2009031200
2009-03-12 00:00:00 12
Creating point data table for: 2009031212
2009-03-12 00:00:00 24
Creating point data table for: 2009031300
2009-03-13 00:00:00 12
Creating point data table for: 2009031312
2009-03-13 00:00:00 24
Creating point data table for: 2009031400
2009-03-14 00:00:00 12
Creating point data table for: 2009031412
2009-03-14 00:00:00 24
Creating point data table for: 2009031500
2009-03-15 00:00:00 12
Creating point data table for: 2009031512
2009-03-15 00:00:00 24
Creating point data table for: 2009031600
2009-03-16 00:00:00 12
Creating point data table for: 2009031612
2009-03-16 00:00:00 24
Creating point data table for: 2009031700
2009-03-17 00:00:00 12
Creating point data table for: 2009031712
2009-03-17 00:00:00 24
Creating point data table for: 2009031800
2009-03-18 00:00:00 12
Creating point data table for: 2009031812
2009-03-18 00:00:00 24
Creating point data table for: 2009031900
2009-03-19 00:00:00 12
Creating point data table for: 2009031912
2009-03-19 00:00:00 24
Creating point data table for: 2009032000
2009-03-20 00:00:00 12
Creating point data table for: 2009032012
2009-03-20 00:00:00 24
Creating point data table for: 2009032100
2009-03-21 00:00:00 12
Creating point data table for: 2009032112
2009-03-21 00:00:00 24
Creating point data table for: 2009032200
2009-03-22 00:00:00 12
Creating point data table for: 2009032212
2009-03-22 00:00:00 24
Creating point data table for: 2009032300
2009-03-23 00:00:00 12
Creating point data table for: 2009032312
2009-03-23 00:00:00 24
Creating point data table for: 2009032400
2009-03-24 00:00:00 12
Creating point data table for: 2009032412
2009-03-24 00:00:00 24
Creating point data table for: 2009032500
2009-03-25 00:00:00 12
Creating point data table for: 2009032512
2009-03-25 00:00:00 24
Creating point data table for: 2009032600
2009-03-26 00:00:00 12
Creating point data table for: 2009032612
2009-03-26 00:00:00 24
Creating point data table for: 2009032700
2009-03-27 00:00:00 12
Creating point data table for: 2009032712
2009-03-27 00:00:00 24
Creating point data table for: 2009032800
2009-03-28 00:00:00 12
Creating point data table for: 2009032812
2009-03-28 00:00:00 24
Creating point data table for: 2009032900
2009-03-29 00:00:00 12
Creating point data table for: 2009032912
2009-03-29 00:00:00 24
Creating point data table for: 2009033000
2009-03-30 00:00:00 12
Creating point data table for: 2009033012
2009-03-30 00:00:00 24
Creating point data table for: 2009033100
2009-03-31 00:00:00 12
Creating point data table for: 2009033112
2009-03-31 00:00:00 24
Creating point data table for: 2009040100
2009-04-01 00:00:00 12
Creating point data table for: 2009040112
2009-04-01 00:00:00 24
Creating point data table for: 2009040200
2009-04-02 00:00:00 12
Creating point data table for: 2009040212
2009-04-02 00:00:00 24
Creating point data table for: 2009040300
2009-04-03 00:00:00 12
Creating point data table for: 2009040312
2009-04-03 00:00:00 24
Creating point data table for: 2009040400
2009-04-04 00:00:00 12
Creating point data table for: 2009040412
2009-04-04 00:00:00 24
Creating point data table for: 2009040500
2009-04-05 00:00:00 12
Creating point data table for: 2009040512
2009-04-05 00:00:00 24
Creating point data table for: 2009040600
2009-04-06 00:00:00 12
Creating point data table for: 2009040612
2009-04-06 00:00:00 24
Creating point data table for: 2009040700
2009-04-07 00:00:00 12
Creating point data table for: 2009040712
2009-04-07 00:00:00 24
Creating point data table for: 2009040800
2009-04-08 00:00:00 12
Creating point data table for: 2009040812
2009-04-08 00:00:00 24
Creating point data table for: 2009040900
2009-04-09 00:00:00 12
Creating point data table for: 2009040912
2009-04-09 00:00:00 24
Creating point data table for: 2009041000
2009-04-10 00:00:00 12
Creating point data table for: 2009041012
2009-04-10 00:00:00 24
Creating point data table for: 2009041100
2009-04-11 00:00:00 12
Creating point data table for: 2009041112
2009-04-11 00:00:00 24
Creating point data table for: 2009041200
2009-04-12 00:00:00 12
Creating point data table for: 2009041212
2009-04-12 00:00:00 24
Creating point data table for: 2009041300
2009-04-13 00:00:00 12
Creating point data table for: 2009041312
2009-04-13 00:00:00 24
Creating point data table for: 2009041400
2009-04-14 00:00:00 12
Creating point data table for: 2009041412
2009-04-14 00:00:00 24
Creating point data table for: 2009041500
2009-04-15 00:00:00 12
Creating point data table for: 2009041512
2009-04-15 00:00:00 24
Creating point data table for: 2009041600
2009-04-16 00:00:00 12
Creating point data table for: 2009041612
2009-04-16 00:00:00 24
Creating point data table for: 2009041700
2009-04-17 00:00:00 12
Creating point data table for: 2009041712
2009-04-17 00:00:00 24
Creating point data table for: 2009041800
2009-04-18 00:00:00 12
Creating point data table for: 2009041812
2009-04-18 00:00:00 24
Creating point data table for: 2009041900
2009-04-19 00:00:00 12
Creating point data table for: 2009041912
2009-04-19 00:00:00 24
Creating point data table for: 2009042000
2009-04-20 00:00:00 12
Creating point data table for: 2009042012
2009-04-20 00:00:00 24
Creating point data table for: 2009042100
2009-04-21 00:00:00 12
Creating point data table for: 2009042112
2009-04-21 00:00:00 24
Creating point data table for: 2009042200
2009-04-22 00:00:00 12
Creating point data table for: 2009042212
2009-04-22 00:00:00 24
Creating point data table for: 2009042300
2009-04-23 00:00:00 12
Creating point data table for: 2009042312
2009-04-23 00:00:00 24
Creating point data table for: 2009042400
2009-04-24 00:00:00 12
Creating point data table for: 2009042412
2009-04-24 00:00:00 24
Creating point data table for: 2009042500
2009-04-25 00:00:00 12
Creating point data table for: 2009042512
2009-04-25 00:00:00 24
Creating point data table for: 2009042600
2009-04-26 00:00:00 12
Creating point data table for: 2009042612
2009-04-26 00:00:00 24
Creating point data table for: 2009042700
2009-04-27 00:00:00 12
Creating point data table for: 2009042712
2009-04-27 00:00:00 24
Creating point data table for: 2009042800
2009-04-28 00:00:00 12
Creating point data table for: 2009042812
2009-04-28 00:00:00 24
Creating point data table for: 2009042900
2009-04-29 00:00:00 12
Creating point data table for: 2009042912
2009-04-29 00:00:00 24
Creating point data table for: 2009043000
2009-04-30 00:00:00 12
Creating point data table for: 2009043012
2009-04-30 00:00:00 24
Creating point data table for: 2009050100
2009-05-01 00:00:00 12
Creating point data table for: 2009050112
2009-05-01 00:00:00 24
Creating point data table for: 2009050200
2009-05-02 00:00:00 12
Creating point data table for: 2009050212
2009-05-02 00:00:00 24
Creating point data table for: 2009050300
2009-05-03 00:00:00 12
Creating point data table for: 2009050312
2009-05-03 00:00:00 24
Creating point data table for: 2009050400
2009-05-04 00:00:00 12
Creating point data table for: 2009050412
2009-05-04 00:00:00 24
Creating point data table for: 2009050500
2009-05-05 00:00:00 12
Creating point data table for: 2009050512
2009-05-05 00:00:00 24
Creating point data table for: 2009050600
2009-05-06 00:00:00 12
Creating point data table for: 2009050612
2009-05-06 00:00:00 24
Creating point data table for: 2009050700
2009-05-07 00:00:00 12
Creating point data table for: 2009050712
2009-05-07 00:00:00 24
Creating point data table for: 2009050800
2009-05-08 00:00:00 12
Creating point data table for: 2009050812
2009-05-08 00:00:00 24
Creating point data table for: 2009050900
2009-05-09 00:00:00 12
Creating point data table for: 2009050912
2009-05-09 00:00:00 24
Creating point data table for: 2009051000
2009-05-10 00:00:00 12
Creating point data table for: 2009051012
2009-05-10 00:00:00 24
Creating point data table for: 2009051100
2009-05-11 00:00:00 12
Creating point data table for: 2009051112
2009-05-11 00:00:00 24
Creating point data table for: 2009051200
2009-05-12 00:00:00 12
Creating point data table for: 2009051212
2009-05-12 00:00:00 24
Creating point data table for: 2009051300
2009-05-13 00:00:00 12
Creating point data table for: 2009051312
2009-05-13 00:00:00 24
Creating point data table for: 2009051400
2009-05-14 00:00:00 12
Creating point data table for: 2009051412
2009-05-14 00:00:00 24
Creating point data table for: 2009051500
2009-05-15 00:00:00 12
Creating point data table for: 2009051512
2009-05-15 00:00:00 24
Creating point data table for: 2009051600
2009-05-16 00:00:00 12
Creating point data table for: 2009051612
2009-05-16 00:00:00 24
Creating point data table for: 2009051700
2009-05-17 00:00:00 12
Creating point data table for: 2009051712
2009-05-17 00:00:00 24
Creating point data table for: 2009051800
2009-05-18 00:00:00 12
Creating point data table for: 2009051812
2009-05-18 00:00:00 24
Creating point data table for: 2009051900
2009-05-19 00:00:00 12
Creating point data table for: 2009051912
2009-05-19 00:00:00 24
Creating point data table for: 2009052000
2009-05-20 00:00:00 12
Creating point data table for: 2009052012
2009-05-20 00:00:00 24
Creating point data table for: 2009052100
2009-05-21 00:00:00 12
Creating point data table for: 2009052112
2009-05-21 00:00:00 24
Creating point data table for: 2009052200
2009-05-22 00:00:00 12
Creating point data table for: 2009052212
2009-05-22 00:00:00 24
Creating point data table for: 2009052300
2009-05-23 00:00:00 12
Creating point data table for: 2009052312
2009-05-23 00:00:00 24
Creating point data table for: 2009052400
2009-05-24 00:00:00 12
Creating point data table for: 2009052412
2009-05-24 00:00:00 24
Creating point data table for: 2009052500
2009-05-25 00:00:00 12
Creating point data table for: 2009052512
2009-05-25 00:00:00 24
Creating point data table for: 2009052600
2009-05-26 00:00:00 12
Creating point data table for: 2009052612
2009-05-26 00:00:00 24
Creating point data table for: 2009052700
2009-05-27 00:00:00 12
Creating point data table for: 2009052712
2009-05-27 00:00:00 24
Creating point data table for: 2009052800
2009-05-28 00:00:00 12
Creating point data table for: 2009052812
2009-05-28 00:00:00 24
Creating point data table for: 2009052900
2009-05-29 00:00:00 12
Creating point data table for: 2009052912
2009-05-29 00:00:00 24
Creating point data table for: 2009053000
2009-05-30 00:00:00 12
Creating point data table for: 2009053012
2009-05-30 00:00:00 24
Creating point data table for: 2009053100
2009-05-31 00:00:00 12
Creating point data table for: 2009053112
2009-05-31 00:00:00 24
Creating point data table for: 2009060100
2009-06-01 00:00:00 12
Creating point data table for: 2009060112
2009-06-01 00:00:00 24
Creating point data table for: 2009060200
2009-06-02 00:00:00 12
Creating point data table for: 2009060212
2009-06-02 00:00:00 24
Creating point data table for: 2009060300
2009-06-03 00:00:00 12
Creating point data table for: 2009060312
2009-06-03 00:00:00 24
Creating point data table for: 2009060400
2009-06-04 00:00:00 12
Creating point data table for: 2009060412
2009-06-04 00:00:00 24
Creating point data table for: 2009060500
2009-06-05 00:00:00 12
Creating point data table for: 2009060512
2009-06-05 00:00:00 24
Creating point data table for: 2009060600
2009-06-06 00:00:00 12
Creating point data table for: 2009060612
2009-06-06 00:00:00 24
Creating point data table for: 2009060700
2009-06-07 00:00:00 12
Creating point data table for: 2009060712
2009-06-07 00:00:00 24
Creating point data table for: 2009060800
2009-06-08 00:00:00 12
Creating point data table for: 2009060812
2009-06-08 00:00:00 24
Creating point data table for: 2009060900
2009-06-09 00:00:00 12
Creating point data table for: 2009060912
2009-06-09 00:00:00 24
Creating point data table for: 2009061000
2009-06-10 00:00:00 12
Creating point data table for: 2009061012
2009-06-10 00:00:00 24
Creating point data table for: 2009061100
2009-06-11 00:00:00 12
Creating point data table for: 2009061112
2009-06-11 00:00:00 24
Creating point data table for: 2009061200
2009-06-12 00:00:00 12
Creating point data table for: 2009061212
2009-06-12 00:00:00 24
Creating point data table for: 2009061300
2009-06-13 00:00:00 12
Creating point data table for: 2009061312
2009-06-13 00:00:00 24
Creating point data table for: 2009061400
2009-06-14 00:00:00 12
Creating point data table for: 2009061412
2009-06-14 00:00:00 24
Creating point data table for: 2009061500
2009-06-15 00:00:00 12
Creating point data table for: 2009061512
2009-06-15 00:00:00 24
Creating point data table for: 2009061600
2009-06-16 00:00:00 12
Creating point data table for: 2009061612
2009-06-16 00:00:00 24
Creating point data table for: 2009061700
2009-06-17 00:00:00 12
Creating point data table for: 2009061712
2009-06-17 00:00:00 24
Creating point data table for: 2009061800
2009-06-18 00:00:00 12
Creating point data table for: 2009061812
2009-06-18 00:00:00 24
Creating point data table for: 2009061900
2009-06-19 00:00:00 12
Creating point data table for: 2009061912
2009-06-19 00:00:00 24
Creating point data table for: 2009062000
2009-06-20 00:00:00 12
Creating point data table for: 2009062012
2009-06-20 00:00:00 24
Creating point data table for: 2009062100
2009-06-21 00:00:00 12
Creating point data table for: 2009062112
2009-06-21 00:00:00 24
Creating point data table for: 2009062200
2009-06-22 00:00:00 12
Creating point data table for: 2009062212
2009-06-22 00:00:00 24
Creating point data table for: 2009062300
2009-06-23 00:00:00 12
Creating point data table for: 2009062312
2009-06-23 00:00:00 24
Creating point data table for: 2009062400
2009-06-24 00:00:00 12
Creating point data table for: 2009062412
2009-06-24 00:00:00 24
Creating point data table for: 2009062500
2009-06-25 00:00:00 12
Creating point data table for: 2009062512
2009-06-25 00:00:00 24
Creating point data table for: 2009062600
2009-06-26 00:00:00 12
Creating point data table for: 2009062612
2009-06-26 00:00:00 24
Creating point data table for: 2009062700
2009-06-27 00:00:00 12
Creating point data table for: 2009062712
2009-06-27 00:00:00 24
Creating point data table for: 2009062800
2009-06-28 00:00:00 12
Creating point data table for: 2009062812
2009-06-28 00:00:00 24
Creating point data table for: 2009062900
2009-06-29 00:00:00 12
Creating point data table for: 2009062912
2009-06-29 00:00:00 24
Creating point data table for: 2009063000
2009-06-30 00:00:00 12
Creating point data table for: 2009063012
2009-06-30 00:00:00 24
Creating point data table for: 2009070100
2009-07-01 00:00:00 12
Creating point data table for: 2009070112
2009-07-01 00:00:00 24
Creating point data table for: 2009070200
2009-07-02 00:00:00 12
Creating point data table for: 2009070212
2009-07-02 00:00:00 24
Creating point data table for: 2009070300
2009-07-03 00:00:00 12
Creating point data table for: 2009070312
2009-07-03 00:00:00 24
Creating point data table for: 2009070400
2009-07-04 00:00:00 12
Creating point data table for: 2009070412
2009-07-04 00:00:00 24
Creating point data table for: 2009070500
2009-07-05 00:00:00 12
Creating point data table for: 2009070512
2009-07-05 00:00:00 24
Creating point data table for: 2009070600
2009-07-06 00:00:00 12
Creating point data table for: 2009070612
2009-07-06 00:00:00 24
Creating point data table for: 2009070700
2009-07-07 00:00:00 12
Creating point data table for: 2009070712
2009-07-07 00:00:00 24
Creating point data table for: 2009070800
2009-07-08 00:00:00 12
Creating point data table for: 2009070812
2009-07-08 00:00:00 24
Creating point data table for: 2009070900
2009-07-09 00:00:00 12
Creating point data table for: 2009070912
2009-07-09 00:00:00 24
Creating point data table for: 2009071000
2009-07-10 00:00:00 12
Creating point data table for: 2009071012
2009-07-10 00:00:00 24
Creating point data table for: 2009071100
2009-07-11 00:00:00 12
Creating point data table for: 2009071112
2009-07-11 00:00:00 24
Creating point data table for: 2009071200
2009-07-12 00:00:00 12
Creating point data table for: 2009071212
2009-07-12 00:00:00 24
Creating point data table for: 2009071300
2009-07-13 00:00:00 12
Creating point data table for: 2009071312
2009-07-13 00:00:00 24
Creating point data table for: 2009071400
2009-07-14 00:00:00 12
Creating point data table for: 2009071412
2009-07-14 00:00:00 24
Creating point data table for: 2009071500
2009-07-15 00:00:00 12
Creating point data table for: 2009071512
2009-07-15 00:00:00 24
Creating point data table for: 2009071600
2009-07-16 00:00:00 12
Creating point data table for: 2009071612
2009-07-16 00:00:00 24
Creating point data table for: 2009071700
2009-07-17 00:00:00 12
Creating point data table for: 2009071712
2009-07-17 00:00:00 24
Creating point data table for: 2009071800
2009-07-18 00:00:00 12
Creating point data table for: 2009071812
2009-07-18 00:00:00 24
Creating point data table for: 2009071900
2009-07-19 00:00:00 12
Creating point data table for: 2009071912
2009-07-19 00:00:00 24
Creating point data table for: 2009072000
2009-07-20 00:00:00 12
Creating point data table for: 2009072012
2009-07-20 00:00:00 24
Creating point data table for: 2009072100
2009-07-21 00:00:00 12
Creating point data table for: 2009072112
2009-07-21 00:00:00 24
Creating point data table for: 2009072200
2009-07-22 00:00:00 12
Creating point data table for: 2009072212
2009-07-22 00:00:00 24
Creating point data table for: 2009072300
2009-07-23 00:00:00 12
Creating point data table for: 2009072312
2009-07-23 00:00:00 24
Creating point data table for: 2009072400
2009-07-24 00:00:00 12
Creating point data table for: 2009072412
2009-07-24 00:00:00 24
Creating point data table for: 2009072500
2009-07-25 00:00:00 12
Creating point data table for: 2009072512
2009-07-25 00:00:00 24
Creating point data table for: 2009072600
2009-07-26 00:00:00 12
Creating point data table for: 2009072612
2009-07-26 00:00:00 24
Creating point data table for: 2009072700
2009-07-27 00:00:00 12
Creating point data table for: 2009072712
2009-07-27 00:00:00 24
Creating point data table for: 2009072800
2009-07-28 00:00:00 12
Creating point data table for: 2009072812
2009-07-28 00:00:00 24
Creating point data table for: 2009072900
2009-07-29 00:00:00 12
Creating point data table for: 2009072912
2009-07-29 00:00:00 24
Creating point data table for: 2009073000
2009-07-30 00:00:00 12
Creating point data table for: 2009073012
2009-07-30 00:00:00 24
Creating point data table for: 2009073100
2009-07-31 00:00:00 12
Creating point data table for: 2009073112
2009-07-31 00:00:00 24
Creating point data table for: 2009080100
2009-08-01 00:00:00 12
Creating point data table for: 2009080112
2009-08-01 00:00:00 24
Creating point data table for: 2009080200
2009-08-02 00:00:00 12
Creating point data table for: 2009080212
2009-08-02 00:00:00 24
Creating point data table for: 2009080300
2009-08-03 00:00:00 12
Creating point data table for: 2009080312
2009-08-03 00:00:00 24
Creating point data table for: 2009080400
2009-08-04 00:00:00 12
Creating point data table for: 2009080412
2009-08-04 00:00:00 24
Creating point data table for: 2009080500
2009-08-05 00:00:00 12
Creating point data table for: 2009080512
2009-08-05 00:00:00 24
Creating point data table for: 2009080600
2009-08-06 00:00:00 12
Creating point data table for: 2009080612
2009-08-06 00:00:00 24
Creating point data table for: 2009080700
2009-08-07 00:00:00 12
Creating point data table for: 2009080712
2009-08-07 00:00:00 24
Creating point data table for: 2009080800
2009-08-08 00:00:00 12
Creating point data table for: 2009080812
2009-08-08 00:00:00 24
Creating point data table for: 2009080900
2009-08-09 00:00:00 12
Creating point data table for: 2009080912
2009-08-09 00:00:00 24
Creating point data table for: 2009081000
2009-08-10 00:00:00 12
Creating point data table for: 2009081012
2009-08-10 00:00:00 24
Creating point data table for: 2009081100
2009-08-11 00:00:00 12
Creating point data table for: 2009081112
2009-08-11 00:00:00 24
Creating point data table for: 2009081200
2009-08-12 00:00:00 12
Creating point data table for: 2009081212
2009-08-12 00:00:00 24
Creating point data table for: 2009081300
2009-08-13 00:00:00 12
Creating point data table for: 2009081312
2009-08-13 00:00:00 24
Creating point data table for: 2009081400
2009-08-14 00:00:00 12
Creating point data table for: 2009081412
2009-08-14 00:00:00 24
Creating point data table for: 2009081500
2009-08-15 00:00:00 12
Creating point data table for: 2009081512
2009-08-15 00:00:00 24
Creating point data table for: 2009081600
2009-08-16 00:00:00 12
Creating point data table for: 2009081612
2009-08-16 00:00:00 24
Creating point data table for: 2009081700
2009-08-17 00:00:00 12
Creating point data table for: 2009081712
2009-08-17 00:00:00 24
Creating point data table for: 2009081800
2009-08-18 00:00:00 12
Creating point data table for: 2009081812
2009-08-18 00:00:00 24
Creating point data table for: 2009081900
2009-08-19 00:00:00 12
Creating point data table for: 2009081912
2009-08-19 00:00:00 24
Creating point data table for: 2009082000
2009-08-20 00:00:00 12
Creating point data table for: 2009082012
2009-08-20 00:00:00 24
Creating point data table for: 2009082100
2009-08-21 00:00:00 12
Creating point data table for: 2009082112
2009-08-21 00:00:00 24
Creating point data table for: 2009082200
2009-08-22 00:00:00 12
Creating point data table for: 2009082212
2009-08-22 00:00:00 24
Creating point data table for: 2009082300
2009-08-23 00:00:00 12
Creating point data table for: 2009082312
2009-08-23 00:00:00 24
Creating point data table for: 2009082400
2009-08-24 00:00:00 12
Creating point data table for: 2009082412
2009-08-24 00:00:00 24
Creating point data table for: 2009082500
2009-08-25 00:00:00 12
Creating point data table for: 2009082512
2009-08-25 00:00:00 24
Creating point data table for: 2009082600
2009-08-26 00:00:00 12
Creating point data table for: 2009082612
2009-08-26 00:00:00 24
Creating point data table for: 2009082700
2009-08-27 00:00:00 12
Creating point data table for: 2009082712
2009-08-27 00:00:00 24
Creating point data table for: 2009082800
2009-08-28 00:00:00 12
Creating point data table for: 2009082812
2009-08-28 00:00:00 24
Creating point data table for: 2009082900
2009-08-29 00:00:00 12
Creating point data table for: 2009082912
2009-08-29 00:00:00 24
Creating point data table for: 2009083000
2009-08-30 00:00:00 12
Creating point data table for: 2009083012
2009-08-30 00:00:00 24
Creating point data table for: 2009083100
2009-08-31 00:00:00 12
Creating point data table for: 2009083112
2009-08-31 00:00:00 24
Creating point data table for: 2009090100
2009-09-01 00:00:00 12
Creating point data table for: 2009090112
2009-09-01 00:00:00 24
Creating point data table for: 2009090200
2009-09-02 00:00:00 12
Creating point data table for: 2009090212
2009-09-02 00:00:00 24
Creating point data table for: 2009090300
2009-09-03 00:00:00 12
Creating point data table for: 2009090312
2009-09-03 00:00:00 24
Creating point data table for: 2009090400
2009-09-04 00:00:00 12
Creating point data table for: 2009090412
2009-09-04 00:00:00 24
Creating point data table for: 2009090500
2009-09-05 00:00:00 12
Creating point data table for: 2009090512
2009-09-05 00:00:00 24
Creating point data table for: 2009090600
2009-09-06 00:00:00 12
Creating point data table for: 2009090612
2009-09-06 00:00:00 24
Creating point data table for: 2009090700
2009-09-07 00:00:00 12
Creating point data table for: 2009090712
2009-09-07 00:00:00 24
Creating point data table for: 2009090800
2009-09-08 00:00:00 12
Creating point data table for: 2009090812
2009-09-08 00:00:00 24
Creating point data table for: 2009090900
2009-09-09 00:00:00 12
Creating point data table for: 2009090912
2009-09-09 00:00:00 24
Creating point data table for: 2009091000
2009-09-10 00:00:00 12
Creating point data table for: 2009091012
2009-09-10 00:00:00 24
Creating point data table for: 2009091100
2009-09-11 00:00:00 12
Creating point data table for: 2009091112
2009-09-11 00:00:00 24
Creating point data table for: 2009091200
2009-09-12 00:00:00 12
Creating point data table for: 2009091212
2009-09-12 00:00:00 24
Creating point data table for: 2009091300
2009-09-13 00:00:00 12
Creating point data table for: 2009091312
2009-09-13 00:00:00 24
Creating point data table for: 2009091400
2009-09-14 00:00:00 12
Creating point data table for: 2009091412
2009-09-14 00:00:00 24
Creating point data table for: 2009091500
2009-09-15 00:00:00 12
Creating point data table for: 2009091512
2009-09-15 00:00:00 24
Creating point data table for: 2009091600
2009-09-16 00:00:00 12
Creating point data table for: 2009091612
2009-09-16 00:00:00 24
Creating point data table for: 2009091700
2009-09-17 00:00:00 12
Creating point data table for: 2009091712
2009-09-17 00:00:00 24
Creating point data table for: 2009091800
2009-09-18 00:00:00 12
Creating point data table for: 2009091812
2009-09-18 00:00:00 24
Creating point data table for: 2009091900
2009-09-19 00:00:00 12
Creating point data table for: 2009091912
2009-09-19 00:00:00 24
Creating point data table for: 2009092000
2009-09-20 00:00:00 12
Creating point data table for: 2009092012
2009-09-20 00:00:00 24
Creating point data table for: 2009092100
2009-09-21 00:00:00 12
Creating point data table for: 2009092112
2009-09-21 00:00:00 24
Creating point data table for: 2009092200
2009-09-22 00:00:00 12
Creating point data table for: 2009092212
2009-09-22 00:00:00 24
Creating point data table for: 2009092300
2009-09-23 00:00:00 12
Creating point data table for: 2009092312
2009-09-23 00:00:00 24
Creating point data table for: 2009092400
2009-09-24 00:00:00 12
Creating point data table for: 2009092412
2009-09-24 00:00:00 24
Creating point data table for: 2009092500
2009-09-25 00:00:00 12
Creating point data table for: 2009092512
2009-09-25 00:00:00 24
Creating point data table for: 2009092600
2009-09-26 00:00:00 12
Creating point data table for: 2009092612
2009-09-26 00:00:00 24
Creating point data table for: 2009092700
2009-09-27 00:00:00 12
Creating point data table for: 2009092712
2009-09-27 00:00:00 24
Creating point data table for: 2009092800
2009-09-28 00:00:00 12
Creating point data table for: 2009092812
2009-09-28 00:00:00 24
Creating point data table for: 2009092900
2009-09-29 00:00:00 12
Creating point data table for: 2009092912
2009-09-29 00:00:00 24
Creating point data table for: 2009093000
2009-09-30 00:00:00 12
Creating point data table for: 2009093012
2009-09-30 00:00:00 24
Creating point data table for: 2009100100
2009-10-01 00:00:00 12
Creating point data table for: 2009100112
2009-10-01 00:00:00 24
Creating point data table for: 2009100200
2009-10-02 00:00:00 12
Creating point data table for: 2009100212
2009-10-02 00:00:00 24
Creating point data table for: 2009100300
2009-10-03 00:00:00 12
Creating point data table for: 2009100312
2009-10-03 00:00:00 24
Creating point data table for: 2009100400
2009-10-04 00:00:00 12
Creating point data table for: 2009100412
2009-10-04 00:00:00 24
Creating point data table for: 2009100500
2009-10-05 00:00:00 12
Creating point data table for: 2009100512
2009-10-05 00:00:00 24
Creating point data table for: 2009100600
2009-10-06 00:00:00 12
Creating point data table for: 2009100612
2009-10-06 00:00:00 24
Creating point data table for: 2009100700
2009-10-07 00:00:00 12
Creating point data table for: 2009100712
2009-10-07 00:00:00 24
Creating point data table for: 2009100800
2009-10-08 00:00:00 12
Creating point data table for: 2009100812
2009-10-08 00:00:00 24
Creating point data table for: 2009100900
2009-10-09 00:00:00 12
Creating point data table for: 2009100912
2009-10-09 00:00:00 24
Creating point data table for: 2009101000
2009-10-10 00:00:00 12
Creating point data table for: 2009101012
2009-10-10 00:00:00 24
Creating point data table for: 2009101100
2009-10-11 00:00:00 12
Creating point data table for: 2009101112
2009-10-11 00:00:00 24
Creating point data table for: 2009101200
2009-10-12 00:00:00 12
Creating point data table for: 2009101212
2009-10-12 00:00:00 24
Creating point data table for: 2009101300
2009-10-13 00:00:00 12
Creating point data table for: 2009101312
2009-10-13 00:00:00 24
Creating point data table for: 2009101400
2009-10-14 00:00:00 12
Creating point data table for: 2009101412
2009-10-14 00:00:00 24
Creating point data table for: 2009101500
2009-10-15 00:00:00 12
Creating point data table for: 2009101512
2009-10-15 00:00:00 24
Creating point data table for: 2009101600
2009-10-16 00:00:00 12
Creating point data table for: 2009101612
2009-10-16 00:00:00 24
Creating point data table for: 2009101700
2009-10-17 00:00:00 12
Creating point data table for: 2009101712
2009-10-17 00:00:00 24
Creating point data table for: 2009101800
2009-10-18 00:00:00 12
Creating point data table for: 2009101812
2009-10-18 00:00:00 24
Creating point data table for: 2009101900
2009-10-19 00:00:00 12
Creating point data table for: 2009101912
2009-10-19 00:00:00 24
Creating point data table for: 2009102000
2009-10-20 00:00:00 12
Creating point data table for: 2009102012
2009-10-20 00:00:00 24
Creating point data table for: 2009102100
2009-10-21 00:00:00 12
Creating point data table for: 2009102112
2009-10-21 00:00:00 24
Creating point data table for: 2009102200
2009-10-22 00:00:00 12
Creating point data table for: 2009102212
2009-10-22 00:00:00 24
Creating point data table for: 2009102300
2009-10-23 00:00:00 12
Creating point data table for: 2009102312
2009-10-23 00:00:00 24
Creating point data table for: 2009102400
2009-10-24 00:00:00 12
Creating point data table for: 2009102412
2009-10-24 00:00:00 24
Creating point data table for: 2009102500
2009-10-25 00:00:00 12
Creating point data table for: 2009102512
2009-10-25 00:00:00 24
Creating point data table for: 2009102600
2009-10-26 00:00:00 12
Creating point data table for: 2009102612
2009-10-26 00:00:00 24
Creating point data table for: 2009102700
2009-10-27 00:00:00 12
Creating point data table for: 2009102712
2009-10-27 00:00:00 24
Creating point data table for: 2009102800
2009-10-28 00:00:00 12
Creating point data table for: 2009102812
2009-10-28 00:00:00 24
Creating point data table for: 2009102900
2009-10-29 00:00:00 12
Creating point data table for: 2009102912
2009-10-29 00:00:00 24
Creating point data table for: 2009103000
2009-10-30 00:00:00 12
Creating point data table for: 2009103012
2009-10-30 00:00:00 24
Creating point data table for: 2009103100
2009-10-31 00:00:00 12
Creating point data table for: 2009103112
2009-10-31 00:00:00 24
Creating point data table for: 2009110100
2009-11-01 00:00:00 12
Creating point data table for: 2009110112
2009-11-01 00:00:00 24
Creating point data table for: 2009110200
2009-11-02 00:00:00 12
Creating point data table for: 2009110212
2009-11-02 00:00:00 24
Creating point data table for: 2009110300
2009-11-03 00:00:00 12
Creating point data table for: 2009110312
2009-11-03 00:00:00 24
Creating point data table for: 2009110400
2009-11-04 00:00:00 12
Creating point data table for: 2009110412
2009-11-04 00:00:00 24
Creating point data table for: 2009110500
2009-11-05 00:00:00 12
Creating point data table for: 2009110512
2009-11-05 00:00:00 24
Creating point data table for: 2009110600
2009-11-06 00:00:00 12
Creating point data table for: 2009110612
2009-11-06 00:00:00 24
Creating point data table for: 2009110700
2009-11-07 00:00:00 12
Creating point data table for: 2009110712
2009-11-07 00:00:00 24
Creating point data table for: 2009110800
2009-11-08 00:00:00 12
Creating point data table for: 2009110812
2009-11-08 00:00:00 24
Creating point data table for: 2009110900
2009-11-09 00:00:00 12
Creating point data table for: 2009110912
2009-11-09 00:00:00 24
Creating point data table for: 2009111000
2009-11-10 00:00:00 12
Creating point data table for: 2009111012
2009-11-10 00:00:00 24
Creating point data table for: 2009111100
2009-11-11 00:00:00 12
Creating point data table for: 2009111112
2009-11-11 00:00:00 24
Creating point data table for: 2009111200
2009-11-12 00:00:00 12
Creating point data table for: 2009111212
2009-11-12 00:00:00 24
Creating point data table for: 2009111300
2009-11-13 00:00:00 12
Creating point data table for: 2009111312
2009-11-13 00:00:00 24
Creating point data table for: 2009111400
2009-11-14 00:00:00 12
Creating point data table for: 2009111412
2009-11-14 00:00:00 24
Creating point data table for: 2009111500
2009-11-15 00:00:00 12
Creating point data table for: 2009111512
2009-11-15 00:00:00 24
Creating point data table for: 2009111600
2009-11-16 00:00:00 12
Creating point data table for: 2009111612
2009-11-16 00:00:00 24
Creating point data table for: 2009111700
2009-11-17 00:00:00 12
Creating point data table for: 2009111712
2009-11-17 00:00:00 24
Creating point data table for: 2009111800
2009-11-18 00:00:00 12
Creating point data table for: 2009111812
2009-11-18 00:00:00 24
Creating point data table for: 2009111900
2009-11-19 00:00:00 12
Creating point data table for: 2009111912
2009-11-19 00:00:00 24
Creating point data table for: 2009112000
2009-11-20 00:00:00 12
Creating point data table for: 2009112012
2009-11-20 00:00:00 24
Creating point data table for: 2009112100
2009-11-21 00:00:00 12
Creating point data table for: 2009112112
2009-11-21 00:00:00 24
Creating point data table for: 2009112200
2009-11-22 00:00:00 12
Creating point data table for: 2009112212
2009-11-22 00:00:00 24
Creating point data table for: 2009112300
2009-11-23 00:00:00 12
Creating point data table for: 2009112312
2009-11-23 00:00:00 24
Creating point data table for: 2009112400
2009-11-24 00:00:00 12
Creating point data table for: 2009112412
2009-11-24 00:00:00 24
Creating point data table for: 2009112500
2009-11-25 00:00:00 12
Creating point data table for: 2009112512
2009-11-25 00:00:00 24
Creating point data table for: 2009112600
2009-11-26 00:00:00 12
Creating point data table for: 2009112612
2009-11-26 00:00:00 24
Creating point data table for: 2009112700
2009-11-27 00:00:00 12
Creating point data table for: 2009112712
2009-11-27 00:00:00 24
Creating point data table for: 2009112800
2009-11-28 00:00:00 12
Creating point data table for: 2009112812
2009-11-28 00:00:00 24
Creating point data table for: 2009112900
2009-11-29 00:00:00 12
Creating point data table for: 2009112912
2009-11-29 00:00:00 24
Creating point data table for: 2009113000
2009-11-30 00:00:00 12
Creating point data table for: 2009113012
2009-11-30 00:00:00 24
Creating point data table for: 2009120100
2009-12-01 00:00:00 12
Creating point data table for: 2009120112
2009-12-01 00:00:00 24
Creating point data table for: 2009120200
2009-12-02 00:00:00 12
Creating point data table for: 2009120212
2009-12-02 00:00:00 24
Creating point data table for: 2009120300
2009-12-03 00:00:00 12
Creating point data table for: 2009120312
2009-12-03 00:00:00 24
Creating point data table for: 2009120400
2009-12-04 00:00:00 12
Creating point data table for: 2009120412
2009-12-04 00:00:00 24
Creating point data table for: 2009120500
2009-12-05 00:00:00 12
Creating point data table for: 2009120512
2009-12-05 00:00:00 24
Creating point data table for: 2009120600
2009-12-06 00:00:00 12
Creating point data table for: 2009120612
2009-12-06 00:00:00 24
Creating point data table for: 2009120700
2009-12-07 00:00:00 12
Creating point data table for: 2009120712
2009-12-07 00:00:00 24
Creating point data table for: 2009120800
2009-12-08 00:00:00 12
Creating point data table for: 2009120812
2009-12-08 00:00:00 24
Creating point data table for: 2009120900
2009-12-09 00:00:00 12
Creating point data table for: 2009120912
2009-12-09 00:00:00 24
Creating point data table for: 2009121000
2009-12-10 00:00:00 12
Creating point data table for: 2009121012
2009-12-10 00:00:00 24
Creating point data table for: 2009121100
2009-12-11 00:00:00 12
Creating point data table for: 2009121112
2009-12-11 00:00:00 24
Creating point data table for: 2009121200
2009-12-12 00:00:00 12
Creating point data table for: 2009121212
2009-12-12 00:00:00 24
Creating point data table for: 2009121300
2009-12-13 00:00:00 12
Creating point data table for: 2009121312
2009-12-13 00:00:00 24
Creating point data table for: 2009121400
2009-12-14 00:00:00 12
Creating point data table for: 2009121412
2009-12-14 00:00:00 24
Creating point data table for: 2009121500
2009-12-15 00:00:00 12
Creating point data table for: 2009121512
2009-12-15 00:00:00 24
Creating point data table for: 2009121600
2009-12-16 00:00:00 12
Creating point data table for: 2009121612
2009-12-16 00:00:00 24
Creating point data table for: 2009121700
2009-12-17 00:00:00 12
Creating point data table for: 2009121712
2009-12-17 00:00:00 24
Creating point data table for: 2009121800
2009-12-18 00:00:00 12
Creating point data table for: 2009121812
2009-12-18 00:00:00 24
Creating point data table for: 2009121900
2009-12-19 00:00:00 12
Creating point data table for: 2009121912
2009-12-19 00:00:00 24
Creating point data table for: 2009122000
2009-12-20 00:00:00 12
Creating point data table for: 2009122012
2009-12-20 00:00:00 24
Creating point data table for: 2009122100
2009-12-21 00:00:00 12
Creating point data table for: 2009122112
2009-12-21 00:00:00 24
Creating point data table for: 2009122200
2009-12-22 00:00:00 12
Creating point data table for: 2009122212
2009-12-22 00:00:00 24
Creating point data table for: 2009122300
2009-12-23 00:00:00 12
Creating point data table for: 2009122312
2009-12-23 00:00:00 24
Creating point data table for: 2009122400
2009-12-24 00:00:00 12
Creating point data table for: 2009122412
2009-12-24 00:00:00 24
Creating point data table for: 2009122500
2009-12-25 00:00:00 12
Creating point data table for: 2009122512
2009-12-25 00:00:00 24
Creating point data table for: 2009122600
2009-12-26 00:00:00 12
Creating point data table for: 2009122612
2009-12-26 00:00:00 24
Creating point data table for: 2009122700
2009-12-27 00:00:00 12
Creating point data table for: 2009122712
2009-12-27 00:00:00 24
Creating point data table for: 2009122800
2009-12-28 00:00:00 12
Creating point data table for: 2009122812
2009-12-28 00:00:00 24
Creating point data table for: 2009122900
2009-12-29 00:00:00 12
Creating point data table for: 2009122912
2009-12-29 00:00:00 24
Creating point data table for: 2009123000
2009-12-30 00:00:00 12
Creating point data table for: 2009123012
2009-12-30 00:00:00 24
Creating point data table for: 2009123100
2009-12-31 00:00:00 12
Creating point data table for: 2009123112
2009-12-31 00:00:00 24
Creating point data table for: 2010010100
[ECMWF-INFO -ecepilog] ----------------------------------------------------------------------------------------------------
[ECMWF-INFO -ecepilog] This is the ECMWF job Epilogue
[ECMWF-INFO -ecepilog] +++ Please report issues using the Support portal +++
[ECMWF-INFO -ecepilog] +++ https://support.ecmwf.int                     +++
[ECMWF-INFO -ecepilog] ----------------------------------------------------------------------------------------------------
[ECMWF-INFO -ecepilog] Run at 2024-03-05T18:31:53 on aa
[ECMWF-INFO -ecepilog] JobName                   : PDT_Year
[ECMWF-INFO -ecepilog] JobID                     : 13918864
[ECMWF-INFO -ecepilog] Submit                    : 2024-03-05T17:27:11
[ECMWF-INFO -ecepilog] Start                     : 2024-03-05T17:27:29
[ECMWF-INFO -ecepilog] End                       : 2024-03-05T18:31:53
[ECMWF-INFO -ecepilog] QueuedTime                : 18.0
[ECMWF-INFO -ecepilog] ElapsedRaw                : 3864
[ECMWF-INFO -ecepilog] ExitCode                  : 0:0
[ECMWF-INFO -ecepilog] DerivedExitCode           : 0:0
[ECMWF-INFO -ecepilog] State                     : COMPLETED
[ECMWF-INFO -ecepilog] Account                   : ecodmdmo
[ECMWF-INFO -ecepilog] QOS                       : nf
[ECMWF-INFO -ecepilog] User                      : mofp
[ECMWF-INFO -ecepilog] StdOut                    : /etc/ecmwf/vol/ecpoint_dev/mofp/Papers_2_Write/Use_FlashFloodsRep_4Verif_USA/Scripts/Processed/LogATOS/PDT_Year-13918864.out
[ECMWF-INFO -ecepilog] StdErr                    : /etc/ecmwf/vol/ecpoint_dev/mofp/Papers_2_Write/Use_FlashFloodsRep_4Verif_USA/Scripts/Processed/LogATOS/PDT_Year-13918864.out
[ECMWF-INFO -ecepilog] NNodes                    : 1
[ECMWF-INFO -ecepilog] NCPUS                     : 64
[ECMWF-INFO -ecepilog] SBU                       : 586.080
[ECMWF-INFO -ecepilog] ----------------------------------------------------------------------------------------------------

