[ECMWF-INFO -sbatch] - -------------------------------------------------------------------------------------
[ECMWF-INFO -sbatch] -  This is the ECMWF jobfilter
[ECMWF-INFO -sbatch] -  +++ Please report issues using the Support portal +++
[ECMWF-INFO -sbatch] -  +++ https://support.ecmwf.int                     +++
[ECMWF-INFO -sbatch] -  /usr/local/bin/ecsbatch: size: 49002, mtime: Tue Oct  3 11:53:54 2023
[ECMWF-INFO -sbatch] - -------------------------------------------------------------------------------------
[ECMWF-INFO -sbatch] - Time at submit: Tue Mar  5 17:27:12 2024 (1709659632.6707826) on aa6-204.bullx:/etc/ecmwf/vol/ecpoint_dev/mofp/Papers_2_Write/Use_FlashFloodsRep_4Verif_USA/Scripts/Processed
[ECMWF-INFO -sbatch] - --- SLURM VARIABLES ---
[ECMWF-INFO -sbatch] - EC_CLUSTER=aa
[ECMWF-INFO -sbatch] - SLURM_EXPORT_ENV=ALL
[ECMWF-INFO -sbatch] - SLURM_JOB_ID=13517288
[ECMWF-INFO -sbatch] - SBATCH_EXPORT=NONE
[ECMWF-INFO -sbatch] - -----------------------
[ECMWF-INFO -sbatch] - jobscript: /etc/ecmwf/vol/ecpoint_dev/mofp/Papers_2_Write/Use_FlashFloodsRep_4Verif_USA/Scripts/Processed/18a_SubmitterATOS_PDT_Year.sh
[ECMWF-INFO -sbatch] - --- SCRIPT OPTIONS ---
[ECMWF-INFO -sbatch] - #SBATCH --job-name=PDT_Year
[ECMWF-INFO -sbatch] - #SBATCH --output=LogATOS/PDT_Year-%J.out
[ECMWF-INFO -sbatch] - #SBATCH --error=LogATOS/PDT_Year-%J.out
[ECMWF-INFO -sbatch] - #SBATCH --cpus-per-task=64
[ECMWF-INFO -sbatch] - #SBATCH --mem=128G
[ECMWF-INFO -sbatch] - #SBATCH --time=2-00:00:00
[ECMWF-INFO -sbatch] - #SBATCH --qos=nf
[ECMWF-INFO -sbatch] - #SBATCH --mail-type=FAIL
[ECMWF-INFO -sbatch] - #SBATCH --mail-user=fatima.pillosu@ecmwf.int
[ECMWF-INFO -sbatch] - -----------------------
[ECMWF-INFO -sbatch] - --- POST-PROCESSED OPTIONS ---
[ECMWF-INFO -sbatch] - ARG --positional=['18a_SubmitterATOS_PDT_Year.sh', '2021']
[ECMWF-INFO -sbatch] - ARG --cpus_per_task=64
[ECMWF-INFO -sbatch] - ARG --error=LogATOS/PDT_Year-%J.out
[ECMWF-INFO -sbatch] - ARG --job_name=PDT_Year
[ECMWF-INFO -sbatch] - ARG --mail_type=FAIL
[ECMWF-INFO -sbatch] - ARG --mail_user=fatima.pillosu@ecmwf.int
[ECMWF-INFO -sbatch] - ARG --output=LogATOS/PDT_Year-%J.out
[ECMWF-INFO -sbatch] - ARG --qos=nf
[ECMWF-INFO -sbatch] - ARG --time=2-00:00:00
[ECMWF-INFO -sbatch] - ARG --mem=128G
[ECMWF-INFO -sbatch] - ------------------------------
[ECMWF-INFO -sbatch] - jobtag: mofp-PDT_Year-1x64-/etc/ecmwf/vol/ecpoint_dev/mofp/Papers_2_Write/Use_FlashFloodsRep_4Verif_USA/Scripts/Processed/LogATOS/PDT_Year-_.out
[ECMWF-INFO -sbatch] - ['/usr/bin/sbatch', '--cpus-per-task=64', '--error=LogATOS/PDT_Year-%J.out', '--job-name=PDT_Year', '--mail-type=FAIL', '--mail-user=fatima.pillosu@ecmwf.int', '--output=LogATOS/PDT_Year-%J.out', '--qos=nf', '--time=2-00:00:00', '--mem=128G', '--licenses=h2resw01', '--export=EC_user_time_limit=2-00:00:00', '/etc/ecmwf/vol/ecpoint_dev/mofp/Papers_2_Write/Use_FlashFloodsRep_4Verif_USA/Scripts/Processed/18a_SubmitterATOS_PDT_Year.sh', '2021']
[ECMWF-INFO -sbatch] - sbatch executed on aa
[ECMWF-INFO -sbatch] - Job queued on aa using method local
[ECMWF-INFO -sbatch] - Submitted batch job 13918878
[ECMWF-INFO -ecprofile] /usr/bin/bash NON_INTERACTIVE on aa6-195 at 20240305_172732.335, PID: 3895238, JOBID: 13918878
[ECMWF-INFO -ecprofile] $SCRATCH=/ec/res4/scratch/mofp
[ECMWF-INFO -ecprofile] $PERM=/perm/mofp
[ECMWF-INFO -ecprofile] $HPCPERM=/ec/res4/hpcperm/mofp
[ECMWF-INFO -ecprofile] $TMPDIR=/etc/ecmwf/ssd/ssd1/tmpdirs/mofp.13918878
[ECMWF-INFO -ecprofile] $SCRATCHDIR=/ec/res4/scratchdir/mofp/6/13918878
2021-01-01 00:00:00 12
Creating point data table for: 2021010112
2021-01-01 00:00:00 24
Creating point data table for: 2021010200
2021-01-02 00:00:00 12
Creating point data table for: 2021010212
2021-01-02 00:00:00 24
Creating point data table for: 2021010300
2021-01-03 00:00:00 12
Creating point data table for: 2021010312
2021-01-03 00:00:00 24
Creating point data table for: 2021010400
2021-01-04 00:00:00 12
Creating point data table for: 2021010412
2021-01-04 00:00:00 24
Creating point data table for: 2021010500
2021-01-05 00:00:00 12
Creating point data table for: 2021010512
2021-01-05 00:00:00 24
Creating point data table for: 2021010600
2021-01-06 00:00:00 12
Creating point data table for: 2021010612
2021-01-06 00:00:00 24
Creating point data table for: 2021010700
2021-01-07 00:00:00 12
Creating point data table for: 2021010712
2021-01-07 00:00:00 24
Creating point data table for: 2021010800
2021-01-08 00:00:00 12
Creating point data table for: 2021010812
2021-01-08 00:00:00 24
Creating point data table for: 2021010900
2021-01-09 00:00:00 12
Creating point data table for: 2021010912
2021-01-09 00:00:00 24
Creating point data table for: 2021011000
2021-01-10 00:00:00 12
Creating point data table for: 2021011012
2021-01-10 00:00:00 24
Creating point data table for: 2021011100
2021-01-11 00:00:00 12
Creating point data table for: 2021011112
2021-01-11 00:00:00 24
Creating point data table for: 2021011200
2021-01-12 00:00:00 12
Creating point data table for: 2021011212
2021-01-12 00:00:00 24
Creating point data table for: 2021011300
2021-01-13 00:00:00 12
Creating point data table for: 2021011312
2021-01-13 00:00:00 24
Creating point data table for: 2021011400
2021-01-14 00:00:00 12
Creating point data table for: 2021011412
2021-01-14 00:00:00 24
Creating point data table for: 2021011500
2021-01-15 00:00:00 12
Creating point data table for: 2021011512
2021-01-15 00:00:00 24
Creating point data table for: 2021011600
2021-01-16 00:00:00 12
Creating point data table for: 2021011612
2021-01-16 00:00:00 24
Creating point data table for: 2021011700
2021-01-17 00:00:00 12
Creating point data table for: 2021011712
2021-01-17 00:00:00 24
Creating point data table for: 2021011800
2021-01-18 00:00:00 12
Creating point data table for: 2021011812
2021-01-18 00:00:00 24
Creating point data table for: 2021011900
2021-01-19 00:00:00 12
Creating point data table for: 2021011912
2021-01-19 00:00:00 24
Creating point data table for: 2021012000
2021-01-20 00:00:00 12
Creating point data table for: 2021012012
2021-01-20 00:00:00 24
Creating point data table for: 2021012100
2021-01-21 00:00:00 12
Creating point data table for: 2021012112
2021-01-21 00:00:00 24
Creating point data table for: 2021012200
2021-01-22 00:00:00 12
Creating point data table for: 2021012212
2021-01-22 00:00:00 24
Creating point data table for: 2021012300
2021-01-23 00:00:00 12
Creating point data table for: 2021012312
2021-01-23 00:00:00 24
Creating point data table for: 2021012400
2021-01-24 00:00:00 12
Creating point data table for: 2021012412
2021-01-24 00:00:00 24
Creating point data table for: 2021012500
2021-01-25 00:00:00 12
Creating point data table for: 2021012512
2021-01-25 00:00:00 24
Creating point data table for: 2021012600
2021-01-26 00:00:00 12
Creating point data table for: 2021012612
2021-01-26 00:00:00 24
Creating point data table for: 2021012700
2021-01-27 00:00:00 12
Creating point data table for: 2021012712
2021-01-27 00:00:00 24
Creating point data table for: 2021012800
2021-01-28 00:00:00 12
Creating point data table for: 2021012812
2021-01-28 00:00:00 24
Creating point data table for: 2021012900
2021-01-29 00:00:00 12
Creating point data table for: 2021012912
2021-01-29 00:00:00 24
Creating point data table for: 2021013000
2021-01-30 00:00:00 12
Creating point data table for: 2021013012
2021-01-30 00:00:00 24
Creating point data table for: 2021013100
2021-01-31 00:00:00 12
Creating point data table for: 2021013112
2021-01-31 00:00:00 24
Creating point data table for: 2021020100
2021-02-01 00:00:00 12
Creating point data table for: 2021020112
2021-02-01 00:00:00 24
Creating point data table for: 2021020200
2021-02-02 00:00:00 12
Creating point data table for: 2021020212
2021-02-02 00:00:00 24
Creating point data table for: 2021020300
2021-02-03 00:00:00 12
Creating point data table for: 2021020312
2021-02-03 00:00:00 24
Creating point data table for: 2021020400
2021-02-04 00:00:00 12
Creating point data table for: 2021020412
2021-02-04 00:00:00 24
Creating point data table for: 2021020500
2021-02-05 00:00:00 12
Creating point data table for: 2021020512
2021-02-05 00:00:00 24
Creating point data table for: 2021020600
2021-02-06 00:00:00 12
Creating point data table for: 2021020612
2021-02-06 00:00:00 24
Creating point data table for: 2021020700
2021-02-07 00:00:00 12
Creating point data table for: 2021020712
2021-02-07 00:00:00 24
Creating point data table for: 2021020800
2021-02-08 00:00:00 12
Creating point data table for: 2021020812
2021-02-08 00:00:00 24
Creating point data table for: 2021020900
2021-02-09 00:00:00 12
Creating point data table for: 2021020912
2021-02-09 00:00:00 24
Creating point data table for: 2021021000
2021-02-10 00:00:00 12
Creating point data table for: 2021021012
2021-02-10 00:00:00 24
Creating point data table for: 2021021100
2021-02-11 00:00:00 12
Creating point data table for: 2021021112
2021-02-11 00:00:00 24
Creating point data table for: 2021021200
2021-02-12 00:00:00 12
Creating point data table for: 2021021212
2021-02-12 00:00:00 24
Creating point data table for: 2021021300
2021-02-13 00:00:00 12
Creating point data table for: 2021021312
2021-02-13 00:00:00 24
Creating point data table for: 2021021400
2021-02-14 00:00:00 12
Creating point data table for: 2021021412
2021-02-14 00:00:00 24
Creating point data table for: 2021021500
2021-02-15 00:00:00 12
Creating point data table for: 2021021512
2021-02-15 00:00:00 24
Creating point data table for: 2021021600
2021-02-16 00:00:00 12
Creating point data table for: 2021021612
2021-02-16 00:00:00 24
Creating point data table for: 2021021700
2021-02-17 00:00:00 12
Creating point data table for: 2021021712
2021-02-17 00:00:00 24
Creating point data table for: 2021021800
2021-02-18 00:00:00 12
Creating point data table for: 2021021812
2021-02-18 00:00:00 24
Creating point data table for: 2021021900
2021-02-19 00:00:00 12
Creating point data table for: 2021021912
2021-02-19 00:00:00 24
Creating point data table for: 2021022000
2021-02-20 00:00:00 12
Creating point data table for: 2021022012
2021-02-20 00:00:00 24
Creating point data table for: 2021022100
2021-02-21 00:00:00 12
Creating point data table for: 2021022112
2021-02-21 00:00:00 24
Creating point data table for: 2021022200
2021-02-22 00:00:00 12
Creating point data table for: 2021022212
2021-02-22 00:00:00 24
Creating point data table for: 2021022300
2021-02-23 00:00:00 12
Creating point data table for: 2021022312
2021-02-23 00:00:00 24
Creating point data table for: 2021022400
2021-02-24 00:00:00 12
Creating point data table for: 2021022412
2021-02-24 00:00:00 24
Creating point data table for: 2021022500
2021-02-25 00:00:00 12
Creating point data table for: 2021022512
2021-02-25 00:00:00 24
Creating point data table for: 2021022600
2021-02-26 00:00:00 12
Creating point data table for: 2021022612
2021-02-26 00:00:00 24
Creating point data table for: 2021022700
2021-02-27 00:00:00 12
Creating point data table for: 2021022712
2021-02-27 00:00:00 24
Creating point data table for: 2021022800
2021-02-28 00:00:00 12
Creating point data table for: 2021022812
2021-02-28 00:00:00 24
Creating point data table for: 2021030100
2021-03-01 00:00:00 12
Creating point data table for: 2021030112
2021-03-01 00:00:00 24
Creating point data table for: 2021030200
2021-03-02 00:00:00 12
Creating point data table for: 2021030212
2021-03-02 00:00:00 24
Creating point data table for: 2021030300
2021-03-03 00:00:00 12
Creating point data table for: 2021030312
2021-03-03 00:00:00 24
Creating point data table for: 2021030400
2021-03-04 00:00:00 12
Creating point data table for: 2021030412
2021-03-04 00:00:00 24
Creating point data table for: 2021030500
2021-03-05 00:00:00 12
Creating point data table for: 2021030512
2021-03-05 00:00:00 24
Creating point data table for: 2021030600
2021-03-06 00:00:00 12
Creating point data table for: 2021030612
2021-03-06 00:00:00 24
Creating point data table for: 2021030700
2021-03-07 00:00:00 12
Creating point data table for: 2021030712
2021-03-07 00:00:00 24
Creating point data table for: 2021030800
2021-03-08 00:00:00 12
Creating point data table for: 2021030812
2021-03-08 00:00:00 24
Creating point data table for: 2021030900
2021-03-09 00:00:00 12
Creating point data table for: 2021030912
2021-03-09 00:00:00 24
Creating point data table for: 2021031000
2021-03-10 00:00:00 12
Creating point data table for: 2021031012
2021-03-10 00:00:00 24
Creating point data table for: 2021031100
2021-03-11 00:00:00 12
Creating point data table for: 2021031112
2021-03-11 00:00:00 24
Creating point data table for: 2021031200
2021-03-12 00:00:00 12
Creating point data table for: 2021031212
2021-03-12 00:00:00 24
Creating point data table for: 2021031300
2021-03-13 00:00:00 12
Creating point data table for: 2021031312
2021-03-13 00:00:00 24
Creating point data table for: 2021031400
2021-03-14 00:00:00 12
Creating point data table for: 2021031412
2021-03-14 00:00:00 24
Creating point data table for: 2021031500
2021-03-15 00:00:00 12
Creating point data table for: 2021031512
2021-03-15 00:00:00 24
Creating point data table for: 2021031600
2021-03-16 00:00:00 12
Creating point data table for: 2021031612
2021-03-16 00:00:00 24
Creating point data table for: 2021031700
2021-03-17 00:00:00 12
Creating point data table for: 2021031712
2021-03-17 00:00:00 24
Creating point data table for: 2021031800
2021-03-18 00:00:00 12
Creating point data table for: 2021031812
2021-03-18 00:00:00 24
Creating point data table for: 2021031900
2021-03-19 00:00:00 12
Creating point data table for: 2021031912
2021-03-19 00:00:00 24
Creating point data table for: 2021032000
2021-03-20 00:00:00 12
Creating point data table for: 2021032012
2021-03-20 00:00:00 24
Creating point data table for: 2021032100
2021-03-21 00:00:00 12
Creating point data table for: 2021032112
2021-03-21 00:00:00 24
Creating point data table for: 2021032200
2021-03-22 00:00:00 12
Creating point data table for: 2021032212
2021-03-22 00:00:00 24
Creating point data table for: 2021032300
2021-03-23 00:00:00 12
Creating point data table for: 2021032312
2021-03-23 00:00:00 24
Creating point data table for: 2021032400
2021-03-24 00:00:00 12
Creating point data table for: 2021032412
2021-03-24 00:00:00 24
Creating point data table for: 2021032500
2021-03-25 00:00:00 12
Creating point data table for: 2021032512
2021-03-25 00:00:00 24
Creating point data table for: 2021032600
2021-03-26 00:00:00 12
Creating point data table for: 2021032612
2021-03-26 00:00:00 24
Creating point data table for: 2021032700
2021-03-27 00:00:00 12
Creating point data table for: 2021032712
2021-03-27 00:00:00 24
Creating point data table for: 2021032800
2021-03-28 00:00:00 12
Creating point data table for: 2021032812
2021-03-28 00:00:00 24
Creating point data table for: 2021032900
2021-03-29 00:00:00 12
Creating point data table for: 2021032912
2021-03-29 00:00:00 24
Creating point data table for: 2021033000
2021-03-30 00:00:00 12
Creating point data table for: 2021033012
2021-03-30 00:00:00 24
Creating point data table for: 2021033100
2021-03-31 00:00:00 12
Creating point data table for: 2021033112
2021-03-31 00:00:00 24
Creating point data table for: 2021040100
2021-04-01 00:00:00 12
Creating point data table for: 2021040112
2021-04-01 00:00:00 24
Creating point data table for: 2021040200
2021-04-02 00:00:00 12
Creating point data table for: 2021040212
2021-04-02 00:00:00 24
Creating point data table for: 2021040300
2021-04-03 00:00:00 12
Creating point data table for: 2021040312
2021-04-03 00:00:00 24
Creating point data table for: 2021040400
2021-04-04 00:00:00 12
Creating point data table for: 2021040412
2021-04-04 00:00:00 24
Creating point data table for: 2021040500
2021-04-05 00:00:00 12
Creating point data table for: 2021040512
2021-04-05 00:00:00 24
Creating point data table for: 2021040600
2021-04-06 00:00:00 12
Creating point data table for: 2021040612
2021-04-06 00:00:00 24
Creating point data table for: 2021040700
2021-04-07 00:00:00 12
Creating point data table for: 2021040712
2021-04-07 00:00:00 24
Creating point data table for: 2021040800
2021-04-08 00:00:00 12
Creating point data table for: 2021040812
2021-04-08 00:00:00 24
Creating point data table for: 2021040900
2021-04-09 00:00:00 12
Creating point data table for: 2021040912
2021-04-09 00:00:00 24
Creating point data table for: 2021041000
2021-04-10 00:00:00 12
Creating point data table for: 2021041012
2021-04-10 00:00:00 24
Creating point data table for: 2021041100
2021-04-11 00:00:00 12
Creating point data table for: 2021041112
2021-04-11 00:00:00 24
Creating point data table for: 2021041200
2021-04-12 00:00:00 12
Creating point data table for: 2021041212
2021-04-12 00:00:00 24
Creating point data table for: 2021041300
2021-04-13 00:00:00 12
Creating point data table for: 2021041312
2021-04-13 00:00:00 24
Creating point data table for: 2021041400
2021-04-14 00:00:00 12
Creating point data table for: 2021041412
2021-04-14 00:00:00 24
Creating point data table for: 2021041500
2021-04-15 00:00:00 12
Creating point data table for: 2021041512
2021-04-15 00:00:00 24
Creating point data table for: 2021041600
2021-04-16 00:00:00 12
Creating point data table for: 2021041612
2021-04-16 00:00:00 24
Creating point data table for: 2021041700
2021-04-17 00:00:00 12
Creating point data table for: 2021041712
2021-04-17 00:00:00 24
Creating point data table for: 2021041800
2021-04-18 00:00:00 12
Creating point data table for: 2021041812
2021-04-18 00:00:00 24
Creating point data table for: 2021041900
2021-04-19 00:00:00 12
Creating point data table for: 2021041912
2021-04-19 00:00:00 24
Creating point data table for: 2021042000
2021-04-20 00:00:00 12
Creating point data table for: 2021042012
2021-04-20 00:00:00 24
Creating point data table for: 2021042100
2021-04-21 00:00:00 12
Creating point data table for: 2021042112
2021-04-21 00:00:00 24
Creating point data table for: 2021042200
2021-04-22 00:00:00 12
Creating point data table for: 2021042212
2021-04-22 00:00:00 24
Creating point data table for: 2021042300
2021-04-23 00:00:00 12
Creating point data table for: 2021042312
2021-04-23 00:00:00 24
Creating point data table for: 2021042400
2021-04-24 00:00:00 12
Creating point data table for: 2021042412
2021-04-24 00:00:00 24
Creating point data table for: 2021042500
2021-04-25 00:00:00 12
Creating point data table for: 2021042512
2021-04-25 00:00:00 24
Creating point data table for: 2021042600
2021-04-26 00:00:00 12
Creating point data table for: 2021042612
2021-04-26 00:00:00 24
Creating point data table for: 2021042700
2021-04-27 00:00:00 12
Creating point data table for: 2021042712
2021-04-27 00:00:00 24
Creating point data table for: 2021042800
2021-04-28 00:00:00 12
Creating point data table for: 2021042812
2021-04-28 00:00:00 24
Creating point data table for: 2021042900
2021-04-29 00:00:00 12
Creating point data table for: 2021042912
2021-04-29 00:00:00 24
Creating point data table for: 2021043000
2021-04-30 00:00:00 12
Creating point data table for: 2021043012
2021-04-30 00:00:00 24
Creating point data table for: 2021050100
2021-05-01 00:00:00 12
Creating point data table for: 2021050112
2021-05-01 00:00:00 24
Creating point data table for: 2021050200
2021-05-02 00:00:00 12
Creating point data table for: 2021050212
2021-05-02 00:00:00 24
Creating point data table for: 2021050300
2021-05-03 00:00:00 12
Creating point data table for: 2021050312
2021-05-03 00:00:00 24
Creating point data table for: 2021050400
2021-05-04 00:00:00 12
Creating point data table for: 2021050412
2021-05-04 00:00:00 24
Creating point data table for: 2021050500
2021-05-05 00:00:00 12
Creating point data table for: 2021050512
2021-05-05 00:00:00 24
Creating point data table for: 2021050600
2021-05-06 00:00:00 12
Creating point data table for: 2021050612
2021-05-06 00:00:00 24
Creating point data table for: 2021050700
2021-05-07 00:00:00 12
Creating point data table for: 2021050712
2021-05-07 00:00:00 24
Creating point data table for: 2021050800
2021-05-08 00:00:00 12
Creating point data table for: 2021050812
2021-05-08 00:00:00 24
Creating point data table for: 2021050900
2021-05-09 00:00:00 12
Creating point data table for: 2021050912
2021-05-09 00:00:00 24
Creating point data table for: 2021051000
2021-05-10 00:00:00 12
Creating point data table for: 2021051012
2021-05-10 00:00:00 24
Creating point data table for: 2021051100
2021-05-11 00:00:00 12
Creating point data table for: 2021051112
2021-05-11 00:00:00 24
Creating point data table for: 2021051200
2021-05-12 00:00:00 12
Creating point data table for: 2021051212
2021-05-12 00:00:00 24
Creating point data table for: 2021051300
2021-05-13 00:00:00 12
Creating point data table for: 2021051312
2021-05-13 00:00:00 24
Creating point data table for: 2021051400
2021-05-14 00:00:00 12
Creating point data table for: 2021051412
2021-05-14 00:00:00 24
Creating point data table for: 2021051500
2021-05-15 00:00:00 12
Creating point data table for: 2021051512
2021-05-15 00:00:00 24
Creating point data table for: 2021051600
2021-05-16 00:00:00 12
Creating point data table for: 2021051612
2021-05-16 00:00:00 24
Creating point data table for: 2021051700
2021-05-17 00:00:00 12
Creating point data table for: 2021051712
2021-05-17 00:00:00 24
Creating point data table for: 2021051800
2021-05-18 00:00:00 12
Creating point data table for: 2021051812
2021-05-18 00:00:00 24
Creating point data table for: 2021051900
2021-05-19 00:00:00 12
Creating point data table for: 2021051912
2021-05-19 00:00:00 24
Creating point data table for: 2021052000
2021-05-20 00:00:00 12
Creating point data table for: 2021052012
2021-05-20 00:00:00 24
Creating point data table for: 2021052100
2021-05-21 00:00:00 12
Creating point data table for: 2021052112
2021-05-21 00:00:00 24
Creating point data table for: 2021052200
2021-05-22 00:00:00 12
Creating point data table for: 2021052212
2021-05-22 00:00:00 24
Creating point data table for: 2021052300
2021-05-23 00:00:00 12
Creating point data table for: 2021052312
2021-05-23 00:00:00 24
Creating point data table for: 2021052400
2021-05-24 00:00:00 12
Creating point data table for: 2021052412
2021-05-24 00:00:00 24
Creating point data table for: 2021052500
2021-05-25 00:00:00 12
Creating point data table for: 2021052512
2021-05-25 00:00:00 24
Creating point data table for: 2021052600
2021-05-26 00:00:00 12
Creating point data table for: 2021052612
2021-05-26 00:00:00 24
Creating point data table for: 2021052700
2021-05-27 00:00:00 12
Creating point data table for: 2021052712
2021-05-27 00:00:00 24
Creating point data table for: 2021052800
2021-05-28 00:00:00 12
Creating point data table for: 2021052812
2021-05-28 00:00:00 24
Creating point data table for: 2021052900
2021-05-29 00:00:00 12
Creating point data table for: 2021052912
2021-05-29 00:00:00 24
Creating point data table for: 2021053000
2021-05-30 00:00:00 12
Creating point data table for: 2021053012
2021-05-30 00:00:00 24
Creating point data table for: 2021053100
2021-05-31 00:00:00 12
Creating point data table for: 2021053112
2021-05-31 00:00:00 24
Creating point data table for: 2021060100
2021-06-01 00:00:00 12
Creating point data table for: 2021060112
2021-06-01 00:00:00 24
Creating point data table for: 2021060200
2021-06-02 00:00:00 12
Creating point data table for: 2021060212
2021-06-02 00:00:00 24
Creating point data table for: 2021060300
2021-06-03 00:00:00 12
Creating point data table for: 2021060312
2021-06-03 00:00:00 24
Creating point data table for: 2021060400
2021-06-04 00:00:00 12
Creating point data table for: 2021060412
2021-06-04 00:00:00 24
Creating point data table for: 2021060500
2021-06-05 00:00:00 12
Creating point data table for: 2021060512
2021-06-05 00:00:00 24
Creating point data table for: 2021060600
2021-06-06 00:00:00 12
Creating point data table for: 2021060612
2021-06-06 00:00:00 24
Creating point data table for: 2021060700
2021-06-07 00:00:00 12
Creating point data table for: 2021060712
2021-06-07 00:00:00 24
Creating point data table for: 2021060800
2021-06-08 00:00:00 12
Creating point data table for: 2021060812
2021-06-08 00:00:00 24
Creating point data table for: 2021060900
2021-06-09 00:00:00 12
Creating point data table for: 2021060912
2021-06-09 00:00:00 24
Creating point data table for: 2021061000
2021-06-10 00:00:00 12
Creating point data table for: 2021061012
2021-06-10 00:00:00 24
Creating point data table for: 2021061100
2021-06-11 00:00:00 12
Creating point data table for: 2021061112
2021-06-11 00:00:00 24
Creating point data table for: 2021061200
2021-06-12 00:00:00 12
Creating point data table for: 2021061212
2021-06-12 00:00:00 24
Creating point data table for: 2021061300
2021-06-13 00:00:00 12
Creating point data table for: 2021061312
2021-06-13 00:00:00 24
Creating point data table for: 2021061400
2021-06-14 00:00:00 12
Creating point data table for: 2021061412
2021-06-14 00:00:00 24
Creating point data table for: 2021061500
2021-06-15 00:00:00 12
Creating point data table for: 2021061512
2021-06-15 00:00:00 24
Creating point data table for: 2021061600
2021-06-16 00:00:00 12
Creating point data table for: 2021061612
2021-06-16 00:00:00 24
Creating point data table for: 2021061700
2021-06-17 00:00:00 12
Creating point data table for: 2021061712
2021-06-17 00:00:00 24
Creating point data table for: 2021061800
2021-06-18 00:00:00 12
Creating point data table for: 2021061812
2021-06-18 00:00:00 24
Creating point data table for: 2021061900
2021-06-19 00:00:00 12
Creating point data table for: 2021061912
2021-06-19 00:00:00 24
Creating point data table for: 2021062000
2021-06-20 00:00:00 12
Creating point data table for: 2021062012
2021-06-20 00:00:00 24
Creating point data table for: 2021062100
2021-06-21 00:00:00 12
Creating point data table for: 2021062112
2021-06-21 00:00:00 24
Creating point data table for: 2021062200
2021-06-22 00:00:00 12
Creating point data table for: 2021062212
2021-06-22 00:00:00 24
Creating point data table for: 2021062300
2021-06-23 00:00:00 12
Creating point data table for: 2021062312
2021-06-23 00:00:00 24
Creating point data table for: 2021062400
2021-06-24 00:00:00 12
Creating point data table for: 2021062412
2021-06-24 00:00:00 24
Creating point data table for: 2021062500
2021-06-25 00:00:00 12
Creating point data table for: 2021062512
2021-06-25 00:00:00 24
Creating point data table for: 2021062600
2021-06-26 00:00:00 12
Creating point data table for: 2021062612
2021-06-26 00:00:00 24
Creating point data table for: 2021062700
2021-06-27 00:00:00 12
Creating point data table for: 2021062712
2021-06-27 00:00:00 24
Creating point data table for: 2021062800
2021-06-28 00:00:00 12
Creating point data table for: 2021062812
2021-06-28 00:00:00 24
Creating point data table for: 2021062900
2021-06-29 00:00:00 12
Creating point data table for: 2021062912
2021-06-29 00:00:00 24
Creating point data table for: 2021063000
2021-06-30 00:00:00 12
Creating point data table for: 2021063012
2021-06-30 00:00:00 24
Creating point data table for: 2021070100
2021-07-01 00:00:00 12
Creating point data table for: 2021070112
2021-07-01 00:00:00 24
Creating point data table for: 2021070200
2021-07-02 00:00:00 12
Creating point data table for: 2021070212
2021-07-02 00:00:00 24
Creating point data table for: 2021070300
2021-07-03 00:00:00 12
Creating point data table for: 2021070312
2021-07-03 00:00:00 24
Creating point data table for: 2021070400
2021-07-04 00:00:00 12
Creating point data table for: 2021070412
2021-07-04 00:00:00 24
Creating point data table for: 2021070500
2021-07-05 00:00:00 12
Creating point data table for: 2021070512
2021-07-05 00:00:00 24
Creating point data table for: 2021070600
2021-07-06 00:00:00 12
Creating point data table for: 2021070612
2021-07-06 00:00:00 24
Creating point data table for: 2021070700
2021-07-07 00:00:00 12
Creating point data table for: 2021070712
2021-07-07 00:00:00 24
Creating point data table for: 2021070800
2021-07-08 00:00:00 12
Creating point data table for: 2021070812
2021-07-08 00:00:00 24
Creating point data table for: 2021070900
2021-07-09 00:00:00 12
Creating point data table for: 2021070912
2021-07-09 00:00:00 24
Creating point data table for: 2021071000
2021-07-10 00:00:00 12
Creating point data table for: 2021071012
2021-07-10 00:00:00 24
Creating point data table for: 2021071100
2021-07-11 00:00:00 12
Creating point data table for: 2021071112
2021-07-11 00:00:00 24
Creating point data table for: 2021071200
2021-07-12 00:00:00 12
Creating point data table for: 2021071212
2021-07-12 00:00:00 24
Creating point data table for: 2021071300
2021-07-13 00:00:00 12
Creating point data table for: 2021071312
2021-07-13 00:00:00 24
Creating point data table for: 2021071400
2021-07-14 00:00:00 12
Creating point data table for: 2021071412
2021-07-14 00:00:00 24
Creating point data table for: 2021071500
2021-07-15 00:00:00 12
Creating point data table for: 2021071512
2021-07-15 00:00:00 24
Creating point data table for: 2021071600
2021-07-16 00:00:00 12
Creating point data table for: 2021071612
2021-07-16 00:00:00 24
Creating point data table for: 2021071700
2021-07-17 00:00:00 12
Creating point data table for: 2021071712
2021-07-17 00:00:00 24
Creating point data table for: 2021071800
2021-07-18 00:00:00 12
Creating point data table for: 2021071812
2021-07-18 00:00:00 24
Creating point data table for: 2021071900
2021-07-19 00:00:00 12
Creating point data table for: 2021071912
2021-07-19 00:00:00 24
Creating point data table for: 2021072000
2021-07-20 00:00:00 12
Creating point data table for: 2021072012
2021-07-20 00:00:00 24
Creating point data table for: 2021072100
2021-07-21 00:00:00 12
Creating point data table for: 2021072112
2021-07-21 00:00:00 24
Creating point data table for: 2021072200
2021-07-22 00:00:00 12
Creating point data table for: 2021072212
2021-07-22 00:00:00 24
Creating point data table for: 2021072300
2021-07-23 00:00:00 12
Creating point data table for: 2021072312
2021-07-23 00:00:00 24
Creating point data table for: 2021072400
2021-07-24 00:00:00 12
Creating point data table for: 2021072412
2021-07-24 00:00:00 24
Creating point data table for: 2021072500
2021-07-25 00:00:00 12
Creating point data table for: 2021072512
2021-07-25 00:00:00 24
Creating point data table for: 2021072600
2021-07-26 00:00:00 12
Creating point data table for: 2021072612
2021-07-26 00:00:00 24
Creating point data table for: 2021072700
2021-07-27 00:00:00 12
Creating point data table for: 2021072712
2021-07-27 00:00:00 24
Creating point data table for: 2021072800
2021-07-28 00:00:00 12
Creating point data table for: 2021072812
2021-07-28 00:00:00 24
Creating point data table for: 2021072900
2021-07-29 00:00:00 12
Creating point data table for: 2021072912
2021-07-29 00:00:00 24
Creating point data table for: 2021073000
2021-07-30 00:00:00 12
Creating point data table for: 2021073012
2021-07-30 00:00:00 24
Creating point data table for: 2021073100
2021-07-31 00:00:00 12
Creating point data table for: 2021073112
2021-07-31 00:00:00 24
Creating point data table for: 2021080100
2021-08-01 00:00:00 12
Creating point data table for: 2021080112
2021-08-01 00:00:00 24
Creating point data table for: 2021080200
2021-08-02 00:00:00 12
Creating point data table for: 2021080212
2021-08-02 00:00:00 24
Creating point data table for: 2021080300
2021-08-03 00:00:00 12
Creating point data table for: 2021080312
2021-08-03 00:00:00 24
Creating point data table for: 2021080400
2021-08-04 00:00:00 12
Creating point data table for: 2021080412
2021-08-04 00:00:00 24
Creating point data table for: 2021080500
2021-08-05 00:00:00 12
Creating point data table for: 2021080512
2021-08-05 00:00:00 24
Creating point data table for: 2021080600
2021-08-06 00:00:00 12
Creating point data table for: 2021080612
2021-08-06 00:00:00 24
Creating point data table for: 2021080700
2021-08-07 00:00:00 12
Creating point data table for: 2021080712
2021-08-07 00:00:00 24
Creating point data table for: 2021080800
2021-08-08 00:00:00 12
Creating point data table for: 2021080812
2021-08-08 00:00:00 24
Creating point data table for: 2021080900
2021-08-09 00:00:00 12
Creating point data table for: 2021080912
2021-08-09 00:00:00 24
Creating point data table for: 2021081000
2021-08-10 00:00:00 12
Creating point data table for: 2021081012
2021-08-10 00:00:00 24
Creating point data table for: 2021081100
2021-08-11 00:00:00 12
Creating point data table for: 2021081112
2021-08-11 00:00:00 24
Creating point data table for: 2021081200
2021-08-12 00:00:00 12
Creating point data table for: 2021081212
2021-08-12 00:00:00 24
Creating point data table for: 2021081300
2021-08-13 00:00:00 12
Creating point data table for: 2021081312
2021-08-13 00:00:00 24
Creating point data table for: 2021081400
2021-08-14 00:00:00 12
Creating point data table for: 2021081412
2021-08-14 00:00:00 24
Creating point data table for: 2021081500
2021-08-15 00:00:00 12
Creating point data table for: 2021081512
2021-08-15 00:00:00 24
Creating point data table for: 2021081600
2021-08-16 00:00:00 12
Creating point data table for: 2021081612
2021-08-16 00:00:00 24
Creating point data table for: 2021081700
2021-08-17 00:00:00 12
Creating point data table for: 2021081712
2021-08-17 00:00:00 24
Creating point data table for: 2021081800
2021-08-18 00:00:00 12
Creating point data table for: 2021081812
2021-08-18 00:00:00 24
Creating point data table for: 2021081900
2021-08-19 00:00:00 12
Creating point data table for: 2021081912
2021-08-19 00:00:00 24
Creating point data table for: 2021082000
2021-08-20 00:00:00 12
Creating point data table for: 2021082012
2021-08-20 00:00:00 24
Creating point data table for: 2021082100
2021-08-21 00:00:00 12
Creating point data table for: 2021082112
2021-08-21 00:00:00 24
Creating point data table for: 2021082200
2021-08-22 00:00:00 12
Creating point data table for: 2021082212
2021-08-22 00:00:00 24
Creating point data table for: 2021082300
2021-08-23 00:00:00 12
Creating point data table for: 2021082312
2021-08-23 00:00:00 24
Creating point data table for: 2021082400
2021-08-24 00:00:00 12
Creating point data table for: 2021082412
2021-08-24 00:00:00 24
Creating point data table for: 2021082500
2021-08-25 00:00:00 12
Creating point data table for: 2021082512
2021-08-25 00:00:00 24
Creating point data table for: 2021082600
2021-08-26 00:00:00 12
Creating point data table for: 2021082612
2021-08-26 00:00:00 24
Creating point data table for: 2021082700
2021-08-27 00:00:00 12
Creating point data table for: 2021082712
2021-08-27 00:00:00 24
Creating point data table for: 2021082800
2021-08-28 00:00:00 12
Creating point data table for: 2021082812
2021-08-28 00:00:00 24
Creating point data table for: 2021082900
2021-08-29 00:00:00 12
Creating point data table for: 2021082912
2021-08-29 00:00:00 24
Creating point data table for: 2021083000
2021-08-30 00:00:00 12
Creating point data table for: 2021083012
2021-08-30 00:00:00 24
Creating point data table for: 2021083100
2021-08-31 00:00:00 12
Creating point data table for: 2021083112
2021-08-31 00:00:00 24
Creating point data table for: 2021090100
2021-09-01 00:00:00 12
Creating point data table for: 2021090112
2021-09-01 00:00:00 24
Creating point data table for: 2021090200
2021-09-02 00:00:00 12
Creating point data table for: 2021090212
2021-09-02 00:00:00 24
Creating point data table for: 2021090300
2021-09-03 00:00:00 12
Creating point data table for: 2021090312
2021-09-03 00:00:00 24
Creating point data table for: 2021090400
2021-09-04 00:00:00 12
Creating point data table for: 2021090412
2021-09-04 00:00:00 24
Creating point data table for: 2021090500
2021-09-05 00:00:00 12
Creating point data table for: 2021090512
2021-09-05 00:00:00 24
Creating point data table for: 2021090600
2021-09-06 00:00:00 12
Creating point data table for: 2021090612
2021-09-06 00:00:00 24
Creating point data table for: 2021090700
2021-09-07 00:00:00 12
Creating point data table for: 2021090712
2021-09-07 00:00:00 24
Creating point data table for: 2021090800
2021-09-08 00:00:00 12
Creating point data table for: 2021090812
2021-09-08 00:00:00 24
Creating point data table for: 2021090900
2021-09-09 00:00:00 12
Creating point data table for: 2021090912
2021-09-09 00:00:00 24
Creating point data table for: 2021091000
2021-09-10 00:00:00 12
Creating point data table for: 2021091012
2021-09-10 00:00:00 24
Creating point data table for: 2021091100
2021-09-11 00:00:00 12
Creating point data table for: 2021091112
2021-09-11 00:00:00 24
Creating point data table for: 2021091200
2021-09-12 00:00:00 12
Creating point data table for: 2021091212
2021-09-12 00:00:00 24
Creating point data table for: 2021091300
2021-09-13 00:00:00 12
Creating point data table for: 2021091312
2021-09-13 00:00:00 24
Creating point data table for: 2021091400
2021-09-14 00:00:00 12
Creating point data table for: 2021091412
2021-09-14 00:00:00 24
Creating point data table for: 2021091500
2021-09-15 00:00:00 12
Creating point data table for: 2021091512
2021-09-15 00:00:00 24
Creating point data table for: 2021091600
2021-09-16 00:00:00 12
Creating point data table for: 2021091612
2021-09-16 00:00:00 24
Creating point data table for: 2021091700
2021-09-17 00:00:00 12
Creating point data table for: 2021091712
2021-09-17 00:00:00 24
Creating point data table for: 2021091800
2021-09-18 00:00:00 12
Creating point data table for: 2021091812
2021-09-18 00:00:00 24
Creating point data table for: 2021091900
2021-09-19 00:00:00 12
Creating point data table for: 2021091912
2021-09-19 00:00:00 24
Creating point data table for: 2021092000
2021-09-20 00:00:00 12
Creating point data table for: 2021092012
2021-09-20 00:00:00 24
Creating point data table for: 2021092100
2021-09-21 00:00:00 12
Creating point data table for: 2021092112
2021-09-21 00:00:00 24
Creating point data table for: 2021092200
2021-09-22 00:00:00 12
Creating point data table for: 2021092212
2021-09-22 00:00:00 24
Creating point data table for: 2021092300
2021-09-23 00:00:00 12
Creating point data table for: 2021092312
2021-09-23 00:00:00 24
Creating point data table for: 2021092400
2021-09-24 00:00:00 12
Creating point data table for: 2021092412
2021-09-24 00:00:00 24
Creating point data table for: 2021092500
2021-09-25 00:00:00 12
Creating point data table for: 2021092512
2021-09-25 00:00:00 24
Creating point data table for: 2021092600
2021-09-26 00:00:00 12
Creating point data table for: 2021092612
2021-09-26 00:00:00 24
Creating point data table for: 2021092700
2021-09-27 00:00:00 12
Creating point data table for: 2021092712
2021-09-27 00:00:00 24
Creating point data table for: 2021092800
2021-09-28 00:00:00 12
Creating point data table for: 2021092812
2021-09-28 00:00:00 24
Creating point data table for: 2021092900
2021-09-29 00:00:00 12
Creating point data table for: 2021092912
2021-09-29 00:00:00 24
Creating point data table for: 2021093000
2021-09-30 00:00:00 12
Creating point data table for: 2021093012
2021-09-30 00:00:00 24
Creating point data table for: 2021100100
2021-10-01 00:00:00 12
Creating point data table for: 2021100112
2021-10-01 00:00:00 24
Creating point data table for: 2021100200
2021-10-02 00:00:00 12
Creating point data table for: 2021100212
2021-10-02 00:00:00 24
Creating point data table for: 2021100300
2021-10-03 00:00:00 12
Creating point data table for: 2021100312
2021-10-03 00:00:00 24
Creating point data table for: 2021100400
2021-10-04 00:00:00 12
Creating point data table for: 2021100412
2021-10-04 00:00:00 24
Creating point data table for: 2021100500
2021-10-05 00:00:00 12
Creating point data table for: 2021100512
2021-10-05 00:00:00 24
Creating point data table for: 2021100600
2021-10-06 00:00:00 12
Creating point data table for: 2021100612
2021-10-06 00:00:00 24
Creating point data table for: 2021100700
2021-10-07 00:00:00 12
Creating point data table for: 2021100712
2021-10-07 00:00:00 24
Creating point data table for: 2021100800
2021-10-08 00:00:00 12
Creating point data table for: 2021100812
2021-10-08 00:00:00 24
Creating point data table for: 2021100900
2021-10-09 00:00:00 12
Creating point data table for: 2021100912
2021-10-09 00:00:00 24
Creating point data table for: 2021101000
2021-10-10 00:00:00 12
Creating point data table for: 2021101012
2021-10-10 00:00:00 24
Creating point data table for: 2021101100
2021-10-11 00:00:00 12
Creating point data table for: 2021101112
2021-10-11 00:00:00 24
Creating point data table for: 2021101200
2021-10-12 00:00:00 12
Creating point data table for: 2021101212
2021-10-12 00:00:00 24
Creating point data table for: 2021101300
2021-10-13 00:00:00 12
Creating point data table for: 2021101312
2021-10-13 00:00:00 24
Creating point data table for: 2021101400
2021-10-14 00:00:00 12
Creating point data table for: 2021101412
2021-10-14 00:00:00 24
Creating point data table for: 2021101500
2021-10-15 00:00:00 12
Creating point data table for: 2021101512
2021-10-15 00:00:00 24
Creating point data table for: 2021101600
2021-10-16 00:00:00 12
Creating point data table for: 2021101612
2021-10-16 00:00:00 24
Creating point data table for: 2021101700
2021-10-17 00:00:00 12
Creating point data table for: 2021101712
2021-10-17 00:00:00 24
Creating point data table for: 2021101800
2021-10-18 00:00:00 12
Creating point data table for: 2021101812
2021-10-18 00:00:00 24
Creating point data table for: 2021101900
2021-10-19 00:00:00 12
Creating point data table for: 2021101912
2021-10-19 00:00:00 24
Creating point data table for: 2021102000
2021-10-20 00:00:00 12
Creating point data table for: 2021102012
2021-10-20 00:00:00 24
Creating point data table for: 2021102100
2021-10-21 00:00:00 12
Creating point data table for: 2021102112
2021-10-21 00:00:00 24
Creating point data table for: 2021102200
2021-10-22 00:00:00 12
Creating point data table for: 2021102212
2021-10-22 00:00:00 24
Creating point data table for: 2021102300
2021-10-23 00:00:00 12
Creating point data table for: 2021102312
2021-10-23 00:00:00 24
Creating point data table for: 2021102400
2021-10-24 00:00:00 12
Creating point data table for: 2021102412
2021-10-24 00:00:00 24
Creating point data table for: 2021102500
2021-10-25 00:00:00 12
Creating point data table for: 2021102512
2021-10-25 00:00:00 24
Creating point data table for: 2021102600
2021-10-26 00:00:00 12
Creating point data table for: 2021102612
2021-10-26 00:00:00 24
Creating point data table for: 2021102700
2021-10-27 00:00:00 12
Creating point data table for: 2021102712
2021-10-27 00:00:00 24
Creating point data table for: 2021102800
2021-10-28 00:00:00 12
Creating point data table for: 2021102812
2021-10-28 00:00:00 24
Creating point data table for: 2021102900
2021-10-29 00:00:00 12
Creating point data table for: 2021102912
2021-10-29 00:00:00 24
Creating point data table for: 2021103000
2021-10-30 00:00:00 12
Creating point data table for: 2021103012
2021-10-30 00:00:00 24
Creating point data table for: 2021103100
2021-10-31 00:00:00 12
Creating point data table for: 2021103112
2021-10-31 00:00:00 24
Creating point data table for: 2021110100
2021-11-01 00:00:00 12
Creating point data table for: 2021110112
2021-11-01 00:00:00 24
Creating point data table for: 2021110200
2021-11-02 00:00:00 12
Creating point data table for: 2021110212
2021-11-02 00:00:00 24
Creating point data table for: 2021110300
2021-11-03 00:00:00 12
Creating point data table for: 2021110312
2021-11-03 00:00:00 24
Creating point data table for: 2021110400
2021-11-04 00:00:00 12
Creating point data table for: 2021110412
2021-11-04 00:00:00 24
Creating point data table for: 2021110500
2021-11-05 00:00:00 12
Creating point data table for: 2021110512
2021-11-05 00:00:00 24
Creating point data table for: 2021110600
2021-11-06 00:00:00 12
Creating point data table for: 2021110612
2021-11-06 00:00:00 24
Creating point data table for: 2021110700
2021-11-07 00:00:00 12
Creating point data table for: 2021110712
2021-11-07 00:00:00 24
Creating point data table for: 2021110800
2021-11-08 00:00:00 12
Creating point data table for: 2021110812
2021-11-08 00:00:00 24
Creating point data table for: 2021110900
2021-11-09 00:00:00 12
Creating point data table for: 2021110912
2021-11-09 00:00:00 24
Creating point data table for: 2021111000
2021-11-10 00:00:00 12
Creating point data table for: 2021111012
2021-11-10 00:00:00 24
Creating point data table for: 2021111100
2021-11-11 00:00:00 12
Creating point data table for: 2021111112
2021-11-11 00:00:00 24
Creating point data table for: 2021111200
2021-11-12 00:00:00 12
Creating point data table for: 2021111212
2021-11-12 00:00:00 24
Creating point data table for: 2021111300
2021-11-13 00:00:00 12
Creating point data table for: 2021111312
2021-11-13 00:00:00 24
Creating point data table for: 2021111400
2021-11-14 00:00:00 12
Creating point data table for: 2021111412
2021-11-14 00:00:00 24
Creating point data table for: 2021111500
2021-11-15 00:00:00 12
Creating point data table for: 2021111512
2021-11-15 00:00:00 24
Creating point data table for: 2021111600
2021-11-16 00:00:00 12
Creating point data table for: 2021111612
2021-11-16 00:00:00 24
Creating point data table for: 2021111700
2021-11-17 00:00:00 12
Creating point data table for: 2021111712
2021-11-17 00:00:00 24
Creating point data table for: 2021111800
2021-11-18 00:00:00 12
Creating point data table for: 2021111812
2021-11-18 00:00:00 24
Creating point data table for: 2021111900
2021-11-19 00:00:00 12
Creating point data table for: 2021111912
2021-11-19 00:00:00 24
Creating point data table for: 2021112000
2021-11-20 00:00:00 12
Creating point data table for: 2021112012
2021-11-20 00:00:00 24
Creating point data table for: 2021112100
2021-11-21 00:00:00 12
Creating point data table for: 2021112112
2021-11-21 00:00:00 24
Creating point data table for: 2021112200
2021-11-22 00:00:00 12
Creating point data table for: 2021112212
2021-11-22 00:00:00 24
Creating point data table for: 2021112300
2021-11-23 00:00:00 12
Creating point data table for: 2021112312
2021-11-23 00:00:00 24
Creating point data table for: 2021112400
2021-11-24 00:00:00 12
Creating point data table for: 2021112412
2021-11-24 00:00:00 24
Creating point data table for: 2021112500
2021-11-25 00:00:00 12
Creating point data table for: 2021112512
2021-11-25 00:00:00 24
Creating point data table for: 2021112600
2021-11-26 00:00:00 12
Creating point data table for: 2021112612
2021-11-26 00:00:00 24
Creating point data table for: 2021112700
2021-11-27 00:00:00 12
Creating point data table for: 2021112712
2021-11-27 00:00:00 24
Creating point data table for: 2021112800
2021-11-28 00:00:00 12
Creating point data table for: 2021112812
2021-11-28 00:00:00 24
Creating point data table for: 2021112900
2021-11-29 00:00:00 12
Creating point data table for: 2021112912
2021-11-29 00:00:00 24
Creating point data table for: 2021113000
2021-11-30 00:00:00 12
Creating point data table for: 2021113012
2021-11-30 00:00:00 24
Creating point data table for: 2021120100
2021-12-01 00:00:00 12
Creating point data table for: 2021120112
2021-12-01 00:00:00 24
Creating point data table for: 2021120200
2021-12-02 00:00:00 12
Creating point data table for: 2021120212
2021-12-02 00:00:00 24
Creating point data table for: 2021120300
2021-12-03 00:00:00 12
Creating point data table for: 2021120312
2021-12-03 00:00:00 24
Creating point data table for: 2021120400
2021-12-04 00:00:00 12
Creating point data table for: 2021120412
2021-12-04 00:00:00 24
Creating point data table for: 2021120500
2021-12-05 00:00:00 12
Creating point data table for: 2021120512
2021-12-05 00:00:00 24
Creating point data table for: 2021120600
2021-12-06 00:00:00 12
Creating point data table for: 2021120612
2021-12-06 00:00:00 24
Creating point data table for: 2021120700
2021-12-07 00:00:00 12
Creating point data table for: 2021120712
2021-12-07 00:00:00 24
Creating point data table for: 2021120800
2021-12-08 00:00:00 12
Creating point data table for: 2021120812
2021-12-08 00:00:00 24
Creating point data table for: 2021120900
2021-12-09 00:00:00 12
Creating point data table for: 2021120912
2021-12-09 00:00:00 24
Creating point data table for: 2021121000
2021-12-10 00:00:00 12
Creating point data table for: 2021121012
2021-12-10 00:00:00 24
Creating point data table for: 2021121100
2021-12-11 00:00:00 12
Creating point data table for: 2021121112
2021-12-11 00:00:00 24
Creating point data table for: 2021121200
2021-12-12 00:00:00 12
Creating point data table for: 2021121212
2021-12-12 00:00:00 24
Creating point data table for: 2021121300
2021-12-13 00:00:00 12
Creating point data table for: 2021121312
2021-12-13 00:00:00 24
Creating point data table for: 2021121400
2021-12-14 00:00:00 12
Creating point data table for: 2021121412
2021-12-14 00:00:00 24
Creating point data table for: 2021121500
2021-12-15 00:00:00 12
Creating point data table for: 2021121512
2021-12-15 00:00:00 24
Creating point data table for: 2021121600
2021-12-16 00:00:00 12
Creating point data table for: 2021121612
2021-12-16 00:00:00 24
Creating point data table for: 2021121700
2021-12-17 00:00:00 12
Creating point data table for: 2021121712
2021-12-17 00:00:00 24
Creating point data table for: 2021121800
2021-12-18 00:00:00 12
Creating point data table for: 2021121812
2021-12-18 00:00:00 24
Creating point data table for: 2021121900
2021-12-19 00:00:00 12
Creating point data table for: 2021121912
2021-12-19 00:00:00 24
Creating point data table for: 2021122000
2021-12-20 00:00:00 12
Creating point data table for: 2021122012
2021-12-20 00:00:00 24
Creating point data table for: 2021122100
2021-12-21 00:00:00 12
Creating point data table for: 2021122112
2021-12-21 00:00:00 24
Creating point data table for: 2021122200
2021-12-22 00:00:00 12
Creating point data table for: 2021122212
2021-12-22 00:00:00 24
Creating point data table for: 2021122300
2021-12-23 00:00:00 12
Creating point data table for: 2021122312
2021-12-23 00:00:00 24
Creating point data table for: 2021122400
2021-12-24 00:00:00 12
Creating point data table for: 2021122412
2021-12-24 00:00:00 24
Creating point data table for: 2021122500
2021-12-25 00:00:00 12
Creating point data table for: 2021122512
2021-12-25 00:00:00 24
Creating point data table for: 2021122600
2021-12-26 00:00:00 12
Creating point data table for: 2021122612
2021-12-26 00:00:00 24
Creating point data table for: 2021122700
2021-12-27 00:00:00 12
Creating point data table for: 2021122712
2021-12-27 00:00:00 24
Creating point data table for: 2021122800
2021-12-28 00:00:00 12
Creating point data table for: 2021122812
2021-12-28 00:00:00 24
Creating point data table for: 2021122900
2021-12-29 00:00:00 12
Creating point data table for: 2021122912
2021-12-29 00:00:00 24
Creating point data table for: 2021123000
2021-12-30 00:00:00 12
Creating point data table for: 2021123012
2021-12-30 00:00:00 24
Creating point data table for: 2021123100
2021-12-31 00:00:00 12
Creating point data table for: 2021123112
2021-12-31 00:00:00 24
Creating point data table for: 2022010100
[ECMWF-INFO -ecepilog] ----------------------------------------------------------------------------------------------------
[ECMWF-INFO -ecepilog] This is the ECMWF job Epilogue
[ECMWF-INFO -ecepilog] +++ Please report issues using the Support portal +++
[ECMWF-INFO -ecepilog] +++ https://support.ecmwf.int                     +++
[ECMWF-INFO -ecepilog] ----------------------------------------------------------------------------------------------------
[ECMWF-INFO -ecepilog] Run at 2024-03-05T18:31:41 on aa
[ECMWF-INFO -ecepilog] JobName                   : PDT_Year
[ECMWF-INFO -ecepilog] JobID                     : 13918878
[ECMWF-INFO -ecepilog] Submit                    : 2024-03-05T17:27:12
[ECMWF-INFO -ecepilog] Start                     : 2024-03-05T17:27:29
[ECMWF-INFO -ecepilog] End                       : 2024-03-05T18:31:41
[ECMWF-INFO -ecepilog] QueuedTime                : 17.0
[ECMWF-INFO -ecepilog] ElapsedRaw                : 3852
[ECMWF-INFO -ecepilog] ExitCode                  : 0:0
[ECMWF-INFO -ecepilog] DerivedExitCode           : 0:0
[ECMWF-INFO -ecepilog] State                     : COMPLETED
[ECMWF-INFO -ecepilog] Account                   : ecodmdmo
[ECMWF-INFO -ecepilog] QOS                       : nf
[ECMWF-INFO -ecepilog] User                      : mofp
[ECMWF-INFO -ecepilog] StdOut                    : /etc/ecmwf/vol/ecpoint_dev/mofp/Papers_2_Write/Use_FlashFloodsRep_4Verif_USA/Scripts/Processed/LogATOS/PDT_Year-13918878.out
[ECMWF-INFO -ecepilog] StdErr                    : /etc/ecmwf/vol/ecpoint_dev/mofp/Papers_2_Write/Use_FlashFloodsRep_4Verif_USA/Scripts/Processed/LogATOS/PDT_Year-13918878.out
[ECMWF-INFO -ecepilog] NNodes                    : 1
[ECMWF-INFO -ecepilog] NCPUS                     : 64
[ECMWF-INFO -ecepilog] SBU                       : 584.260
[ECMWF-INFO -ecepilog] ----------------------------------------------------------------------------------------------------

