[ECMWF-INFO -sbatch] - -------------------------------------------------------------------------------------
[ECMWF-INFO -sbatch] -  This is the ECMWF jobfilter
[ECMWF-INFO -sbatch] -  +++ Please report issues using the Support portal +++
[ECMWF-INFO -sbatch] -  +++ https://support.ecmwf.int                     +++
[ECMWF-INFO -sbatch] -  /usr/local/bin/ecsbatch: size: 49002, mtime: Tue Oct  3 11:53:54 2023
[ECMWF-INFO -sbatch] - -------------------------------------------------------------------------------------
[ECMWF-INFO -sbatch] - Time at submit: Tue Mar  5 17:27:12 2024 (1709659632.560431) on aa6-204.bullx:/etc/ecmwf/vol/ecpoint_dev/mofp/Papers_2_Write/Use_FlashFloodsRep_4Verif_USA/Scripts/Processed
[ECMWF-INFO -sbatch] - --- SLURM VARIABLES ---
[ECMWF-INFO -sbatch] - EC_CLUSTER=aa
[ECMWF-INFO -sbatch] - SLURM_EXPORT_ENV=ALL
[ECMWF-INFO -sbatch] - SLURM_JOB_ID=13517288
[ECMWF-INFO -sbatch] - SBATCH_EXPORT=NONE
[ECMWF-INFO -sbatch] - -----------------------
[ECMWF-INFO -sbatch] - jobscript: /etc/ecmwf/vol/ecpoint_dev/mofp/Papers_2_Write/Use_FlashFloodsRep_4Verif_USA/Scripts/Processed/18a_SubmitterATOS_PDT_Year.sh
[ECMWF-INFO -sbatch] - --- SCRIPT OPTIONS ---
[ECMWF-INFO -sbatch] - #SBATCH --job-name=PDT_Year
[ECMWF-INFO -sbatch] - #SBATCH --output=LogATOS/PDT_Year-%J.out
[ECMWF-INFO -sbatch] - #SBATCH --error=LogATOS/PDT_Year-%J.out
[ECMWF-INFO -sbatch] - #SBATCH --cpus-per-task=64
[ECMWF-INFO -sbatch] - #SBATCH --mem=128G
[ECMWF-INFO -sbatch] - #SBATCH --time=2-00:00:00
[ECMWF-INFO -sbatch] - #SBATCH --qos=nf
[ECMWF-INFO -sbatch] - #SBATCH --mail-type=FAIL
[ECMWF-INFO -sbatch] - #SBATCH --mail-user=fatima.pillosu@ecmwf.int
[ECMWF-INFO -sbatch] - -----------------------
[ECMWF-INFO -sbatch] - --- POST-PROCESSED OPTIONS ---
[ECMWF-INFO -sbatch] - ARG --positional=['18a_SubmitterATOS_PDT_Year.sh', '2020']
[ECMWF-INFO -sbatch] - ARG --cpus_per_task=64
[ECMWF-INFO -sbatch] - ARG --error=LogATOS/PDT_Year-%J.out
[ECMWF-INFO -sbatch] - ARG --job_name=PDT_Year
[ECMWF-INFO -sbatch] - ARG --mail_type=FAIL
[ECMWF-INFO -sbatch] - ARG --mail_user=fatima.pillosu@ecmwf.int
[ECMWF-INFO -sbatch] - ARG --output=LogATOS/PDT_Year-%J.out
[ECMWF-INFO -sbatch] - ARG --qos=nf
[ECMWF-INFO -sbatch] - ARG --time=2-00:00:00
[ECMWF-INFO -sbatch] - ARG --mem=128G
[ECMWF-INFO -sbatch] - ------------------------------
[ECMWF-INFO -sbatch] - jobtag: mofp-PDT_Year-1x64-/etc/ecmwf/vol/ecpoint_dev/mofp/Papers_2_Write/Use_FlashFloodsRep_4Verif_USA/Scripts/Processed/LogATOS/PDT_Year-_.out
[ECMWF-INFO -sbatch] - ['/usr/bin/sbatch', '--cpus-per-task=64', '--error=LogATOS/PDT_Year-%J.out', '--job-name=PDT_Year', '--mail-type=FAIL', '--mail-user=fatima.pillosu@ecmwf.int', '--output=LogATOS/PDT_Year-%J.out', '--qos=nf', '--time=2-00:00:00', '--mem=128G', '--licenses=h2resw01', '--export=EC_user_time_limit=2-00:00:00', '/etc/ecmwf/vol/ecpoint_dev/mofp/Papers_2_Write/Use_FlashFloodsRep_4Verif_USA/Scripts/Processed/18a_SubmitterATOS_PDT_Year.sh', '2020']
[ECMWF-INFO -sbatch] - sbatch executed on aa
[ECMWF-INFO -sbatch] - Job queued on aa using method local
[ECMWF-INFO -sbatch] - Submitted batch job 13918876
[ECMWF-INFO -ecprofile] /usr/bin/bash NON_INTERACTIVE on aa6-188 at 20240305_172732.027, PID: 850864, JOBID: 13918876
[ECMWF-INFO -ecprofile] $SCRATCH=/ec/res4/scratch/mofp
[ECMWF-INFO -ecprofile] $PERM=/perm/mofp
[ECMWF-INFO -ecprofile] $HPCPERM=/ec/res4/hpcperm/mofp
[ECMWF-INFO -ecprofile] $TMPDIR=/etc/ecmwf/ssd/ssd1/tmpdirs/mofp.13918876
[ECMWF-INFO -ecprofile] $SCRATCHDIR=/ec/res4/scratchdir/mofp/4/13918876
2020-01-01 00:00:00 12
Creating point data table for: 2020010112
2020-01-01 00:00:00 24
Creating point data table for: 2020010200
2020-01-02 00:00:00 12
Creating point data table for: 2020010212
2020-01-02 00:00:00 24
Creating point data table for: 2020010300
2020-01-03 00:00:00 12
Creating point data table for: 2020010312
2020-01-03 00:00:00 24
Creating point data table for: 2020010400
2020-01-04 00:00:00 12
Creating point data table for: 2020010412
2020-01-04 00:00:00 24
Creating point data table for: 2020010500
2020-01-05 00:00:00 12
Creating point data table for: 2020010512
2020-01-05 00:00:00 24
Creating point data table for: 2020010600
2020-01-06 00:00:00 12
Creating point data table for: 2020010612
2020-01-06 00:00:00 24
Creating point data table for: 2020010700
2020-01-07 00:00:00 12
Creating point data table for: 2020010712
2020-01-07 00:00:00 24
Creating point data table for: 2020010800
2020-01-08 00:00:00 12
Creating point data table for: 2020010812
2020-01-08 00:00:00 24
Creating point data table for: 2020010900
2020-01-09 00:00:00 12
Creating point data table for: 2020010912
2020-01-09 00:00:00 24
Creating point data table for: 2020011000
2020-01-10 00:00:00 12
Creating point data table for: 2020011012
2020-01-10 00:00:00 24
Creating point data table for: 2020011100
2020-01-11 00:00:00 12
Creating point data table for: 2020011112
2020-01-11 00:00:00 24
Creating point data table for: 2020011200
2020-01-12 00:00:00 12
Creating point data table for: 2020011212
2020-01-12 00:00:00 24
Creating point data table for: 2020011300
2020-01-13 00:00:00 12
Creating point data table for: 2020011312
2020-01-13 00:00:00 24
Creating point data table for: 2020011400
2020-01-14 00:00:00 12
Creating point data table for: 2020011412
2020-01-14 00:00:00 24
Creating point data table for: 2020011500
2020-01-15 00:00:00 12
Creating point data table for: 2020011512
2020-01-15 00:00:00 24
Creating point data table for: 2020011600
2020-01-16 00:00:00 12
Creating point data table for: 2020011612
2020-01-16 00:00:00 24
Creating point data table for: 2020011700
2020-01-17 00:00:00 12
Creating point data table for: 2020011712
2020-01-17 00:00:00 24
Creating point data table for: 2020011800
2020-01-18 00:00:00 12
Creating point data table for: 2020011812
2020-01-18 00:00:00 24
Creating point data table for: 2020011900
2020-01-19 00:00:00 12
Creating point data table for: 2020011912
2020-01-19 00:00:00 24
Creating point data table for: 2020012000
2020-01-20 00:00:00 12
Creating point data table for: 2020012012
2020-01-20 00:00:00 24
Creating point data table for: 2020012100
2020-01-21 00:00:00 12
Creating point data table for: 2020012112
2020-01-21 00:00:00 24
Creating point data table for: 2020012200
2020-01-22 00:00:00 12
Creating point data table for: 2020012212
2020-01-22 00:00:00 24
Creating point data table for: 2020012300
2020-01-23 00:00:00 12
Creating point data table for: 2020012312
2020-01-23 00:00:00 24
Creating point data table for: 2020012400
2020-01-24 00:00:00 12
Creating point data table for: 2020012412
2020-01-24 00:00:00 24
Creating point data table for: 2020012500
2020-01-25 00:00:00 12
Creating point data table for: 2020012512
2020-01-25 00:00:00 24
Creating point data table for: 2020012600
2020-01-26 00:00:00 12
Creating point data table for: 2020012612
2020-01-26 00:00:00 24
Creating point data table for: 2020012700
2020-01-27 00:00:00 12
Creating point data table for: 2020012712
2020-01-27 00:00:00 24
Creating point data table for: 2020012800
2020-01-28 00:00:00 12
Creating point data table for: 2020012812
2020-01-28 00:00:00 24
Creating point data table for: 2020012900
2020-01-29 00:00:00 12
Creating point data table for: 2020012912
2020-01-29 00:00:00 24
Creating point data table for: 2020013000
2020-01-30 00:00:00 12
Creating point data table for: 2020013012
2020-01-30 00:00:00 24
Creating point data table for: 2020013100
2020-01-31 00:00:00 12
Creating point data table for: 2020013112
2020-01-31 00:00:00 24
Creating point data table for: 2020020100
2020-02-01 00:00:00 12
Creating point data table for: 2020020112
2020-02-01 00:00:00 24
Creating point data table for: 2020020200
2020-02-02 00:00:00 12
Creating point data table for: 2020020212
2020-02-02 00:00:00 24
Creating point data table for: 2020020300
2020-02-03 00:00:00 12
Creating point data table for: 2020020312
2020-02-03 00:00:00 24
Creating point data table for: 2020020400
2020-02-04 00:00:00 12
Creating point data table for: 2020020412
2020-02-04 00:00:00 24
Creating point data table for: 2020020500
2020-02-05 00:00:00 12
Creating point data table for: 2020020512
2020-02-05 00:00:00 24
Creating point data table for: 2020020600
2020-02-06 00:00:00 12
Creating point data table for: 2020020612
2020-02-06 00:00:00 24
Creating point data table for: 2020020700
2020-02-07 00:00:00 12
Creating point data table for: 2020020712
2020-02-07 00:00:00 24
Creating point data table for: 2020020800
2020-02-08 00:00:00 12
Creating point data table for: 2020020812
2020-02-08 00:00:00 24
Creating point data table for: 2020020900
2020-02-09 00:00:00 12
Creating point data table for: 2020020912
2020-02-09 00:00:00 24
Creating point data table for: 2020021000
2020-02-10 00:00:00 12
Creating point data table for: 2020021012
2020-02-10 00:00:00 24
Creating point data table for: 2020021100
2020-02-11 00:00:00 12
Creating point data table for: 2020021112
2020-02-11 00:00:00 24
Creating point data table for: 2020021200
2020-02-12 00:00:00 12
Creating point data table for: 2020021212
2020-02-12 00:00:00 24
Creating point data table for: 2020021300
2020-02-13 00:00:00 12
Creating point data table for: 2020021312
2020-02-13 00:00:00 24
Creating point data table for: 2020021400
2020-02-14 00:00:00 12
Creating point data table for: 2020021412
2020-02-14 00:00:00 24
Creating point data table for: 2020021500
2020-02-15 00:00:00 12
Creating point data table for: 2020021512
2020-02-15 00:00:00 24
Creating point data table for: 2020021600
2020-02-16 00:00:00 12
Creating point data table for: 2020021612
2020-02-16 00:00:00 24
Creating point data table for: 2020021700
2020-02-17 00:00:00 12
Creating point data table for: 2020021712
2020-02-17 00:00:00 24
Creating point data table for: 2020021800
2020-02-18 00:00:00 12
Creating point data table for: 2020021812
2020-02-18 00:00:00 24
Creating point data table for: 2020021900
2020-02-19 00:00:00 12
Creating point data table for: 2020021912
2020-02-19 00:00:00 24
Creating point data table for: 2020022000
2020-02-20 00:00:00 12
Creating point data table for: 2020022012
2020-02-20 00:00:00 24
Creating point data table for: 2020022100
2020-02-21 00:00:00 12
Creating point data table for: 2020022112
2020-02-21 00:00:00 24
Creating point data table for: 2020022200
2020-02-22 00:00:00 12
Creating point data table for: 2020022212
2020-02-22 00:00:00 24
Creating point data table for: 2020022300
2020-02-23 00:00:00 12
Creating point data table for: 2020022312
2020-02-23 00:00:00 24
Creating point data table for: 2020022400
2020-02-24 00:00:00 12
Creating point data table for: 2020022412
2020-02-24 00:00:00 24
Creating point data table for: 2020022500
2020-02-25 00:00:00 12
Creating point data table for: 2020022512
2020-02-25 00:00:00 24
Creating point data table for: 2020022600
2020-02-26 00:00:00 12
Creating point data table for: 2020022612
2020-02-26 00:00:00 24
Creating point data table for: 2020022700
2020-02-27 00:00:00 12
Creating point data table for: 2020022712
2020-02-27 00:00:00 24
Creating point data table for: 2020022800
2020-02-28 00:00:00 12
Creating point data table for: 2020022812
2020-02-28 00:00:00 24
Creating point data table for: 2020022900
2020-02-29 00:00:00 12
Creating point data table for: 2020022912
2020-02-29 00:00:00 24
Creating point data table for: 2020030100
2020-03-01 00:00:00 12
Creating point data table for: 2020030112
2020-03-01 00:00:00 24
Creating point data table for: 2020030200
2020-03-02 00:00:00 12
Creating point data table for: 2020030212
2020-03-02 00:00:00 24
Creating point data table for: 2020030300
2020-03-03 00:00:00 12
Creating point data table for: 2020030312
2020-03-03 00:00:00 24
Creating point data table for: 2020030400
2020-03-04 00:00:00 12
Creating point data table for: 2020030412
2020-03-04 00:00:00 24
Creating point data table for: 2020030500
2020-03-05 00:00:00 12
Creating point data table for: 2020030512
2020-03-05 00:00:00 24
Creating point data table for: 2020030600
2020-03-06 00:00:00 12
Creating point data table for: 2020030612
2020-03-06 00:00:00 24
Creating point data table for: 2020030700
2020-03-07 00:00:00 12
Creating point data table for: 2020030712
2020-03-07 00:00:00 24
Creating point data table for: 2020030800
2020-03-08 00:00:00 12
Creating point data table for: 2020030812
2020-03-08 00:00:00 24
Creating point data table for: 2020030900
2020-03-09 00:00:00 12
Creating point data table for: 2020030912
2020-03-09 00:00:00 24
Creating point data table for: 2020031000
2020-03-10 00:00:00 12
Creating point data table for: 2020031012
2020-03-10 00:00:00 24
Creating point data table for: 2020031100
2020-03-11 00:00:00 12
Creating point data table for: 2020031112
2020-03-11 00:00:00 24
Creating point data table for: 2020031200
2020-03-12 00:00:00 12
Creating point data table for: 2020031212
2020-03-12 00:00:00 24
Creating point data table for: 2020031300
2020-03-13 00:00:00 12
Creating point data table for: 2020031312
2020-03-13 00:00:00 24
Creating point data table for: 2020031400
2020-03-14 00:00:00 12
Creating point data table for: 2020031412
2020-03-14 00:00:00 24
Creating point data table for: 2020031500
2020-03-15 00:00:00 12
Creating point data table for: 2020031512
2020-03-15 00:00:00 24
Creating point data table for: 2020031600
2020-03-16 00:00:00 12
Creating point data table for: 2020031612
2020-03-16 00:00:00 24
Creating point data table for: 2020031700
2020-03-17 00:00:00 12
Creating point data table for: 2020031712
2020-03-17 00:00:00 24
Creating point data table for: 2020031800
2020-03-18 00:00:00 12
Creating point data table for: 2020031812
2020-03-18 00:00:00 24
Creating point data table for: 2020031900
2020-03-19 00:00:00 12
Creating point data table for: 2020031912
2020-03-19 00:00:00 24
Creating point data table for: 2020032000
2020-03-20 00:00:00 12
Creating point data table for: 2020032012
2020-03-20 00:00:00 24
Creating point data table for: 2020032100
2020-03-21 00:00:00 12
Creating point data table for: 2020032112
2020-03-21 00:00:00 24
Creating point data table for: 2020032200
2020-03-22 00:00:00 12
Creating point data table for: 2020032212
2020-03-22 00:00:00 24
Creating point data table for: 2020032300
2020-03-23 00:00:00 12
Creating point data table for: 2020032312
2020-03-23 00:00:00 24
Creating point data table for: 2020032400
2020-03-24 00:00:00 12
Creating point data table for: 2020032412
2020-03-24 00:00:00 24
Creating point data table for: 2020032500
2020-03-25 00:00:00 12
Creating point data table for: 2020032512
2020-03-25 00:00:00 24
Creating point data table for: 2020032600
2020-03-26 00:00:00 12
Creating point data table for: 2020032612
2020-03-26 00:00:00 24
Creating point data table for: 2020032700
2020-03-27 00:00:00 12
Creating point data table for: 2020032712
2020-03-27 00:00:00 24
Creating point data table for: 2020032800
2020-03-28 00:00:00 12
Creating point data table for: 2020032812
2020-03-28 00:00:00 24
Creating point data table for: 2020032900
2020-03-29 00:00:00 12
Creating point data table for: 2020032912
2020-03-29 00:00:00 24
Creating point data table for: 2020033000
2020-03-30 00:00:00 12
Creating point data table for: 2020033012
2020-03-30 00:00:00 24
Creating point data table for: 2020033100
2020-03-31 00:00:00 12
Creating point data table for: 2020033112
2020-03-31 00:00:00 24
Creating point data table for: 2020040100
2020-04-01 00:00:00 12
Creating point data table for: 2020040112
2020-04-01 00:00:00 24
Creating point data table for: 2020040200
2020-04-02 00:00:00 12
Creating point data table for: 2020040212
2020-04-02 00:00:00 24
Creating point data table for: 2020040300
2020-04-03 00:00:00 12
Creating point data table for: 2020040312
2020-04-03 00:00:00 24
Creating point data table for: 2020040400
2020-04-04 00:00:00 12
Creating point data table for: 2020040412
2020-04-04 00:00:00 24
Creating point data table for: 2020040500
2020-04-05 00:00:00 12
Creating point data table for: 2020040512
2020-04-05 00:00:00 24
Creating point data table for: 2020040600
2020-04-06 00:00:00 12
Creating point data table for: 2020040612
2020-04-06 00:00:00 24
Creating point data table for: 2020040700
2020-04-07 00:00:00 12
Creating point data table for: 2020040712
2020-04-07 00:00:00 24
Creating point data table for: 2020040800
2020-04-08 00:00:00 12
Creating point data table for: 2020040812
2020-04-08 00:00:00 24
Creating point data table for: 2020040900
2020-04-09 00:00:00 12
Creating point data table for: 2020040912
2020-04-09 00:00:00 24
Creating point data table for: 2020041000
2020-04-10 00:00:00 12
Creating point data table for: 2020041012
2020-04-10 00:00:00 24
Creating point data table for: 2020041100
2020-04-11 00:00:00 12
Creating point data table for: 2020041112
2020-04-11 00:00:00 24
Creating point data table for: 2020041200
2020-04-12 00:00:00 12
Creating point data table for: 2020041212
2020-04-12 00:00:00 24
Creating point data table for: 2020041300
2020-04-13 00:00:00 12
Creating point data table for: 2020041312
2020-04-13 00:00:00 24
Creating point data table for: 2020041400
2020-04-14 00:00:00 12
Creating point data table for: 2020041412
2020-04-14 00:00:00 24
Creating point data table for: 2020041500
2020-04-15 00:00:00 12
Creating point data table for: 2020041512
2020-04-15 00:00:00 24
Creating point data table for: 2020041600
2020-04-16 00:00:00 12
Creating point data table for: 2020041612
2020-04-16 00:00:00 24
Creating point data table for: 2020041700
2020-04-17 00:00:00 12
Creating point data table for: 2020041712
2020-04-17 00:00:00 24
Creating point data table for: 2020041800
2020-04-18 00:00:00 12
Creating point data table for: 2020041812
2020-04-18 00:00:00 24
Creating point data table for: 2020041900
2020-04-19 00:00:00 12
Creating point data table for: 2020041912
2020-04-19 00:00:00 24
Creating point data table for: 2020042000
2020-04-20 00:00:00 12
Creating point data table for: 2020042012
2020-04-20 00:00:00 24
Creating point data table for: 2020042100
2020-04-21 00:00:00 12
Creating point data table for: 2020042112
2020-04-21 00:00:00 24
Creating point data table for: 2020042200
2020-04-22 00:00:00 12
Creating point data table for: 2020042212
2020-04-22 00:00:00 24
Creating point data table for: 2020042300
2020-04-23 00:00:00 12
Creating point data table for: 2020042312
2020-04-23 00:00:00 24
Creating point data table for: 2020042400
2020-04-24 00:00:00 12
Creating point data table for: 2020042412
2020-04-24 00:00:00 24
Creating point data table for: 2020042500
2020-04-25 00:00:00 12
Creating point data table for: 2020042512
2020-04-25 00:00:00 24
Creating point data table for: 2020042600
2020-04-26 00:00:00 12
Creating point data table for: 2020042612
2020-04-26 00:00:00 24
Creating point data table for: 2020042700
2020-04-27 00:00:00 12
Creating point data table for: 2020042712
2020-04-27 00:00:00 24
Creating point data table for: 2020042800
2020-04-28 00:00:00 12
Creating point data table for: 2020042812
2020-04-28 00:00:00 24
Creating point data table for: 2020042900
2020-04-29 00:00:00 12
Creating point data table for: 2020042912
2020-04-29 00:00:00 24
Creating point data table for: 2020043000
2020-04-30 00:00:00 12
Creating point data table for: 2020043012
2020-04-30 00:00:00 24
Creating point data table for: 2020050100
2020-05-01 00:00:00 12
Creating point data table for: 2020050112
2020-05-01 00:00:00 24
Creating point data table for: 2020050200
2020-05-02 00:00:00 12
Creating point data table for: 2020050212
2020-05-02 00:00:00 24
Creating point data table for: 2020050300
2020-05-03 00:00:00 12
Creating point data table for: 2020050312
2020-05-03 00:00:00 24
Creating point data table for: 2020050400
2020-05-04 00:00:00 12
Creating point data table for: 2020050412
2020-05-04 00:00:00 24
Creating point data table for: 2020050500
2020-05-05 00:00:00 12
Creating point data table for: 2020050512
2020-05-05 00:00:00 24
Creating point data table for: 2020050600
2020-05-06 00:00:00 12
Creating point data table for: 2020050612
2020-05-06 00:00:00 24
Creating point data table for: 2020050700
2020-05-07 00:00:00 12
Creating point data table for: 2020050712
2020-05-07 00:00:00 24
Creating point data table for: 2020050800
2020-05-08 00:00:00 12
Creating point data table for: 2020050812
2020-05-08 00:00:00 24
Creating point data table for: 2020050900
2020-05-09 00:00:00 12
Creating point data table for: 2020050912
2020-05-09 00:00:00 24
Creating point data table for: 2020051000
2020-05-10 00:00:00 12
Creating point data table for: 2020051012
2020-05-10 00:00:00 24
Creating point data table for: 2020051100
2020-05-11 00:00:00 12
Creating point data table for: 2020051112
2020-05-11 00:00:00 24
Creating point data table for: 2020051200
2020-05-12 00:00:00 12
Creating point data table for: 2020051212
2020-05-12 00:00:00 24
Creating point data table for: 2020051300
2020-05-13 00:00:00 12
Creating point data table for: 2020051312
2020-05-13 00:00:00 24
Creating point data table for: 2020051400
2020-05-14 00:00:00 12
Creating point data table for: 2020051412
2020-05-14 00:00:00 24
Creating point data table for: 2020051500
2020-05-15 00:00:00 12
Creating point data table for: 2020051512
2020-05-15 00:00:00 24
Creating point data table for: 2020051600
2020-05-16 00:00:00 12
Creating point data table for: 2020051612
2020-05-16 00:00:00 24
Creating point data table for: 2020051700
2020-05-17 00:00:00 12
Creating point data table for: 2020051712
2020-05-17 00:00:00 24
Creating point data table for: 2020051800
2020-05-18 00:00:00 12
Creating point data table for: 2020051812
2020-05-18 00:00:00 24
Creating point data table for: 2020051900
2020-05-19 00:00:00 12
Creating point data table for: 2020051912
2020-05-19 00:00:00 24
Creating point data table for: 2020052000
2020-05-20 00:00:00 12
Creating point data table for: 2020052012
2020-05-20 00:00:00 24
Creating point data table for: 2020052100
2020-05-21 00:00:00 12
Creating point data table for: 2020052112
2020-05-21 00:00:00 24
Creating point data table for: 2020052200
2020-05-22 00:00:00 12
Creating point data table for: 2020052212
2020-05-22 00:00:00 24
Creating point data table for: 2020052300
2020-05-23 00:00:00 12
Creating point data table for: 2020052312
2020-05-23 00:00:00 24
Creating point data table for: 2020052400
2020-05-24 00:00:00 12
Creating point data table for: 2020052412
2020-05-24 00:00:00 24
Creating point data table for: 2020052500
2020-05-25 00:00:00 12
Creating point data table for: 2020052512
2020-05-25 00:00:00 24
Creating point data table for: 2020052600
2020-05-26 00:00:00 12
Creating point data table for: 2020052612
2020-05-26 00:00:00 24
Creating point data table for: 2020052700
2020-05-27 00:00:00 12
Creating point data table for: 2020052712
2020-05-27 00:00:00 24
Creating point data table for: 2020052800
2020-05-28 00:00:00 12
Creating point data table for: 2020052812
2020-05-28 00:00:00 24
Creating point data table for: 2020052900
2020-05-29 00:00:00 12
Creating point data table for: 2020052912
2020-05-29 00:00:00 24
Creating point data table for: 2020053000
2020-05-30 00:00:00 12
Creating point data table for: 2020053012
2020-05-30 00:00:00 24
Creating point data table for: 2020053100
2020-05-31 00:00:00 12
Creating point data table for: 2020053112
2020-05-31 00:00:00 24
Creating point data table for: 2020060100
2020-06-01 00:00:00 12
Creating point data table for: 2020060112
2020-06-01 00:00:00 24
Creating point data table for: 2020060200
2020-06-02 00:00:00 12
Creating point data table for: 2020060212
2020-06-02 00:00:00 24
Creating point data table for: 2020060300
2020-06-03 00:00:00 12
Creating point data table for: 2020060312
2020-06-03 00:00:00 24
Creating point data table for: 2020060400
2020-06-04 00:00:00 12
Creating point data table for: 2020060412
2020-06-04 00:00:00 24
Creating point data table for: 2020060500
2020-06-05 00:00:00 12
Creating point data table for: 2020060512
2020-06-05 00:00:00 24
Creating point data table for: 2020060600
2020-06-06 00:00:00 12
Creating point data table for: 2020060612
2020-06-06 00:00:00 24
Creating point data table for: 2020060700
2020-06-07 00:00:00 12
Creating point data table for: 2020060712
2020-06-07 00:00:00 24
Creating point data table for: 2020060800
2020-06-08 00:00:00 12
Creating point data table for: 2020060812
2020-06-08 00:00:00 24
Creating point data table for: 2020060900
2020-06-09 00:00:00 12
Creating point data table for: 2020060912
2020-06-09 00:00:00 24
Creating point data table for: 2020061000
2020-06-10 00:00:00 12
Creating point data table for: 2020061012
2020-06-10 00:00:00 24
Creating point data table for: 2020061100
2020-06-11 00:00:00 12
Creating point data table for: 2020061112
2020-06-11 00:00:00 24
Creating point data table for: 2020061200
2020-06-12 00:00:00 12
Creating point data table for: 2020061212
2020-06-12 00:00:00 24
Creating point data table for: 2020061300
2020-06-13 00:00:00 12
Creating point data table for: 2020061312
2020-06-13 00:00:00 24
Creating point data table for: 2020061400
2020-06-14 00:00:00 12
Creating point data table for: 2020061412
2020-06-14 00:00:00 24
Creating point data table for: 2020061500
2020-06-15 00:00:00 12
Creating point data table for: 2020061512
2020-06-15 00:00:00 24
Creating point data table for: 2020061600
2020-06-16 00:00:00 12
Creating point data table for: 2020061612
2020-06-16 00:00:00 24
Creating point data table for: 2020061700
2020-06-17 00:00:00 12
Creating point data table for: 2020061712
2020-06-17 00:00:00 24
Creating point data table for: 2020061800
2020-06-18 00:00:00 12
Creating point data table for: 2020061812
2020-06-18 00:00:00 24
Creating point data table for: 2020061900
2020-06-19 00:00:00 12
Creating point data table for: 2020061912
2020-06-19 00:00:00 24
Creating point data table for: 2020062000
2020-06-20 00:00:00 12
Creating point data table for: 2020062012
2020-06-20 00:00:00 24
Creating point data table for: 2020062100
2020-06-21 00:00:00 12
Creating point data table for: 2020062112
2020-06-21 00:00:00 24
Creating point data table for: 2020062200
2020-06-22 00:00:00 12
Creating point data table for: 2020062212
2020-06-22 00:00:00 24
Creating point data table for: 2020062300
2020-06-23 00:00:00 12
Creating point data table for: 2020062312
2020-06-23 00:00:00 24
Creating point data table for: 2020062400
2020-06-24 00:00:00 12
Creating point data table for: 2020062412
2020-06-24 00:00:00 24
Creating point data table for: 2020062500
2020-06-25 00:00:00 12
Creating point data table for: 2020062512
2020-06-25 00:00:00 24
Creating point data table for: 2020062600
2020-06-26 00:00:00 12
Creating point data table for: 2020062612
2020-06-26 00:00:00 24
Creating point data table for: 2020062700
2020-06-27 00:00:00 12
Creating point data table for: 2020062712
2020-06-27 00:00:00 24
Creating point data table for: 2020062800
2020-06-28 00:00:00 12
Creating point data table for: 2020062812
2020-06-28 00:00:00 24
Creating point data table for: 2020062900
2020-06-29 00:00:00 12
Creating point data table for: 2020062912
2020-06-29 00:00:00 24
Creating point data table for: 2020063000
2020-06-30 00:00:00 12
Creating point data table for: 2020063012
2020-06-30 00:00:00 24
Creating point data table for: 2020070100
2020-07-01 00:00:00 12
Creating point data table for: 2020070112
2020-07-01 00:00:00 24
Creating point data table for: 2020070200
2020-07-02 00:00:00 12
Creating point data table for: 2020070212
2020-07-02 00:00:00 24
Creating point data table for: 2020070300
2020-07-03 00:00:00 12
Creating point data table for: 2020070312
2020-07-03 00:00:00 24
Creating point data table for: 2020070400
2020-07-04 00:00:00 12
Creating point data table for: 2020070412
2020-07-04 00:00:00 24
Creating point data table for: 2020070500
2020-07-05 00:00:00 12
Creating point data table for: 2020070512
2020-07-05 00:00:00 24
Creating point data table for: 2020070600
2020-07-06 00:00:00 12
Creating point data table for: 2020070612
2020-07-06 00:00:00 24
Creating point data table for: 2020070700
2020-07-07 00:00:00 12
Creating point data table for: 2020070712
2020-07-07 00:00:00 24
Creating point data table for: 2020070800
2020-07-08 00:00:00 12
Creating point data table for: 2020070812
2020-07-08 00:00:00 24
Creating point data table for: 2020070900
2020-07-09 00:00:00 12
Creating point data table for: 2020070912
2020-07-09 00:00:00 24
Creating point data table for: 2020071000
2020-07-10 00:00:00 12
Creating point data table for: 2020071012
2020-07-10 00:00:00 24
Creating point data table for: 2020071100
2020-07-11 00:00:00 12
Creating point data table for: 2020071112
2020-07-11 00:00:00 24
Creating point data table for: 2020071200
2020-07-12 00:00:00 12
Creating point data table for: 2020071212
2020-07-12 00:00:00 24
Creating point data table for: 2020071300
2020-07-13 00:00:00 12
Creating point data table for: 2020071312
2020-07-13 00:00:00 24
Creating point data table for: 2020071400
2020-07-14 00:00:00 12
Creating point data table for: 2020071412
2020-07-14 00:00:00 24
Creating point data table for: 2020071500
2020-07-15 00:00:00 12
Creating point data table for: 2020071512
2020-07-15 00:00:00 24
Creating point data table for: 2020071600
2020-07-16 00:00:00 12
Creating point data table for: 2020071612
2020-07-16 00:00:00 24
Creating point data table for: 2020071700
2020-07-17 00:00:00 12
Creating point data table for: 2020071712
2020-07-17 00:00:00 24
Creating point data table for: 2020071800
2020-07-18 00:00:00 12
Creating point data table for: 2020071812
2020-07-18 00:00:00 24
Creating point data table for: 2020071900
2020-07-19 00:00:00 12
Creating point data table for: 2020071912
2020-07-19 00:00:00 24
Creating point data table for: 2020072000
2020-07-20 00:00:00 12
Creating point data table for: 2020072012
2020-07-20 00:00:00 24
Creating point data table for: 2020072100
2020-07-21 00:00:00 12
Creating point data table for: 2020072112
2020-07-21 00:00:00 24
Creating point data table for: 2020072200
2020-07-22 00:00:00 12
Creating point data table for: 2020072212
2020-07-22 00:00:00 24
Creating point data table for: 2020072300
2020-07-23 00:00:00 12
Creating point data table for: 2020072312
2020-07-23 00:00:00 24
Creating point data table for: 2020072400
2020-07-24 00:00:00 12
Creating point data table for: 2020072412
2020-07-24 00:00:00 24
Creating point data table for: 2020072500
2020-07-25 00:00:00 12
Creating point data table for: 2020072512
2020-07-25 00:00:00 24
Creating point data table for: 2020072600
2020-07-26 00:00:00 12
Creating point data table for: 2020072612
2020-07-26 00:00:00 24
Creating point data table for: 2020072700
2020-07-27 00:00:00 12
Creating point data table for: 2020072712
2020-07-27 00:00:00 24
Creating point data table for: 2020072800
2020-07-28 00:00:00 12
Creating point data table for: 2020072812
2020-07-28 00:00:00 24
Creating point data table for: 2020072900
2020-07-29 00:00:00 12
Creating point data table for: 2020072912
2020-07-29 00:00:00 24
Creating point data table for: 2020073000
2020-07-30 00:00:00 12
Creating point data table for: 2020073012
2020-07-30 00:00:00 24
Creating point data table for: 2020073100
2020-07-31 00:00:00 12
Creating point data table for: 2020073112
2020-07-31 00:00:00 24
Creating point data table for: 2020080100
2020-08-01 00:00:00 12
Creating point data table for: 2020080112
2020-08-01 00:00:00 24
Creating point data table for: 2020080200
2020-08-02 00:00:00 12
Creating point data table for: 2020080212
2020-08-02 00:00:00 24
Creating point data table for: 2020080300
2020-08-03 00:00:00 12
Creating point data table for: 2020080312
2020-08-03 00:00:00 24
Creating point data table for: 2020080400
2020-08-04 00:00:00 12
Creating point data table for: 2020080412
2020-08-04 00:00:00 24
Creating point data table for: 2020080500
2020-08-05 00:00:00 12
Creating point data table for: 2020080512
2020-08-05 00:00:00 24
Creating point data table for: 2020080600
2020-08-06 00:00:00 12
Creating point data table for: 2020080612
2020-08-06 00:00:00 24
Creating point data table for: 2020080700
2020-08-07 00:00:00 12
Creating point data table for: 2020080712
2020-08-07 00:00:00 24
Creating point data table for: 2020080800
2020-08-08 00:00:00 12
Creating point data table for: 2020080812
2020-08-08 00:00:00 24
Creating point data table for: 2020080900
2020-08-09 00:00:00 12
Creating point data table for: 2020080912
2020-08-09 00:00:00 24
Creating point data table for: 2020081000
2020-08-10 00:00:00 12
Creating point data table for: 2020081012
2020-08-10 00:00:00 24
Creating point data table for: 2020081100
2020-08-11 00:00:00 12
Creating point data table for: 2020081112
2020-08-11 00:00:00 24
Creating point data table for: 2020081200
2020-08-12 00:00:00 12
Creating point data table for: 2020081212
2020-08-12 00:00:00 24
Creating point data table for: 2020081300
2020-08-13 00:00:00 12
Creating point data table for: 2020081312
2020-08-13 00:00:00 24
Creating point data table for: 2020081400
2020-08-14 00:00:00 12
Creating point data table for: 2020081412
2020-08-14 00:00:00 24
Creating point data table for: 2020081500
2020-08-15 00:00:00 12
Creating point data table for: 2020081512
2020-08-15 00:00:00 24
Creating point data table for: 2020081600
2020-08-16 00:00:00 12
Creating point data table for: 2020081612
2020-08-16 00:00:00 24
Creating point data table for: 2020081700
2020-08-17 00:00:00 12
Creating point data table for: 2020081712
2020-08-17 00:00:00 24
Creating point data table for: 2020081800
2020-08-18 00:00:00 12
Creating point data table for: 2020081812
2020-08-18 00:00:00 24
Creating point data table for: 2020081900
2020-08-19 00:00:00 12
Creating point data table for: 2020081912
2020-08-19 00:00:00 24
Creating point data table for: 2020082000
2020-08-20 00:00:00 12
Creating point data table for: 2020082012
2020-08-20 00:00:00 24
Creating point data table for: 2020082100
2020-08-21 00:00:00 12
Creating point data table for: 2020082112
2020-08-21 00:00:00 24
Creating point data table for: 2020082200
2020-08-22 00:00:00 12
Creating point data table for: 2020082212
2020-08-22 00:00:00 24
Creating point data table for: 2020082300
2020-08-23 00:00:00 12
Creating point data table for: 2020082312
2020-08-23 00:00:00 24
Creating point data table for: 2020082400
2020-08-24 00:00:00 12
Creating point data table for: 2020082412
2020-08-24 00:00:00 24
Creating point data table for: 2020082500
2020-08-25 00:00:00 12
Creating point data table for: 2020082512
2020-08-25 00:00:00 24
Creating point data table for: 2020082600
2020-08-26 00:00:00 12
Creating point data table for: 2020082612
2020-08-26 00:00:00 24
Creating point data table for: 2020082700
2020-08-27 00:00:00 12
Creating point data table for: 2020082712
2020-08-27 00:00:00 24
Creating point data table for: 2020082800
2020-08-28 00:00:00 12
Creating point data table for: 2020082812
2020-08-28 00:00:00 24
Creating point data table for: 2020082900
2020-08-29 00:00:00 12
Creating point data table for: 2020082912
2020-08-29 00:00:00 24
Creating point data table for: 2020083000
2020-08-30 00:00:00 12
Creating point data table for: 2020083012
2020-08-30 00:00:00 24
Creating point data table for: 2020083100
2020-08-31 00:00:00 12
Creating point data table for: 2020083112
2020-08-31 00:00:00 24
Creating point data table for: 2020090100
2020-09-01 00:00:00 12
Creating point data table for: 2020090112
2020-09-01 00:00:00 24
Creating point data table for: 2020090200
2020-09-02 00:00:00 12
Creating point data table for: 2020090212
2020-09-02 00:00:00 24
Creating point data table for: 2020090300
2020-09-03 00:00:00 12
Creating point data table for: 2020090312
2020-09-03 00:00:00 24
Creating point data table for: 2020090400
2020-09-04 00:00:00 12
Creating point data table for: 2020090412
2020-09-04 00:00:00 24
Creating point data table for: 2020090500
2020-09-05 00:00:00 12
Creating point data table for: 2020090512
2020-09-05 00:00:00 24
Creating point data table for: 2020090600
2020-09-06 00:00:00 12
Creating point data table for: 2020090612
2020-09-06 00:00:00 24
Creating point data table for: 2020090700
2020-09-07 00:00:00 12
Creating point data table for: 2020090712
2020-09-07 00:00:00 24
Creating point data table for: 2020090800
2020-09-08 00:00:00 12
Creating point data table for: 2020090812
2020-09-08 00:00:00 24
Creating point data table for: 2020090900
2020-09-09 00:00:00 12
Creating point data table for: 2020090912
2020-09-09 00:00:00 24
Creating point data table for: 2020091000
2020-09-10 00:00:00 12
Creating point data table for: 2020091012
2020-09-10 00:00:00 24
Creating point data table for: 2020091100
2020-09-11 00:00:00 12
Creating point data table for: 2020091112
2020-09-11 00:00:00 24
Creating point data table for: 2020091200
2020-09-12 00:00:00 12
Creating point data table for: 2020091212
2020-09-12 00:00:00 24
Creating point data table for: 2020091300
2020-09-13 00:00:00 12
Creating point data table for: 2020091312
2020-09-13 00:00:00 24
Creating point data table for: 2020091400
2020-09-14 00:00:00 12
Creating point data table for: 2020091412
2020-09-14 00:00:00 24
Creating point data table for: 2020091500
2020-09-15 00:00:00 12
Creating point data table for: 2020091512
2020-09-15 00:00:00 24
Creating point data table for: 2020091600
2020-09-16 00:00:00 12
Creating point data table for: 2020091612
2020-09-16 00:00:00 24
Creating point data table for: 2020091700
2020-09-17 00:00:00 12
Creating point data table for: 2020091712
2020-09-17 00:00:00 24
Creating point data table for: 2020091800
2020-09-18 00:00:00 12
Creating point data table for: 2020091812
2020-09-18 00:00:00 24
Creating point data table for: 2020091900
2020-09-19 00:00:00 12
Creating point data table for: 2020091912
2020-09-19 00:00:00 24
Creating point data table for: 2020092000
2020-09-20 00:00:00 12
Creating point data table for: 2020092012
2020-09-20 00:00:00 24
Creating point data table for: 2020092100
2020-09-21 00:00:00 12
Creating point data table for: 2020092112
2020-09-21 00:00:00 24
Creating point data table for: 2020092200
2020-09-22 00:00:00 12
Creating point data table for: 2020092212
2020-09-22 00:00:00 24
Creating point data table for: 2020092300
2020-09-23 00:00:00 12
Creating point data table for: 2020092312
2020-09-23 00:00:00 24
Creating point data table for: 2020092400
2020-09-24 00:00:00 12
Creating point data table for: 2020092412
2020-09-24 00:00:00 24
Creating point data table for: 2020092500
2020-09-25 00:00:00 12
Creating point data table for: 2020092512
2020-09-25 00:00:00 24
Creating point data table for: 2020092600
2020-09-26 00:00:00 12
Creating point data table for: 2020092612
2020-09-26 00:00:00 24
Creating point data table for: 2020092700
2020-09-27 00:00:00 12
Creating point data table for: 2020092712
2020-09-27 00:00:00 24
Creating point data table for: 2020092800
2020-09-28 00:00:00 12
Creating point data table for: 2020092812
2020-09-28 00:00:00 24
Creating point data table for: 2020092900
2020-09-29 00:00:00 12
Creating point data table for: 2020092912
2020-09-29 00:00:00 24
Creating point data table for: 2020093000
2020-09-30 00:00:00 12
Creating point data table for: 2020093012
2020-09-30 00:00:00 24
Creating point data table for: 2020100100
2020-10-01 00:00:00 12
Creating point data table for: 2020100112
2020-10-01 00:00:00 24
Creating point data table for: 2020100200
2020-10-02 00:00:00 12
Creating point data table for: 2020100212
2020-10-02 00:00:00 24
Creating point data table for: 2020100300
2020-10-03 00:00:00 12
Creating point data table for: 2020100312
2020-10-03 00:00:00 24
Creating point data table for: 2020100400
2020-10-04 00:00:00 12
Creating point data table for: 2020100412
2020-10-04 00:00:00 24
Creating point data table for: 2020100500
2020-10-05 00:00:00 12
Creating point data table for: 2020100512
2020-10-05 00:00:00 24
Creating point data table for: 2020100600
2020-10-06 00:00:00 12
Creating point data table for: 2020100612
2020-10-06 00:00:00 24
Creating point data table for: 2020100700
2020-10-07 00:00:00 12
Creating point data table for: 2020100712
2020-10-07 00:00:00 24
Creating point data table for: 2020100800
2020-10-08 00:00:00 12
Creating point data table for: 2020100812
2020-10-08 00:00:00 24
Creating point data table for: 2020100900
2020-10-09 00:00:00 12
Creating point data table for: 2020100912
2020-10-09 00:00:00 24
Creating point data table for: 2020101000
2020-10-10 00:00:00 12
Creating point data table for: 2020101012
2020-10-10 00:00:00 24
Creating point data table for: 2020101100
2020-10-11 00:00:00 12
Creating point data table for: 2020101112
2020-10-11 00:00:00 24
Creating point data table for: 2020101200
2020-10-12 00:00:00 12
Creating point data table for: 2020101212
2020-10-12 00:00:00 24
Creating point data table for: 2020101300
2020-10-13 00:00:00 12
Creating point data table for: 2020101312
2020-10-13 00:00:00 24
Creating point data table for: 2020101400
2020-10-14 00:00:00 12
Creating point data table for: 2020101412
2020-10-14 00:00:00 24
Creating point data table for: 2020101500
2020-10-15 00:00:00 12
Creating point data table for: 2020101512
2020-10-15 00:00:00 24
Creating point data table for: 2020101600
2020-10-16 00:00:00 12
Creating point data table for: 2020101612
2020-10-16 00:00:00 24
Creating point data table for: 2020101700
2020-10-17 00:00:00 12
Creating point data table for: 2020101712
2020-10-17 00:00:00 24
Creating point data table for: 2020101800
2020-10-18 00:00:00 12
Creating point data table for: 2020101812
2020-10-18 00:00:00 24
Creating point data table for: 2020101900
2020-10-19 00:00:00 12
Creating point data table for: 2020101912
2020-10-19 00:00:00 24
Creating point data table for: 2020102000
2020-10-20 00:00:00 12
Creating point data table for: 2020102012
2020-10-20 00:00:00 24
Creating point data table for: 2020102100
2020-10-21 00:00:00 12
Creating point data table for: 2020102112
2020-10-21 00:00:00 24
Creating point data table for: 2020102200
2020-10-22 00:00:00 12
Creating point data table for: 2020102212
2020-10-22 00:00:00 24
Creating point data table for: 2020102300
2020-10-23 00:00:00 12
Creating point data table for: 2020102312
2020-10-23 00:00:00 24
Creating point data table for: 2020102400
2020-10-24 00:00:00 12
Creating point data table for: 2020102412
2020-10-24 00:00:00 24
Creating point data table for: 2020102500
2020-10-25 00:00:00 12
Creating point data table for: 2020102512
2020-10-25 00:00:00 24
Creating point data table for: 2020102600
2020-10-26 00:00:00 12
Creating point data table for: 2020102612
2020-10-26 00:00:00 24
Creating point data table for: 2020102700
2020-10-27 00:00:00 12
Creating point data table for: 2020102712
2020-10-27 00:00:00 24
Creating point data table for: 2020102800
2020-10-28 00:00:00 12
Creating point data table for: 2020102812
2020-10-28 00:00:00 24
Creating point data table for: 2020102900
2020-10-29 00:00:00 12
Creating point data table for: 2020102912
2020-10-29 00:00:00 24
Creating point data table for: 2020103000
2020-10-30 00:00:00 12
Creating point data table for: 2020103012
2020-10-30 00:00:00 24
Creating point data table for: 2020103100
2020-10-31 00:00:00 12
Creating point data table for: 2020103112
2020-10-31 00:00:00 24
Creating point data table for: 2020110100
2020-11-01 00:00:00 12
Creating point data table for: 2020110112
2020-11-01 00:00:00 24
Creating point data table for: 2020110200
2020-11-02 00:00:00 12
Creating point data table for: 2020110212
2020-11-02 00:00:00 24
Creating point data table for: 2020110300
2020-11-03 00:00:00 12
Creating point data table for: 2020110312
2020-11-03 00:00:00 24
Creating point data table for: 2020110400
2020-11-04 00:00:00 12
Creating point data table for: 2020110412
2020-11-04 00:00:00 24
Creating point data table for: 2020110500
2020-11-05 00:00:00 12
Creating point data table for: 2020110512
2020-11-05 00:00:00 24
Creating point data table for: 2020110600
2020-11-06 00:00:00 12
Creating point data table for: 2020110612
2020-11-06 00:00:00 24
Creating point data table for: 2020110700
2020-11-07 00:00:00 12
Creating point data table for: 2020110712
2020-11-07 00:00:00 24
Creating point data table for: 2020110800
2020-11-08 00:00:00 12
Creating point data table for: 2020110812
2020-11-08 00:00:00 24
Creating point data table for: 2020110900
2020-11-09 00:00:00 12
Creating point data table for: 2020110912
2020-11-09 00:00:00 24
Creating point data table for: 2020111000
2020-11-10 00:00:00 12
Creating point data table for: 2020111012
2020-11-10 00:00:00 24
Creating point data table for: 2020111100
2020-11-11 00:00:00 12
Creating point data table for: 2020111112
2020-11-11 00:00:00 24
Creating point data table for: 2020111200
2020-11-12 00:00:00 12
Creating point data table for: 2020111212
2020-11-12 00:00:00 24
Creating point data table for: 2020111300
2020-11-13 00:00:00 12
Creating point data table for: 2020111312
2020-11-13 00:00:00 24
Creating point data table for: 2020111400
2020-11-14 00:00:00 12
Creating point data table for: 2020111412
2020-11-14 00:00:00 24
Creating point data table for: 2020111500
2020-11-15 00:00:00 12
Creating point data table for: 2020111512
2020-11-15 00:00:00 24
Creating point data table for: 2020111600
2020-11-16 00:00:00 12
Creating point data table for: 2020111612
2020-11-16 00:00:00 24
Creating point data table for: 2020111700
2020-11-17 00:00:00 12
Creating point data table for: 2020111712
2020-11-17 00:00:00 24
Creating point data table for: 2020111800
2020-11-18 00:00:00 12
Creating point data table for: 2020111812
2020-11-18 00:00:00 24
Creating point data table for: 2020111900
2020-11-19 00:00:00 12
Creating point data table for: 2020111912
2020-11-19 00:00:00 24
Creating point data table for: 2020112000
2020-11-20 00:00:00 12
Creating point data table for: 2020112012
2020-11-20 00:00:00 24
Creating point data table for: 2020112100
2020-11-21 00:00:00 12
Creating point data table for: 2020112112
2020-11-21 00:00:00 24
Creating point data table for: 2020112200
2020-11-22 00:00:00 12
Creating point data table for: 2020112212
2020-11-22 00:00:00 24
Creating point data table for: 2020112300
2020-11-23 00:00:00 12
Creating point data table for: 2020112312
2020-11-23 00:00:00 24
Creating point data table for: 2020112400
2020-11-24 00:00:00 12
Creating point data table for: 2020112412
2020-11-24 00:00:00 24
Creating point data table for: 2020112500
2020-11-25 00:00:00 12
Creating point data table for: 2020112512
2020-11-25 00:00:00 24
Creating point data table for: 2020112600
2020-11-26 00:00:00 12
Creating point data table for: 2020112612
2020-11-26 00:00:00 24
Creating point data table for: 2020112700
2020-11-27 00:00:00 12
Creating point data table for: 2020112712
2020-11-27 00:00:00 24
Creating point data table for: 2020112800
2020-11-28 00:00:00 12
Creating point data table for: 2020112812
2020-11-28 00:00:00 24
Creating point data table for: 2020112900
2020-11-29 00:00:00 12
Creating point data table for: 2020112912
2020-11-29 00:00:00 24
Creating point data table for: 2020113000
2020-11-30 00:00:00 12
Creating point data table for: 2020113012
2020-11-30 00:00:00 24
Creating point data table for: 2020120100
2020-12-01 00:00:00 12
Creating point data table for: 2020120112
2020-12-01 00:00:00 24
Creating point data table for: 2020120200
2020-12-02 00:00:00 12
Creating point data table for: 2020120212
2020-12-02 00:00:00 24
Creating point data table for: 2020120300
2020-12-03 00:00:00 12
Creating point data table for: 2020120312
2020-12-03 00:00:00 24
Creating point data table for: 2020120400
2020-12-04 00:00:00 12
Creating point data table for: 2020120412
2020-12-04 00:00:00 24
Creating point data table for: 2020120500
2020-12-05 00:00:00 12
Creating point data table for: 2020120512
2020-12-05 00:00:00 24
Creating point data table for: 2020120600
2020-12-06 00:00:00 12
Creating point data table for: 2020120612
2020-12-06 00:00:00 24
Creating point data table for: 2020120700
2020-12-07 00:00:00 12
Creating point data table for: 2020120712
2020-12-07 00:00:00 24
Creating point data table for: 2020120800
2020-12-08 00:00:00 12
Creating point data table for: 2020120812
2020-12-08 00:00:00 24
Creating point data table for: 2020120900
2020-12-09 00:00:00 12
Creating point data table for: 2020120912
2020-12-09 00:00:00 24
Creating point data table for: 2020121000
2020-12-10 00:00:00 12
Creating point data table for: 2020121012
2020-12-10 00:00:00 24
Creating point data table for: 2020121100
2020-12-11 00:00:00 12
Creating point data table for: 2020121112
2020-12-11 00:00:00 24
Creating point data table for: 2020121200
2020-12-12 00:00:00 12
Creating point data table for: 2020121212
2020-12-12 00:00:00 24
Creating point data table for: 2020121300
2020-12-13 00:00:00 12
Creating point data table for: 2020121312
2020-12-13 00:00:00 24
Creating point data table for: 2020121400
2020-12-14 00:00:00 12
Creating point data table for: 2020121412
2020-12-14 00:00:00 24
Creating point data table for: 2020121500
2020-12-15 00:00:00 12
Creating point data table for: 2020121512
2020-12-15 00:00:00 24
Creating point data table for: 2020121600
2020-12-16 00:00:00 12
Creating point data table for: 2020121612
2020-12-16 00:00:00 24
Creating point data table for: 2020121700
2020-12-17 00:00:00 12
Creating point data table for: 2020121712
2020-12-17 00:00:00 24
Creating point data table for: 2020121800
2020-12-18 00:00:00 12
Creating point data table for: 2020121812
2020-12-18 00:00:00 24
Creating point data table for: 2020121900
2020-12-19 00:00:00 12
Creating point data table for: 2020121912
2020-12-19 00:00:00 24
Creating point data table for: 2020122000
2020-12-20 00:00:00 12
Creating point data table for: 2020122012
2020-12-20 00:00:00 24
Creating point data table for: 2020122100
2020-12-21 00:00:00 12
Creating point data table for: 2020122112
2020-12-21 00:00:00 24
Creating point data table for: 2020122200
2020-12-22 00:00:00 12
Creating point data table for: 2020122212
2020-12-22 00:00:00 24
Creating point data table for: 2020122300
2020-12-23 00:00:00 12
Creating point data table for: 2020122312
2020-12-23 00:00:00 24
Creating point data table for: 2020122400
2020-12-24 00:00:00 12
Creating point data table for: 2020122412
2020-12-24 00:00:00 24
Creating point data table for: 2020122500
2020-12-25 00:00:00 12
Creating point data table for: 2020122512
2020-12-25 00:00:00 24
Creating point data table for: 2020122600
2020-12-26 00:00:00 12
Creating point data table for: 2020122612
2020-12-26 00:00:00 24
Creating point data table for: 2020122700
2020-12-27 00:00:00 12
Creating point data table for: 2020122712
2020-12-27 00:00:00 24
Creating point data table for: 2020122800
2020-12-28 00:00:00 12
Creating point data table for: 2020122812
2020-12-28 00:00:00 24
Creating point data table for: 2020122900
2020-12-29 00:00:00 12
Creating point data table for: 2020122912
2020-12-29 00:00:00 24
Creating point data table for: 2020123000
2020-12-30 00:00:00 12
Creating point data table for: 2020123012
2020-12-30 00:00:00 24
Creating point data table for: 2020123100
2020-12-31 00:00:00 12
Creating point data table for: 2020123112
2020-12-31 00:00:00 24
Creating point data table for: 2021010100
[ECMWF-INFO -ecepilog] ----------------------------------------------------------------------------------------------------
[ECMWF-INFO -ecepilog] This is the ECMWF job Epilogue
[ECMWF-INFO -ecepilog] +++ Please report issues using the Support portal +++
[ECMWF-INFO -ecepilog] +++ https://support.ecmwf.int                     +++
[ECMWF-INFO -ecepilog] ----------------------------------------------------------------------------------------------------
[ECMWF-INFO -ecepilog] Run at 2024-03-05T18:40:07 on aa
[ECMWF-INFO -ecepilog] JobName                   : PDT_Year
[ECMWF-INFO -ecepilog] JobID                     : 13918876
[ECMWF-INFO -ecepilog] Submit                    : 2024-03-05T17:27:12
[ECMWF-INFO -ecepilog] Start                     : 2024-03-05T17:27:29
[ECMWF-INFO -ecepilog] End                       : 2024-03-05T18:40:07
[ECMWF-INFO -ecepilog] QueuedTime                : 17.0
[ECMWF-INFO -ecepilog] ElapsedRaw                : 4358
[ECMWF-INFO -ecepilog] ExitCode                  : 0:0
[ECMWF-INFO -ecepilog] DerivedExitCode           : 0:0
[ECMWF-INFO -ecepilog] State                     : COMPLETED
[ECMWF-INFO -ecepilog] Account                   : ecodmdmo
[ECMWF-INFO -ecepilog] QOS                       : nf
[ECMWF-INFO -ecepilog] User                      : mofp
[ECMWF-INFO -ecepilog] StdOut                    : /etc/ecmwf/vol/ecpoint_dev/mofp/Papers_2_Write/Use_FlashFloodsRep_4Verif_USA/Scripts/Processed/LogATOS/PDT_Year-13918876.out
[ECMWF-INFO -ecepilog] StdErr                    : /etc/ecmwf/vol/ecpoint_dev/mofp/Papers_2_Write/Use_FlashFloodsRep_4Verif_USA/Scripts/Processed/LogATOS/PDT_Year-13918876.out
[ECMWF-INFO -ecepilog] NNodes                    : 1
[ECMWF-INFO -ecepilog] NCPUS                     : 64
[ECMWF-INFO -ecepilog] SBU                       : 661.009
[ECMWF-INFO -ecepilog] ----------------------------------------------------------------------------------------------------

