[ECMWF-INFO -sbatch] - -------------------------------------------------------------------------------------
[ECMWF-INFO -sbatch] -  This is the ECMWF jobfilter
[ECMWF-INFO -sbatch] -  +++ Please report issues using the Support portal +++
[ECMWF-INFO -sbatch] -  +++ https://support.ecmwf.int                     +++
[ECMWF-INFO -sbatch] -  /usr/local/bin/ecsbatch: size: 49002, mtime: Tue Oct  3 11:53:54 2023
[ECMWF-INFO -sbatch] - -------------------------------------------------------------------------------------
[ECMWF-INFO -sbatch] - Time at submit: Tue Mar  5 17:23:47 2024 (1709659427.6589677) on aa6-204.bullx:/etc/ecmwf/vol/ecpoint_dev/mofp/Papers_2_Write/Use_FlashFloodsRep_4Verif_USA/Scripts/Processed
[ECMWF-INFO -sbatch] - --- SLURM VARIABLES ---
[ECMWF-INFO -sbatch] - EC_CLUSTER=aa
[ECMWF-INFO -sbatch] - SLURM_EXPORT_ENV=ALL
[ECMWF-INFO -sbatch] - SLURM_JOB_ID=13517288
[ECMWF-INFO -sbatch] - SBATCH_EXPORT=NONE
[ECMWF-INFO -sbatch] - -----------------------
[ECMWF-INFO -sbatch] - jobscript: /etc/ecmwf/vol/ecpoint_dev/mofp/Papers_2_Write/Use_FlashFloodsRep_4Verif_USA/Scripts/Processed/18a_SubmitterATOS_PDT_Year.sh
[ECMWF-INFO -sbatch] - --- SCRIPT OPTIONS ---
[ECMWF-INFO -sbatch] - #SBATCH --job-name=PDT_Year
[ECMWF-INFO -sbatch] - #SBATCH --output=LogATOS/PDT_Year-%J.out
[ECMWF-INFO -sbatch] - #SBATCH --error=LogATOS/PDT_Year-%J.out
[ECMWF-INFO -sbatch] - #SBATCH --cpus-per-task=64
[ECMWF-INFO -sbatch] - #SBATCH --mem=128G
[ECMWF-INFO -sbatch] - #SBATCH --time=2-00:00:00
[ECMWF-INFO -sbatch] - #SBATCH --qos=nf
[ECMWF-INFO -sbatch] - #SBATCH --mail-type=FAIL
[ECMWF-INFO -sbatch] - #SBATCH --mail-user=fatima.pillosu@ecmwf.int
[ECMWF-INFO -sbatch] - -----------------------
[ECMWF-INFO -sbatch] - --- POST-PROCESSED OPTIONS ---
[ECMWF-INFO -sbatch] - ARG --positional=['18a_SubmitterATOS_PDT_Year.sh', '2016']
[ECMWF-INFO -sbatch] - ARG --cpus_per_task=64
[ECMWF-INFO -sbatch] - ARG --error=LogATOS/PDT_Year-%J.out
[ECMWF-INFO -sbatch] - ARG --job_name=PDT_Year
[ECMWF-INFO -sbatch] - ARG --mail_type=FAIL
[ECMWF-INFO -sbatch] - ARG --mail_user=fatima.pillosu@ecmwf.int
[ECMWF-INFO -sbatch] - ARG --output=LogATOS/PDT_Year-%J.out
[ECMWF-INFO -sbatch] - ARG --qos=nf
[ECMWF-INFO -sbatch] - ARG --time=2-00:00:00
[ECMWF-INFO -sbatch] - ARG --mem=128G
[ECMWF-INFO -sbatch] - ------------------------------
[ECMWF-INFO -sbatch] - jobtag: mofp-PDT_Year-1x64-/etc/ecmwf/vol/ecpoint_dev/mofp/Papers_2_Write/Use_FlashFloodsRep_4Verif_USA/Scripts/Processed/LogATOS/PDT_Year-_.out
[ECMWF-INFO -sbatch] - ['/usr/bin/sbatch', '--cpus-per-task=64', '--error=LogATOS/PDT_Year-%J.out', '--job-name=PDT_Year', '--mail-type=FAIL', '--mail-user=fatima.pillosu@ecmwf.int', '--output=LogATOS/PDT_Year-%J.out', '--qos=nf', '--time=2-00:00:00', '--mem=128G', '--licenses=h2resw01', '--export=EC_user_time_limit=2-00:00:00', '/etc/ecmwf/vol/ecpoint_dev/mofp/Papers_2_Write/Use_FlashFloodsRep_4Verif_USA/Scripts/Processed/18a_SubmitterATOS_PDT_Year.sh', '2016']
[ECMWF-INFO -sbatch] - sbatch executed on aa
[ECMWF-INFO -sbatch] - Job queued on aa using method local
[ECMWF-INFO -sbatch] - Submitted batch job 13917897
[ECMWF-INFO -ecprofile] /usr/bin/bash NON_INTERACTIVE on aa6-184 at 20240305_172358.376, PID: 3331343, JOBID: 13917897
[ECMWF-INFO -ecprofile] $SCRATCH=/ec/res4/scratch/mofp
[ECMWF-INFO -ecprofile] $PERM=/perm/mofp
[ECMWF-INFO -ecprofile] $HPCPERM=/ec/res4/hpcperm/mofp
[ECMWF-INFO -ecprofile] $TMPDIR=/etc/ecmwf/ssd/ssd1/tmpdirs/mofp.13917897
[ECMWF-INFO -ecprofile] $SCRATCHDIR=/ec/res4/scratchdir/mofp/1/13917897
slurmstepd: error: *** JOB 13917897 ON aa6-184 CANCELLED AT 2024-03-05T17:26:12 ***
[ECMWF-INFO -ecepilog] ----------------------------------------------------------------------------------------------------
[ECMWF-INFO -ecepilog] This is the ECMWF job Epilogue
[ECMWF-INFO -ecepilog] +++ Please report issues using the Support portal +++
[ECMWF-INFO -ecepilog] +++ https://support.ecmwf.int                     +++
[ECMWF-INFO -ecepilog] ----------------------------------------------------------------------------------------------------
[ECMWF-INFO -ecepilog] Run at 2024-03-05T17:26:12 on aa
[ECMWF-INFO -ecepilog] JobName                   : PDT_Year
[ECMWF-INFO -ecepilog] JobID                     : 13917897
[ECMWF-INFO -ecepilog] Submit                    : 2024-03-05T17:23:47
[ECMWF-INFO -ecepilog] Start                     : 2024-03-05T17:23:55
[ECMWF-INFO -ecepilog] End                       : 2024-03-05T17:26:12
[ECMWF-INFO -ecepilog] QueuedTime                : 8.0
[ECMWF-INFO -ecepilog] ElapsedRaw                : 137
[ECMWF-INFO -ecepilog] ExitCode                  : 0:0
[ECMWF-INFO -ecepilog] DerivedExitCode           : 0:0
[ECMWF-INFO -ecepilog] State                     : CANCELLED by 4428
[ECMWF-INFO -ecepilog] Account                   : ecodmdmo
[ECMWF-INFO -ecepilog] QOS                       : nf
[ECMWF-INFO -ecepilog] User                      : mofp
[ECMWF-INFO -ecepilog] StdOut                    : /etc/ecmwf/vol/ecpoint_dev/mofp/Papers_2_Write/Use_FlashFloodsRep_4Verif_USA/Scripts/Processed/LogATOS/PDT_Year-13917897.out
[ECMWF-INFO -ecepilog] StdErr                    : /etc/ecmwf/vol/ecpoint_dev/mofp/Papers_2_Write/Use_FlashFloodsRep_4Verif_USA/Scripts/Processed/LogATOS/PDT_Year-13917897.out
[ECMWF-INFO -ecepilog] NNodes                    : 1
[ECMWF-INFO -ecepilog] NCPUS                     : 64
[ECMWF-INFO -ecepilog] SBU                       : 20.780
[ECMWF-INFO -ecepilog] ----------------------------------------------------------------------------------------------------

