[ECMWF-INFO -sbatch] - -------------------------------------------------------------------------------------
[ECMWF-INFO -sbatch] -  This is the ECMWF jobfilter
[ECMWF-INFO -sbatch] -  +++ Please report issues using the Support portal +++
[ECMWF-INFO -sbatch] -  +++ https://support.ecmwf.int                     +++
[ECMWF-INFO -sbatch] -  /usr/local/bin/ecsbatch: size: 49002, mtime: Tue Oct  3 11:53:54 2023
[ECMWF-INFO -sbatch] - -------------------------------------------------------------------------------------
[ECMWF-INFO -sbatch] - Time at submit: Tue Mar  5 17:27:11 2024 (1709659631.7979689) on aa6-204.bullx:/etc/ecmwf/vol/ecpoint_dev/mofp/Papers_2_Write/Use_FlashFloodsRep_4Verif_USA/Scripts/Processed
[ECMWF-INFO -sbatch] - --- SLURM VARIABLES ---
[ECMWF-INFO -sbatch] - EC_CLUSTER=aa
[ECMWF-INFO -sbatch] - SLURM_EXPORT_ENV=ALL
[ECMWF-INFO -sbatch] - SLURM_JOB_ID=13517288
[ECMWF-INFO -sbatch] - SBATCH_EXPORT=NONE
[ECMWF-INFO -sbatch] - -----------------------
[ECMWF-INFO -sbatch] - jobscript: /etc/ecmwf/vol/ecpoint_dev/mofp/Papers_2_Write/Use_FlashFloodsRep_4Verif_USA/Scripts/Processed/18a_SubmitterATOS_PDT_Year.sh
[ECMWF-INFO -sbatch] - --- SCRIPT OPTIONS ---
[ECMWF-INFO -sbatch] - #SBATCH --job-name=PDT_Year
[ECMWF-INFO -sbatch] - #SBATCH --output=LogATOS/PDT_Year-%J.out
[ECMWF-INFO -sbatch] - #SBATCH --error=LogATOS/PDT_Year-%J.out
[ECMWF-INFO -sbatch] - #SBATCH --cpus-per-task=64
[ECMWF-INFO -sbatch] - #SBATCH --mem=128G
[ECMWF-INFO -sbatch] - #SBATCH --time=2-00:00:00
[ECMWF-INFO -sbatch] - #SBATCH --qos=nf
[ECMWF-INFO -sbatch] - #SBATCH --mail-type=FAIL
[ECMWF-INFO -sbatch] - #SBATCH --mail-user=fatima.pillosu@ecmwf.int
[ECMWF-INFO -sbatch] - -----------------------
[ECMWF-INFO -sbatch] - --- POST-PROCESSED OPTIONS ---
[ECMWF-INFO -sbatch] - ARG --positional=['18a_SubmitterATOS_PDT_Year.sh', '2014']
[ECMWF-INFO -sbatch] - ARG --cpus_per_task=64
[ECMWF-INFO -sbatch] - ARG --error=LogATOS/PDT_Year-%J.out
[ECMWF-INFO -sbatch] - ARG --job_name=PDT_Year
[ECMWF-INFO -sbatch] - ARG --mail_type=FAIL
[ECMWF-INFO -sbatch] - ARG --mail_user=fatima.pillosu@ecmwf.int
[ECMWF-INFO -sbatch] - ARG --output=LogATOS/PDT_Year-%J.out
[ECMWF-INFO -sbatch] - ARG --qos=nf
[ECMWF-INFO -sbatch] - ARG --time=2-00:00:00
[ECMWF-INFO -sbatch] - ARG --mem=128G
[ECMWF-INFO -sbatch] - ------------------------------
[ECMWF-INFO -sbatch] - jobtag: mofp-PDT_Year-1x64-/etc/ecmwf/vol/ecpoint_dev/mofp/Papers_2_Write/Use_FlashFloodsRep_4Verif_USA/Scripts/Processed/LogATOS/PDT_Year-_.out
[ECMWF-INFO -sbatch] - ['/usr/bin/sbatch', '--cpus-per-task=64', '--error=LogATOS/PDT_Year-%J.out', '--job-name=PDT_Year', '--mail-type=FAIL', '--mail-user=fatima.pillosu@ecmwf.int', '--output=LogATOS/PDT_Year-%J.out', '--qos=nf', '--time=2-00:00:00', '--mem=128G', '--licenses=h2resw01', '--export=EC_user_time_limit=2-00:00:00', '/etc/ecmwf/vol/ecpoint_dev/mofp/Papers_2_Write/Use_FlashFloodsRep_4Verif_USA/Scripts/Processed/18a_SubmitterATOS_PDT_Year.sh', '2014']
[ECMWF-INFO -sbatch] - sbatch executed on aa
[ECMWF-INFO -sbatch] - Job queued on aa using method local
[ECMWF-INFO -sbatch] - Submitted batch job 13918870
[ECMWF-INFO -ecprofile] /usr/bin/bash NON_INTERACTIVE on aa6-162 at 20240305_172732.532, PID: 3659605, JOBID: 13918870
[ECMWF-INFO -ecprofile] $SCRATCH=/ec/res4/scratch/mofp
[ECMWF-INFO -ecprofile] $PERM=/perm/mofp
[ECMWF-INFO -ecprofile] $HPCPERM=/ec/res4/hpcperm/mofp
[ECMWF-INFO -ecprofile] $TMPDIR=/etc/ecmwf/ssd/ssd1/tmpdirs/mofp.13918870
[ECMWF-INFO -ecprofile] $SCRATCHDIR=/ec/res4/scratchdir/mofp/6/13918870
2014-01-01 00:00:00 12
Creating point data table for: 2014010112
2014-01-01 00:00:00 24
Creating point data table for: 2014010200
2014-01-02 00:00:00 12
Creating point data table for: 2014010212
2014-01-02 00:00:00 24
Creating point data table for: 2014010300
2014-01-03 00:00:00 12
Creating point data table for: 2014010312
2014-01-03 00:00:00 24
Creating point data table for: 2014010400
2014-01-04 00:00:00 12
Creating point data table for: 2014010412
2014-01-04 00:00:00 24
Creating point data table for: 2014010500
2014-01-05 00:00:00 12
Creating point data table for: 2014010512
2014-01-05 00:00:00 24
Creating point data table for: 2014010600
2014-01-06 00:00:00 12
Creating point data table for: 2014010612
2014-01-06 00:00:00 24
Creating point data table for: 2014010700
2014-01-07 00:00:00 12
Creating point data table for: 2014010712
2014-01-07 00:00:00 24
Creating point data table for: 2014010800
2014-01-08 00:00:00 12
Creating point data table for: 2014010812
2014-01-08 00:00:00 24
Creating point data table for: 2014010900
2014-01-09 00:00:00 12
Creating point data table for: 2014010912
2014-01-09 00:00:00 24
Creating point data table for: 2014011000
2014-01-10 00:00:00 12
Creating point data table for: 2014011012
2014-01-10 00:00:00 24
Creating point data table for: 2014011100
2014-01-11 00:00:00 12
Creating point data table for: 2014011112
2014-01-11 00:00:00 24
Creating point data table for: 2014011200
2014-01-12 00:00:00 12
Creating point data table for: 2014011212
2014-01-12 00:00:00 24
Creating point data table for: 2014011300
2014-01-13 00:00:00 12
Creating point data table for: 2014011312
2014-01-13 00:00:00 24
Creating point data table for: 2014011400
2014-01-14 00:00:00 12
Creating point data table for: 2014011412
2014-01-14 00:00:00 24
Creating point data table for: 2014011500
2014-01-15 00:00:00 12
Creating point data table for: 2014011512
2014-01-15 00:00:00 24
Creating point data table for: 2014011600
2014-01-16 00:00:00 12
Creating point data table for: 2014011612
2014-01-16 00:00:00 24
Creating point data table for: 2014011700
2014-01-17 00:00:00 12
Creating point data table for: 2014011712
2014-01-17 00:00:00 24
Creating point data table for: 2014011800
2014-01-18 00:00:00 12
Creating point data table for: 2014011812
2014-01-18 00:00:00 24
Creating point data table for: 2014011900
2014-01-19 00:00:00 12
Creating point data table for: 2014011912
2014-01-19 00:00:00 24
Creating point data table for: 2014012000
2014-01-20 00:00:00 12
Creating point data table for: 2014012012
2014-01-20 00:00:00 24
Creating point data table for: 2014012100
2014-01-21 00:00:00 12
Creating point data table for: 2014012112
2014-01-21 00:00:00 24
Creating point data table for: 2014012200
2014-01-22 00:00:00 12
Creating point data table for: 2014012212
2014-01-22 00:00:00 24
Creating point data table for: 2014012300
2014-01-23 00:00:00 12
Creating point data table for: 2014012312
2014-01-23 00:00:00 24
Creating point data table for: 2014012400
2014-01-24 00:00:00 12
Creating point data table for: 2014012412
2014-01-24 00:00:00 24
Creating point data table for: 2014012500
2014-01-25 00:00:00 12
Creating point data table for: 2014012512
2014-01-25 00:00:00 24
Creating point data table for: 2014012600
2014-01-26 00:00:00 12
Creating point data table for: 2014012612
2014-01-26 00:00:00 24
Creating point data table for: 2014012700
2014-01-27 00:00:00 12
Creating point data table for: 2014012712
2014-01-27 00:00:00 24
Creating point data table for: 2014012800
2014-01-28 00:00:00 12
Creating point data table for: 2014012812
2014-01-28 00:00:00 24
Creating point data table for: 2014012900
2014-01-29 00:00:00 12
Creating point data table for: 2014012912
2014-01-29 00:00:00 24
Creating point data table for: 2014013000
2014-01-30 00:00:00 12
Creating point data table for: 2014013012
2014-01-30 00:00:00 24
Creating point data table for: 2014013100
2014-01-31 00:00:00 12
Creating point data table for: 2014013112
2014-01-31 00:00:00 24
Creating point data table for: 2014020100
2014-02-01 00:00:00 12
Creating point data table for: 2014020112
2014-02-01 00:00:00 24
Creating point data table for: 2014020200
2014-02-02 00:00:00 12
Creating point data table for: 2014020212
2014-02-02 00:00:00 24
Creating point data table for: 2014020300
2014-02-03 00:00:00 12
Creating point data table for: 2014020312
2014-02-03 00:00:00 24
Creating point data table for: 2014020400
2014-02-04 00:00:00 12
Creating point data table for: 2014020412
2014-02-04 00:00:00 24
Creating point data table for: 2014020500
2014-02-05 00:00:00 12
Creating point data table for: 2014020512
2014-02-05 00:00:00 24
Creating point data table for: 2014020600
2014-02-06 00:00:00 12
Creating point data table for: 2014020612
2014-02-06 00:00:00 24
Creating point data table for: 2014020700
2014-02-07 00:00:00 12
Creating point data table for: 2014020712
2014-02-07 00:00:00 24
Creating point data table for: 2014020800
2014-02-08 00:00:00 12
Creating point data table for: 2014020812
2014-02-08 00:00:00 24
Creating point data table for: 2014020900
2014-02-09 00:00:00 12
Creating point data table for: 2014020912
2014-02-09 00:00:00 24
Creating point data table for: 2014021000
2014-02-10 00:00:00 12
Creating point data table for: 2014021012
2014-02-10 00:00:00 24
Creating point data table for: 2014021100
2014-02-11 00:00:00 12
Creating point data table for: 2014021112
2014-02-11 00:00:00 24
Creating point data table for: 2014021200
2014-02-12 00:00:00 12
Creating point data table for: 2014021212
2014-02-12 00:00:00 24
Creating point data table for: 2014021300
2014-02-13 00:00:00 12
Creating point data table for: 2014021312
2014-02-13 00:00:00 24
Creating point data table for: 2014021400
2014-02-14 00:00:00 12
Creating point data table for: 2014021412
2014-02-14 00:00:00 24
Creating point data table for: 2014021500
2014-02-15 00:00:00 12
Creating point data table for: 2014021512
2014-02-15 00:00:00 24
Creating point data table for: 2014021600
2014-02-16 00:00:00 12
Creating point data table for: 2014021612
2014-02-16 00:00:00 24
Creating point data table for: 2014021700
2014-02-17 00:00:00 12
Creating point data table for: 2014021712
2014-02-17 00:00:00 24
Creating point data table for: 2014021800
2014-02-18 00:00:00 12
Creating point data table for: 2014021812
2014-02-18 00:00:00 24
Creating point data table for: 2014021900
2014-02-19 00:00:00 12
Creating point data table for: 2014021912
2014-02-19 00:00:00 24
Creating point data table for: 2014022000
2014-02-20 00:00:00 12
Creating point data table for: 2014022012
2014-02-20 00:00:00 24
Creating point data table for: 2014022100
2014-02-21 00:00:00 12
Creating point data table for: 2014022112
2014-02-21 00:00:00 24
Creating point data table for: 2014022200
2014-02-22 00:00:00 12
Creating point data table for: 2014022212
2014-02-22 00:00:00 24
Creating point data table for: 2014022300
2014-02-23 00:00:00 12
Creating point data table for: 2014022312
2014-02-23 00:00:00 24
Creating point data table for: 2014022400
2014-02-24 00:00:00 12
Creating point data table for: 2014022412
2014-02-24 00:00:00 24
Creating point data table for: 2014022500
2014-02-25 00:00:00 12
Creating point data table for: 2014022512
2014-02-25 00:00:00 24
Creating point data table for: 2014022600
2014-02-26 00:00:00 12
Creating point data table for: 2014022612
2014-02-26 00:00:00 24
Creating point data table for: 2014022700
2014-02-27 00:00:00 12
Creating point data table for: 2014022712
2014-02-27 00:00:00 24
Creating point data table for: 2014022800
2014-02-28 00:00:00 12
Creating point data table for: 2014022812
2014-02-28 00:00:00 24
Creating point data table for: 2014030100
2014-03-01 00:00:00 12
Creating point data table for: 2014030112
2014-03-01 00:00:00 24
Creating point data table for: 2014030200
2014-03-02 00:00:00 12
Creating point data table for: 2014030212
2014-03-02 00:00:00 24
Creating point data table for: 2014030300
2014-03-03 00:00:00 12
Creating point data table for: 2014030312
2014-03-03 00:00:00 24
Creating point data table for: 2014030400
2014-03-04 00:00:00 12
Creating point data table for: 2014030412
2014-03-04 00:00:00 24
Creating point data table for: 2014030500
2014-03-05 00:00:00 12
Creating point data table for: 2014030512
2014-03-05 00:00:00 24
Creating point data table for: 2014030600
2014-03-06 00:00:00 12
Creating point data table for: 2014030612
2014-03-06 00:00:00 24
Creating point data table for: 2014030700
2014-03-07 00:00:00 12
Creating point data table for: 2014030712
2014-03-07 00:00:00 24
Creating point data table for: 2014030800
2014-03-08 00:00:00 12
Creating point data table for: 2014030812
2014-03-08 00:00:00 24
Creating point data table for: 2014030900
2014-03-09 00:00:00 12
Creating point data table for: 2014030912
2014-03-09 00:00:00 24
Creating point data table for: 2014031000
2014-03-10 00:00:00 12
Creating point data table for: 2014031012
2014-03-10 00:00:00 24
Creating point data table for: 2014031100
2014-03-11 00:00:00 12
Creating point data table for: 2014031112
2014-03-11 00:00:00 24
Creating point data table for: 2014031200
2014-03-12 00:00:00 12
Creating point data table for: 2014031212
2014-03-12 00:00:00 24
Creating point data table for: 2014031300
2014-03-13 00:00:00 12
Creating point data table for: 2014031312
2014-03-13 00:00:00 24
Creating point data table for: 2014031400
2014-03-14 00:00:00 12
Creating point data table for: 2014031412
2014-03-14 00:00:00 24
Creating point data table for: 2014031500
2014-03-15 00:00:00 12
Creating point data table for: 2014031512
2014-03-15 00:00:00 24
Creating point data table for: 2014031600
2014-03-16 00:00:00 12
Creating point data table for: 2014031612
2014-03-16 00:00:00 24
Creating point data table for: 2014031700
2014-03-17 00:00:00 12
Creating point data table for: 2014031712
2014-03-17 00:00:00 24
Creating point data table for: 2014031800
2014-03-18 00:00:00 12
Creating point data table for: 2014031812
2014-03-18 00:00:00 24
Creating point data table for: 2014031900
2014-03-19 00:00:00 12
Creating point data table for: 2014031912
2014-03-19 00:00:00 24
Creating point data table for: 2014032000
2014-03-20 00:00:00 12
Creating point data table for: 2014032012
2014-03-20 00:00:00 24
Creating point data table for: 2014032100
2014-03-21 00:00:00 12
Creating point data table for: 2014032112
2014-03-21 00:00:00 24
Creating point data table for: 2014032200
2014-03-22 00:00:00 12
Creating point data table for: 2014032212
2014-03-22 00:00:00 24
Creating point data table for: 2014032300
2014-03-23 00:00:00 12
Creating point data table for: 2014032312
2014-03-23 00:00:00 24
Creating point data table for: 2014032400
2014-03-24 00:00:00 12
Creating point data table for: 2014032412
2014-03-24 00:00:00 24
Creating point data table for: 2014032500
2014-03-25 00:00:00 12
Creating point data table for: 2014032512
2014-03-25 00:00:00 24
Creating point data table for: 2014032600
2014-03-26 00:00:00 12
Creating point data table for: 2014032612
2014-03-26 00:00:00 24
Creating point data table for: 2014032700
2014-03-27 00:00:00 12
Creating point data table for: 2014032712
2014-03-27 00:00:00 24
Creating point data table for: 2014032800
2014-03-28 00:00:00 12
Creating point data table for: 2014032812
2014-03-28 00:00:00 24
Creating point data table for: 2014032900
2014-03-29 00:00:00 12
Creating point data table for: 2014032912
2014-03-29 00:00:00 24
Creating point data table for: 2014033000
2014-03-30 00:00:00 12
Creating point data table for: 2014033012
2014-03-30 00:00:00 24
Creating point data table for: 2014033100
2014-03-31 00:00:00 12
Creating point data table for: 2014033112
2014-03-31 00:00:00 24
Creating point data table for: 2014040100
2014-04-01 00:00:00 12
Creating point data table for: 2014040112
2014-04-01 00:00:00 24
Creating point data table for: 2014040200
2014-04-02 00:00:00 12
Creating point data table for: 2014040212
2014-04-02 00:00:00 24
Creating point data table for: 2014040300
2014-04-03 00:00:00 12
Creating point data table for: 2014040312
2014-04-03 00:00:00 24
Creating point data table for: 2014040400
2014-04-04 00:00:00 12
Creating point data table for: 2014040412
2014-04-04 00:00:00 24
Creating point data table for: 2014040500
2014-04-05 00:00:00 12
Creating point data table for: 2014040512
2014-04-05 00:00:00 24
Creating point data table for: 2014040600
2014-04-06 00:00:00 12
Creating point data table for: 2014040612
2014-04-06 00:00:00 24
Creating point data table for: 2014040700
2014-04-07 00:00:00 12
Creating point data table for: 2014040712
2014-04-07 00:00:00 24
Creating point data table for: 2014040800
2014-04-08 00:00:00 12
Creating point data table for: 2014040812
2014-04-08 00:00:00 24
Creating point data table for: 2014040900
2014-04-09 00:00:00 12
Creating point data table for: 2014040912
2014-04-09 00:00:00 24
Creating point data table for: 2014041000
2014-04-10 00:00:00 12
Creating point data table for: 2014041012
2014-04-10 00:00:00 24
Creating point data table for: 2014041100
2014-04-11 00:00:00 12
Creating point data table for: 2014041112
2014-04-11 00:00:00 24
Creating point data table for: 2014041200
2014-04-12 00:00:00 12
Creating point data table for: 2014041212
2014-04-12 00:00:00 24
Creating point data table for: 2014041300
2014-04-13 00:00:00 12
Creating point data table for: 2014041312
2014-04-13 00:00:00 24
Creating point data table for: 2014041400
2014-04-14 00:00:00 12
Creating point data table for: 2014041412
2014-04-14 00:00:00 24
Creating point data table for: 2014041500
2014-04-15 00:00:00 12
Creating point data table for: 2014041512
2014-04-15 00:00:00 24
Creating point data table for: 2014041600
2014-04-16 00:00:00 12
Creating point data table for: 2014041612
2014-04-16 00:00:00 24
Creating point data table for: 2014041700
2014-04-17 00:00:00 12
Creating point data table for: 2014041712
2014-04-17 00:00:00 24
Creating point data table for: 2014041800
2014-04-18 00:00:00 12
Creating point data table for: 2014041812
2014-04-18 00:00:00 24
Creating point data table for: 2014041900
2014-04-19 00:00:00 12
Creating point data table for: 2014041912
2014-04-19 00:00:00 24
Creating point data table for: 2014042000
2014-04-20 00:00:00 12
Creating point data table for: 2014042012
2014-04-20 00:00:00 24
Creating point data table for: 2014042100
2014-04-21 00:00:00 12
Creating point data table for: 2014042112
2014-04-21 00:00:00 24
Creating point data table for: 2014042200
2014-04-22 00:00:00 12
Creating point data table for: 2014042212
2014-04-22 00:00:00 24
Creating point data table for: 2014042300
2014-04-23 00:00:00 12
Creating point data table for: 2014042312
2014-04-23 00:00:00 24
Creating point data table for: 2014042400
2014-04-24 00:00:00 12
Creating point data table for: 2014042412
2014-04-24 00:00:00 24
Creating point data table for: 2014042500
2014-04-25 00:00:00 12
Creating point data table for: 2014042512
2014-04-25 00:00:00 24
Creating point data table for: 2014042600
2014-04-26 00:00:00 12
Creating point data table for: 2014042612
2014-04-26 00:00:00 24
Creating point data table for: 2014042700
2014-04-27 00:00:00 12
Creating point data table for: 2014042712
2014-04-27 00:00:00 24
Creating point data table for: 2014042800
2014-04-28 00:00:00 12
Creating point data table for: 2014042812
2014-04-28 00:00:00 24
Creating point data table for: 2014042900
2014-04-29 00:00:00 12
Creating point data table for: 2014042912
2014-04-29 00:00:00 24
Creating point data table for: 2014043000
2014-04-30 00:00:00 12
Creating point data table for: 2014043012
2014-04-30 00:00:00 24
Creating point data table for: 2014050100
2014-05-01 00:00:00 12
Creating point data table for: 2014050112
2014-05-01 00:00:00 24
Creating point data table for: 2014050200
2014-05-02 00:00:00 12
Creating point data table for: 2014050212
2014-05-02 00:00:00 24
Creating point data table for: 2014050300
2014-05-03 00:00:00 12
Creating point data table for: 2014050312
2014-05-03 00:00:00 24
Creating point data table for: 2014050400
2014-05-04 00:00:00 12
Creating point data table for: 2014050412
2014-05-04 00:00:00 24
Creating point data table for: 2014050500
2014-05-05 00:00:00 12
Creating point data table for: 2014050512
2014-05-05 00:00:00 24
Creating point data table for: 2014050600
2014-05-06 00:00:00 12
Creating point data table for: 2014050612
2014-05-06 00:00:00 24
Creating point data table for: 2014050700
2014-05-07 00:00:00 12
Creating point data table for: 2014050712
2014-05-07 00:00:00 24
Creating point data table for: 2014050800
2014-05-08 00:00:00 12
Creating point data table for: 2014050812
2014-05-08 00:00:00 24
Creating point data table for: 2014050900
2014-05-09 00:00:00 12
Creating point data table for: 2014050912
2014-05-09 00:00:00 24
Creating point data table for: 2014051000
2014-05-10 00:00:00 12
Creating point data table for: 2014051012
2014-05-10 00:00:00 24
Creating point data table for: 2014051100
2014-05-11 00:00:00 12
Creating point data table for: 2014051112
2014-05-11 00:00:00 24
Creating point data table for: 2014051200
2014-05-12 00:00:00 12
Creating point data table for: 2014051212
2014-05-12 00:00:00 24
Creating point data table for: 2014051300
2014-05-13 00:00:00 12
Creating point data table for: 2014051312
2014-05-13 00:00:00 24
Creating point data table for: 2014051400
2014-05-14 00:00:00 12
Creating point data table for: 2014051412
2014-05-14 00:00:00 24
Creating point data table for: 2014051500
2014-05-15 00:00:00 12
Creating point data table for: 2014051512
2014-05-15 00:00:00 24
Creating point data table for: 2014051600
2014-05-16 00:00:00 12
Creating point data table for: 2014051612
2014-05-16 00:00:00 24
Creating point data table for: 2014051700
2014-05-17 00:00:00 12
Creating point data table for: 2014051712
2014-05-17 00:00:00 24
Creating point data table for: 2014051800
2014-05-18 00:00:00 12
Creating point data table for: 2014051812
2014-05-18 00:00:00 24
Creating point data table for: 2014051900
2014-05-19 00:00:00 12
Creating point data table for: 2014051912
2014-05-19 00:00:00 24
Creating point data table for: 2014052000
2014-05-20 00:00:00 12
Creating point data table for: 2014052012
2014-05-20 00:00:00 24
Creating point data table for: 2014052100
2014-05-21 00:00:00 12
Creating point data table for: 2014052112
2014-05-21 00:00:00 24
Creating point data table for: 2014052200
2014-05-22 00:00:00 12
Creating point data table for: 2014052212
2014-05-22 00:00:00 24
Creating point data table for: 2014052300
2014-05-23 00:00:00 12
Creating point data table for: 2014052312
2014-05-23 00:00:00 24
Creating point data table for: 2014052400
2014-05-24 00:00:00 12
Creating point data table for: 2014052412
2014-05-24 00:00:00 24
Creating point data table for: 2014052500
2014-05-25 00:00:00 12
Creating point data table for: 2014052512
2014-05-25 00:00:00 24
Creating point data table for: 2014052600
2014-05-26 00:00:00 12
Creating point data table for: 2014052612
2014-05-26 00:00:00 24
Creating point data table for: 2014052700
2014-05-27 00:00:00 12
Creating point data table for: 2014052712
2014-05-27 00:00:00 24
Creating point data table for: 2014052800
2014-05-28 00:00:00 12
Creating point data table for: 2014052812
2014-05-28 00:00:00 24
Creating point data table for: 2014052900
2014-05-29 00:00:00 12
Creating point data table for: 2014052912
2014-05-29 00:00:00 24
Creating point data table for: 2014053000
2014-05-30 00:00:00 12
Creating point data table for: 2014053012
2014-05-30 00:00:00 24
Creating point data table for: 2014053100
2014-05-31 00:00:00 12
Creating point data table for: 2014053112
2014-05-31 00:00:00 24
Creating point data table for: 2014060100
2014-06-01 00:00:00 12
Creating point data table for: 2014060112
2014-06-01 00:00:00 24
Creating point data table for: 2014060200
2014-06-02 00:00:00 12
Creating point data table for: 2014060212
2014-06-02 00:00:00 24
Creating point data table for: 2014060300
2014-06-03 00:00:00 12
Creating point data table for: 2014060312
2014-06-03 00:00:00 24
Creating point data table for: 2014060400
2014-06-04 00:00:00 12
Creating point data table for: 2014060412
2014-06-04 00:00:00 24
Creating point data table for: 2014060500
2014-06-05 00:00:00 12
Creating point data table for: 2014060512
2014-06-05 00:00:00 24
Creating point data table for: 2014060600
2014-06-06 00:00:00 12
Creating point data table for: 2014060612
2014-06-06 00:00:00 24
Creating point data table for: 2014060700
2014-06-07 00:00:00 12
Creating point data table for: 2014060712
2014-06-07 00:00:00 24
Creating point data table for: 2014060800
2014-06-08 00:00:00 12
Creating point data table for: 2014060812
2014-06-08 00:00:00 24
Creating point data table for: 2014060900
2014-06-09 00:00:00 12
Creating point data table for: 2014060912
2014-06-09 00:00:00 24
Creating point data table for: 2014061000
2014-06-10 00:00:00 12
Creating point data table for: 2014061012
2014-06-10 00:00:00 24
Creating point data table for: 2014061100
2014-06-11 00:00:00 12
Creating point data table for: 2014061112
2014-06-11 00:00:00 24
Creating point data table for: 2014061200
2014-06-12 00:00:00 12
Creating point data table for: 2014061212
2014-06-12 00:00:00 24
Creating point data table for: 2014061300
2014-06-13 00:00:00 12
Creating point data table for: 2014061312
2014-06-13 00:00:00 24
Creating point data table for: 2014061400
2014-06-14 00:00:00 12
Creating point data table for: 2014061412
2014-06-14 00:00:00 24
Creating point data table for: 2014061500
2014-06-15 00:00:00 12
Creating point data table for: 2014061512
2014-06-15 00:00:00 24
Creating point data table for: 2014061600
2014-06-16 00:00:00 12
Creating point data table for: 2014061612
2014-06-16 00:00:00 24
Creating point data table for: 2014061700
2014-06-17 00:00:00 12
Creating point data table for: 2014061712
2014-06-17 00:00:00 24
Creating point data table for: 2014061800
2014-06-18 00:00:00 12
Creating point data table for: 2014061812
2014-06-18 00:00:00 24
Creating point data table for: 2014061900
2014-06-19 00:00:00 12
Creating point data table for: 2014061912
2014-06-19 00:00:00 24
Creating point data table for: 2014062000
2014-06-20 00:00:00 12
Creating point data table for: 2014062012
2014-06-20 00:00:00 24
Creating point data table for: 2014062100
2014-06-21 00:00:00 12
Creating point data table for: 2014062112
2014-06-21 00:00:00 24
Creating point data table for: 2014062200
2014-06-22 00:00:00 12
Creating point data table for: 2014062212
2014-06-22 00:00:00 24
Creating point data table for: 2014062300
2014-06-23 00:00:00 12
Creating point data table for: 2014062312
2014-06-23 00:00:00 24
Creating point data table for: 2014062400
2014-06-24 00:00:00 12
Creating point data table for: 2014062412
2014-06-24 00:00:00 24
Creating point data table for: 2014062500
2014-06-25 00:00:00 12
Creating point data table for: 2014062512
2014-06-25 00:00:00 24
Creating point data table for: 2014062600
2014-06-26 00:00:00 12
Creating point data table for: 2014062612
2014-06-26 00:00:00 24
Creating point data table for: 2014062700
2014-06-27 00:00:00 12
Creating point data table for: 2014062712
2014-06-27 00:00:00 24
Creating point data table for: 2014062800
2014-06-28 00:00:00 12
Creating point data table for: 2014062812
2014-06-28 00:00:00 24
Creating point data table for: 2014062900
2014-06-29 00:00:00 12
Creating point data table for: 2014062912
2014-06-29 00:00:00 24
Creating point data table for: 2014063000
2014-06-30 00:00:00 12
Creating point data table for: 2014063012
2014-06-30 00:00:00 24
Creating point data table for: 2014070100
2014-07-01 00:00:00 12
Creating point data table for: 2014070112
2014-07-01 00:00:00 24
Creating point data table for: 2014070200
2014-07-02 00:00:00 12
Creating point data table for: 2014070212
2014-07-02 00:00:00 24
Creating point data table for: 2014070300
2014-07-03 00:00:00 12
Creating point data table for: 2014070312
2014-07-03 00:00:00 24
Creating point data table for: 2014070400
2014-07-04 00:00:00 12
Creating point data table for: 2014070412
2014-07-04 00:00:00 24
Creating point data table for: 2014070500
2014-07-05 00:00:00 12
Creating point data table for: 2014070512
2014-07-05 00:00:00 24
Creating point data table for: 2014070600
2014-07-06 00:00:00 12
Creating point data table for: 2014070612
2014-07-06 00:00:00 24
Creating point data table for: 2014070700
2014-07-07 00:00:00 12
Creating point data table for: 2014070712
2014-07-07 00:00:00 24
Creating point data table for: 2014070800
2014-07-08 00:00:00 12
Creating point data table for: 2014070812
2014-07-08 00:00:00 24
Creating point data table for: 2014070900
2014-07-09 00:00:00 12
Creating point data table for: 2014070912
2014-07-09 00:00:00 24
Creating point data table for: 2014071000
2014-07-10 00:00:00 12
Creating point data table for: 2014071012
2014-07-10 00:00:00 24
Creating point data table for: 2014071100
2014-07-11 00:00:00 12
Creating point data table for: 2014071112
2014-07-11 00:00:00 24
Creating point data table for: 2014071200
2014-07-12 00:00:00 12
Creating point data table for: 2014071212
2014-07-12 00:00:00 24
Creating point data table for: 2014071300
2014-07-13 00:00:00 12
Creating point data table for: 2014071312
2014-07-13 00:00:00 24
Creating point data table for: 2014071400
2014-07-14 00:00:00 12
Creating point data table for: 2014071412
2014-07-14 00:00:00 24
Creating point data table for: 2014071500
2014-07-15 00:00:00 12
Creating point data table for: 2014071512
2014-07-15 00:00:00 24
Creating point data table for: 2014071600
2014-07-16 00:00:00 12
Creating point data table for: 2014071612
2014-07-16 00:00:00 24
Creating point data table for: 2014071700
2014-07-17 00:00:00 12
Creating point data table for: 2014071712
2014-07-17 00:00:00 24
Creating point data table for: 2014071800
2014-07-18 00:00:00 12
Creating point data table for: 2014071812
2014-07-18 00:00:00 24
Creating point data table for: 2014071900
2014-07-19 00:00:00 12
Creating point data table for: 2014071912
2014-07-19 00:00:00 24
Creating point data table for: 2014072000
2014-07-20 00:00:00 12
Creating point data table for: 2014072012
2014-07-20 00:00:00 24
Creating point data table for: 2014072100
2014-07-21 00:00:00 12
Creating point data table for: 2014072112
2014-07-21 00:00:00 24
Creating point data table for: 2014072200
2014-07-22 00:00:00 12
Creating point data table for: 2014072212
2014-07-22 00:00:00 24
Creating point data table for: 2014072300
2014-07-23 00:00:00 12
Creating point data table for: 2014072312
2014-07-23 00:00:00 24
Creating point data table for: 2014072400
2014-07-24 00:00:00 12
Creating point data table for: 2014072412
2014-07-24 00:00:00 24
Creating point data table for: 2014072500
2014-07-25 00:00:00 12
Creating point data table for: 2014072512
2014-07-25 00:00:00 24
Creating point data table for: 2014072600
2014-07-26 00:00:00 12
Creating point data table for: 2014072612
2014-07-26 00:00:00 24
Creating point data table for: 2014072700
2014-07-27 00:00:00 12
Creating point data table for: 2014072712
2014-07-27 00:00:00 24
Creating point data table for: 2014072800
2014-07-28 00:00:00 12
Creating point data table for: 2014072812
2014-07-28 00:00:00 24
Creating point data table for: 2014072900
2014-07-29 00:00:00 12
Creating point data table for: 2014072912
2014-07-29 00:00:00 24
Creating point data table for: 2014073000
2014-07-30 00:00:00 12
Creating point data table for: 2014073012
2014-07-30 00:00:00 24
Creating point data table for: 2014073100
2014-07-31 00:00:00 12
Creating point data table for: 2014073112
2014-07-31 00:00:00 24
Creating point data table for: 2014080100
2014-08-01 00:00:00 12
Creating point data table for: 2014080112
2014-08-01 00:00:00 24
Creating point data table for: 2014080200
2014-08-02 00:00:00 12
Creating point data table for: 2014080212
2014-08-02 00:00:00 24
Creating point data table for: 2014080300
2014-08-03 00:00:00 12
Creating point data table for: 2014080312
2014-08-03 00:00:00 24
Creating point data table for: 2014080400
2014-08-04 00:00:00 12
Creating point data table for: 2014080412
2014-08-04 00:00:00 24
Creating point data table for: 2014080500
2014-08-05 00:00:00 12
Creating point data table for: 2014080512
2014-08-05 00:00:00 24
Creating point data table for: 2014080600
2014-08-06 00:00:00 12
Creating point data table for: 2014080612
2014-08-06 00:00:00 24
Creating point data table for: 2014080700
2014-08-07 00:00:00 12
Creating point data table for: 2014080712
2014-08-07 00:00:00 24
Creating point data table for: 2014080800
2014-08-08 00:00:00 12
Creating point data table for: 2014080812
2014-08-08 00:00:00 24
Creating point data table for: 2014080900
2014-08-09 00:00:00 12
Creating point data table for: 2014080912
2014-08-09 00:00:00 24
Creating point data table for: 2014081000
2014-08-10 00:00:00 12
Creating point data table for: 2014081012
2014-08-10 00:00:00 24
Creating point data table for: 2014081100
2014-08-11 00:00:00 12
Creating point data table for: 2014081112
2014-08-11 00:00:00 24
Creating point data table for: 2014081200
2014-08-12 00:00:00 12
Creating point data table for: 2014081212
2014-08-12 00:00:00 24
Creating point data table for: 2014081300
2014-08-13 00:00:00 12
Creating point data table for: 2014081312
2014-08-13 00:00:00 24
Creating point data table for: 2014081400
2014-08-14 00:00:00 12
Creating point data table for: 2014081412
2014-08-14 00:00:00 24
Creating point data table for: 2014081500
2014-08-15 00:00:00 12
Creating point data table for: 2014081512
2014-08-15 00:00:00 24
Creating point data table for: 2014081600
2014-08-16 00:00:00 12
Creating point data table for: 2014081612
2014-08-16 00:00:00 24
Creating point data table for: 2014081700
2014-08-17 00:00:00 12
Creating point data table for: 2014081712
2014-08-17 00:00:00 24
Creating point data table for: 2014081800
2014-08-18 00:00:00 12
Creating point data table for: 2014081812
2014-08-18 00:00:00 24
Creating point data table for: 2014081900
2014-08-19 00:00:00 12
Creating point data table for: 2014081912
2014-08-19 00:00:00 24
Creating point data table for: 2014082000
2014-08-20 00:00:00 12
Creating point data table for: 2014082012
2014-08-20 00:00:00 24
Creating point data table for: 2014082100
2014-08-21 00:00:00 12
Creating point data table for: 2014082112
2014-08-21 00:00:00 24
Creating point data table for: 2014082200
2014-08-22 00:00:00 12
Creating point data table for: 2014082212
2014-08-22 00:00:00 24
Creating point data table for: 2014082300
2014-08-23 00:00:00 12
Creating point data table for: 2014082312
2014-08-23 00:00:00 24
Creating point data table for: 2014082400
2014-08-24 00:00:00 12
Creating point data table for: 2014082412
2014-08-24 00:00:00 24
Creating point data table for: 2014082500
2014-08-25 00:00:00 12
Creating point data table for: 2014082512
2014-08-25 00:00:00 24
Creating point data table for: 2014082600
2014-08-26 00:00:00 12
Creating point data table for: 2014082612
2014-08-26 00:00:00 24
Creating point data table for: 2014082700
2014-08-27 00:00:00 12
Creating point data table for: 2014082712
2014-08-27 00:00:00 24
Creating point data table for: 2014082800
2014-08-28 00:00:00 12
Creating point data table for: 2014082812
2014-08-28 00:00:00 24
Creating point data table for: 2014082900
2014-08-29 00:00:00 12
Creating point data table for: 2014082912
2014-08-29 00:00:00 24
Creating point data table for: 2014083000
2014-08-30 00:00:00 12
Creating point data table for: 2014083012
2014-08-30 00:00:00 24
Creating point data table for: 2014083100
2014-08-31 00:00:00 12
Creating point data table for: 2014083112
2014-08-31 00:00:00 24
Creating point data table for: 2014090100
2014-09-01 00:00:00 12
Creating point data table for: 2014090112
2014-09-01 00:00:00 24
Creating point data table for: 2014090200
2014-09-02 00:00:00 12
Creating point data table for: 2014090212
2014-09-02 00:00:00 24
Creating point data table for: 2014090300
2014-09-03 00:00:00 12
Creating point data table for: 2014090312
2014-09-03 00:00:00 24
Creating point data table for: 2014090400
2014-09-04 00:00:00 12
Creating point data table for: 2014090412
2014-09-04 00:00:00 24
Creating point data table for: 2014090500
2014-09-05 00:00:00 12
Creating point data table for: 2014090512
2014-09-05 00:00:00 24
Creating point data table for: 2014090600
2014-09-06 00:00:00 12
Creating point data table for: 2014090612
2014-09-06 00:00:00 24
Creating point data table for: 2014090700
2014-09-07 00:00:00 12
Creating point data table for: 2014090712
2014-09-07 00:00:00 24
Creating point data table for: 2014090800
2014-09-08 00:00:00 12
Creating point data table for: 2014090812
2014-09-08 00:00:00 24
Creating point data table for: 2014090900
2014-09-09 00:00:00 12
Creating point data table for: 2014090912
2014-09-09 00:00:00 24
Creating point data table for: 2014091000
2014-09-10 00:00:00 12
Creating point data table for: 2014091012
2014-09-10 00:00:00 24
Creating point data table for: 2014091100
2014-09-11 00:00:00 12
Creating point data table for: 2014091112
2014-09-11 00:00:00 24
Creating point data table for: 2014091200
2014-09-12 00:00:00 12
Creating point data table for: 2014091212
2014-09-12 00:00:00 24
Creating point data table for: 2014091300
2014-09-13 00:00:00 12
Creating point data table for: 2014091312
2014-09-13 00:00:00 24
Creating point data table for: 2014091400
2014-09-14 00:00:00 12
Creating point data table for: 2014091412
2014-09-14 00:00:00 24
Creating point data table for: 2014091500
2014-09-15 00:00:00 12
Creating point data table for: 2014091512
2014-09-15 00:00:00 24
Creating point data table for: 2014091600
2014-09-16 00:00:00 12
Creating point data table for: 2014091612
2014-09-16 00:00:00 24
Creating point data table for: 2014091700
2014-09-17 00:00:00 12
Creating point data table for: 2014091712
2014-09-17 00:00:00 24
Creating point data table for: 2014091800
2014-09-18 00:00:00 12
Creating point data table for: 2014091812
2014-09-18 00:00:00 24
Creating point data table for: 2014091900
2014-09-19 00:00:00 12
Creating point data table for: 2014091912
2014-09-19 00:00:00 24
Creating point data table for: 2014092000
2014-09-20 00:00:00 12
Creating point data table for: 2014092012
2014-09-20 00:00:00 24
Creating point data table for: 2014092100
2014-09-21 00:00:00 12
Creating point data table for: 2014092112
2014-09-21 00:00:00 24
Creating point data table for: 2014092200
2014-09-22 00:00:00 12
Creating point data table for: 2014092212
2014-09-22 00:00:00 24
Creating point data table for: 2014092300
2014-09-23 00:00:00 12
Creating point data table for: 2014092312
2014-09-23 00:00:00 24
Creating point data table for: 2014092400
2014-09-24 00:00:00 12
Creating point data table for: 2014092412
2014-09-24 00:00:00 24
Creating point data table for: 2014092500
2014-09-25 00:00:00 12
Creating point data table for: 2014092512
2014-09-25 00:00:00 24
Creating point data table for: 2014092600
2014-09-26 00:00:00 12
Creating point data table for: 2014092612
2014-09-26 00:00:00 24
Creating point data table for: 2014092700
2014-09-27 00:00:00 12
Creating point data table for: 2014092712
2014-09-27 00:00:00 24
Creating point data table for: 2014092800
2014-09-28 00:00:00 12
Creating point data table for: 2014092812
2014-09-28 00:00:00 24
Creating point data table for: 2014092900
2014-09-29 00:00:00 12
Creating point data table for: 2014092912
2014-09-29 00:00:00 24
Creating point data table for: 2014093000
2014-09-30 00:00:00 12
Creating point data table for: 2014093012
2014-09-30 00:00:00 24
Creating point data table for: 2014100100
2014-10-01 00:00:00 12
Creating point data table for: 2014100112
2014-10-01 00:00:00 24
Creating point data table for: 2014100200
2014-10-02 00:00:00 12
Creating point data table for: 2014100212
2014-10-02 00:00:00 24
Creating point data table for: 2014100300
2014-10-03 00:00:00 12
Creating point data table for: 2014100312
2014-10-03 00:00:00 24
Creating point data table for: 2014100400
2014-10-04 00:00:00 12
Creating point data table for: 2014100412
2014-10-04 00:00:00 24
Creating point data table for: 2014100500
2014-10-05 00:00:00 12
Creating point data table for: 2014100512
2014-10-05 00:00:00 24
Creating point data table for: 2014100600
2014-10-06 00:00:00 12
Creating point data table for: 2014100612
2014-10-06 00:00:00 24
Creating point data table for: 2014100700
2014-10-07 00:00:00 12
Creating point data table for: 2014100712
2014-10-07 00:00:00 24
Creating point data table for: 2014100800
2014-10-08 00:00:00 12
Creating point data table for: 2014100812
2014-10-08 00:00:00 24
Creating point data table for: 2014100900
2014-10-09 00:00:00 12
Creating point data table for: 2014100912
2014-10-09 00:00:00 24
Creating point data table for: 2014101000
2014-10-10 00:00:00 12
Creating point data table for: 2014101012
2014-10-10 00:00:00 24
Creating point data table for: 2014101100
2014-10-11 00:00:00 12
Creating point data table for: 2014101112
2014-10-11 00:00:00 24
Creating point data table for: 2014101200
2014-10-12 00:00:00 12
Creating point data table for: 2014101212
2014-10-12 00:00:00 24
Creating point data table for: 2014101300
2014-10-13 00:00:00 12
Creating point data table for: 2014101312
2014-10-13 00:00:00 24
Creating point data table for: 2014101400
2014-10-14 00:00:00 12
Creating point data table for: 2014101412
2014-10-14 00:00:00 24
Creating point data table for: 2014101500
2014-10-15 00:00:00 12
Creating point data table for: 2014101512
2014-10-15 00:00:00 24
Creating point data table for: 2014101600
2014-10-16 00:00:00 12
Creating point data table for: 2014101612
2014-10-16 00:00:00 24
Creating point data table for: 2014101700
2014-10-17 00:00:00 12
Creating point data table for: 2014101712
2014-10-17 00:00:00 24
Creating point data table for: 2014101800
2014-10-18 00:00:00 12
Creating point data table for: 2014101812
2014-10-18 00:00:00 24
Creating point data table for: 2014101900
2014-10-19 00:00:00 12
Creating point data table for: 2014101912
2014-10-19 00:00:00 24
Creating point data table for: 2014102000
2014-10-20 00:00:00 12
Creating point data table for: 2014102012
2014-10-20 00:00:00 24
Creating point data table for: 2014102100
2014-10-21 00:00:00 12
Creating point data table for: 2014102112
2014-10-21 00:00:00 24
Creating point data table for: 2014102200
2014-10-22 00:00:00 12
Creating point data table for: 2014102212
2014-10-22 00:00:00 24
Creating point data table for: 2014102300
2014-10-23 00:00:00 12
Creating point data table for: 2014102312
2014-10-23 00:00:00 24
Creating point data table for: 2014102400
2014-10-24 00:00:00 12
Creating point data table for: 2014102412
2014-10-24 00:00:00 24
Creating point data table for: 2014102500
2014-10-25 00:00:00 12
Creating point data table for: 2014102512
2014-10-25 00:00:00 24
Creating point data table for: 2014102600
2014-10-26 00:00:00 12
Creating point data table for: 2014102612
2014-10-26 00:00:00 24
Creating point data table for: 2014102700
2014-10-27 00:00:00 12
Creating point data table for: 2014102712
2014-10-27 00:00:00 24
Creating point data table for: 2014102800
2014-10-28 00:00:00 12
Creating point data table for: 2014102812
2014-10-28 00:00:00 24
Creating point data table for: 2014102900
2014-10-29 00:00:00 12
Creating point data table for: 2014102912
2014-10-29 00:00:00 24
Creating point data table for: 2014103000
2014-10-30 00:00:00 12
Creating point data table for: 2014103012
2014-10-30 00:00:00 24
Creating point data table for: 2014103100
2014-10-31 00:00:00 12
Creating point data table for: 2014103112
2014-10-31 00:00:00 24
Creating point data table for: 2014110100
2014-11-01 00:00:00 12
Creating point data table for: 2014110112
2014-11-01 00:00:00 24
Creating point data table for: 2014110200
2014-11-02 00:00:00 12
Creating point data table for: 2014110212
2014-11-02 00:00:00 24
Creating point data table for: 2014110300
2014-11-03 00:00:00 12
Creating point data table for: 2014110312
2014-11-03 00:00:00 24
Creating point data table for: 2014110400
2014-11-04 00:00:00 12
Creating point data table for: 2014110412
2014-11-04 00:00:00 24
Creating point data table for: 2014110500
2014-11-05 00:00:00 12
Creating point data table for: 2014110512
2014-11-05 00:00:00 24
Creating point data table for: 2014110600
2014-11-06 00:00:00 12
Creating point data table for: 2014110612
2014-11-06 00:00:00 24
Creating point data table for: 2014110700
2014-11-07 00:00:00 12
Creating point data table for: 2014110712
2014-11-07 00:00:00 24
Creating point data table for: 2014110800
2014-11-08 00:00:00 12
Creating point data table for: 2014110812
2014-11-08 00:00:00 24
Creating point data table for: 2014110900
2014-11-09 00:00:00 12
Creating point data table for: 2014110912
2014-11-09 00:00:00 24
Creating point data table for: 2014111000
2014-11-10 00:00:00 12
Creating point data table for: 2014111012
2014-11-10 00:00:00 24
Creating point data table for: 2014111100
2014-11-11 00:00:00 12
Creating point data table for: 2014111112
2014-11-11 00:00:00 24
Creating point data table for: 2014111200
2014-11-12 00:00:00 12
Creating point data table for: 2014111212
2014-11-12 00:00:00 24
Creating point data table for: 2014111300
2014-11-13 00:00:00 12
Creating point data table for: 2014111312
2014-11-13 00:00:00 24
Creating point data table for: 2014111400
2014-11-14 00:00:00 12
Creating point data table for: 2014111412
2014-11-14 00:00:00 24
Creating point data table for: 2014111500
2014-11-15 00:00:00 12
Creating point data table for: 2014111512
2014-11-15 00:00:00 24
Creating point data table for: 2014111600
2014-11-16 00:00:00 12
Creating point data table for: 2014111612
2014-11-16 00:00:00 24
Creating point data table for: 2014111700
2014-11-17 00:00:00 12
Creating point data table for: 2014111712
2014-11-17 00:00:00 24
Creating point data table for: 2014111800
2014-11-18 00:00:00 12
Creating point data table for: 2014111812
2014-11-18 00:00:00 24
Creating point data table for: 2014111900
2014-11-19 00:00:00 12
Creating point data table for: 2014111912
2014-11-19 00:00:00 24
Creating point data table for: 2014112000
2014-11-20 00:00:00 12
Creating point data table for: 2014112012
2014-11-20 00:00:00 24
Creating point data table for: 2014112100
2014-11-21 00:00:00 12
Creating point data table for: 2014112112
2014-11-21 00:00:00 24
Creating point data table for: 2014112200
2014-11-22 00:00:00 12
Creating point data table for: 2014112212
2014-11-22 00:00:00 24
Creating point data table for: 2014112300
2014-11-23 00:00:00 12
Creating point data table for: 2014112312
2014-11-23 00:00:00 24
Creating point data table for: 2014112400
2014-11-24 00:00:00 12
Creating point data table for: 2014112412
2014-11-24 00:00:00 24
Creating point data table for: 2014112500
2014-11-25 00:00:00 12
Creating point data table for: 2014112512
2014-11-25 00:00:00 24
Creating point data table for: 2014112600
2014-11-26 00:00:00 12
Creating point data table for: 2014112612
2014-11-26 00:00:00 24
Creating point data table for: 2014112700
2014-11-27 00:00:00 12
Creating point data table for: 2014112712
2014-11-27 00:00:00 24
Creating point data table for: 2014112800
2014-11-28 00:00:00 12
Creating point data table for: 2014112812
2014-11-28 00:00:00 24
Creating point data table for: 2014112900
2014-11-29 00:00:00 12
Creating point data table for: 2014112912
2014-11-29 00:00:00 24
Creating point data table for: 2014113000
2014-11-30 00:00:00 12
Creating point data table for: 2014113012
2014-11-30 00:00:00 24
Creating point data table for: 2014120100
2014-12-01 00:00:00 12
Creating point data table for: 2014120112
2014-12-01 00:00:00 24
Creating point data table for: 2014120200
2014-12-02 00:00:00 12
Creating point data table for: 2014120212
2014-12-02 00:00:00 24
Creating point data table for: 2014120300
2014-12-03 00:00:00 12
Creating point data table for: 2014120312
2014-12-03 00:00:00 24
Creating point data table for: 2014120400
2014-12-04 00:00:00 12
Creating point data table for: 2014120412
2014-12-04 00:00:00 24
Creating point data table for: 2014120500
2014-12-05 00:00:00 12
Creating point data table for: 2014120512
2014-12-05 00:00:00 24
Creating point data table for: 2014120600
2014-12-06 00:00:00 12
Creating point data table for: 2014120612
2014-12-06 00:00:00 24
Creating point data table for: 2014120700
2014-12-07 00:00:00 12
Creating point data table for: 2014120712
2014-12-07 00:00:00 24
Creating point data table for: 2014120800
2014-12-08 00:00:00 12
Creating point data table for: 2014120812
2014-12-08 00:00:00 24
Creating point data table for: 2014120900
2014-12-09 00:00:00 12
Creating point data table for: 2014120912
2014-12-09 00:00:00 24
Creating point data table for: 2014121000
2014-12-10 00:00:00 12
Creating point data table for: 2014121012
2014-12-10 00:00:00 24
Creating point data table for: 2014121100
2014-12-11 00:00:00 12
Creating point data table for: 2014121112
2014-12-11 00:00:00 24
Creating point data table for: 2014121200
2014-12-12 00:00:00 12
Creating point data table for: 2014121212
2014-12-12 00:00:00 24
Creating point data table for: 2014121300
2014-12-13 00:00:00 12
Creating point data table for: 2014121312
2014-12-13 00:00:00 24
Creating point data table for: 2014121400
2014-12-14 00:00:00 12
Creating point data table for: 2014121412
2014-12-14 00:00:00 24
Creating point data table for: 2014121500
2014-12-15 00:00:00 12
Creating point data table for: 2014121512
2014-12-15 00:00:00 24
Creating point data table for: 2014121600
2014-12-16 00:00:00 12
Creating point data table for: 2014121612
2014-12-16 00:00:00 24
Creating point data table for: 2014121700
2014-12-17 00:00:00 12
Creating point data table for: 2014121712
2014-12-17 00:00:00 24
Creating point data table for: 2014121800
2014-12-18 00:00:00 12
Creating point data table for: 2014121812
2014-12-18 00:00:00 24
Creating point data table for: 2014121900
2014-12-19 00:00:00 12
Creating point data table for: 2014121912
2014-12-19 00:00:00 24
Creating point data table for: 2014122000
2014-12-20 00:00:00 12
Creating point data table for: 2014122012
2014-12-20 00:00:00 24
Creating point data table for: 2014122100
2014-12-21 00:00:00 12
Creating point data table for: 2014122112
2014-12-21 00:00:00 24
Creating point data table for: 2014122200
2014-12-22 00:00:00 12
Creating point data table for: 2014122212
2014-12-22 00:00:00 24
Creating point data table for: 2014122300
2014-12-23 00:00:00 12
Creating point data table for: 2014122312
2014-12-23 00:00:00 24
Creating point data table for: 2014122400
2014-12-24 00:00:00 12
Creating point data table for: 2014122412
2014-12-24 00:00:00 24
Creating point data table for: 2014122500
2014-12-25 00:00:00 12
Creating point data table for: 2014122512
2014-12-25 00:00:00 24
Creating point data table for: 2014122600
2014-12-26 00:00:00 12
Creating point data table for: 2014122612
2014-12-26 00:00:00 24
Creating point data table for: 2014122700
2014-12-27 00:00:00 12
Creating point data table for: 2014122712
2014-12-27 00:00:00 24
Creating point data table for: 2014122800
2014-12-28 00:00:00 12
Creating point data table for: 2014122812
2014-12-28 00:00:00 24
Creating point data table for: 2014122900
2014-12-29 00:00:00 12
Creating point data table for: 2014122912
2014-12-29 00:00:00 24
Creating point data table for: 2014123000
2014-12-30 00:00:00 12
Creating point data table for: 2014123012
2014-12-30 00:00:00 24
Creating point data table for: 2014123100
2014-12-31 00:00:00 12
Creating point data table for: 2014123112
2014-12-31 00:00:00 24
Creating point data table for: 2015010100
[ECMWF-INFO -ecepilog] ----------------------------------------------------------------------------------------------------
[ECMWF-INFO -ecepilog] This is the ECMWF job Epilogue
[ECMWF-INFO -ecepilog] +++ Please report issues using the Support portal +++
[ECMWF-INFO -ecepilog] +++ https://support.ecmwf.int                     +++
[ECMWF-INFO -ecepilog] ----------------------------------------------------------------------------------------------------
[ECMWF-INFO -ecepilog] Run at 2024-03-05T18:35:11 on aa
[ECMWF-INFO -ecepilog] JobName                   : PDT_Year
[ECMWF-INFO -ecepilog] JobID                     : 13918870
[ECMWF-INFO -ecepilog] Submit                    : 2024-03-05T17:27:11
[ECMWF-INFO -ecepilog] Start                     : 2024-03-05T17:27:29
[ECMWF-INFO -ecepilog] End                       : 2024-03-05T18:35:11
[ECMWF-INFO -ecepilog] QueuedTime                : 18.0
[ECMWF-INFO -ecepilog] ElapsedRaw                : 4062
[ECMWF-INFO -ecepilog] ExitCode                  : 0:0
[ECMWF-INFO -ecepilog] DerivedExitCode           : 0:0
[ECMWF-INFO -ecepilog] State                     : COMPLETED
[ECMWF-INFO -ecepilog] Account                   : ecodmdmo
[ECMWF-INFO -ecepilog] QOS                       : nf
[ECMWF-INFO -ecepilog] User                      : mofp
[ECMWF-INFO -ecepilog] StdOut                    : /etc/ecmwf/vol/ecpoint_dev/mofp/Papers_2_Write/Use_FlashFloodsRep_4Verif_USA/Scripts/Processed/LogATOS/PDT_Year-13918870.out
[ECMWF-INFO -ecepilog] StdErr                    : /etc/ecmwf/vol/ecpoint_dev/mofp/Papers_2_Write/Use_FlashFloodsRep_4Verif_USA/Scripts/Processed/LogATOS/PDT_Year-13918870.out
[ECMWF-INFO -ecepilog] NNodes                    : 1
[ECMWF-INFO -ecepilog] NCPUS                     : 64
[ECMWF-INFO -ecepilog] SBU                       : 616.112
[ECMWF-INFO -ecepilog] ----------------------------------------------------------------------------------------------------

