[ECMWF-INFO -sbatch] - -------------------------------------------------------------------------------------
[ECMWF-INFO -sbatch] -  This is the ECMWF jobfilter
[ECMWF-INFO -sbatch] -  +++ Please report issues using the Support portal +++
[ECMWF-INFO -sbatch] -  +++ https://support.ecmwf.int                     +++
[ECMWF-INFO -sbatch] -  /usr/local/bin/ecsbatch: size: 49002, mtime: Tue Oct  3 11:53:54 2023
[ECMWF-INFO -sbatch] - -------------------------------------------------------------------------------------
[ECMWF-INFO -sbatch] - Time at submit: Tue Mar  5 17:27:10 2024 (1709659630.5697963) on aa6-204.bullx:/etc/ecmwf/vol/ecpoint_dev/mofp/Papers_2_Write/Use_FlashFloodsRep_4Verif_USA/Scripts/Processed
[ECMWF-INFO -sbatch] - --- SLURM VARIABLES ---
[ECMWF-INFO -sbatch] - EC_CLUSTER=aa
[ECMWF-INFO -sbatch] - SLURM_EXPORT_ENV=ALL
[ECMWF-INFO -sbatch] - SLURM_JOB_ID=13517288
[ECMWF-INFO -sbatch] - SBATCH_EXPORT=NONE
[ECMWF-INFO -sbatch] - -----------------------
[ECMWF-INFO -sbatch] - jobscript: /etc/ecmwf/vol/ecpoint_dev/mofp/Papers_2_Write/Use_FlashFloodsRep_4Verif_USA/Scripts/Processed/18a_SubmitterATOS_PDT_Year.sh
[ECMWF-INFO -sbatch] - --- SCRIPT OPTIONS ---
[ECMWF-INFO -sbatch] - #SBATCH --job-name=PDT_Year
[ECMWF-INFO -sbatch] - #SBATCH --output=LogATOS/PDT_Year-%J.out
[ECMWF-INFO -sbatch] - #SBATCH --error=LogATOS/PDT_Year-%J.out
[ECMWF-INFO -sbatch] - #SBATCH --cpus-per-task=64
[ECMWF-INFO -sbatch] - #SBATCH --mem=128G
[ECMWF-INFO -sbatch] - #SBATCH --time=2-00:00:00
[ECMWF-INFO -sbatch] - #SBATCH --qos=nf
[ECMWF-INFO -sbatch] - #SBATCH --mail-type=FAIL
[ECMWF-INFO -sbatch] - #SBATCH --mail-user=fatima.pillosu@ecmwf.int
[ECMWF-INFO -sbatch] - -----------------------
[ECMWF-INFO -sbatch] - --- POST-PROCESSED OPTIONS ---
[ECMWF-INFO -sbatch] - ARG --positional=['18a_SubmitterATOS_PDT_Year.sh', '2005']
[ECMWF-INFO -sbatch] - ARG --cpus_per_task=64
[ECMWF-INFO -sbatch] - ARG --error=LogATOS/PDT_Year-%J.out
[ECMWF-INFO -sbatch] - ARG --job_name=PDT_Year
[ECMWF-INFO -sbatch] - ARG --mail_type=FAIL
[ECMWF-INFO -sbatch] - ARG --mail_user=fatima.pillosu@ecmwf.int
[ECMWF-INFO -sbatch] - ARG --output=LogATOS/PDT_Year-%J.out
[ECMWF-INFO -sbatch] - ARG --qos=nf
[ECMWF-INFO -sbatch] - ARG --time=2-00:00:00
[ECMWF-INFO -sbatch] - ARG --mem=128G
[ECMWF-INFO -sbatch] - ------------------------------
[ECMWF-INFO -sbatch] - jobtag: mofp-PDT_Year-1x64-/etc/ecmwf/vol/ecpoint_dev/mofp/Papers_2_Write/Use_FlashFloodsRep_4Verif_USA/Scripts/Processed/LogATOS/PDT_Year-_.out
[ECMWF-INFO -sbatch] - ['/usr/bin/sbatch', '--cpus-per-task=64', '--error=LogATOS/PDT_Year-%J.out', '--job-name=PDT_Year', '--mail-type=FAIL', '--mail-user=fatima.pillosu@ecmwf.int', '--output=LogATOS/PDT_Year-%J.out', '--qos=nf', '--time=2-00:00:00', '--mem=128G', '--licenses=h2resw01', '--export=EC_user_time_limit=2-00:00:00', '/etc/ecmwf/vol/ecpoint_dev/mofp/Papers_2_Write/Use_FlashFloodsRep_4Verif_USA/Scripts/Processed/18a_SubmitterATOS_PDT_Year.sh', '2005']
[ECMWF-INFO -sbatch] - sbatch executed on aa
[ECMWF-INFO -sbatch] - Job queued on aa using method local
[ECMWF-INFO -sbatch] - Submitted batch job 13918858
[ECMWF-INFO -ecprofile] /usr/bin/bash NON_INTERACTIVE on aa6-148 at 20240305_172732.283, PID: 1577359, JOBID: 13918858
[ECMWF-INFO -ecprofile] $SCRATCH=/ec/res4/scratch/mofp
[ECMWF-INFO -ecprofile] $PERM=/perm/mofp
[ECMWF-INFO -ecprofile] $HPCPERM=/ec/res4/hpcperm/mofp
[ECMWF-INFO -ecprofile] $TMPDIR=/etc/ecmwf/ssd/ssd1/tmpdirs/mofp.13918858
[ECMWF-INFO -ecprofile] $SCRATCHDIR=/ec/res4/scratchdir/mofp/2/13918858
2005-01-01 00:00:00 12
Creating point data table for: 2005010112
2005-01-01 00:00:00 24
Creating point data table for: 2005010200
2005-01-02 00:00:00 12
Creating point data table for: 2005010212
2005-01-02 00:00:00 24
Creating point data table for: 2005010300
2005-01-03 00:00:00 12
Creating point data table for: 2005010312
2005-01-03 00:00:00 24
Creating point data table for: 2005010400
2005-01-04 00:00:00 12
Creating point data table for: 2005010412
2005-01-04 00:00:00 24
Creating point data table for: 2005010500
2005-01-05 00:00:00 12
Creating point data table for: 2005010512
2005-01-05 00:00:00 24
Creating point data table for: 2005010600
2005-01-06 00:00:00 12
Creating point data table for: 2005010612
2005-01-06 00:00:00 24
Creating point data table for: 2005010700
2005-01-07 00:00:00 12
Creating point data table for: 2005010712
2005-01-07 00:00:00 24
Creating point data table for: 2005010800
2005-01-08 00:00:00 12
Creating point data table for: 2005010812
2005-01-08 00:00:00 24
Creating point data table for: 2005010900
2005-01-09 00:00:00 12
Creating point data table for: 2005010912
2005-01-09 00:00:00 24
Creating point data table for: 2005011000
2005-01-10 00:00:00 12
Creating point data table for: 2005011012
2005-01-10 00:00:00 24
Creating point data table for: 2005011100
2005-01-11 00:00:00 12
Creating point data table for: 2005011112
2005-01-11 00:00:00 24
Creating point data table for: 2005011200
2005-01-12 00:00:00 12
Creating point data table for: 2005011212
2005-01-12 00:00:00 24
Creating point data table for: 2005011300
2005-01-13 00:00:00 12
Creating point data table for: 2005011312
2005-01-13 00:00:00 24
Creating point data table for: 2005011400
2005-01-14 00:00:00 12
Creating point data table for: 2005011412
2005-01-14 00:00:00 24
Creating point data table for: 2005011500
2005-01-15 00:00:00 12
Creating point data table for: 2005011512
2005-01-15 00:00:00 24
Creating point data table for: 2005011600
2005-01-16 00:00:00 12
Creating point data table for: 2005011612
2005-01-16 00:00:00 24
Creating point data table for: 2005011700
2005-01-17 00:00:00 12
Creating point data table for: 2005011712
2005-01-17 00:00:00 24
Creating point data table for: 2005011800
2005-01-18 00:00:00 12
Creating point data table for: 2005011812
2005-01-18 00:00:00 24
Creating point data table for: 2005011900
2005-01-19 00:00:00 12
Creating point data table for: 2005011912
2005-01-19 00:00:00 24
Creating point data table for: 2005012000
2005-01-20 00:00:00 12
Creating point data table for: 2005012012
2005-01-20 00:00:00 24
Creating point data table for: 2005012100
2005-01-21 00:00:00 12
Creating point data table for: 2005012112
2005-01-21 00:00:00 24
Creating point data table for: 2005012200
2005-01-22 00:00:00 12
Creating point data table for: 2005012212
2005-01-22 00:00:00 24
Creating point data table for: 2005012300
2005-01-23 00:00:00 12
Creating point data table for: 2005012312
2005-01-23 00:00:00 24
Creating point data table for: 2005012400
2005-01-24 00:00:00 12
Creating point data table for: 2005012412
2005-01-24 00:00:00 24
Creating point data table for: 2005012500
2005-01-25 00:00:00 12
Creating point data table for: 2005012512
2005-01-25 00:00:00 24
Creating point data table for: 2005012600
2005-01-26 00:00:00 12
Creating point data table for: 2005012612
2005-01-26 00:00:00 24
Creating point data table for: 2005012700
2005-01-27 00:00:00 12
Creating point data table for: 2005012712
2005-01-27 00:00:00 24
Creating point data table for: 2005012800
2005-01-28 00:00:00 12
Creating point data table for: 2005012812
2005-01-28 00:00:00 24
Creating point data table for: 2005012900
2005-01-29 00:00:00 12
Creating point data table for: 2005012912
2005-01-29 00:00:00 24
Creating point data table for: 2005013000
2005-01-30 00:00:00 12
Creating point data table for: 2005013012
2005-01-30 00:00:00 24
Creating point data table for: 2005013100
2005-01-31 00:00:00 12
Creating point data table for: 2005013112
2005-01-31 00:00:00 24
Creating point data table for: 2005020100
2005-02-01 00:00:00 12
Creating point data table for: 2005020112
2005-02-01 00:00:00 24
Creating point data table for: 2005020200
2005-02-02 00:00:00 12
Creating point data table for: 2005020212
2005-02-02 00:00:00 24
Creating point data table for: 2005020300
2005-02-03 00:00:00 12
Creating point data table for: 2005020312
2005-02-03 00:00:00 24
Creating point data table for: 2005020400
2005-02-04 00:00:00 12
Creating point data table for: 2005020412
2005-02-04 00:00:00 24
Creating point data table for: 2005020500
2005-02-05 00:00:00 12
Creating point data table for: 2005020512
2005-02-05 00:00:00 24
Creating point data table for: 2005020600
2005-02-06 00:00:00 12
Creating point data table for: 2005020612
2005-02-06 00:00:00 24
Creating point data table for: 2005020700
2005-02-07 00:00:00 12
Creating point data table for: 2005020712
2005-02-07 00:00:00 24
Creating point data table for: 2005020800
2005-02-08 00:00:00 12
Creating point data table for: 2005020812
2005-02-08 00:00:00 24
Creating point data table for: 2005020900
2005-02-09 00:00:00 12
Creating point data table for: 2005020912
2005-02-09 00:00:00 24
Creating point data table for: 2005021000
2005-02-10 00:00:00 12
Creating point data table for: 2005021012
2005-02-10 00:00:00 24
Creating point data table for: 2005021100
2005-02-11 00:00:00 12
Creating point data table for: 2005021112
2005-02-11 00:00:00 24
Creating point data table for: 2005021200
2005-02-12 00:00:00 12
Creating point data table for: 2005021212
2005-02-12 00:00:00 24
Creating point data table for: 2005021300
2005-02-13 00:00:00 12
Creating point data table for: 2005021312
2005-02-13 00:00:00 24
Creating point data table for: 2005021400
2005-02-14 00:00:00 12
Creating point data table for: 2005021412
2005-02-14 00:00:00 24
Creating point data table for: 2005021500
2005-02-15 00:00:00 12
Creating point data table for: 2005021512
2005-02-15 00:00:00 24
Creating point data table for: 2005021600
2005-02-16 00:00:00 12
Creating point data table for: 2005021612
2005-02-16 00:00:00 24
Creating point data table for: 2005021700
2005-02-17 00:00:00 12
Creating point data table for: 2005021712
2005-02-17 00:00:00 24
Creating point data table for: 2005021800
2005-02-18 00:00:00 12
Creating point data table for: 2005021812
2005-02-18 00:00:00 24
Creating point data table for: 2005021900
2005-02-19 00:00:00 12
Creating point data table for: 2005021912
2005-02-19 00:00:00 24
Creating point data table for: 2005022000
2005-02-20 00:00:00 12
Creating point data table for: 2005022012
2005-02-20 00:00:00 24
Creating point data table for: 2005022100
2005-02-21 00:00:00 12
Creating point data table for: 2005022112
2005-02-21 00:00:00 24
Creating point data table for: 2005022200
2005-02-22 00:00:00 12
Creating point data table for: 2005022212
2005-02-22 00:00:00 24
Creating point data table for: 2005022300
2005-02-23 00:00:00 12
Creating point data table for: 2005022312
2005-02-23 00:00:00 24
Creating point data table for: 2005022400
2005-02-24 00:00:00 12
Creating point data table for: 2005022412
2005-02-24 00:00:00 24
Creating point data table for: 2005022500
2005-02-25 00:00:00 12
Creating point data table for: 2005022512
2005-02-25 00:00:00 24
Creating point data table for: 2005022600
2005-02-26 00:00:00 12
Creating point data table for: 2005022612
2005-02-26 00:00:00 24
Creating point data table for: 2005022700
2005-02-27 00:00:00 12
Creating point data table for: 2005022712
2005-02-27 00:00:00 24
Creating point data table for: 2005022800
2005-02-28 00:00:00 12
Creating point data table for: 2005022812
2005-02-28 00:00:00 24
Creating point data table for: 2005030100
2005-03-01 00:00:00 12
Creating point data table for: 2005030112
2005-03-01 00:00:00 24
Creating point data table for: 2005030200
2005-03-02 00:00:00 12
Creating point data table for: 2005030212
2005-03-02 00:00:00 24
Creating point data table for: 2005030300
2005-03-03 00:00:00 12
Creating point data table for: 2005030312
2005-03-03 00:00:00 24
Creating point data table for: 2005030400
2005-03-04 00:00:00 12
Creating point data table for: 2005030412
2005-03-04 00:00:00 24
Creating point data table for: 2005030500
2005-03-05 00:00:00 12
Creating point data table for: 2005030512
2005-03-05 00:00:00 24
Creating point data table for: 2005030600
2005-03-06 00:00:00 12
Creating point data table for: 2005030612
2005-03-06 00:00:00 24
Creating point data table for: 2005030700
2005-03-07 00:00:00 12
Creating point data table for: 2005030712
2005-03-07 00:00:00 24
Creating point data table for: 2005030800
2005-03-08 00:00:00 12
Creating point data table for: 2005030812
2005-03-08 00:00:00 24
Creating point data table for: 2005030900
2005-03-09 00:00:00 12
Creating point data table for: 2005030912
2005-03-09 00:00:00 24
Creating point data table for: 2005031000
2005-03-10 00:00:00 12
Creating point data table for: 2005031012
2005-03-10 00:00:00 24
Creating point data table for: 2005031100
2005-03-11 00:00:00 12
Creating point data table for: 2005031112
2005-03-11 00:00:00 24
Creating point data table for: 2005031200
2005-03-12 00:00:00 12
Creating point data table for: 2005031212
2005-03-12 00:00:00 24
Creating point data table for: 2005031300
2005-03-13 00:00:00 12
Creating point data table for: 2005031312
2005-03-13 00:00:00 24
Creating point data table for: 2005031400
2005-03-14 00:00:00 12
Creating point data table for: 2005031412
2005-03-14 00:00:00 24
Creating point data table for: 2005031500
2005-03-15 00:00:00 12
Creating point data table for: 2005031512
2005-03-15 00:00:00 24
Creating point data table for: 2005031600
2005-03-16 00:00:00 12
Creating point data table for: 2005031612
2005-03-16 00:00:00 24
Creating point data table for: 2005031700
2005-03-17 00:00:00 12
Creating point data table for: 2005031712
2005-03-17 00:00:00 24
Creating point data table for: 2005031800
2005-03-18 00:00:00 12
Creating point data table for: 2005031812
2005-03-18 00:00:00 24
Creating point data table for: 2005031900
2005-03-19 00:00:00 12
Creating point data table for: 2005031912
2005-03-19 00:00:00 24
Creating point data table for: 2005032000
2005-03-20 00:00:00 12
Creating point data table for: 2005032012
2005-03-20 00:00:00 24
Creating point data table for: 2005032100
2005-03-21 00:00:00 12
Creating point data table for: 2005032112
2005-03-21 00:00:00 24
Creating point data table for: 2005032200
2005-03-22 00:00:00 12
Creating point data table for: 2005032212
2005-03-22 00:00:00 24
Creating point data table for: 2005032300
2005-03-23 00:00:00 12
Creating point data table for: 2005032312
2005-03-23 00:00:00 24
Creating point data table for: 2005032400
2005-03-24 00:00:00 12
Creating point data table for: 2005032412
2005-03-24 00:00:00 24
Creating point data table for: 2005032500
2005-03-25 00:00:00 12
Creating point data table for: 2005032512
2005-03-25 00:00:00 24
Creating point data table for: 2005032600
2005-03-26 00:00:00 12
Creating point data table for: 2005032612
2005-03-26 00:00:00 24
Creating point data table for: 2005032700
2005-03-27 00:00:00 12
Creating point data table for: 2005032712
2005-03-27 00:00:00 24
Creating point data table for: 2005032800
2005-03-28 00:00:00 12
Creating point data table for: 2005032812
2005-03-28 00:00:00 24
Creating point data table for: 2005032900
2005-03-29 00:00:00 12
Creating point data table for: 2005032912
2005-03-29 00:00:00 24
Creating point data table for: 2005033000
2005-03-30 00:00:00 12
Creating point data table for: 2005033012
2005-03-30 00:00:00 24
Creating point data table for: 2005033100
2005-03-31 00:00:00 12
Creating point data table for: 2005033112
2005-03-31 00:00:00 24
Creating point data table for: 2005040100
2005-04-01 00:00:00 12
Creating point data table for: 2005040112
2005-04-01 00:00:00 24
Creating point data table for: 2005040200
2005-04-02 00:00:00 12
Creating point data table for: 2005040212
2005-04-02 00:00:00 24
Creating point data table for: 2005040300
2005-04-03 00:00:00 12
Creating point data table for: 2005040312
2005-04-03 00:00:00 24
Creating point data table for: 2005040400
2005-04-04 00:00:00 12
Creating point data table for: 2005040412
2005-04-04 00:00:00 24
Creating point data table for: 2005040500
2005-04-05 00:00:00 12
Creating point data table for: 2005040512
2005-04-05 00:00:00 24
Creating point data table for: 2005040600
2005-04-06 00:00:00 12
Creating point data table for: 2005040612
2005-04-06 00:00:00 24
Creating point data table for: 2005040700
2005-04-07 00:00:00 12
Creating point data table for: 2005040712
2005-04-07 00:00:00 24
Creating point data table for: 2005040800
2005-04-08 00:00:00 12
Creating point data table for: 2005040812
2005-04-08 00:00:00 24
Creating point data table for: 2005040900
2005-04-09 00:00:00 12
Creating point data table for: 2005040912
2005-04-09 00:00:00 24
Creating point data table for: 2005041000
2005-04-10 00:00:00 12
Creating point data table for: 2005041012
2005-04-10 00:00:00 24
Creating point data table for: 2005041100
2005-04-11 00:00:00 12
Creating point data table for: 2005041112
2005-04-11 00:00:00 24
Creating point data table for: 2005041200
2005-04-12 00:00:00 12
Creating point data table for: 2005041212
2005-04-12 00:00:00 24
Creating point data table for: 2005041300
2005-04-13 00:00:00 12
Creating point data table for: 2005041312
2005-04-13 00:00:00 24
Creating point data table for: 2005041400
2005-04-14 00:00:00 12
Creating point data table for: 2005041412
2005-04-14 00:00:00 24
Creating point data table for: 2005041500
2005-04-15 00:00:00 12
Creating point data table for: 2005041512
2005-04-15 00:00:00 24
Creating point data table for: 2005041600
2005-04-16 00:00:00 12
Creating point data table for: 2005041612
2005-04-16 00:00:00 24
Creating point data table for: 2005041700
2005-04-17 00:00:00 12
Creating point data table for: 2005041712
2005-04-17 00:00:00 24
Creating point data table for: 2005041800
2005-04-18 00:00:00 12
Creating point data table for: 2005041812
2005-04-18 00:00:00 24
Creating point data table for: 2005041900
2005-04-19 00:00:00 12
Creating point data table for: 2005041912
2005-04-19 00:00:00 24
Creating point data table for: 2005042000
2005-04-20 00:00:00 12
Creating point data table for: 2005042012
2005-04-20 00:00:00 24
Creating point data table for: 2005042100
2005-04-21 00:00:00 12
Creating point data table for: 2005042112
2005-04-21 00:00:00 24
Creating point data table for: 2005042200
2005-04-22 00:00:00 12
Creating point data table for: 2005042212
2005-04-22 00:00:00 24
Creating point data table for: 2005042300
2005-04-23 00:00:00 12
Creating point data table for: 2005042312
2005-04-23 00:00:00 24
Creating point data table for: 2005042400
2005-04-24 00:00:00 12
Creating point data table for: 2005042412
2005-04-24 00:00:00 24
Creating point data table for: 2005042500
2005-04-25 00:00:00 12
Creating point data table for: 2005042512
2005-04-25 00:00:00 24
Creating point data table for: 2005042600
2005-04-26 00:00:00 12
Creating point data table for: 2005042612
2005-04-26 00:00:00 24
Creating point data table for: 2005042700
2005-04-27 00:00:00 12
Creating point data table for: 2005042712
2005-04-27 00:00:00 24
Creating point data table for: 2005042800
2005-04-28 00:00:00 12
Creating point data table for: 2005042812
2005-04-28 00:00:00 24
Creating point data table for: 2005042900
2005-04-29 00:00:00 12
Creating point data table for: 2005042912
2005-04-29 00:00:00 24
Creating point data table for: 2005043000
2005-04-30 00:00:00 12
Creating point data table for: 2005043012
2005-04-30 00:00:00 24
Creating point data table for: 2005050100
2005-05-01 00:00:00 12
Creating point data table for: 2005050112
2005-05-01 00:00:00 24
Creating point data table for: 2005050200
2005-05-02 00:00:00 12
Creating point data table for: 2005050212
2005-05-02 00:00:00 24
Creating point data table for: 2005050300
2005-05-03 00:00:00 12
Creating point data table for: 2005050312
2005-05-03 00:00:00 24
Creating point data table for: 2005050400
2005-05-04 00:00:00 12
Creating point data table for: 2005050412
2005-05-04 00:00:00 24
Creating point data table for: 2005050500
2005-05-05 00:00:00 12
Creating point data table for: 2005050512
2005-05-05 00:00:00 24
Creating point data table for: 2005050600
2005-05-06 00:00:00 12
Creating point data table for: 2005050612
2005-05-06 00:00:00 24
Creating point data table for: 2005050700
2005-05-07 00:00:00 12
Creating point data table for: 2005050712
2005-05-07 00:00:00 24
Creating point data table for: 2005050800
2005-05-08 00:00:00 12
Creating point data table for: 2005050812
2005-05-08 00:00:00 24
Creating point data table for: 2005050900
2005-05-09 00:00:00 12
Creating point data table for: 2005050912
2005-05-09 00:00:00 24
Creating point data table for: 2005051000
2005-05-10 00:00:00 12
Creating point data table for: 2005051012
2005-05-10 00:00:00 24
Creating point data table for: 2005051100
2005-05-11 00:00:00 12
Creating point data table for: 2005051112
2005-05-11 00:00:00 24
Creating point data table for: 2005051200
2005-05-12 00:00:00 12
Creating point data table for: 2005051212
2005-05-12 00:00:00 24
Creating point data table for: 2005051300
2005-05-13 00:00:00 12
Creating point data table for: 2005051312
2005-05-13 00:00:00 24
Creating point data table for: 2005051400
2005-05-14 00:00:00 12
Creating point data table for: 2005051412
2005-05-14 00:00:00 24
Creating point data table for: 2005051500
2005-05-15 00:00:00 12
Creating point data table for: 2005051512
2005-05-15 00:00:00 24
Creating point data table for: 2005051600
2005-05-16 00:00:00 12
Creating point data table for: 2005051612
2005-05-16 00:00:00 24
Creating point data table for: 2005051700
2005-05-17 00:00:00 12
Creating point data table for: 2005051712
2005-05-17 00:00:00 24
Creating point data table for: 2005051800
2005-05-18 00:00:00 12
Creating point data table for: 2005051812
2005-05-18 00:00:00 24
Creating point data table for: 2005051900
2005-05-19 00:00:00 12
Creating point data table for: 2005051912
2005-05-19 00:00:00 24
Creating point data table for: 2005052000
2005-05-20 00:00:00 12
Creating point data table for: 2005052012
2005-05-20 00:00:00 24
Creating point data table for: 2005052100
2005-05-21 00:00:00 12
Creating point data table for: 2005052112
2005-05-21 00:00:00 24
Creating point data table for: 2005052200
2005-05-22 00:00:00 12
Creating point data table for: 2005052212
2005-05-22 00:00:00 24
Creating point data table for: 2005052300
2005-05-23 00:00:00 12
Creating point data table for: 2005052312
2005-05-23 00:00:00 24
Creating point data table for: 2005052400
2005-05-24 00:00:00 12
Creating point data table for: 2005052412
2005-05-24 00:00:00 24
Creating point data table for: 2005052500
2005-05-25 00:00:00 12
Creating point data table for: 2005052512
2005-05-25 00:00:00 24
Creating point data table for: 2005052600
2005-05-26 00:00:00 12
Creating point data table for: 2005052612
2005-05-26 00:00:00 24
Creating point data table for: 2005052700
2005-05-27 00:00:00 12
Creating point data table for: 2005052712
2005-05-27 00:00:00 24
Creating point data table for: 2005052800
2005-05-28 00:00:00 12
Creating point data table for: 2005052812
2005-05-28 00:00:00 24
Creating point data table for: 2005052900
2005-05-29 00:00:00 12
Creating point data table for: 2005052912
2005-05-29 00:00:00 24
Creating point data table for: 2005053000
2005-05-30 00:00:00 12
Creating point data table for: 2005053012
2005-05-30 00:00:00 24
Creating point data table for: 2005053100
2005-05-31 00:00:00 12
Creating point data table for: 2005053112
2005-05-31 00:00:00 24
Creating point data table for: 2005060100
2005-06-01 00:00:00 12
Creating point data table for: 2005060112
2005-06-01 00:00:00 24
Creating point data table for: 2005060200
2005-06-02 00:00:00 12
Creating point data table for: 2005060212
2005-06-02 00:00:00 24
Creating point data table for: 2005060300
2005-06-03 00:00:00 12
Creating point data table for: 2005060312
2005-06-03 00:00:00 24
Creating point data table for: 2005060400
2005-06-04 00:00:00 12
Creating point data table for: 2005060412
2005-06-04 00:00:00 24
Creating point data table for: 2005060500
2005-06-05 00:00:00 12
Creating point data table for: 2005060512
2005-06-05 00:00:00 24
Creating point data table for: 2005060600
2005-06-06 00:00:00 12
Creating point data table for: 2005060612
2005-06-06 00:00:00 24
Creating point data table for: 2005060700
2005-06-07 00:00:00 12
Creating point data table for: 2005060712
2005-06-07 00:00:00 24
Creating point data table for: 2005060800
2005-06-08 00:00:00 12
Creating point data table for: 2005060812
2005-06-08 00:00:00 24
Creating point data table for: 2005060900
2005-06-09 00:00:00 12
Creating point data table for: 2005060912
2005-06-09 00:00:00 24
Creating point data table for: 2005061000
2005-06-10 00:00:00 12
Creating point data table for: 2005061012
2005-06-10 00:00:00 24
Creating point data table for: 2005061100
2005-06-11 00:00:00 12
Creating point data table for: 2005061112
2005-06-11 00:00:00 24
Creating point data table for: 2005061200
2005-06-12 00:00:00 12
Creating point data table for: 2005061212
2005-06-12 00:00:00 24
Creating point data table for: 2005061300
2005-06-13 00:00:00 12
Creating point data table for: 2005061312
2005-06-13 00:00:00 24
Creating point data table for: 2005061400
2005-06-14 00:00:00 12
Creating point data table for: 2005061412
2005-06-14 00:00:00 24
Creating point data table for: 2005061500
2005-06-15 00:00:00 12
Creating point data table for: 2005061512
2005-06-15 00:00:00 24
Creating point data table for: 2005061600
2005-06-16 00:00:00 12
Creating point data table for: 2005061612
2005-06-16 00:00:00 24
Creating point data table for: 2005061700
2005-06-17 00:00:00 12
Creating point data table for: 2005061712
2005-06-17 00:00:00 24
Creating point data table for: 2005061800
2005-06-18 00:00:00 12
Creating point data table for: 2005061812
2005-06-18 00:00:00 24
Creating point data table for: 2005061900
2005-06-19 00:00:00 12
Creating point data table for: 2005061912
2005-06-19 00:00:00 24
Creating point data table for: 2005062000
2005-06-20 00:00:00 12
Creating point data table for: 2005062012
2005-06-20 00:00:00 24
Creating point data table for: 2005062100
2005-06-21 00:00:00 12
Creating point data table for: 2005062112
2005-06-21 00:00:00 24
Creating point data table for: 2005062200
2005-06-22 00:00:00 12
Creating point data table for: 2005062212
2005-06-22 00:00:00 24
Creating point data table for: 2005062300
2005-06-23 00:00:00 12
Creating point data table for: 2005062312
2005-06-23 00:00:00 24
Creating point data table for: 2005062400
2005-06-24 00:00:00 12
Creating point data table for: 2005062412
2005-06-24 00:00:00 24
Creating point data table for: 2005062500
2005-06-25 00:00:00 12
Creating point data table for: 2005062512
2005-06-25 00:00:00 24
Creating point data table for: 2005062600
2005-06-26 00:00:00 12
Creating point data table for: 2005062612
2005-06-26 00:00:00 24
Creating point data table for: 2005062700
2005-06-27 00:00:00 12
Creating point data table for: 2005062712
2005-06-27 00:00:00 24
Creating point data table for: 2005062800
2005-06-28 00:00:00 12
Creating point data table for: 2005062812
2005-06-28 00:00:00 24
Creating point data table for: 2005062900
2005-06-29 00:00:00 12
Creating point data table for: 2005062912
2005-06-29 00:00:00 24
Creating point data table for: 2005063000
2005-06-30 00:00:00 12
Creating point data table for: 2005063012
2005-06-30 00:00:00 24
Creating point data table for: 2005070100
2005-07-01 00:00:00 12
Creating point data table for: 2005070112
2005-07-01 00:00:00 24
Creating point data table for: 2005070200
2005-07-02 00:00:00 12
Creating point data table for: 2005070212
2005-07-02 00:00:00 24
Creating point data table for: 2005070300
2005-07-03 00:00:00 12
Creating point data table for: 2005070312
2005-07-03 00:00:00 24
Creating point data table for: 2005070400
2005-07-04 00:00:00 12
Creating point data table for: 2005070412
2005-07-04 00:00:00 24
Creating point data table for: 2005070500
2005-07-05 00:00:00 12
Creating point data table for: 2005070512
2005-07-05 00:00:00 24
Creating point data table for: 2005070600
2005-07-06 00:00:00 12
Creating point data table for: 2005070612
2005-07-06 00:00:00 24
Creating point data table for: 2005070700
2005-07-07 00:00:00 12
Creating point data table for: 2005070712
2005-07-07 00:00:00 24
Creating point data table for: 2005070800
2005-07-08 00:00:00 12
Creating point data table for: 2005070812
2005-07-08 00:00:00 24
Creating point data table for: 2005070900
2005-07-09 00:00:00 12
Creating point data table for: 2005070912
2005-07-09 00:00:00 24
Creating point data table for: 2005071000
2005-07-10 00:00:00 12
Creating point data table for: 2005071012
2005-07-10 00:00:00 24
Creating point data table for: 2005071100
2005-07-11 00:00:00 12
Creating point data table for: 2005071112
2005-07-11 00:00:00 24
Creating point data table for: 2005071200
2005-07-12 00:00:00 12
Creating point data table for: 2005071212
2005-07-12 00:00:00 24
Creating point data table for: 2005071300
2005-07-13 00:00:00 12
Creating point data table for: 2005071312
2005-07-13 00:00:00 24
Creating point data table for: 2005071400
2005-07-14 00:00:00 12
Creating point data table for: 2005071412
2005-07-14 00:00:00 24
Creating point data table for: 2005071500
2005-07-15 00:00:00 12
Creating point data table for: 2005071512
2005-07-15 00:00:00 24
Creating point data table for: 2005071600
2005-07-16 00:00:00 12
Creating point data table for: 2005071612
2005-07-16 00:00:00 24
Creating point data table for: 2005071700
2005-07-17 00:00:00 12
Creating point data table for: 2005071712
2005-07-17 00:00:00 24
Creating point data table for: 2005071800
2005-07-18 00:00:00 12
Creating point data table for: 2005071812
2005-07-18 00:00:00 24
Creating point data table for: 2005071900
2005-07-19 00:00:00 12
Creating point data table for: 2005071912
2005-07-19 00:00:00 24
Creating point data table for: 2005072000
2005-07-20 00:00:00 12
Creating point data table for: 2005072012
2005-07-20 00:00:00 24
Creating point data table for: 2005072100
2005-07-21 00:00:00 12
Creating point data table for: 2005072112
2005-07-21 00:00:00 24
Creating point data table for: 2005072200
2005-07-22 00:00:00 12
Creating point data table for: 2005072212
2005-07-22 00:00:00 24
Creating point data table for: 2005072300
2005-07-23 00:00:00 12
Creating point data table for: 2005072312
2005-07-23 00:00:00 24
Creating point data table for: 2005072400
2005-07-24 00:00:00 12
Creating point data table for: 2005072412
2005-07-24 00:00:00 24
Creating point data table for: 2005072500
2005-07-25 00:00:00 12
Creating point data table for: 2005072512
2005-07-25 00:00:00 24
Creating point data table for: 2005072600
2005-07-26 00:00:00 12
Creating point data table for: 2005072612
2005-07-26 00:00:00 24
Creating point data table for: 2005072700
2005-07-27 00:00:00 12
Creating point data table for: 2005072712
2005-07-27 00:00:00 24
Creating point data table for: 2005072800
2005-07-28 00:00:00 12
Creating point data table for: 2005072812
2005-07-28 00:00:00 24
Creating point data table for: 2005072900
2005-07-29 00:00:00 12
Creating point data table for: 2005072912
2005-07-29 00:00:00 24
Creating point data table for: 2005073000
2005-07-30 00:00:00 12
Creating point data table for: 2005073012
2005-07-30 00:00:00 24
Creating point data table for: 2005073100
2005-07-31 00:00:00 12
Creating point data table for: 2005073112
2005-07-31 00:00:00 24
Creating point data table for: 2005080100
2005-08-01 00:00:00 12
Creating point data table for: 2005080112
2005-08-01 00:00:00 24
Creating point data table for: 2005080200
2005-08-02 00:00:00 12
Creating point data table for: 2005080212
2005-08-02 00:00:00 24
Creating point data table for: 2005080300
2005-08-03 00:00:00 12
Creating point data table for: 2005080312
2005-08-03 00:00:00 24
Creating point data table for: 2005080400
2005-08-04 00:00:00 12
Creating point data table for: 2005080412
2005-08-04 00:00:00 24
Creating point data table for: 2005080500
2005-08-05 00:00:00 12
Creating point data table for: 2005080512
2005-08-05 00:00:00 24
Creating point data table for: 2005080600
2005-08-06 00:00:00 12
Creating point data table for: 2005080612
2005-08-06 00:00:00 24
Creating point data table for: 2005080700
2005-08-07 00:00:00 12
Creating point data table for: 2005080712
2005-08-07 00:00:00 24
Creating point data table for: 2005080800
2005-08-08 00:00:00 12
Creating point data table for: 2005080812
2005-08-08 00:00:00 24
Creating point data table for: 2005080900
2005-08-09 00:00:00 12
Creating point data table for: 2005080912
2005-08-09 00:00:00 24
Creating point data table for: 2005081000
2005-08-10 00:00:00 12
Creating point data table for: 2005081012
2005-08-10 00:00:00 24
Creating point data table for: 2005081100
2005-08-11 00:00:00 12
Creating point data table for: 2005081112
2005-08-11 00:00:00 24
Creating point data table for: 2005081200
2005-08-12 00:00:00 12
Creating point data table for: 2005081212
2005-08-12 00:00:00 24
Creating point data table for: 2005081300
2005-08-13 00:00:00 12
Creating point data table for: 2005081312
2005-08-13 00:00:00 24
Creating point data table for: 2005081400
2005-08-14 00:00:00 12
Creating point data table for: 2005081412
2005-08-14 00:00:00 24
Creating point data table for: 2005081500
2005-08-15 00:00:00 12
Creating point data table for: 2005081512
2005-08-15 00:00:00 24
Creating point data table for: 2005081600
2005-08-16 00:00:00 12
Creating point data table for: 2005081612
2005-08-16 00:00:00 24
Creating point data table for: 2005081700
2005-08-17 00:00:00 12
Creating point data table for: 2005081712
2005-08-17 00:00:00 24
Creating point data table for: 2005081800
2005-08-18 00:00:00 12
Creating point data table for: 2005081812
2005-08-18 00:00:00 24
Creating point data table for: 2005081900
2005-08-19 00:00:00 12
Creating point data table for: 2005081912
2005-08-19 00:00:00 24
Creating point data table for: 2005082000
2005-08-20 00:00:00 12
Creating point data table for: 2005082012
2005-08-20 00:00:00 24
Creating point data table for: 2005082100
2005-08-21 00:00:00 12
Creating point data table for: 2005082112
2005-08-21 00:00:00 24
Creating point data table for: 2005082200
2005-08-22 00:00:00 12
Creating point data table for: 2005082212
2005-08-22 00:00:00 24
Creating point data table for: 2005082300
2005-08-23 00:00:00 12
Creating point data table for: 2005082312
2005-08-23 00:00:00 24
Creating point data table for: 2005082400
2005-08-24 00:00:00 12
Creating point data table for: 2005082412
2005-08-24 00:00:00 24
Creating point data table for: 2005082500
2005-08-25 00:00:00 12
Creating point data table for: 2005082512
2005-08-25 00:00:00 24
Creating point data table for: 2005082600
2005-08-26 00:00:00 12
Creating point data table for: 2005082612
2005-08-26 00:00:00 24
Creating point data table for: 2005082700
2005-08-27 00:00:00 12
Creating point data table for: 2005082712
2005-08-27 00:00:00 24
Creating point data table for: 2005082800
2005-08-28 00:00:00 12
Creating point data table for: 2005082812
2005-08-28 00:00:00 24
Creating point data table for: 2005082900
2005-08-29 00:00:00 12
Creating point data table for: 2005082912
2005-08-29 00:00:00 24
Creating point data table for: 2005083000
2005-08-30 00:00:00 12
Creating point data table for: 2005083012
2005-08-30 00:00:00 24
Creating point data table for: 2005083100
2005-08-31 00:00:00 12
Creating point data table for: 2005083112
2005-08-31 00:00:00 24
Creating point data table for: 2005090100
2005-09-01 00:00:00 12
Creating point data table for: 2005090112
2005-09-01 00:00:00 24
Creating point data table for: 2005090200
2005-09-02 00:00:00 12
Creating point data table for: 2005090212
2005-09-02 00:00:00 24
Creating point data table for: 2005090300
2005-09-03 00:00:00 12
Creating point data table for: 2005090312
2005-09-03 00:00:00 24
Creating point data table for: 2005090400
2005-09-04 00:00:00 12
Creating point data table for: 2005090412
2005-09-04 00:00:00 24
Creating point data table for: 2005090500
2005-09-05 00:00:00 12
Creating point data table for: 2005090512
2005-09-05 00:00:00 24
Creating point data table for: 2005090600
2005-09-06 00:00:00 12
Creating point data table for: 2005090612
2005-09-06 00:00:00 24
Creating point data table for: 2005090700
2005-09-07 00:00:00 12
Creating point data table for: 2005090712
2005-09-07 00:00:00 24
Creating point data table for: 2005090800
2005-09-08 00:00:00 12
Creating point data table for: 2005090812
2005-09-08 00:00:00 24
Creating point data table for: 2005090900
2005-09-09 00:00:00 12
Creating point data table for: 2005090912
2005-09-09 00:00:00 24
Creating point data table for: 2005091000
2005-09-10 00:00:00 12
Creating point data table for: 2005091012
2005-09-10 00:00:00 24
Creating point data table for: 2005091100
2005-09-11 00:00:00 12
Creating point data table for: 2005091112
2005-09-11 00:00:00 24
Creating point data table for: 2005091200
2005-09-12 00:00:00 12
Creating point data table for: 2005091212
2005-09-12 00:00:00 24
Creating point data table for: 2005091300
2005-09-13 00:00:00 12
Creating point data table for: 2005091312
2005-09-13 00:00:00 24
Creating point data table for: 2005091400
2005-09-14 00:00:00 12
Creating point data table for: 2005091412
2005-09-14 00:00:00 24
Creating point data table for: 2005091500
2005-09-15 00:00:00 12
Creating point data table for: 2005091512
2005-09-15 00:00:00 24
Creating point data table for: 2005091600
2005-09-16 00:00:00 12
Creating point data table for: 2005091612
2005-09-16 00:00:00 24
Creating point data table for: 2005091700
2005-09-17 00:00:00 12
Creating point data table for: 2005091712
2005-09-17 00:00:00 24
Creating point data table for: 2005091800
2005-09-18 00:00:00 12
Creating point data table for: 2005091812
2005-09-18 00:00:00 24
Creating point data table for: 2005091900
2005-09-19 00:00:00 12
Creating point data table for: 2005091912
2005-09-19 00:00:00 24
Creating point data table for: 2005092000
2005-09-20 00:00:00 12
Creating point data table for: 2005092012
2005-09-20 00:00:00 24
Creating point data table for: 2005092100
2005-09-21 00:00:00 12
Creating point data table for: 2005092112
2005-09-21 00:00:00 24
Creating point data table for: 2005092200
2005-09-22 00:00:00 12
Creating point data table for: 2005092212
2005-09-22 00:00:00 24
Creating point data table for: 2005092300
2005-09-23 00:00:00 12
Creating point data table for: 2005092312
2005-09-23 00:00:00 24
Creating point data table for: 2005092400
2005-09-24 00:00:00 12
Creating point data table for: 2005092412
2005-09-24 00:00:00 24
Creating point data table for: 2005092500
2005-09-25 00:00:00 12
Creating point data table for: 2005092512
2005-09-25 00:00:00 24
Creating point data table for: 2005092600
2005-09-26 00:00:00 12
Creating point data table for: 2005092612
2005-09-26 00:00:00 24
Creating point data table for: 2005092700
2005-09-27 00:00:00 12
Creating point data table for: 2005092712
2005-09-27 00:00:00 24
Creating point data table for: 2005092800
2005-09-28 00:00:00 12
Creating point data table for: 2005092812
2005-09-28 00:00:00 24
Creating point data table for: 2005092900
2005-09-29 00:00:00 12
Creating point data table for: 2005092912
2005-09-29 00:00:00 24
Creating point data table for: 2005093000
2005-09-30 00:00:00 12
Creating point data table for: 2005093012
2005-09-30 00:00:00 24
Creating point data table for: 2005100100
2005-10-01 00:00:00 12
Creating point data table for: 2005100112
2005-10-01 00:00:00 24
Creating point data table for: 2005100200
2005-10-02 00:00:00 12
Creating point data table for: 2005100212
2005-10-02 00:00:00 24
Creating point data table for: 2005100300
2005-10-03 00:00:00 12
Creating point data table for: 2005100312
2005-10-03 00:00:00 24
Creating point data table for: 2005100400
2005-10-04 00:00:00 12
Creating point data table for: 2005100412
2005-10-04 00:00:00 24
Creating point data table for: 2005100500
2005-10-05 00:00:00 12
Creating point data table for: 2005100512
2005-10-05 00:00:00 24
Creating point data table for: 2005100600
2005-10-06 00:00:00 12
Creating point data table for: 2005100612
2005-10-06 00:00:00 24
Creating point data table for: 2005100700
2005-10-07 00:00:00 12
Creating point data table for: 2005100712
2005-10-07 00:00:00 24
Creating point data table for: 2005100800
2005-10-08 00:00:00 12
Creating point data table for: 2005100812
2005-10-08 00:00:00 24
Creating point data table for: 2005100900
2005-10-09 00:00:00 12
Creating point data table for: 2005100912
2005-10-09 00:00:00 24
Creating point data table for: 2005101000
2005-10-10 00:00:00 12
Creating point data table for: 2005101012
2005-10-10 00:00:00 24
Creating point data table for: 2005101100
2005-10-11 00:00:00 12
Creating point data table for: 2005101112
2005-10-11 00:00:00 24
Creating point data table for: 2005101200
2005-10-12 00:00:00 12
Creating point data table for: 2005101212
2005-10-12 00:00:00 24
Creating point data table for: 2005101300
2005-10-13 00:00:00 12
Creating point data table for: 2005101312
2005-10-13 00:00:00 24
Creating point data table for: 2005101400
2005-10-14 00:00:00 12
Creating point data table for: 2005101412
2005-10-14 00:00:00 24
Creating point data table for: 2005101500
2005-10-15 00:00:00 12
Creating point data table for: 2005101512
2005-10-15 00:00:00 24
Creating point data table for: 2005101600
2005-10-16 00:00:00 12
Creating point data table for: 2005101612
2005-10-16 00:00:00 24
Creating point data table for: 2005101700
2005-10-17 00:00:00 12
Creating point data table for: 2005101712
2005-10-17 00:00:00 24
Creating point data table for: 2005101800
2005-10-18 00:00:00 12
Creating point data table for: 2005101812
2005-10-18 00:00:00 24
Creating point data table for: 2005101900
2005-10-19 00:00:00 12
Creating point data table for: 2005101912
2005-10-19 00:00:00 24
Creating point data table for: 2005102000
2005-10-20 00:00:00 12
Creating point data table for: 2005102012
2005-10-20 00:00:00 24
Creating point data table for: 2005102100
2005-10-21 00:00:00 12
Creating point data table for: 2005102112
2005-10-21 00:00:00 24
Creating point data table for: 2005102200
2005-10-22 00:00:00 12
Creating point data table for: 2005102212
2005-10-22 00:00:00 24
Creating point data table for: 2005102300
2005-10-23 00:00:00 12
Creating point data table for: 2005102312
2005-10-23 00:00:00 24
Creating point data table for: 2005102400
2005-10-24 00:00:00 12
Creating point data table for: 2005102412
2005-10-24 00:00:00 24
Creating point data table for: 2005102500
2005-10-25 00:00:00 12
Creating point data table for: 2005102512
2005-10-25 00:00:00 24
Creating point data table for: 2005102600
2005-10-26 00:00:00 12
Creating point data table for: 2005102612
2005-10-26 00:00:00 24
Creating point data table for: 2005102700
2005-10-27 00:00:00 12
Creating point data table for: 2005102712
2005-10-27 00:00:00 24
Creating point data table for: 2005102800
2005-10-28 00:00:00 12
Creating point data table for: 2005102812
2005-10-28 00:00:00 24
Creating point data table for: 2005102900
2005-10-29 00:00:00 12
Creating point data table for: 2005102912
2005-10-29 00:00:00 24
Creating point data table for: 2005103000
2005-10-30 00:00:00 12
Creating point data table for: 2005103012
2005-10-30 00:00:00 24
Creating point data table for: 2005103100
2005-10-31 00:00:00 12
Creating point data table for: 2005103112
2005-10-31 00:00:00 24
Creating point data table for: 2005110100
2005-11-01 00:00:00 12
Creating point data table for: 2005110112
2005-11-01 00:00:00 24
Creating point data table for: 2005110200
2005-11-02 00:00:00 12
Creating point data table for: 2005110212
2005-11-02 00:00:00 24
Creating point data table for: 2005110300
2005-11-03 00:00:00 12
Creating point data table for: 2005110312
2005-11-03 00:00:00 24
Creating point data table for: 2005110400
2005-11-04 00:00:00 12
Creating point data table for: 2005110412
2005-11-04 00:00:00 24
Creating point data table for: 2005110500
2005-11-05 00:00:00 12
Creating point data table for: 2005110512
2005-11-05 00:00:00 24
Creating point data table for: 2005110600
2005-11-06 00:00:00 12
Creating point data table for: 2005110612
2005-11-06 00:00:00 24
Creating point data table for: 2005110700
2005-11-07 00:00:00 12
Creating point data table for: 2005110712
2005-11-07 00:00:00 24
Creating point data table for: 2005110800
2005-11-08 00:00:00 12
Creating point data table for: 2005110812
2005-11-08 00:00:00 24
Creating point data table for: 2005110900
2005-11-09 00:00:00 12
Creating point data table for: 2005110912
2005-11-09 00:00:00 24
Creating point data table for: 2005111000
2005-11-10 00:00:00 12
Creating point data table for: 2005111012
2005-11-10 00:00:00 24
Creating point data table for: 2005111100
2005-11-11 00:00:00 12
Creating point data table for: 2005111112
2005-11-11 00:00:00 24
Creating point data table for: 2005111200
2005-11-12 00:00:00 12
Creating point data table for: 2005111212
2005-11-12 00:00:00 24
Creating point data table for: 2005111300
2005-11-13 00:00:00 12
Creating point data table for: 2005111312
2005-11-13 00:00:00 24
Creating point data table for: 2005111400
2005-11-14 00:00:00 12
Creating point data table for: 2005111412
2005-11-14 00:00:00 24
Creating point data table for: 2005111500
2005-11-15 00:00:00 12
Creating point data table for: 2005111512
2005-11-15 00:00:00 24
Creating point data table for: 2005111600
2005-11-16 00:00:00 12
Creating point data table for: 2005111612
2005-11-16 00:00:00 24
Creating point data table for: 2005111700
2005-11-17 00:00:00 12
Creating point data table for: 2005111712
2005-11-17 00:00:00 24
Creating point data table for: 2005111800
2005-11-18 00:00:00 12
Creating point data table for: 2005111812
2005-11-18 00:00:00 24
Creating point data table for: 2005111900
2005-11-19 00:00:00 12
Creating point data table for: 2005111912
2005-11-19 00:00:00 24
Creating point data table for: 2005112000
2005-11-20 00:00:00 12
Creating point data table for: 2005112012
2005-11-20 00:00:00 24
Creating point data table for: 2005112100
2005-11-21 00:00:00 12
Creating point data table for: 2005112112
2005-11-21 00:00:00 24
Creating point data table for: 2005112200
2005-11-22 00:00:00 12
Creating point data table for: 2005112212
2005-11-22 00:00:00 24
Creating point data table for: 2005112300
2005-11-23 00:00:00 12
Creating point data table for: 2005112312
2005-11-23 00:00:00 24
Creating point data table for: 2005112400
2005-11-24 00:00:00 12
Creating point data table for: 2005112412
2005-11-24 00:00:00 24
Creating point data table for: 2005112500
2005-11-25 00:00:00 12
Creating point data table for: 2005112512
2005-11-25 00:00:00 24
Creating point data table for: 2005112600
2005-11-26 00:00:00 12
Creating point data table for: 2005112612
2005-11-26 00:00:00 24
Creating point data table for: 2005112700
2005-11-27 00:00:00 12
Creating point data table for: 2005112712
2005-11-27 00:00:00 24
Creating point data table for: 2005112800
2005-11-28 00:00:00 12
Creating point data table for: 2005112812
2005-11-28 00:00:00 24
Creating point data table for: 2005112900
2005-11-29 00:00:00 12
Creating point data table for: 2005112912
2005-11-29 00:00:00 24
Creating point data table for: 2005113000
2005-11-30 00:00:00 12
Creating point data table for: 2005113012
2005-11-30 00:00:00 24
Creating point data table for: 2005120100
2005-12-01 00:00:00 12
Creating point data table for: 2005120112
2005-12-01 00:00:00 24
Creating point data table for: 2005120200
2005-12-02 00:00:00 12
Creating point data table for: 2005120212
2005-12-02 00:00:00 24
Creating point data table for: 2005120300
2005-12-03 00:00:00 12
Creating point data table for: 2005120312
2005-12-03 00:00:00 24
Creating point data table for: 2005120400
2005-12-04 00:00:00 12
Creating point data table for: 2005120412
2005-12-04 00:00:00 24
Creating point data table for: 2005120500
2005-12-05 00:00:00 12
Creating point data table for: 2005120512
2005-12-05 00:00:00 24
Creating point data table for: 2005120600
2005-12-06 00:00:00 12
Creating point data table for: 2005120612
2005-12-06 00:00:00 24
Creating point data table for: 2005120700
2005-12-07 00:00:00 12
Creating point data table for: 2005120712
2005-12-07 00:00:00 24
Creating point data table for: 2005120800
2005-12-08 00:00:00 12
Creating point data table for: 2005120812
2005-12-08 00:00:00 24
Creating point data table for: 2005120900
2005-12-09 00:00:00 12
Creating point data table for: 2005120912
2005-12-09 00:00:00 24
Creating point data table for: 2005121000
2005-12-10 00:00:00 12
Creating point data table for: 2005121012
2005-12-10 00:00:00 24
Creating point data table for: 2005121100
2005-12-11 00:00:00 12
Creating point data table for: 2005121112
2005-12-11 00:00:00 24
Creating point data table for: 2005121200
2005-12-12 00:00:00 12
Creating point data table for: 2005121212
2005-12-12 00:00:00 24
Creating point data table for: 2005121300
2005-12-13 00:00:00 12
Creating point data table for: 2005121312
2005-12-13 00:00:00 24
Creating point data table for: 2005121400
2005-12-14 00:00:00 12
Creating point data table for: 2005121412
2005-12-14 00:00:00 24
Creating point data table for: 2005121500
2005-12-15 00:00:00 12
Creating point data table for: 2005121512
2005-12-15 00:00:00 24
Creating point data table for: 2005121600
2005-12-16 00:00:00 12
Creating point data table for: 2005121612
2005-12-16 00:00:00 24
Creating point data table for: 2005121700
2005-12-17 00:00:00 12
Creating point data table for: 2005121712
2005-12-17 00:00:00 24
Creating point data table for: 2005121800
2005-12-18 00:00:00 12
Creating point data table for: 2005121812
2005-12-18 00:00:00 24
Creating point data table for: 2005121900
2005-12-19 00:00:00 12
Creating point data table for: 2005121912
2005-12-19 00:00:00 24
Creating point data table for: 2005122000
2005-12-20 00:00:00 12
Creating point data table for: 2005122012
2005-12-20 00:00:00 24
Creating point data table for: 2005122100
2005-12-21 00:00:00 12
Creating point data table for: 2005122112
2005-12-21 00:00:00 24
Creating point data table for: 2005122200
2005-12-22 00:00:00 12
Creating point data table for: 2005122212
2005-12-22 00:00:00 24
Creating point data table for: 2005122300
2005-12-23 00:00:00 12
Creating point data table for: 2005122312
2005-12-23 00:00:00 24
Creating point data table for: 2005122400
2005-12-24 00:00:00 12
Creating point data table for: 2005122412
2005-12-24 00:00:00 24
Creating point data table for: 2005122500
2005-12-25 00:00:00 12
Creating point data table for: 2005122512
2005-12-25 00:00:00 24
Creating point data table for: 2005122600
2005-12-26 00:00:00 12
Creating point data table for: 2005122612
2005-12-26 00:00:00 24
Creating point data table for: 2005122700
2005-12-27 00:00:00 12
Creating point data table for: 2005122712
2005-12-27 00:00:00 24
Creating point data table for: 2005122800
2005-12-28 00:00:00 12
Creating point data table for: 2005122812
2005-12-28 00:00:00 24
Creating point data table for: 2005122900
2005-12-29 00:00:00 12
Creating point data table for: 2005122912
2005-12-29 00:00:00 24
Creating point data table for: 2005123000
2005-12-30 00:00:00 12
Creating point data table for: 2005123012
2005-12-30 00:00:00 24
Creating point data table for: 2005123100
2005-12-31 00:00:00 12
Creating point data table for: 2005123112
2005-12-31 00:00:00 24
Creating point data table for: 2006010100
[ECMWF-INFO -ecepilog] ----------------------------------------------------------------------------------------------------
[ECMWF-INFO -ecepilog] This is the ECMWF job Epilogue
[ECMWF-INFO -ecepilog] +++ Please report issues using the Support portal +++
[ECMWF-INFO -ecepilog] +++ https://support.ecmwf.int                     +++
[ECMWF-INFO -ecepilog] ----------------------------------------------------------------------------------------------------
[ECMWF-INFO -ecepilog] Run at 2024-03-05T18:29:14 on aa
[ECMWF-INFO -ecepilog] JobName                   : PDT_Year
[ECMWF-INFO -ecepilog] JobID                     : 13918858
[ECMWF-INFO -ecepilog] Submit                    : 2024-03-05T17:27:10
[ECMWF-INFO -ecepilog] Start                     : 2024-03-05T17:27:29
[ECMWF-INFO -ecepilog] End                       : 2024-03-05T18:29:14
[ECMWF-INFO -ecepilog] QueuedTime                : 19.0
[ECMWF-INFO -ecepilog] ElapsedRaw                : 3705
[ECMWF-INFO -ecepilog] ExitCode                  : 0:0
[ECMWF-INFO -ecepilog] DerivedExitCode           : 0:0
[ECMWF-INFO -ecepilog] State                     : COMPLETED
[ECMWF-INFO -ecepilog] Account                   : ecodmdmo
[ECMWF-INFO -ecepilog] QOS                       : nf
[ECMWF-INFO -ecepilog] User                      : mofp
[ECMWF-INFO -ecepilog] StdOut                    : /etc/ecmwf/vol/ecpoint_dev/mofp/Papers_2_Write/Use_FlashFloodsRep_4Verif_USA/Scripts/Processed/LogATOS/PDT_Year-13918858.out
[ECMWF-INFO -ecepilog] StdErr                    : /etc/ecmwf/vol/ecpoint_dev/mofp/Papers_2_Write/Use_FlashFloodsRep_4Verif_USA/Scripts/Processed/LogATOS/PDT_Year-13918858.out
[ECMWF-INFO -ecepilog] NNodes                    : 1
[ECMWF-INFO -ecepilog] NCPUS                     : 64
[ECMWF-INFO -ecepilog] SBU                       : 561.963
[ECMWF-INFO -ecepilog] ----------------------------------------------------------------------------------------------------

