[ECMWF-INFO -sbatch] - -------------------------------------------------------------------------------------
[ECMWF-INFO -sbatch] -  This is the ECMWF jobfilter
[ECMWF-INFO -sbatch] -  +++ Please report issues using the Support portal +++
[ECMWF-INFO -sbatch] -  +++ https://support.ecmwf.int                     +++
[ECMWF-INFO -sbatch] -  /usr/local/bin/ecsbatch: size: 49350, mtime: Thu Mar 14 09:32:52 2024
[ECMWF-INFO -sbatch] - -------------------------------------------------------------------------------------
[ECMWF-INFO -sbatch] - Time at submit: Thu Jul  4 16:46:04 2024 (1720111564.6322467) on ab6-206.bullx:/etc/ecmwf/vol/ecpoint_dev/mofp/Papers_2_Write/Use_FlashFloodsRep_4Verif_USA/Scripts/Processed
[ECMWF-INFO -sbatch] - --- SLURM VARIABLES ---
[ECMWF-INFO -sbatch] - EC_CLUSTER=ab
[ECMWF-INFO -sbatch] - SLURM_EXPORT_ENV=ALL
[ECMWF-INFO -sbatch] - SLURM_JOB_ID=22541654
[ECMWF-INFO -sbatch] - SBATCH_EXPORT=NONE
[ECMWF-INFO -sbatch] - -----------------------
[ECMWF-INFO -sbatch] - jobscript: /etc/ecmwf/vol/ecpoint_dev/mofp/Papers_2_Write/Use_FlashFloodsRep_4Verif_USA/Scripts/Processed/30a_SubmitterATOS_Prob_AccRepFF.sh
[ECMWF-INFO -sbatch] - --- SCRIPT OPTIONS ---
[ECMWF-INFO -sbatch] - #SBATCH --job-name=Plot_Prob_AccRepFF
[ECMWF-INFO -sbatch] - #SBATCH --output=LogATOS/Plot_Prob_AccRepFF-%J.out
[ECMWF-INFO -sbatch] - #SBATCH --error=LogATOS/Plot_Prob_AccRepFF-%J.out
[ECMWF-INFO -sbatch] - #SBATCH --cpus-per-task=64
[ECMWF-INFO -sbatch] - #SBATCH --mem=128G
[ECMWF-INFO -sbatch] - #SBATCH --time=2-00:00:00
[ECMWF-INFO -sbatch] - #SBATCH --qos=nf
[ECMWF-INFO -sbatch] - #SBATCH --mail-type=FAIL
[ECMWF-INFO -sbatch] - #SBATCH --mail-user=fatima.pillosu@ecmwf.int
[ECMWF-INFO -sbatch] - -----------------------
[ECMWF-INFO -sbatch] - --- POST-PROCESSED OPTIONS ---
[ECMWF-INFO -sbatch] - ARG --positional=['30a_SubmitterATOS_Prob_AccRepFF.sh', '2021', 'Data/Compute/28_Prob_AccRepFF/NoSouthGP_2005_2020/NoPD', 'Data/Plot/30_Prob_AccRepFF/NoSouthGP_2005_2020/NoPD']
[ECMWF-INFO -sbatch] - ARG --cpus_per_task=64
[ECMWF-INFO -sbatch] - ARG --error=LogATOS/Plot_Prob_AccRepFF-%J.out
[ECMWF-INFO -sbatch] - ARG --job_name=Plot_Prob_AccRepFF
[ECMWF-INFO -sbatch] - ARG --mail_type=FAIL
[ECMWF-INFO -sbatch] - ARG --mail_user=fatima.pillosu@ecmwf.int
[ECMWF-INFO -sbatch] - ARG --output=LogATOS/Plot_Prob_AccRepFF-%J.out
[ECMWF-INFO -sbatch] - ARG --qos=nf
[ECMWF-INFO -sbatch] - ARG --time=2-00:00:00
[ECMWF-INFO -sbatch] - ARG --mem=128G
[ECMWF-INFO -sbatch] - ------------------------------
[ECMWF-INFO -sbatch] - jobtag: mofp-Plot_Prob_AccRepFF-1x64-/etc/ecmwf/vol/ecpoint_dev/mofp/Papers_2_Write/Use_FlashFloodsRep_4Verif_USA/Scripts/Processed/LogATOS/Plot_Prob_AccRepFF-_.out
[ECMWF-INFO -sbatch] - ['/usr/bin/sbatch', '--cpus-per-task=64', '--error=LogATOS/Plot_Prob_AccRepFF-%J.out', '--job-name=Plot_Prob_AccRepFF', '--mail-type=FAIL', '--mail-user=fatima.pillosu@ecmwf.int', '--output=LogATOS/Plot_Prob_AccRepFF-%J.out', '--qos=nf', '--time=2-00:00:00', '--mem=128G', '--licenses=h2resw01', '--export=EC_user_time_limit=2-00:00:00', '/etc/ecmwf/vol/ecpoint_dev/mofp/Papers_2_Write/Use_FlashFloodsRep_4Verif_USA/Scripts/Processed/30a_SubmitterATOS_Prob_AccRepFF.sh', '2021', 'Data/Compute/28_Prob_AccRepFF/NoSouthGP_2005_2020/NoPD', 'Data/Plot/30_Prob_AccRepFF/NoSouthGP_2005_2020/NoPD']
[ECMWF-INFO -sbatch] - sbatch executed on ab
[ECMWF-INFO -sbatch] - Job queued on ab using method local
[ECMWF-INFO -sbatch] - Submitted batch job 24040799
[ECMWF-INFO -ecprofile] /usr/bin/bash NON_INTERACTIVE on ab6-192 at 20240704_164614.649, PID: 321110, JOBID: 24040799
[ECMWF-INFO -ecprofile] $SCRATCH=/ec/res4/scratch/mofp
[ECMWF-INFO -ecprofile] $PERM=/perm/mofp
[ECMWF-INFO -ecprofile] $HPCPERM=/ec/res4/hpcperm/mofp
[ECMWF-INFO -ecprofile] $TMPDIR=/etc/ecmwf/ssd/ssd1/tmpdirs/mofp.24040799
[ECMWF-INFO -ecprofile] $SCRATCHDIR=/ec/res4/scratchdir/mofp/7/24040799

Plotting the probabilities of having a flash flood event at a grid-box for: NoSouthGP_NoPD_2005_2020
 - on 2021-01-01 at 12 UTC
 - on 2021-01-02 at 00 UTC
 - on 2021-01-02 at 12 UTC
 - on 2021-01-03 at 00 UTC
 - on 2021-01-03 at 12 UTC
 - on 2021-01-04 at 00 UTC
 - on 2021-01-04 at 12 UTC
 - on 2021-01-05 at 00 UTC
 - on 2021-01-05 at 12 UTC
 - on 2021-01-06 at 00 UTC
 - on 2021-01-06 at 12 UTC
 - on 2021-01-07 at 00 UTC
 - on 2021-01-07 at 12 UTC
 - on 2021-01-08 at 00 UTC
 - on 2021-01-08 at 12 UTC
 - on 2021-01-09 at 00 UTC
 - on 2021-01-09 at 12 UTC
 - on 2021-01-10 at 00 UTC
 - on 2021-01-10 at 12 UTC
 - on 2021-01-11 at 00 UTC
 - on 2021-01-11 at 12 UTC
 - on 2021-01-12 at 00 UTC
 - on 2021-01-12 at 12 UTC
 - on 2021-01-13 at 00 UTC
 - on 2021-01-13 at 12 UTC
 - on 2021-01-14 at 00 UTC
 - on 2021-01-14 at 12 UTC
 - on 2021-01-15 at 00 UTC
 - on 2021-01-15 at 12 UTC
 - on 2021-01-16 at 00 UTC
 - on 2021-01-16 at 12 UTC
 - on 2021-01-17 at 00 UTC
 - on 2021-01-17 at 12 UTC
 - on 2021-01-18 at 00 UTC
 - on 2021-01-18 at 12 UTC
 - on 2021-01-19 at 00 UTC
 - on 2021-01-19 at 12 UTC
 - on 2021-01-20 at 00 UTC
 - on 2021-01-20 at 12 UTC
 - on 2021-01-21 at 00 UTC
 - on 2021-01-21 at 12 UTC
 - on 2021-01-22 at 00 UTC
 - on 2021-01-22 at 12 UTC
 - on 2021-01-23 at 00 UTC
 - on 2021-01-23 at 12 UTC
 - on 2021-01-24 at 00 UTC
 - on 2021-01-24 at 12 UTC
 - on 2021-01-25 at 00 UTC
 - on 2021-01-25 at 12 UTC
 - on 2021-01-26 at 00 UTC
 - on 2021-01-26 at 12 UTC
 - on 2021-01-27 at 00 UTC
 - on 2021-01-27 at 12 UTC
 - on 2021-01-28 at 00 UTC
 - on 2021-01-28 at 12 UTC
 - on 2021-01-29 at 00 UTC
 - on 2021-01-29 at 12 UTC
 - on 2021-01-30 at 00 UTC
 - on 2021-01-30 at 12 UTC
 - on 2021-01-31 at 00 UTC
 - on 2021-01-31 at 12 UTC
 - on 2021-02-01 at 00 UTC
 - on 2021-02-01 at 12 UTC
 - on 2021-02-02 at 00 UTC
 - on 2021-02-02 at 12 UTC
 - on 2021-02-03 at 00 UTC
 - on 2021-02-03 at 12 UTC
 - on 2021-02-04 at 00 UTC
 - on 2021-02-04 at 12 UTC
 - on 2021-02-05 at 00 UTC
 - on 2021-02-05 at 12 UTC
 - on 2021-02-06 at 00 UTC
 - on 2021-02-06 at 12 UTC
 - on 2021-02-07 at 00 UTC
 - on 2021-02-07 at 12 UTC
 - on 2021-02-08 at 00 UTC
 - on 2021-02-08 at 12 UTC
 - on 2021-02-09 at 00 UTC
 - on 2021-02-09 at 12 UTC
 - on 2021-02-10 at 00 UTC
 - on 2021-02-10 at 12 UTC
 - on 2021-02-11 at 00 UTC
 - on 2021-02-11 at 12 UTC
 - on 2021-02-12 at 00 UTC
 - on 2021-02-12 at 12 UTC
 - on 2021-02-13 at 00 UTC
 - on 2021-02-13 at 12 UTC
 - on 2021-02-14 at 00 UTC
 - on 2021-02-14 at 12 UTC
 - on 2021-02-15 at 00 UTC
 - on 2021-02-15 at 12 UTC
 - on 2021-02-16 at 00 UTC
 - on 2021-02-16 at 12 UTC
 - on 2021-02-17 at 00 UTC
 - on 2021-02-17 at 12 UTC
 - on 2021-02-18 at 00 UTC
 - on 2021-02-18 at 12 UTC
 - on 2021-02-19 at 00 UTC
 - on 2021-02-19 at 12 UTC
 - on 2021-02-20 at 00 UTC
 - on 2021-02-20 at 12 UTC
 - on 2021-02-21 at 00 UTC
 - on 2021-02-21 at 12 UTC
 - on 2021-02-22 at 00 UTC
 - on 2021-02-22 at 12 UTC
 - on 2021-02-23 at 00 UTC
 - on 2021-02-23 at 12 UTC
 - on 2021-02-24 at 00 UTC
 - on 2021-02-24 at 12 UTC
 - on 2021-02-25 at 00 UTC
 - on 2021-02-25 at 12 UTC
 - on 2021-02-26 at 00 UTC
 - on 2021-02-26 at 12 UTC
 - on 2021-02-27 at 00 UTC
 - on 2021-02-27 at 12 UTC
 - on 2021-02-28 at 00 UTC
 - on 2021-02-28 at 12 UTC
 - on 2021-03-01 at 00 UTC
 - on 2021-03-01 at 12 UTC
 - on 2021-03-02 at 00 UTC
 - on 2021-03-02 at 12 UTC
 - on 2021-03-03 at 00 UTC
 - on 2021-03-03 at 12 UTC
 - on 2021-03-04 at 00 UTC
 - on 2021-03-04 at 12 UTC
 - on 2021-03-05 at 00 UTC
 - on 2021-03-05 at 12 UTC
 - on 2021-03-06 at 00 UTC
 - on 2021-03-06 at 12 UTC
 - on 2021-03-07 at 00 UTC
 - on 2021-03-07 at 12 UTC
 - on 2021-03-08 at 00 UTC
 - on 2021-03-08 at 12 UTC
 - on 2021-03-09 at 00 UTC
 - on 2021-03-09 at 12 UTC
 - on 2021-03-10 at 00 UTC
 - on 2021-03-10 at 12 UTC
 - on 2021-03-11 at 00 UTC
 - on 2021-03-11 at 12 UTC
 - on 2021-03-12 at 00 UTC
 - on 2021-03-12 at 12 UTC
 - on 2021-03-13 at 00 UTC
 - on 2021-03-13 at 12 UTC
 - on 2021-03-14 at 00 UTC
 - on 2021-03-14 at 12 UTC
 - on 2021-03-15 at 00 UTC
 - on 2021-03-15 at 12 UTC
 - on 2021-03-16 at 00 UTC
 - on 2021-03-16 at 12 UTC
 - on 2021-03-17 at 00 UTC
 - on 2021-03-17 at 12 UTC
 - on 2021-03-18 at 00 UTC
 - on 2021-03-18 at 12 UTC
 - on 2021-03-19 at 00 UTC
 - on 2021-03-19 at 12 UTC
 - on 2021-03-20 at 00 UTC
 - on 2021-03-20 at 12 UTC
 - on 2021-03-21 at 00 UTC
 - on 2021-03-21 at 12 UTC
 - on 2021-03-22 at 00 UTC
 - on 2021-03-22 at 12 UTC
 - on 2021-03-23 at 00 UTC
 - on 2021-03-23 at 12 UTC
 - on 2021-03-24 at 00 UTC
 - on 2021-03-24 at 12 UTC
 - on 2021-03-25 at 00 UTC
 - on 2021-03-25 at 12 UTC
 - on 2021-03-26 at 00 UTC
 - on 2021-03-26 at 12 UTC
 - on 2021-03-27 at 00 UTC
 - on 2021-03-27 at 12 UTC
 - on 2021-03-28 at 00 UTC
 - on 2021-03-28 at 12 UTC
 - on 2021-03-29 at 00 UTC
 - on 2021-03-29 at 12 UTC
 - on 2021-03-30 at 00 UTC
 - on 2021-03-30 at 12 UTC
 - on 2021-03-31 at 00 UTC
 - on 2021-03-31 at 12 UTC
 - on 2021-04-01 at 00 UTC
 - on 2021-04-01 at 12 UTC
 - on 2021-04-02 at 00 UTC
 - on 2021-04-02 at 12 UTC
 - on 2021-04-03 at 00 UTC
 - on 2021-04-03 at 12 UTC
 - on 2021-04-04 at 00 UTC
 - on 2021-04-04 at 12 UTC
 - on 2021-04-05 at 00 UTC
 - on 2021-04-05 at 12 UTC
 - on 2021-04-06 at 00 UTC
 - on 2021-04-06 at 12 UTC
 - on 2021-04-07 at 00 UTC
 - on 2021-04-07 at 12 UTC
 - on 2021-04-08 at 00 UTC
 - on 2021-04-08 at 12 UTC
 - on 2021-04-09 at 00 UTC
 - on 2021-04-09 at 12 UTC
 - on 2021-04-10 at 00 UTC
 - on 2021-04-10 at 12 UTC
 - on 2021-04-11 at 00 UTC
 - on 2021-04-11 at 12 UTC
 - on 2021-04-12 at 00 UTC
 - on 2021-04-12 at 12 UTC
 - on 2021-04-13 at 00 UTC
 - on 2021-04-13 at 12 UTC
 - on 2021-04-14 at 00 UTC
 - on 2021-04-14 at 12 UTC
 - on 2021-04-15 at 00 UTC
 - on 2021-04-15 at 12 UTC
 - on 2021-04-16 at 00 UTC
 - on 2021-04-16 at 12 UTC
 - on 2021-04-17 at 00 UTC
 - on 2021-04-17 at 12 UTC
 - on 2021-04-18 at 00 UTC
 - on 2021-04-18 at 12 UTC
 - on 2021-04-19 at 00 UTC
 - on 2021-04-19 at 12 UTC
 - on 2021-04-20 at 00 UTC
 - on 2021-04-20 at 12 UTC
 - on 2021-04-21 at 00 UTC
 - on 2021-04-21 at 12 UTC
 - on 2021-04-22 at 00 UTC
 - on 2021-04-22 at 12 UTC
 - on 2021-04-23 at 00 UTC
 - on 2021-04-23 at 12 UTC
 - on 2021-04-24 at 00 UTC
 - on 2021-04-24 at 12 UTC
 - on 2021-04-25 at 00 UTC
 - on 2021-04-25 at 12 UTC
 - on 2021-04-26 at 00 UTC
 - on 2021-04-26 at 12 UTC
 - on 2021-04-27 at 00 UTC
 - on 2021-04-27 at 12 UTC
 - on 2021-04-28 at 00 UTC
 - on 2021-04-28 at 12 UTC
 - on 2021-04-29 at 00 UTC
 - on 2021-04-29 at 12 UTC
 - on 2021-04-30 at 00 UTC
 - on 2021-04-30 at 12 UTC
 - on 2021-05-01 at 00 UTC
 - on 2021-05-01 at 12 UTC
 - on 2021-05-02 at 00 UTC
 - on 2021-05-02 at 12 UTC
 - on 2021-05-03 at 00 UTC
 - on 2021-05-03 at 12 UTC
 - on 2021-05-04 at 00 UTC
 - on 2021-05-04 at 12 UTC
 - on 2021-05-05 at 00 UTC
 - on 2021-05-05 at 12 UTC
 - on 2021-05-06 at 00 UTC
 - on 2021-05-06 at 12 UTC
 - on 2021-05-07 at 00 UTC
 - on 2021-05-07 at 12 UTC
 - on 2021-05-08 at 00 UTC
 - on 2021-05-08 at 12 UTC
 - on 2021-05-09 at 00 UTC
 - on 2021-05-09 at 12 UTC
 - on 2021-05-10 at 00 UTC
 - on 2021-05-10 at 12 UTC
 - on 2021-05-11 at 00 UTC
 - on 2021-05-11 at 12 UTC
 - on 2021-05-12 at 00 UTC
 - on 2021-05-12 at 12 UTC
 - on 2021-05-13 at 00 UTC
 - on 2021-05-13 at 12 UTC
 - on 2021-05-14 at 00 UTC
 - on 2021-05-14 at 12 UTC
 - on 2021-05-15 at 00 UTC
 - on 2021-05-15 at 12 UTC
 - on 2021-05-16 at 00 UTC
 - on 2021-05-16 at 12 UTC
 - on 2021-05-17 at 00 UTC
 - on 2021-05-17 at 12 UTC
 - on 2021-05-18 at 00 UTC
 - on 2021-05-18 at 12 UTC
 - on 2021-05-19 at 00 UTC
 - on 2021-05-19 at 12 UTC
 - on 2021-05-20 at 00 UTC
 - on 2021-05-20 at 12 UTC
 - on 2021-05-21 at 00 UTC
 - on 2021-05-21 at 12 UTC
 - on 2021-05-22 at 00 UTC
 - on 2021-05-22 at 12 UTC
 - on 2021-05-23 at 00 UTC
 - on 2021-05-23 at 12 UTC
 - on 2021-05-24 at 00 UTC
 - on 2021-05-24 at 12 UTC
 - on 2021-05-25 at 00 UTC
 - on 2021-05-25 at 12 UTC
 - on 2021-05-26 at 00 UTC
 - on 2021-05-26 at 12 UTC
 - on 2021-05-27 at 00 UTC
 - on 2021-05-27 at 12 UTC
 - on 2021-05-28 at 00 UTC
 - on 2021-05-28 at 12 UTC
 - on 2021-05-29 at 00 UTC
 - on 2021-05-29 at 12 UTC
 - on 2021-05-30 at 00 UTC
 - on 2021-05-30 at 12 UTC
 - on 2021-05-31 at 00 UTC
 - on 2021-05-31 at 12 UTC
 - on 2021-06-01 at 00 UTC
 - on 2021-06-01 at 12 UTC
 - on 2021-06-02 at 00 UTC
 - on 2021-06-02 at 12 UTC
 - on 2021-06-03 at 00 UTC
 - on 2021-06-03 at 12 UTC
 - on 2021-06-04 at 00 UTC
 - on 2021-06-04 at 12 UTC
 - on 2021-06-05 at 00 UTC
 - on 2021-06-05 at 12 UTC
 - on 2021-06-06 at 00 UTC
 - on 2021-06-06 at 12 UTC
 - on 2021-06-07 at 00 UTC
 - on 2021-06-07 at 12 UTC
 - on 2021-06-08 at 00 UTC
 - on 2021-06-08 at 12 UTC
 - on 2021-06-09 at 00 UTC
 - on 2021-06-09 at 12 UTC
 - on 2021-06-10 at 00 UTC
 - on 2021-06-10 at 12 UTC
 - on 2021-06-11 at 00 UTC
 - on 2021-06-11 at 12 UTC
 - on 2021-06-12 at 00 UTC
 - on 2021-06-12 at 12 UTC
 - on 2021-06-13 at 00 UTC
 - on 2021-06-13 at 12 UTC
 - on 2021-06-14 at 00 UTC
 - on 2021-06-14 at 12 UTC
 - on 2021-06-15 at 00 UTC
 - on 2021-06-15 at 12 UTC
 - on 2021-06-16 at 00 UTC
 - on 2021-06-16 at 12 UTC
 - on 2021-06-17 at 00 UTC
 - on 2021-06-17 at 12 UTC
 - on 2021-06-18 at 00 UTC
 - on 2021-06-18 at 12 UTC
 - on 2021-06-19 at 00 UTC
 - on 2021-06-19 at 12 UTC
 - on 2021-06-20 at 00 UTC
 - on 2021-06-20 at 12 UTC
 - on 2021-06-21 at 00 UTC
 - on 2021-06-21 at 12 UTC
 - on 2021-06-22 at 00 UTC
 - on 2021-06-22 at 12 UTC
 - on 2021-06-23 at 00 UTC
 - on 2021-06-23 at 12 UTC
 - on 2021-06-24 at 00 UTC
 - on 2021-06-24 at 12 UTC
 - on 2021-06-25 at 00 UTC
 - on 2021-06-25 at 12 UTC
 - on 2021-06-26 at 00 UTC
 - on 2021-06-26 at 12 UTC
 - on 2021-06-27 at 00 UTC
 - on 2021-06-27 at 12 UTC
 - on 2021-06-28 at 00 UTC
 - on 2021-06-28 at 12 UTC
 - on 2021-06-29 at 00 UTC
 - on 2021-06-29 at 12 UTC
 - on 2021-06-30 at 00 UTC
 - on 2021-06-30 at 12 UTC
 - on 2021-07-01 at 00 UTC
 - on 2021-07-01 at 12 UTC
 - on 2021-07-02 at 00 UTC
 - on 2021-07-02 at 12 UTC
 - on 2021-07-03 at 00 UTC
 - on 2021-07-03 at 12 UTC
 - on 2021-07-04 at 00 UTC
 - on 2021-07-04 at 12 UTC
 - on 2021-07-05 at 00 UTC
 - on 2021-07-05 at 12 UTC
 - on 2021-07-06 at 00 UTC
 - on 2021-07-06 at 12 UTC
 - on 2021-07-07 at 00 UTC
 - on 2021-07-07 at 12 UTC
 - on 2021-07-08 at 00 UTC
 - on 2021-07-08 at 12 UTC
 - on 2021-07-09 at 00 UTC
 - on 2021-07-09 at 12 UTC
 - on 2021-07-10 at 00 UTC
 - on 2021-07-10 at 12 UTC
 - on 2021-07-11 at 00 UTC
 - on 2021-07-11 at 12 UTC
 - on 2021-07-12 at 00 UTC
 - on 2021-07-12 at 12 UTC
 - on 2021-07-13 at 00 UTC
 - on 2021-07-13 at 12 UTC
 - on 2021-07-14 at 00 UTC
 - on 2021-07-14 at 12 UTC
 - on 2021-07-15 at 00 UTC
 - on 2021-07-15 at 12 UTC
 - on 2021-07-16 at 00 UTC
 - on 2021-07-16 at 12 UTC
 - on 2021-07-17 at 00 UTC
 - on 2021-07-17 at 12 UTC
 - on 2021-07-18 at 00 UTC
 - on 2021-07-18 at 12 UTC
 - on 2021-07-19 at 00 UTC
 - on 2021-07-19 at 12 UTC
 - on 2021-07-20 at 00 UTC
 - on 2021-07-20 at 12 UTC
 - on 2021-07-21 at 00 UTC
 - on 2021-07-21 at 12 UTC
 - on 2021-07-22 at 00 UTC
 - on 2021-07-22 at 12 UTC
 - on 2021-07-23 at 00 UTC
 - on 2021-07-23 at 12 UTC
 - on 2021-07-24 at 00 UTC
 - on 2021-07-24 at 12 UTC
 - on 2021-07-25 at 00 UTC
 - on 2021-07-25 at 12 UTC
 - on 2021-07-26 at 00 UTC
 - on 2021-07-26 at 12 UTC
 - on 2021-07-27 at 00 UTC
 - on 2021-07-27 at 12 UTC
 - on 2021-07-28 at 00 UTC
 - on 2021-07-28 at 12 UTC
 - on 2021-07-29 at 00 UTC
 - on 2021-07-29 at 12 UTC
 - on 2021-07-30 at 00 UTC
 - on 2021-07-30 at 12 UTC
 - on 2021-07-31 at 00 UTC
 - on 2021-07-31 at 12 UTC
 - on 2021-08-01 at 00 UTC
 - on 2021-08-01 at 12 UTC
 - on 2021-08-02 at 00 UTC
 - on 2021-08-02 at 12 UTC
 - on 2021-08-03 at 00 UTC
 - on 2021-08-03 at 12 UTC
 - on 2021-08-04 at 00 UTC
 - on 2021-08-04 at 12 UTC
 - on 2021-08-05 at 00 UTC
 - on 2021-08-05 at 12 UTC
 - on 2021-08-06 at 00 UTC
 - on 2021-08-06 at 12 UTC
 - on 2021-08-07 at 00 UTC
 - on 2021-08-07 at 12 UTC
 - on 2021-08-08 at 00 UTC
 - on 2021-08-08 at 12 UTC
 - on 2021-08-09 at 00 UTC
 - on 2021-08-09 at 12 UTC
 - on 2021-08-10 at 00 UTC
 - on 2021-08-10 at 12 UTC
 - on 2021-08-11 at 00 UTC
 - on 2021-08-11 at 12 UTC
 - on 2021-08-12 at 00 UTC
 - on 2021-08-12 at 12 UTC
 - on 2021-08-13 at 00 UTC
 - on 2021-08-13 at 12 UTC
 - on 2021-08-14 at 00 UTC
 - on 2021-08-14 at 12 UTC
 - on 2021-08-15 at 00 UTC
 - on 2021-08-15 at 12 UTC
 - on 2021-08-16 at 00 UTC
 - on 2021-08-16 at 12 UTC
 - on 2021-08-17 at 00 UTC
 - on 2021-08-17 at 12 UTC
 - on 2021-08-18 at 00 UTC
 - on 2021-08-18 at 12 UTC
 - on 2021-08-19 at 00 UTC
 - on 2021-08-19 at 12 UTC
 - on 2021-08-20 at 00 UTC
 - on 2021-08-20 at 12 UTC
 - on 2021-08-21 at 00 UTC
 - on 2021-08-21 at 12 UTC
 - on 2021-08-22 at 00 UTC
 - on 2021-08-22 at 12 UTC
 - on 2021-08-23 at 00 UTC
 - on 2021-08-23 at 12 UTC
 - on 2021-08-24 at 00 UTC
 - on 2021-08-24 at 12 UTC
 - on 2021-08-25 at 00 UTC
 - on 2021-08-25 at 12 UTC
 - on 2021-08-26 at 00 UTC
 - on 2021-08-26 at 12 UTC
 - on 2021-08-27 at 00 UTC
 - on 2021-08-27 at 12 UTC
 - on 2021-08-28 at 00 UTC
 - on 2021-08-28 at 12 UTC
 - on 2021-08-29 at 00 UTC
 - on 2021-08-29 at 12 UTC
 - on 2021-08-30 at 00 UTC
 - on 2021-08-30 at 12 UTC
 - on 2021-08-31 at 00 UTC
 - on 2021-08-31 at 12 UTC
 - on 2021-09-01 at 00 UTC
 - on 2021-09-01 at 12 UTC
 - on 2021-09-02 at 00 UTC
 - on 2021-09-02 at 12 UTC
 - on 2021-09-03 at 00 UTC
 - on 2021-09-03 at 12 UTC
 - on 2021-09-04 at 00 UTC
 - on 2021-09-04 at 12 UTC
 - on 2021-09-05 at 00 UTC
 - on 2021-09-05 at 12 UTC
 - on 2021-09-06 at 00 UTC
 - on 2021-09-06 at 12 UTC
 - on 2021-09-07 at 00 UTC
 - on 2021-09-07 at 12 UTC
 - on 2021-09-08 at 00 UTC
 - on 2021-09-08 at 12 UTC
 - on 2021-09-09 at 00 UTC
 - on 2021-09-09 at 12 UTC
 - on 2021-09-10 at 00 UTC
 - on 2021-09-10 at 12 UTC
 - on 2021-09-11 at 00 UTC
 - on 2021-09-11 at 12 UTC
 - on 2021-09-12 at 00 UTC
 - on 2021-09-12 at 12 UTC
 - on 2021-09-13 at 00 UTC
 - on 2021-09-13 at 12 UTC
 - on 2021-09-14 at 00 UTC
 - on 2021-09-14 at 12 UTC
 - on 2021-09-15 at 00 UTC
 - on 2021-09-15 at 12 UTC
 - on 2021-09-16 at 00 UTC
 - on 2021-09-16 at 12 UTC
 - on 2021-09-17 at 00 UTC
 - on 2021-09-17 at 12 UTC
 - on 2021-09-18 at 00 UTC
 - on 2021-09-18 at 12 UTC
 - on 2021-09-19 at 00 UTC
 - on 2021-09-19 at 12 UTC
 - on 2021-09-20 at 00 UTC
 - on 2021-09-20 at 12 UTC
 - on 2021-09-21 at 00 UTC
 - on 2021-09-21 at 12 UTC
 - on 2021-09-22 at 00 UTC
 - on 2021-09-22 at 12 UTC
 - on 2021-09-23 at 00 UTC
 - on 2021-09-23 at 12 UTC
 - on 2021-09-24 at 00 UTC
 - on 2021-09-24 at 12 UTC
 - on 2021-09-25 at 00 UTC
 - on 2021-09-25 at 12 UTC
 - on 2021-09-26 at 00 UTC
 - on 2021-09-26 at 12 UTC
 - on 2021-09-27 at 00 UTC
 - on 2021-09-27 at 12 UTC
 - on 2021-09-28 at 00 UTC
 - on 2021-09-28 at 12 UTC
 - on 2021-09-29 at 00 UTC
 - on 2021-09-29 at 12 UTC
 - on 2021-09-30 at 00 UTC
 - on 2021-09-30 at 12 UTC
 - on 2021-10-01 at 00 UTC
 - on 2021-10-01 at 12 UTC
 - on 2021-10-02 at 00 UTC
 - on 2021-10-02 at 12 UTC
 - on 2021-10-03 at 00 UTC
 - on 2021-10-03 at 12 UTC
 - on 2021-10-04 at 00 UTC
 - on 2021-10-04 at 12 UTC
 - on 2021-10-05 at 00 UTC
 - on 2021-10-05 at 12 UTC
 - on 2021-10-06 at 00 UTC
 - on 2021-10-06 at 12 UTC
 - on 2021-10-07 at 00 UTC
 - on 2021-10-07 at 12 UTC
 - on 2021-10-08 at 00 UTC
 - on 2021-10-08 at 12 UTC
 - on 2021-10-09 at 00 UTC
 - on 2021-10-09 at 12 UTC
 - on 2021-10-10 at 00 UTC
 - on 2021-10-10 at 12 UTC
 - on 2021-10-11 at 00 UTC
 - on 2021-10-11 at 12 UTC
 - on 2021-10-12 at 00 UTC
 - on 2021-10-12 at 12 UTC
 - on 2021-10-13 at 00 UTC
 - on 2021-10-13 at 12 UTC
 - on 2021-10-14 at 00 UTC
 - on 2021-10-14 at 12 UTC
 - on 2021-10-15 at 00 UTC
 - on 2021-10-15 at 12 UTC
 - on 2021-10-16 at 00 UTC
 - on 2021-10-16 at 12 UTC
 - on 2021-10-17 at 00 UTC
 - on 2021-10-17 at 12 UTC
 - on 2021-10-18 at 00 UTC
 - on 2021-10-18 at 12 UTC
 - on 2021-10-19 at 00 UTC
 - on 2021-10-19 at 12 UTC
 - on 2021-10-20 at 00 UTC
 - on 2021-10-20 at 12 UTC
 - on 2021-10-21 at 00 UTC
 - on 2021-10-21 at 12 UTC
 - on 2021-10-22 at 00 UTC
 - on 2021-10-22 at 12 UTC
 - on 2021-10-23 at 00 UTC
 - on 2021-10-23 at 12 UTC
 - on 2021-10-24 at 00 UTC
 - on 2021-10-24 at 12 UTC
 - on 2021-10-25 at 00 UTC
 - on 2021-10-25 at 12 UTC
 - on 2021-10-26 at 00 UTC
 - on 2021-10-26 at 12 UTC
 - on 2021-10-27 at 00 UTC
 - on 2021-10-27 at 12 UTC
 - on 2021-10-28 at 00 UTC
 - on 2021-10-28 at 12 UTC
 - on 2021-10-29 at 00 UTC
 - on 2021-10-29 at 12 UTC
 - on 2021-10-30 at 00 UTC
 - on 2021-10-30 at 12 UTC
 - on 2021-10-31 at 00 UTC
 - on 2021-10-31 at 12 UTC
 - on 2021-11-01 at 00 UTC
 - on 2021-11-01 at 12 UTC
 - on 2021-11-02 at 00 UTC
 - on 2021-11-02 at 12 UTC
 - on 2021-11-03 at 00 UTC
 - on 2021-11-03 at 12 UTC
 - on 2021-11-04 at 00 UTC
 - on 2021-11-04 at 12 UTC
 - on 2021-11-05 at 00 UTC
 - on 2021-11-05 at 12 UTC
 - on 2021-11-06 at 00 UTC
 - on 2021-11-06 at 12 UTC
 - on 2021-11-07 at 00 UTC
 - on 2021-11-07 at 12 UTC
 - on 2021-11-08 at 00 UTC
 - on 2021-11-08 at 12 UTC
 - on 2021-11-09 at 00 UTC
 - on 2021-11-09 at 12 UTC
 - on 2021-11-10 at 00 UTC
 - on 2021-11-10 at 12 UTC
 - on 2021-11-11 at 00 UTC
 - on 2021-11-11 at 12 UTC
 - on 2021-11-12 at 00 UTC
 - on 2021-11-12 at 12 UTC
 - on 2021-11-13 at 00 UTC
 - on 2021-11-13 at 12 UTC
 - on 2021-11-14 at 00 UTC
 - on 2021-11-14 at 12 UTC
 - on 2021-11-15 at 00 UTC
 - on 2021-11-15 at 12 UTC
 - on 2021-11-16 at 00 UTC
 - on 2021-11-16 at 12 UTC
 - on 2021-11-17 at 00 UTC
 - on 2021-11-17 at 12 UTC
 - on 2021-11-18 at 00 UTC
 - on 2021-11-18 at 12 UTC
 - on 2021-11-19 at 00 UTC
 - on 2021-11-19 at 12 UTC
 - on 2021-11-20 at 00 UTC
 - on 2021-11-20 at 12 UTC
 - on 2021-11-21 at 00 UTC
 - on 2021-11-21 at 12 UTC
 - on 2021-11-22 at 00 UTC
 - on 2021-11-22 at 12 UTC
 - on 2021-11-23 at 00 UTC
 - on 2021-11-23 at 12 UTC
 - on 2021-11-24 at 00 UTC
 - on 2021-11-24 at 12 UTC
 - on 2021-11-25 at 00 UTC
 - on 2021-11-25 at 12 UTC
 - on 2021-11-26 at 00 UTC
 - on 2021-11-26 at 12 UTC
 - on 2021-11-27 at 00 UTC
 - on 2021-11-27 at 12 UTC
 - on 2021-11-28 at 00 UTC
 - on 2021-11-28 at 12 UTC
 - on 2021-11-29 at 00 UTC
 - on 2021-11-29 at 12 UTC
 - on 2021-11-30 at 00 UTC
 - on 2021-11-30 at 12 UTC
 - on 2021-12-01 at 00 UTC
 - on 2021-12-01 at 12 UTC
 - on 2021-12-02 at 00 UTC
 - on 2021-12-02 at 12 UTC
 - on 2021-12-03 at 00 UTC
 - on 2021-12-03 at 12 UTC
 - on 2021-12-04 at 00 UTC
 - on 2021-12-04 at 12 UTC
 - on 2021-12-05 at 00 UTC
 - on 2021-12-05 at 12 UTC
 - on 2021-12-06 at 00 UTC
 - on 2021-12-06 at 12 UTC
 - on 2021-12-07 at 00 UTC
 - on 2021-12-07 at 12 UTC
 - on 2021-12-08 at 00 UTC
 - on 2021-12-08 at 12 UTC
 - on 2021-12-09 at 00 UTC
 - on 2021-12-09 at 12 UTC
 - on 2021-12-10 at 00 UTC
 - on 2021-12-10 at 12 UTC
 - on 2021-12-11 at 00 UTC
 - on 2021-12-11 at 12 UTC
 - on 2021-12-12 at 00 UTC
 - on 2021-12-12 at 12 UTC
 - on 2021-12-13 at 00 UTC
 - on 2021-12-13 at 12 UTC
 - on 2021-12-14 at 00 UTC
 - on 2021-12-14 at 12 UTC
 - on 2021-12-15 at 00 UTC
 - on 2021-12-15 at 12 UTC
 - on 2021-12-16 at 00 UTC
 - on 2021-12-16 at 12 UTC
 - on 2021-12-17 at 00 UTC
 - on 2021-12-17 at 12 UTC
 - on 2021-12-18 at 00 UTC
 - on 2021-12-18 at 12 UTC
 - on 2021-12-19 at 00 UTC
 - on 2021-12-19 at 12 UTC
 - on 2021-12-20 at 00 UTC
 - on 2021-12-20 at 12 UTC
 - on 2021-12-21 at 00 UTC
 - on 2021-12-21 at 12 UTC
 - on 2021-12-22 at 00 UTC
 - on 2021-12-22 at 12 UTC
 - on 2021-12-23 at 00 UTC
 - on 2021-12-23 at 12 UTC
 - on 2021-12-24 at 00 UTC
 - on 2021-12-24 at 12 UTC
 - on 2021-12-25 at 00 UTC
 - on 2021-12-25 at 12 UTC
 - on 2021-12-26 at 00 UTC
 - on 2021-12-26 at 12 UTC
 - on 2021-12-27 at 00 UTC
 - on 2021-12-27 at 12 UTC
 - on 2021-12-28 at 00 UTC
 - on 2021-12-28 at 12 UTC
 - on 2021-12-29 at 00 UTC
 - on 2021-12-29 at 12 UTC
 - on 2021-12-30 at 00 UTC
 - on 2021-12-30 at 12 UTC
 - on 2021-12-31 at 00 UTC
 - on 2021-12-31 at 12 UTC
 - on 2022-01-01 at 00 UTC
[ECMWF-INFO -ecepilog] ----------------------------------------------------------------------------------------------------
[ECMWF-INFO -ecepilog] This is the ECMWF job Epilogue
[ECMWF-INFO -ecepilog] +++ Please report issues using the Support portal +++
[ECMWF-INFO -ecepilog] +++ https://support.ecmwf.int                     +++
[ECMWF-INFO -ecepilog] ----------------------------------------------------------------------------------------------------
[ECMWF-INFO -ecepilog] Run at 2024-07-04T17:26:14 on ab
[ECMWF-INFO -ecepilog] JobName                   : Plot_Prob_AccRepFF
[ECMWF-INFO -ecepilog] JobID                     : 24040799
[ECMWF-INFO -ecepilog] Submit                    : 2024-07-04T16:46:04
[ECMWF-INFO -ecepilog] Start                     : 2024-07-04T16:46:11
[ECMWF-INFO -ecepilog] End                       : 2024-07-04T17:26:14
[ECMWF-INFO -ecepilog] QueuedTime                : 7.0
[ECMWF-INFO -ecepilog] ElapsedRaw                : 2403
[ECMWF-INFO -ecepilog] ExitCode                  : 0:0
[ECMWF-INFO -ecepilog] DerivedExitCode           : 0:0
[ECMWF-INFO -ecepilog] State                     : COMPLETED
[ECMWF-INFO -ecepilog] Account                   : ecodmdmo
[ECMWF-INFO -ecepilog] QOS                       : nf
[ECMWF-INFO -ecepilog] User                      : mofp
[ECMWF-INFO -ecepilog] StdOut                    : /etc/ecmwf/vol/ecpoint_dev/mofp/Papers_2_Write/Use_FlashFloodsRep_4Verif_USA/Scripts/Processed/LogATOS/Plot_Prob_AccRepFF-24040799.out
[ECMWF-INFO -ecepilog] StdErr                    : /etc/ecmwf/vol/ecpoint_dev/mofp/Papers_2_Write/Use_FlashFloodsRep_4Verif_USA/Scripts/Processed/LogATOS/Plot_Prob_AccRepFF-24040799.out
[ECMWF-INFO -ecepilog] NNodes                    : 1
[ECMWF-INFO -ecepilog] NCPUS                     : 64
[ECMWF-INFO -ecepilog] SBU                       : 364.480
[ECMWF-INFO -ecepilog] ----------------------------------------------------------------------------------------------------

