[ECMWF-INFO -sbatch] - -------------------------------------------------------------------------------------
[ECMWF-INFO -sbatch] -  This is the ECMWF jobfilter
[ECMWF-INFO -sbatch] -  +++ Please report issues using the Support portal +++
[ECMWF-INFO -sbatch] -  +++ https://support.ecmwf.int                     +++
[ECMWF-INFO -sbatch] -  /usr/local/bin/ecsbatch: size: 49002, mtime: Tue Oct  3 11:53:54 2023
[ECMWF-INFO -sbatch] - -------------------------------------------------------------------------------------
[ECMWF-INFO -sbatch] - Time at submit: Tue Mar  5 15:39:36 2024 (1709653176.7982988) on aa6-204.bullx:/etc/ecmwf/vol/ecpoint_dev/mofp/Papers_2_Write/Use_FlashFloodsRep_4Verif_USA/Scripts/Processed
[ECMWF-INFO -sbatch] - --- SLURM VARIABLES ---
[ECMWF-INFO -sbatch] - EC_CLUSTER=aa
[ECMWF-INFO -sbatch] - SLURM_EXPORT_ENV=ALL
[ECMWF-INFO -sbatch] - SLURM_JOB_ID=13517288
[ECMWF-INFO -sbatch] - SBATCH_EXPORT=NONE
[ECMWF-INFO -sbatch] - -----------------------
[ECMWF-INFO -sbatch] - jobscript: /etc/ecmwf/vol/ecpoint_dev/mofp/Papers_2_Write/Use_FlashFloodsRep_4Verif_USA/Scripts/Processed/06a_SubmitterATOS_AccTP_Analysis_ERA5_ecPoint.sh
[ECMWF-INFO -sbatch] - --- SCRIPT OPTIONS ---
[ECMWF-INFO -sbatch] - #SBATCH --job-name=Plot_AccTP_Year
[ECMWF-INFO -sbatch] - #SBATCH --output=LogATOS/Plot_AccTP_Year-%J.out
[ECMWF-INFO -sbatch] - #SBATCH --error=LogATOS/Plot_AccTP_Year-%J.out
[ECMWF-INFO -sbatch] - #SBATCH --cpus-per-task=4
[ECMWF-INFO -sbatch] - #SBATCH --mem=16G
[ECMWF-INFO -sbatch] - #SBATCH --time=2-00:00:00
[ECMWF-INFO -sbatch] - #SBATCH --qos=nf
[ECMWF-INFO -sbatch] - #SBATCH --mail-type=FAIL
[ECMWF-INFO -sbatch] - #SBATCH --mail-user=fatima.pillosu@ecmwf.int
[ECMWF-INFO -sbatch] - -----------------------
[ECMWF-INFO -sbatch] - --- POST-PROCESSED OPTIONS ---
[ECMWF-INFO -sbatch] - ARG --positional=['06a_SubmitterATOS_AccTP_Analysis_ERA5_ecPoint.sh', '2008']
[ECMWF-INFO -sbatch] - ARG --cpus_per_task=4
[ECMWF-INFO -sbatch] - ARG --error=LogATOS/Plot_AccTP_Year-%J.out
[ECMWF-INFO -sbatch] - ARG --job_name=Plot_AccTP_Year
[ECMWF-INFO -sbatch] - ARG --mail_type=FAIL
[ECMWF-INFO -sbatch] - ARG --mail_user=fatima.pillosu@ecmwf.int
[ECMWF-INFO -sbatch] - ARG --output=LogATOS/Plot_AccTP_Year-%J.out
[ECMWF-INFO -sbatch] - ARG --qos=nf
[ECMWF-INFO -sbatch] - ARG --time=2-00:00:00
[ECMWF-INFO -sbatch] - ARG --mem=16G
[ECMWF-INFO -sbatch] - ------------------------------
[ECMWF-INFO -sbatch] - jobtag: mofp-Plot_AccTP_Year-1x4-/etc/ecmwf/vol/ecpoint_dev/mofp/Papers_2_Write/Use_FlashFloodsRep_4Verif_USA/Scripts/Processed/LogATOS/Plot_AccTP_Year-_.out
[ECMWF-INFO -sbatch] - ['/usr/bin/sbatch', '--cpus-per-task=4', '--error=LogATOS/Plot_AccTP_Year-%J.out', '--job-name=Plot_AccTP_Year', '--mail-type=FAIL', '--mail-user=fatima.pillosu@ecmwf.int', '--output=LogATOS/Plot_AccTP_Year-%J.out', '--qos=nf', '--time=2-00:00:00', '--mem=16G', '--licenses=h2resw01', '--export=EC_user_time_limit=2-00:00:00', '/etc/ecmwf/vol/ecpoint_dev/mofp/Papers_2_Write/Use_FlashFloodsRep_4Verif_USA/Scripts/Processed/06a_SubmitterATOS_AccTP_Analysis_ERA5_ecPoint.sh', '2008']
[ECMWF-INFO -sbatch] - sbatch executed on aa
[ECMWF-INFO -sbatch] - Job queued on aa using method local
[ECMWF-INFO -sbatch] - Submitted batch job 13894027
[ECMWF-INFO -ecprofile] /usr/bin/bash NON_INTERACTIVE on aa6-135 at 20240305_153953.230, PID: 1555258, JOBID: 13894027
[ECMWF-INFO -ecprofile] $SCRATCH=/ec/res4/scratch/mofp
[ECMWF-INFO -ecprofile] $PERM=/perm/mofp
[ECMWF-INFO -ecprofile] $HPCPERM=/ec/res4/hpcperm/mofp
[ECMWF-INFO -ecprofile] $TMPDIR=/etc/ecmwf/ssd/ssd1/tmpdirs/mofp.13894027
[ECMWF-INFO -ecprofile] $SCRATCHDIR=/ec/res4/scratchdir/mofp/3/13894027

Plotting accumulated rainfall analysis from ERA5-ecPoint for the -hourly period ending:
 - on 2008-01-01 at 12 UTC
 - on 2008-01-02 at 00 UTC
 - on 2008-01-02 at 12 UTC
 - on 2008-01-03 at 00 UTC
 - on 2008-01-03 at 12 UTC
 - on 2008-01-04 at 00 UTC
 - on 2008-01-04 at 12 UTC
 - on 2008-01-05 at 00 UTC
 - on 2008-01-05 at 12 UTC
 - on 2008-01-06 at 00 UTC
 - on 2008-01-06 at 12 UTC
 - on 2008-01-07 at 00 UTC
 - on 2008-01-07 at 12 UTC
 - on 2008-01-08 at 00 UTC
 - on 2008-01-08 at 12 UTC
 - on 2008-01-09 at 00 UTC
 - on 2008-01-09 at 12 UTC
 - on 2008-01-10 at 00 UTC
 - on 2008-01-10 at 12 UTC
 - on 2008-01-11 at 00 UTC
 - on 2008-01-11 at 12 UTC
 - on 2008-01-12 at 00 UTC
 - on 2008-01-12 at 12 UTC
 - on 2008-01-13 at 00 UTC
 - on 2008-01-13 at 12 UTC
 - on 2008-01-14 at 00 UTC
 - on 2008-01-14 at 12 UTC
 - on 2008-01-15 at 00 UTC
 - on 2008-01-15 at 12 UTC
 - on 2008-01-16 at 00 UTC
 - on 2008-01-16 at 12 UTC
 - on 2008-01-17 at 00 UTC
 - on 2008-01-17 at 12 UTC
 - on 2008-01-18 at 00 UTC
 - on 2008-01-18 at 12 UTC
 - on 2008-01-19 at 00 UTC
 - on 2008-01-19 at 12 UTC
 - on 2008-01-20 at 00 UTC
 - on 2008-01-20 at 12 UTC
 - on 2008-01-21 at 00 UTC
 - on 2008-01-21 at 12 UTC
 - on 2008-01-22 at 00 UTC
 - on 2008-01-22 at 12 UTC
 - on 2008-01-23 at 00 UTC
 - on 2008-01-23 at 12 UTC
 - on 2008-01-24 at 00 UTC
 - on 2008-01-24 at 12 UTC
 - on 2008-01-25 at 00 UTC
 - on 2008-01-25 at 12 UTC
 - on 2008-01-26 at 00 UTC
 - on 2008-01-26 at 12 UTC
 - on 2008-01-27 at 00 UTC
 - on 2008-01-27 at 12 UTC
 - on 2008-01-28 at 00 UTC
 - on 2008-01-28 at 12 UTC
 - on 2008-01-29 at 00 UTC
 - on 2008-01-29 at 12 UTC
 - on 2008-01-30 at 00 UTC
 - on 2008-01-30 at 12 UTC
 - on 2008-01-31 at 00 UTC
 - on 2008-01-31 at 12 UTC
 - on 2008-02-01 at 00 UTC
 - on 2008-02-01 at 12 UTC
 - on 2008-02-02 at 00 UTC
 - on 2008-02-02 at 12 UTC
 - on 2008-02-03 at 00 UTC
 - on 2008-02-03 at 12 UTC
 - on 2008-02-04 at 00 UTC
 - on 2008-02-04 at 12 UTC
 - on 2008-02-05 at 00 UTC
 - on 2008-02-05 at 12 UTC
 - on 2008-02-06 at 00 UTC
 - on 2008-02-06 at 12 UTC
 - on 2008-02-07 at 00 UTC
 - on 2008-02-07 at 12 UTC
 - on 2008-02-08 at 00 UTC
 - on 2008-02-08 at 12 UTC
 - on 2008-02-09 at 00 UTC
 - on 2008-02-09 at 12 UTC
 - on 2008-02-10 at 00 UTC
 - on 2008-02-10 at 12 UTC
 - on 2008-02-11 at 00 UTC
 - on 2008-02-11 at 12 UTC
 - on 2008-02-12 at 00 UTC
 - on 2008-02-12 at 12 UTC
 - on 2008-02-13 at 00 UTC
 - on 2008-02-13 at 12 UTC
 - on 2008-02-14 at 00 UTC
 - on 2008-02-14 at 12 UTC
 - on 2008-02-15 at 00 UTC
 - on 2008-02-15 at 12 UTC
 - on 2008-02-16 at 00 UTC
 - on 2008-02-16 at 12 UTC
 - on 2008-02-17 at 00 UTC
 - on 2008-02-17 at 12 UTC
 - on 2008-02-18 at 00 UTC
 - on 2008-02-18 at 12 UTC
 - on 2008-02-19 at 00 UTC
 - on 2008-02-19 at 12 UTC
 - on 2008-02-20 at 00 UTC
 - on 2008-02-20 at 12 UTC
 - on 2008-02-21 at 00 UTC
 - on 2008-02-21 at 12 UTC
 - on 2008-02-22 at 00 UTC
 - on 2008-02-22 at 12 UTC
 - on 2008-02-23 at 00 UTC
 - on 2008-02-23 at 12 UTC
 - on 2008-02-24 at 00 UTC
 - on 2008-02-24 at 12 UTC
 - on 2008-02-25 at 00 UTC
 - on 2008-02-25 at 12 UTC
 - on 2008-02-26 at 00 UTC
 - on 2008-02-26 at 12 UTC
 - on 2008-02-27 at 00 UTC
 - on 2008-02-27 at 12 UTC
 - on 2008-02-28 at 00 UTC
 - on 2008-02-28 at 12 UTC
 - on 2008-02-29 at 00 UTC
 - on 2008-02-29 at 12 UTC
 - on 2008-03-01 at 00 UTC
 - on 2008-03-01 at 12 UTC
 - on 2008-03-02 at 00 UTC
 - on 2008-03-02 at 12 UTC
 - on 2008-03-03 at 00 UTC
 - on 2008-03-03 at 12 UTC
 - on 2008-03-04 at 00 UTC
 - on 2008-03-04 at 12 UTC
 - on 2008-03-05 at 00 UTC
 - on 2008-03-05 at 12 UTC
 - on 2008-03-06 at 00 UTC
 - on 2008-03-06 at 12 UTC
 - on 2008-03-07 at 00 UTC
 - on 2008-03-07 at 12 UTC
 - on 2008-03-08 at 00 UTC
 - on 2008-03-08 at 12 UTC
 - on 2008-03-09 at 00 UTC
 - on 2008-03-09 at 12 UTC
 - on 2008-03-10 at 00 UTC
 - on 2008-03-10 at 12 UTC
 - on 2008-03-11 at 00 UTC
 - on 2008-03-11 at 12 UTC
 - on 2008-03-12 at 00 UTC
 - on 2008-03-12 at 12 UTC
 - on 2008-03-13 at 00 UTC
 - on 2008-03-13 at 12 UTC
 - on 2008-03-14 at 00 UTC
 - on 2008-03-14 at 12 UTC
 - on 2008-03-15 at 00 UTC
 - on 2008-03-15 at 12 UTC
 - on 2008-03-16 at 00 UTC
 - on 2008-03-16 at 12 UTC
 - on 2008-03-17 at 00 UTC
 - on 2008-03-17 at 12 UTC
 - on 2008-03-18 at 00 UTC
 - on 2008-03-18 at 12 UTC
 - on 2008-03-19 at 00 UTC
 - on 2008-03-19 at 12 UTC
 - on 2008-03-20 at 00 UTC
 - on 2008-03-20 at 12 UTC
 - on 2008-03-21 at 00 UTC
 - on 2008-03-21 at 12 UTC
 - on 2008-03-22 at 00 UTC
 - on 2008-03-22 at 12 UTC
 - on 2008-03-23 at 00 UTC
 - on 2008-03-23 at 12 UTC
 - on 2008-03-24 at 00 UTC
 - on 2008-03-24 at 12 UTC
 - on 2008-03-25 at 00 UTC
 - on 2008-03-25 at 12 UTC
 - on 2008-03-26 at 00 UTC
 - on 2008-03-26 at 12 UTC
 - on 2008-03-27 at 00 UTC
 - on 2008-03-27 at 12 UTC
 - on 2008-03-28 at 00 UTC
 - on 2008-03-28 at 12 UTC
 - on 2008-03-29 at 00 UTC
 - on 2008-03-29 at 12 UTC
 - on 2008-03-30 at 00 UTC
 - on 2008-03-30 at 12 UTC
 - on 2008-03-31 at 00 UTC
 - on 2008-03-31 at 12 UTC
 - on 2008-04-01 at 00 UTC
 - on 2008-04-01 at 12 UTC
 - on 2008-04-02 at 00 UTC
 - on 2008-04-02 at 12 UTC
 - on 2008-04-03 at 00 UTC
 - on 2008-04-03 at 12 UTC
 - on 2008-04-04 at 00 UTC
 - on 2008-04-04 at 12 UTC
 - on 2008-04-05 at 00 UTC
 - on 2008-04-05 at 12 UTC
 - on 2008-04-06 at 00 UTC
 - on 2008-04-06 at 12 UTC
 - on 2008-04-07 at 00 UTC
 - on 2008-04-07 at 12 UTC
 - on 2008-04-08 at 00 UTC
 - on 2008-04-08 at 12 UTC
 - on 2008-04-09 at 00 UTC
 - on 2008-04-09 at 12 UTC
 - on 2008-04-10 at 00 UTC
 - on 2008-04-10 at 12 UTC
 - on 2008-04-11 at 00 UTC
 - on 2008-04-11 at 12 UTC
 - on 2008-04-12 at 00 UTC
 - on 2008-04-12 at 12 UTC
 - on 2008-04-13 at 00 UTC
 - on 2008-04-13 at 12 UTC
 - on 2008-04-14 at 00 UTC
 - on 2008-04-14 at 12 UTC
 - on 2008-04-15 at 00 UTC
 - on 2008-04-15 at 12 UTC
 - on 2008-04-16 at 00 UTC
 - on 2008-04-16 at 12 UTC
 - on 2008-04-17 at 00 UTC
 - on 2008-04-17 at 12 UTC
 - on 2008-04-18 at 00 UTC
 - on 2008-04-18 at 12 UTC
 - on 2008-04-19 at 00 UTC
 - on 2008-04-19 at 12 UTC
 - on 2008-04-20 at 00 UTC
 - on 2008-04-20 at 12 UTC
 - on 2008-04-21 at 00 UTC
 - on 2008-04-21 at 12 UTC
 - on 2008-04-22 at 00 UTC
 - on 2008-04-22 at 12 UTC
 - on 2008-04-23 at 00 UTC
 - on 2008-04-23 at 12 UTC
 - on 2008-04-24 at 00 UTC
 - on 2008-04-24 at 12 UTC
 - on 2008-04-25 at 00 UTC
 - on 2008-04-25 at 12 UTC
 - on 2008-04-26 at 00 UTC
 - on 2008-04-26 at 12 UTC
 - on 2008-04-27 at 00 UTC
 - on 2008-04-27 at 12 UTC
 - on 2008-04-28 at 00 UTC
 - on 2008-04-28 at 12 UTC
 - on 2008-04-29 at 00 UTC
 - on 2008-04-29 at 12 UTC
 - on 2008-04-30 at 00 UTC
 - on 2008-04-30 at 12 UTC
 - on 2008-05-01 at 00 UTC
 - on 2008-05-01 at 12 UTC
 - on 2008-05-02 at 00 UTC
 - on 2008-05-02 at 12 UTC
 - on 2008-05-03 at 00 UTC
 - on 2008-05-03 at 12 UTC
 - on 2008-05-04 at 00 UTC
 - on 2008-05-04 at 12 UTC
 - on 2008-05-05 at 00 UTC
 - on 2008-05-05 at 12 UTC
 - on 2008-05-06 at 00 UTC
 - on 2008-05-06 at 12 UTC
 - on 2008-05-07 at 00 UTC
 - on 2008-05-07 at 12 UTC
 - on 2008-05-08 at 00 UTC
 - on 2008-05-08 at 12 UTC
 - on 2008-05-09 at 00 UTC
 - on 2008-05-09 at 12 UTC
 - on 2008-05-10 at 00 UTC
 - on 2008-05-10 at 12 UTC
 - on 2008-05-11 at 00 UTC
 - on 2008-05-11 at 12 UTC
 - on 2008-05-12 at 00 UTC
 - on 2008-05-12 at 12 UTC
 - on 2008-05-13 at 00 UTC
 - on 2008-05-13 at 12 UTC
 - on 2008-05-14 at 00 UTC
 - on 2008-05-14 at 12 UTC
 - on 2008-05-15 at 00 UTC
 - on 2008-05-15 at 12 UTC
 - on 2008-05-16 at 00 UTC
 - on 2008-05-16 at 12 UTC
 - on 2008-05-17 at 00 UTC
 - on 2008-05-17 at 12 UTC
 - on 2008-05-18 at 00 UTC
 - on 2008-05-18 at 12 UTC
 - on 2008-05-19 at 00 UTC
 - on 2008-05-19 at 12 UTC
 - on 2008-05-20 at 00 UTC
 - on 2008-05-20 at 12 UTC
 - on 2008-05-21 at 00 UTC
 - on 2008-05-21 at 12 UTC
 - on 2008-05-22 at 00 UTC
 - on 2008-05-22 at 12 UTC
 - on 2008-05-23 at 00 UTC
 - on 2008-05-23 at 12 UTC
 - on 2008-05-24 at 00 UTC
 - on 2008-05-24 at 12 UTC
 - on 2008-05-25 at 00 UTC
 - on 2008-05-25 at 12 UTC
 - on 2008-05-26 at 00 UTC
 - on 2008-05-26 at 12 UTC
 - on 2008-05-27 at 00 UTC
 - on 2008-05-27 at 12 UTC
 - on 2008-05-28 at 00 UTC
 - on 2008-05-28 at 12 UTC
 - on 2008-05-29 at 00 UTC
 - on 2008-05-29 at 12 UTC
 - on 2008-05-30 at 00 UTC
 - on 2008-05-30 at 12 UTC
 - on 2008-05-31 at 00 UTC
 - on 2008-05-31 at 12 UTC
 - on 2008-06-01 at 00 UTC
 - on 2008-06-01 at 12 UTC
 - on 2008-06-02 at 00 UTC
 - on 2008-06-02 at 12 UTC
 - on 2008-06-03 at 00 UTC
 - on 2008-06-03 at 12 UTC
 - on 2008-06-04 at 00 UTC
 - on 2008-06-04 at 12 UTC
 - on 2008-06-05 at 00 UTC
 - on 2008-06-05 at 12 UTC
 - on 2008-06-06 at 00 UTC
 - on 2008-06-06 at 12 UTC
 - on 2008-06-07 at 00 UTC
 - on 2008-06-07 at 12 UTC
 - on 2008-06-08 at 00 UTC
 - on 2008-06-08 at 12 UTC
 - on 2008-06-09 at 00 UTC
 - on 2008-06-09 at 12 UTC
 - on 2008-06-10 at 00 UTC
 - on 2008-06-10 at 12 UTC
 - on 2008-06-11 at 00 UTC
 - on 2008-06-11 at 12 UTC
 - on 2008-06-12 at 00 UTC
 - on 2008-06-12 at 12 UTC
 - on 2008-06-13 at 00 UTC
 - on 2008-06-13 at 12 UTC
 - on 2008-06-14 at 00 UTC
 - on 2008-06-14 at 12 UTC
 - on 2008-06-15 at 00 UTC
 - on 2008-06-15 at 12 UTC
 - on 2008-06-16 at 00 UTC
 - on 2008-06-16 at 12 UTC
 - on 2008-06-17 at 00 UTC
 - on 2008-06-17 at 12 UTC
 - on 2008-06-18 at 00 UTC
 - on 2008-06-18 at 12 UTC
 - on 2008-06-19 at 00 UTC
 - on 2008-06-19 at 12 UTC
 - on 2008-06-20 at 00 UTC
 - on 2008-06-20 at 12 UTC
 - on 2008-06-21 at 00 UTC
 - on 2008-06-21 at 12 UTC
 - on 2008-06-22 at 00 UTC
 - on 2008-06-22 at 12 UTC
 - on 2008-06-23 at 00 UTC
 - on 2008-06-23 at 12 UTC
 - on 2008-06-24 at 00 UTC
 - on 2008-06-24 at 12 UTC
 - on 2008-06-25 at 00 UTC
 - on 2008-06-25 at 12 UTC
 - on 2008-06-26 at 00 UTC
 - on 2008-06-26 at 12 UTC
 - on 2008-06-27 at 00 UTC
 - on 2008-06-27 at 12 UTC
 - on 2008-06-28 at 00 UTC
 - on 2008-06-28 at 12 UTC
 - on 2008-06-29 at 00 UTC
 - on 2008-06-29 at 12 UTC
 - on 2008-06-30 at 00 UTC
 - on 2008-06-30 at 12 UTC
 - on 2008-07-01 at 00 UTC
 - on 2008-07-01 at 12 UTC
 - on 2008-07-02 at 00 UTC
 - on 2008-07-02 at 12 UTC
 - on 2008-07-03 at 00 UTC
 - on 2008-07-03 at 12 UTC
 - on 2008-07-04 at 00 UTC
 - on 2008-07-04 at 12 UTC
 - on 2008-07-05 at 00 UTC
 - on 2008-07-05 at 12 UTC
 - on 2008-07-06 at 00 UTC
 - on 2008-07-06 at 12 UTC
 - on 2008-07-07 at 00 UTC
 - on 2008-07-07 at 12 UTC
 - on 2008-07-08 at 00 UTC
 - on 2008-07-08 at 12 UTC
 - on 2008-07-09 at 00 UTC
 - on 2008-07-09 at 12 UTC
 - on 2008-07-10 at 00 UTC
 - on 2008-07-10 at 12 UTC
 - on 2008-07-11 at 00 UTC
 - on 2008-07-11 at 12 UTC
 - on 2008-07-12 at 00 UTC
 - on 2008-07-12 at 12 UTC
 - on 2008-07-13 at 00 UTC
 - on 2008-07-13 at 12 UTC
 - on 2008-07-14 at 00 UTC
 - on 2008-07-14 at 12 UTC
 - on 2008-07-15 at 00 UTC
 - on 2008-07-15 at 12 UTC
 - on 2008-07-16 at 00 UTC
 - on 2008-07-16 at 12 UTC
 - on 2008-07-17 at 00 UTC
 - on 2008-07-17 at 12 UTC
 - on 2008-07-18 at 00 UTC
 - on 2008-07-18 at 12 UTC
 - on 2008-07-19 at 00 UTC
 - on 2008-07-19 at 12 UTC
 - on 2008-07-20 at 00 UTC
 - on 2008-07-20 at 12 UTC
 - on 2008-07-21 at 00 UTC
 - on 2008-07-21 at 12 UTC
 - on 2008-07-22 at 00 UTC
 - on 2008-07-22 at 12 UTC
 - on 2008-07-23 at 00 UTC
 - on 2008-07-23 at 12 UTC
 - on 2008-07-24 at 00 UTC
 - on 2008-07-24 at 12 UTC
 - on 2008-07-25 at 00 UTC
 - on 2008-07-25 at 12 UTC
 - on 2008-07-26 at 00 UTC
 - on 2008-07-26 at 12 UTC
 - on 2008-07-27 at 00 UTC
 - on 2008-07-27 at 12 UTC
 - on 2008-07-28 at 00 UTC
 - on 2008-07-28 at 12 UTC
 - on 2008-07-29 at 00 UTC
 - on 2008-07-29 at 12 UTC
 - on 2008-07-30 at 00 UTC
 - on 2008-07-30 at 12 UTC
 - on 2008-07-31 at 00 UTC
 - on 2008-07-31 at 12 UTC
 - on 2008-08-01 at 00 UTC
 - on 2008-08-01 at 12 UTC
 - on 2008-08-02 at 00 UTC
 - on 2008-08-02 at 12 UTC
 - on 2008-08-03 at 00 UTC
 - on 2008-08-03 at 12 UTC
 - on 2008-08-04 at 00 UTC
 - on 2008-08-04 at 12 UTC
 - on 2008-08-05 at 00 UTC
 - on 2008-08-05 at 12 UTC
 - on 2008-08-06 at 00 UTC
 - on 2008-08-06 at 12 UTC
 - on 2008-08-07 at 00 UTC
 - on 2008-08-07 at 12 UTC
 - on 2008-08-08 at 00 UTC
 - on 2008-08-08 at 12 UTC
 - on 2008-08-09 at 00 UTC
 - on 2008-08-09 at 12 UTC
 - on 2008-08-10 at 00 UTC
 - on 2008-08-10 at 12 UTC
 - on 2008-08-11 at 00 UTC
 - on 2008-08-11 at 12 UTC
 - on 2008-08-12 at 00 UTC
 - on 2008-08-12 at 12 UTC
 - on 2008-08-13 at 00 UTC
 - on 2008-08-13 at 12 UTC
 - on 2008-08-14 at 00 UTC
 - on 2008-08-14 at 12 UTC
 - on 2008-08-15 at 00 UTC
 - on 2008-08-15 at 12 UTC
 - on 2008-08-16 at 00 UTC
 - on 2008-08-16 at 12 UTC
 - on 2008-08-17 at 00 UTC
 - on 2008-08-17 at 12 UTC
 - on 2008-08-18 at 00 UTC
 - on 2008-08-18 at 12 UTC
 - on 2008-08-19 at 00 UTC
 - on 2008-08-19 at 12 UTC
 - on 2008-08-20 at 00 UTC
 - on 2008-08-20 at 12 UTC
 - on 2008-08-21 at 00 UTC
 - on 2008-08-21 at 12 UTC
 - on 2008-08-22 at 00 UTC
 - on 2008-08-22 at 12 UTC
 - on 2008-08-23 at 00 UTC
 - on 2008-08-23 at 12 UTC
 - on 2008-08-24 at 00 UTC
 - on 2008-08-24 at 12 UTC
 - on 2008-08-25 at 00 UTC
 - on 2008-08-25 at 12 UTC
 - on 2008-08-26 at 00 UTC
 - on 2008-08-26 at 12 UTC
 - on 2008-08-27 at 00 UTC
 - on 2008-08-27 at 12 UTC
 - on 2008-08-28 at 00 UTC
 - on 2008-08-28 at 12 UTC
 - on 2008-08-29 at 00 UTC
 - on 2008-08-29 at 12 UTC
 - on 2008-08-30 at 00 UTC
 - on 2008-08-30 at 12 UTC
 - on 2008-08-31 at 00 UTC
 - on 2008-08-31 at 12 UTC
 - on 2008-09-01 at 00 UTC
 - on 2008-09-01 at 12 UTC
 - on 2008-09-02 at 00 UTC
 - on 2008-09-02 at 12 UTC
 - on 2008-09-03 at 00 UTC
 - on 2008-09-03 at 12 UTC
 - on 2008-09-04 at 00 UTC
 - on 2008-09-04 at 12 UTC
 - on 2008-09-05 at 00 UTC
 - on 2008-09-05 at 12 UTC
 - on 2008-09-06 at 00 UTC
 - on 2008-09-06 at 12 UTC
 - on 2008-09-07 at 00 UTC
 - on 2008-09-07 at 12 UTC
 - on 2008-09-08 at 00 UTC
 - on 2008-09-08 at 12 UTC
 - on 2008-09-09 at 00 UTC
 - on 2008-09-09 at 12 UTC
 - on 2008-09-10 at 00 UTC
 - on 2008-09-10 at 12 UTC
 - on 2008-09-11 at 00 UTC
 - on 2008-09-11 at 12 UTC
 - on 2008-09-12 at 00 UTC
 - on 2008-09-12 at 12 UTC
 - on 2008-09-13 at 00 UTC
 - on 2008-09-13 at 12 UTC
 - on 2008-09-14 at 00 UTC
 - on 2008-09-14 at 12 UTC
 - on 2008-09-15 at 00 UTC
 - on 2008-09-15 at 12 UTC
 - on 2008-09-16 at 00 UTC
 - on 2008-09-16 at 12 UTC
 - on 2008-09-17 at 00 UTC
 - on 2008-09-17 at 12 UTC
 - on 2008-09-18 at 00 UTC
 - on 2008-09-18 at 12 UTC
 - on 2008-09-19 at 00 UTC
 - on 2008-09-19 at 12 UTC
 - on 2008-09-20 at 00 UTC
 - on 2008-09-20 at 12 UTC
 - on 2008-09-21 at 00 UTC
 - on 2008-09-21 at 12 UTC
 - on 2008-09-22 at 00 UTC
 - on 2008-09-22 at 12 UTC
 - on 2008-09-23 at 00 UTC
 - on 2008-09-23 at 12 UTC
 - on 2008-09-24 at 00 UTC
 - on 2008-09-24 at 12 UTC
 - on 2008-09-25 at 00 UTC
 - on 2008-09-25 at 12 UTC
 - on 2008-09-26 at 00 UTC
 - on 2008-09-26 at 12 UTC
 - on 2008-09-27 at 00 UTC
 - on 2008-09-27 at 12 UTC
 - on 2008-09-28 at 00 UTC
 - on 2008-09-28 at 12 UTC
 - on 2008-09-29 at 00 UTC
 - on 2008-09-29 at 12 UTC
 - on 2008-09-30 at 00 UTC
 - on 2008-09-30 at 12 UTC
 - on 2008-10-01 at 00 UTC
 - on 2008-10-01 at 12 UTC
 - on 2008-10-02 at 00 UTC
 - on 2008-10-02 at 12 UTC
 - on 2008-10-03 at 00 UTC
 - on 2008-10-03 at 12 UTC
 - on 2008-10-04 at 00 UTC
 - on 2008-10-04 at 12 UTC
 - on 2008-10-05 at 00 UTC
 - on 2008-10-05 at 12 UTC
 - on 2008-10-06 at 00 UTC
 - on 2008-10-06 at 12 UTC
 - on 2008-10-07 at 00 UTC
 - on 2008-10-07 at 12 UTC
 - on 2008-10-08 at 00 UTC
 - on 2008-10-08 at 12 UTC
 - on 2008-10-09 at 00 UTC
 - on 2008-10-09 at 12 UTC
 - on 2008-10-10 at 00 UTC
 - on 2008-10-10 at 12 UTC
 - on 2008-10-11 at 00 UTC
 - on 2008-10-11 at 12 UTC
 - on 2008-10-12 at 00 UTC
 - on 2008-10-12 at 12 UTC
 - on 2008-10-13 at 00 UTC
 - on 2008-10-13 at 12 UTC
 - on 2008-10-14 at 00 UTC
 - on 2008-10-14 at 12 UTC
 - on 2008-10-15 at 00 UTC
 - on 2008-10-15 at 12 UTC
 - on 2008-10-16 at 00 UTC
 - on 2008-10-16 at 12 UTC
 - on 2008-10-17 at 00 UTC
 - on 2008-10-17 at 12 UTC
 - on 2008-10-18 at 00 UTC
 - on 2008-10-18 at 12 UTC
 - on 2008-10-19 at 00 UTC
 - on 2008-10-19 at 12 UTC
 - on 2008-10-20 at 00 UTC
 - on 2008-10-20 at 12 UTC
 - on 2008-10-21 at 00 UTC
 - on 2008-10-21 at 12 UTC
 - on 2008-10-22 at 00 UTC
 - on 2008-10-22 at 12 UTC
 - on 2008-10-23 at 00 UTC
 - on 2008-10-23 at 12 UTC
 - on 2008-10-24 at 00 UTC
 - on 2008-10-24 at 12 UTC
 - on 2008-10-25 at 00 UTC
 - on 2008-10-25 at 12 UTC
 - on 2008-10-26 at 00 UTC
 - on 2008-10-26 at 12 UTC
 - on 2008-10-27 at 00 UTC
 - on 2008-10-27 at 12 UTC
 - on 2008-10-28 at 00 UTC
 - on 2008-10-28 at 12 UTC
 - on 2008-10-29 at 00 UTC
 - on 2008-10-29 at 12 UTC
 - on 2008-10-30 at 00 UTC
 - on 2008-10-30 at 12 UTC
 - on 2008-10-31 at 00 UTC
 - on 2008-10-31 at 12 UTC
 - on 2008-11-01 at 00 UTC
 - on 2008-11-01 at 12 UTC
 - on 2008-11-02 at 00 UTC
 - on 2008-11-02 at 12 UTC
 - on 2008-11-03 at 00 UTC
 - on 2008-11-03 at 12 UTC
 - on 2008-11-04 at 00 UTC
 - on 2008-11-04 at 12 UTC
 - on 2008-11-05 at 00 UTC
 - on 2008-11-05 at 12 UTC
 - on 2008-11-06 at 00 UTC
 - on 2008-11-06 at 12 UTC
 - on 2008-11-07 at 00 UTC
 - on 2008-11-07 at 12 UTC
 - on 2008-11-08 at 00 UTC
 - on 2008-11-08 at 12 UTC
 - on 2008-11-09 at 00 UTC
 - on 2008-11-09 at 12 UTC
 - on 2008-11-10 at 00 UTC
 - on 2008-11-10 at 12 UTC
 - on 2008-11-11 at 00 UTC
 - on 2008-11-11 at 12 UTC
 - on 2008-11-12 at 00 UTC
 - on 2008-11-12 at 12 UTC
 - on 2008-11-13 at 00 UTC
 - on 2008-11-13 at 12 UTC
 - on 2008-11-14 at 00 UTC
 - on 2008-11-14 at 12 UTC
 - on 2008-11-15 at 00 UTC
 - on 2008-11-15 at 12 UTC
 - on 2008-11-16 at 00 UTC
 - on 2008-11-16 at 12 UTC
 - on 2008-11-17 at 00 UTC
 - on 2008-11-17 at 12 UTC
 - on 2008-11-18 at 00 UTC
 - on 2008-11-18 at 12 UTC
 - on 2008-11-19 at 00 UTC
 - on 2008-11-19 at 12 UTC
 - on 2008-11-20 at 00 UTC
 - on 2008-11-20 at 12 UTC
 - on 2008-11-21 at 00 UTC
 - on 2008-11-21 at 12 UTC
 - on 2008-11-22 at 00 UTC
 - on 2008-11-22 at 12 UTC
 - on 2008-11-23 at 00 UTC
 - on 2008-11-23 at 12 UTC
 - on 2008-11-24 at 00 UTC
 - on 2008-11-24 at 12 UTC
 - on 2008-11-25 at 00 UTC
 - on 2008-11-25 at 12 UTC
 - on 2008-11-26 at 00 UTC
 - on 2008-11-26 at 12 UTC
 - on 2008-11-27 at 00 UTC
 - on 2008-11-27 at 12 UTC
 - on 2008-11-28 at 00 UTC
 - on 2008-11-28 at 12 UTC
 - on 2008-11-29 at 00 UTC
 - on 2008-11-29 at 12 UTC
 - on 2008-11-30 at 00 UTC
 - on 2008-11-30 at 12 UTC
 - on 2008-12-01 at 00 UTC
 - on 2008-12-01 at 12 UTC
 - on 2008-12-02 at 00 UTC
 - on 2008-12-02 at 12 UTC
 - on 2008-12-03 at 00 UTC
 - on 2008-12-03 at 12 UTC
 - on 2008-12-04 at 00 UTC
 - on 2008-12-04 at 12 UTC
 - on 2008-12-05 at 00 UTC
 - on 2008-12-05 at 12 UTC
 - on 2008-12-06 at 00 UTC
 - on 2008-12-06 at 12 UTC
 - on 2008-12-07 at 00 UTC
 - on 2008-12-07 at 12 UTC
 - on 2008-12-08 at 00 UTC
 - on 2008-12-08 at 12 UTC
 - on 2008-12-09 at 00 UTC
 - on 2008-12-09 at 12 UTC
 - on 2008-12-10 at 00 UTC
 - on 2008-12-10 at 12 UTC
 - on 2008-12-11 at 00 UTC
 - on 2008-12-11 at 12 UTC
 - on 2008-12-12 at 00 UTC
 - on 2008-12-12 at 12 UTC
 - on 2008-12-13 at 00 UTC
 - on 2008-12-13 at 12 UTC
 - on 2008-12-14 at 00 UTC
 - on 2008-12-14 at 12 UTC
 - on 2008-12-15 at 00 UTC
 - on 2008-12-15 at 12 UTC
 - on 2008-12-16 at 00 UTC
 - on 2008-12-16 at 12 UTC
 - on 2008-12-17 at 00 UTC
 - on 2008-12-17 at 12 UTC
 - on 2008-12-18 at 00 UTC
 - on 2008-12-18 at 12 UTC
 - on 2008-12-19 at 00 UTC
 - on 2008-12-19 at 12 UTC
 - on 2008-12-20 at 00 UTC
 - on 2008-12-20 at 12 UTC
 - on 2008-12-21 at 00 UTC
 - on 2008-12-21 at 12 UTC
 - on 2008-12-22 at 00 UTC
 - on 2008-12-22 at 12 UTC
 - on 2008-12-23 at 00 UTC
 - on 2008-12-23 at 12 UTC
 - on 2008-12-24 at 00 UTC
 - on 2008-12-24 at 12 UTC
 - on 2008-12-25 at 00 UTC
 - on 2008-12-25 at 12 UTC
 - on 2008-12-26 at 00 UTC
 - on 2008-12-26 at 12 UTC
 - on 2008-12-27 at 00 UTC
 - on 2008-12-27 at 12 UTC
 - on 2008-12-28 at 00 UTC
 - on 2008-12-28 at 12 UTC
 - on 2008-12-29 at 00 UTC
 - on 2008-12-29 at 12 UTC
 - on 2008-12-30 at 00 UTC
 - on 2008-12-30 at 12 UTC
 - on 2008-12-31 at 00 UTC
 - on 2008-12-31 at 12 UTC
 - on 2009-01-01 at 00 UTC
[ECMWF-INFO -ecepilog] ----------------------------------------------------------------------------------------------------
[ECMWF-INFO -ecepilog] This is the ECMWF job Epilogue
[ECMWF-INFO -ecepilog] +++ Please report issues using the Support portal +++
[ECMWF-INFO -ecepilog] +++ https://support.ecmwf.int                     +++
[ECMWF-INFO -ecepilog] ----------------------------------------------------------------------------------------------------
[ECMWF-INFO -ecepilog] Run at 2024-03-05T16:57:37 on aa
[ECMWF-INFO -ecepilog] JobName                   : Plot_AccTP_Year
[ECMWF-INFO -ecepilog] JobID                     : 13894027
[ECMWF-INFO -ecepilog] Submit                    : 2024-03-05T15:39:36
[ECMWF-INFO -ecepilog] Start                     : 2024-03-05T15:39:50
[ECMWF-INFO -ecepilog] End                       : 2024-03-05T16:57:37
[ECMWF-INFO -ecepilog] QueuedTime                : 14.0
[ECMWF-INFO -ecepilog] ElapsedRaw                : 4667
[ECMWF-INFO -ecepilog] ExitCode                  : 0:0
[ECMWF-INFO -ecepilog] DerivedExitCode           : 0:0
[ECMWF-INFO -ecepilog] State                     : COMPLETED
[ECMWF-INFO -ecepilog] Account                   : ecodmdmo
[ECMWF-INFO -ecepilog] QOS                       : nf
[ECMWF-INFO -ecepilog] User                      : mofp
[ECMWF-INFO -ecepilog] StdOut                    : /etc/ecmwf/vol/ecpoint_dev/mofp/Papers_2_Write/Use_FlashFloodsRep_4Verif_USA/Scripts/Processed/LogATOS/Plot_AccTP_Year-13894027.out
[ECMWF-INFO -ecepilog] StdErr                    : /etc/ecmwf/vol/ecpoint_dev/mofp/Papers_2_Write/Use_FlashFloodsRep_4Verif_USA/Scripts/Processed/LogATOS/Plot_AccTP_Year-13894027.out
[ECMWF-INFO -ecepilog] NNodes                    : 1
[ECMWF-INFO -ecepilog] NCPUS                     : 4
[ECMWF-INFO -ecepilog] SBU                       : 44.242
[ECMWF-INFO -ecepilog] ----------------------------------------------------------------------------------------------------

